

================================================================
== Vitis HLS Report for 'gemm_int8_Pipeline_VITIS_LOOP_70_4'
================================================================
* Date:           Thu Mar 12 11:38:50 2026

* Version:        2023.1 (Build 3854077 on May  4 2023)
* Project:        gemm_qkv
* Solution:       solution1 (Vivado IP Flow Target)
* Product family: zynquplus
* Target device:  xck26-sfvc784-2LV-c


================================================================
== Performance Estimates
================================================================
+ Timing: 
    * Summary: 
    +--------+----------+----------+------------+
    |  Clock |  Target  | Estimated| Uncertainty|
    +--------+----------+----------+------------+
    |ap_clk  |  10.00 ns|  7.300 ns|     2.70 ns|
    +--------+----------+----------+------------+

+ Latency: 
    * Summary: 
    +---------+---------+-----------+-----------+------+------+---------+
    |  Latency (cycles) |   Latency (absolute)  |   Interval  | Pipeline|
    |   min   |   max   |    min    |    max    |  min |  max |   Type  |
    +---------+---------+-----------+-----------+------+------+---------+
    |     1035|     1035|  10.350 us|  10.350 us|  1035|  1035|       no|
    +---------+---------+-----------+-----------+------+------+---------+

    + Detail: 
        * Instance: 
        N/A

        * Loop: 
        +------------------------------+---------+---------+----------+-----------+-----------+------+----------+
        |                              |  Latency (cycles) | Iteration|  Initiation Interval  | Trip |          |
        |           Loop Name          |   min   |   max   |  Latency |  achieved |   target  | Count| Pipelined|
        +------------------------------+---------+---------+----------+-----------+-----------+------+----------+
        |- load_Wtile_VITIS_LOOP_70_4  |     1033|     1033|        11|          1|          1|  1024|       yes|
        +------------------------------+---------+---------+----------+-----------+-----------+------+----------+

============================================================
+ Verbose Summary: Synthesis Manager
============================================================
InlineROM: 1
ExposeGlobal: 0
============================================================
+ Verbose Summary: CDFG Model
============================================================
IsTopModel: 0
ResetActiveHigh: 1
IsCombinational: 0
IsDatapathOnly: 0
HasWiredReturn: 1
HasMFsm: 2
HasVarLatency: 1
IsPipeline: 0
IsRtlPipelined: 0
IsInstanceOverlapped: 0
IsDontTouch: 0
HasImplIP: 0
IsGatedGlobalClock: 0

+ Individual pipeline summary: 
  * Pipeline-0: initiation interval (II) = 1, depth = 11


============================================================
+ Verbose Summary: Schedule
============================================================
* Number of FSM states : 11
* Pipeline : 1
  Pipeline-0 : II = 1, D = 11, States = { 1 2 3 4 5 6 7 8 9 10 11 }
* Dataflow Pipeline: 0

* FSM state transitions: 
1 --> 2 
2 --> 3 
3 --> 4 
4 --> 5 
5 --> 6 
6 --> 7 
7 --> 8 
8 --> 9 
9 --> 10 
10 --> 11 
11 --> 

* FSM state operations: 

State 1 <SV = 0> <Delay = 3.56>
ST_1 : Operation 14 [1/1] (0.00ns)   --->   "%kk = alloca i32 1"   --->   Operation 14 'alloca' 'kk' <Predicate = true> <Delay = 0.00>
ST_1 : Operation 15 [1/1] (0.00ns)   --->   "%j_1 = alloca i32 1"   --->   Operation 15 'alloca' 'j_1' <Predicate = true> <Delay = 0.00>
ST_1 : Operation 16 [1/1] (0.00ns)   --->   "%indvar_flatten118 = alloca i32 1"   --->   Operation 16 'alloca' 'indvar_flatten118' <Predicate = true> <Delay = 0.00>
ST_1 : Operation 17 [1/1] (0.00ns)   --->   "%add_ln69_read = read i64 @_ssdm_op_Read.ap_auto.i64, i64 %add_ln69"   --->   Operation 17 'read' 'add_ln69_read' <Predicate = true> <Delay = 0.00>
ST_1 : Operation 18 [1/1] (0.00ns)   --->   "%zext_ln53_read = read i10 @_ssdm_op_Read.ap_auto.i10, i10 %zext_ln53"   --->   Operation 18 'read' 'zext_ln53_read' <Predicate = true> <Delay = 0.00>
ST_1 : Operation 19 [1/1] (0.00ns)   --->   "%zext_ln53_cast = zext i10 %zext_ln53_read"   --->   Operation 19 'zext' 'zext_ln53_cast' <Predicate = true> <Delay = 0.00>
ST_1 : Operation 20 [1/1] (0.00ns)   --->   "%specinterface_ln0 = specinterface void @_ssdm_op_SpecInterface, i8 %gmem1, void @empty_5, i32 0, i32 0, void @empty_4, i32 0, i32 589824, void @empty_1, void @empty_2, void @empty_4, i32 16, i32 16, i32 16, i32 16, void @empty_4, void @empty_4, i32 4294967295, i32 0"   --->   Operation 20 'specinterface' 'specinterface_ln0' <Predicate = true> <Delay = 0.00>
ST_1 : Operation 21 [1/1] (0.42ns)   --->   "%store_ln0 = store i11 0, i11 %indvar_flatten118"   --->   Operation 21 'store' 'store_ln0' <Predicate = true> <Delay = 0.42>
ST_1 : Operation 22 [1/1] (0.42ns)   --->   "%store_ln0 = store i6 0, i6 %j_1"   --->   Operation 22 'store' 'store_ln0' <Predicate = true> <Delay = 0.42>
ST_1 : Operation 23 [1/1] (0.42ns)   --->   "%store_ln0 = store i6 0, i6 %kk"   --->   Operation 23 'store' 'store_ln0' <Predicate = true> <Delay = 0.42>
ST_1 : Operation 24 [1/1] (0.42ns)   --->   "%br_ln0 = br void %for.inc135"   --->   Operation 24 'br' 'br_ln0' <Predicate = true> <Delay = 0.42>
ST_1 : Operation 25 [1/1] (0.00ns)   --->   "%first_iter_0 = phi i1 0, void %arrayidx1346.exit, i1 1, void %newFuncRoot"   --->   Operation 25 'phi' 'first_iter_0' <Predicate = true> <Delay = 0.00>
ST_1 : Operation 26 [1/1] (0.00ns)   --->   "%j = load i6 %j_1" [src/gemm_int8.cpp:69]   --->   Operation 26 'load' 'j' <Predicate = true> <Delay = 0.00>
ST_1 : Operation 27 [1/1] (0.00ns)   --->   "%indvar_flatten118_load = load i11 %indvar_flatten118" [src/gemm_int8.cpp:69]   --->   Operation 27 'load' 'indvar_flatten118_load' <Predicate = true> <Delay = 0.00>
ST_1 : Operation 28 [1/1] (0.00ns)   --->   "%specbitsmap_ln0 = specbitsmap void @_ssdm_op_SpecBitsMap, i8 %gmem1"   --->   Operation 28 'specbitsmap' 'specbitsmap_ln0' <Predicate = true> <Delay = 0.00>
ST_1 : Operation 29 [1/1] (0.00ns)   --->   "%trunc_ln69 = trunc i6 %j" [src/gemm_int8.cpp:69]   --->   Operation 29 'trunc' 'trunc_ln69' <Predicate = true> <Delay = 0.00>
ST_1 : Operation 30 [1/1] (0.00ns)   --->   "%shl_ln2 = bitconcatenate i15 @_ssdm_op_BitConcatenate.i15.i5.i10, i5 %trunc_ln69, i10 0" [src/gemm_int8.cpp:69]   --->   Operation 30 'bitconcatenate' 'shl_ln2' <Predicate = true> <Delay = 0.00>
ST_1 : Operation 31 [1/1] (0.00ns)   --->   "%zext_ln69 = zext i15 %shl_ln2" [src/gemm_int8.cpp:69]   --->   Operation 31 'zext' 'zext_ln69' <Predicate = true> <Delay = 0.00>
ST_1 : Operation 32 [1/1] (0.00ns)   --->   "%shl_ln69_1 = bitconcatenate i13 @_ssdm_op_BitConcatenate.i13.i5.i8, i5 %trunc_ln69, i8 0" [src/gemm_int8.cpp:69]   --->   Operation 32 'bitconcatenate' 'shl_ln69_1' <Predicate = true> <Delay = 0.00>
ST_1 : Operation 33 [1/1] (0.00ns)   --->   "%zext_ln69_1 = zext i13 %shl_ln69_1" [src/gemm_int8.cpp:69]   --->   Operation 33 'zext' 'zext_ln69_1' <Predicate = true> <Delay = 0.00>
ST_1 : Operation 34 [1/1] (0.84ns)   --->   "%sub_ln69 = sub i16 %zext_ln69, i16 %zext_ln69_1" [src/gemm_int8.cpp:69]   --->   Operation 34 'sub' 'sub_ln69' <Predicate = true> <Delay = 0.84> <CoreInst = "Adder">   --->   Core 1 'Adder' <Latency = 0> <II = 1> <Delay = 0.84> <FuncUnit> <Opcode : 'add' 'sub'> <InPorts = 2> <OutPorts = 1>
ST_1 : Operation 35 [1/1] (0.79ns)   --->   "%icmp_ln69 = icmp_eq  i11 %indvar_flatten118_load, i11 1024" [src/gemm_int8.cpp:69]   --->   Operation 35 'icmp' 'icmp_ln69' <Predicate = true> <Delay = 0.79> <CoreInst = "Cmp">   --->   Core 9 'Cmp' <Latency = 0> <II = 1> <Delay = 0.79> <FuncUnit> <Opcode : 'icmp'> <InPorts = 2> <OutPorts = 1>
ST_1 : Operation 36 [1/1] (0.79ns)   --->   "%add_ln69_4 = add i11 %indvar_flatten118_load, i11 1" [src/gemm_int8.cpp:69]   --->   Operation 36 'add' 'add_ln69_4' <Predicate = true> <Delay = 0.79> <CoreInst = "Adder">   --->   Core 1 'Adder' <Latency = 0> <II = 1> <Delay = 0.79> <FuncUnit> <Opcode : 'add' 'sub'> <InPorts = 2> <OutPorts = 1>
ST_1 : Operation 37 [1/1] (0.00ns)   --->   "%br_ln69 = br i1 %icmp_ln69, void %for.inc138, void %VITIS_LOOP_78_5.preheader.exitStub" [src/gemm_int8.cpp:69]   --->   Operation 37 'br' 'br_ln69' <Predicate = true> <Delay = 0.00>
ST_1 : Operation 38 [1/1] (0.00ns)   --->   "%kk_load = load i6 %kk" [src/gemm_int8.cpp:70]   --->   Operation 38 'load' 'kk_load' <Predicate = (!icmp_ln69)> <Delay = 0.00>
ST_1 : Operation 39 [1/1] (0.78ns)   --->   "%add_ln69_1 = add i6 %j, i6 1" [src/gemm_int8.cpp:69]   --->   Operation 39 'add' 'add_ln69_1' <Predicate = (!icmp_ln69)> <Delay = 0.78> <CoreInst = "Adder">   --->   Core 1 'Adder' <Latency = 0> <II = 1> <Delay = 0.78> <FuncUnit> <Opcode : 'add' 'sub'> <InPorts = 2> <OutPorts = 1>
ST_1 : Operation 40 [1/1] (0.78ns)   --->   "%icmp_ln70 = icmp_eq  i6 %kk_load, i6 32" [src/gemm_int8.cpp:70]   --->   Operation 40 'icmp' 'icmp_ln70' <Predicate = (!icmp_ln69)> <Delay = 0.78> <CoreInst = "Cmp">   --->   Core 9 'Cmp' <Latency = 0> <II = 1> <Delay = 0.78> <FuncUnit> <Opcode : 'icmp'> <InPorts = 2> <OutPorts = 1>
ST_1 : Operation 41 [1/1] (0.28ns)   --->   "%or_ln69 = or i1 %icmp_ln70, i1 %first_iter_0" [src/gemm_int8.cpp:69]   --->   Operation 41 'or' 'or_ln69' <Predicate = (!icmp_ln69)> <Delay = 0.28> <CoreInst = "LogicGate">   --->   Core 74 'LogicGate' <Latency = 0> <II = 1> <Delay = 0.28> <FuncUnit> <Opcode : 'and' 'or' 'xor'> <InPorts = 2> <OutPorts = 1>
ST_1 : Operation 42 [1/1] (0.38ns)   --->   "%select_ln69 = select i1 %icmp_ln70, i6 0, i6 %kk_load" [src/gemm_int8.cpp:69]   --->   Operation 42 'select' 'select_ln69' <Predicate = (!icmp_ln69)> <Delay = 0.38> <CoreInst = "Sel">   --->   Core 73 'Sel' <Latency = 0> <II = 1> <Delay = 0.38> <FuncUnit> <Opcode : 'select'> <InPorts = 3> <OutPorts = 1>
ST_1 : Operation 43 [1/1] (0.38ns)   --->   "%select_ln69_1 = select i1 %icmp_ln70, i6 %add_ln69_1, i6 %j" [src/gemm_int8.cpp:69]   --->   Operation 43 'select' 'select_ln69_1' <Predicate = (!icmp_ln69)> <Delay = 0.38> <CoreInst = "Sel">   --->   Core 73 'Sel' <Latency = 0> <II = 1> <Delay = 0.38> <FuncUnit> <Opcode : 'select'> <InPorts = 3> <OutPorts = 1>
ST_1 : Operation 44 [1/1] (0.00ns)   --->   "%trunc_ln69_1 = trunc i6 %add_ln69_1" [src/gemm_int8.cpp:69]   --->   Operation 44 'trunc' 'trunc_ln69_1' <Predicate = (!icmp_ln69)> <Delay = 0.00>
ST_1 : Operation 45 [1/1] (0.00ns)   --->   "%shl_ln69_mid1 = bitconcatenate i15 @_ssdm_op_BitConcatenate.i15.i5.i10, i5 %trunc_ln69_1, i10 0" [src/gemm_int8.cpp:69]   --->   Operation 45 'bitconcatenate' 'shl_ln69_mid1' <Predicate = (!icmp_ln69)> <Delay = 0.00>
ST_1 : Operation 46 [1/1] (0.00ns)   --->   "%zext_ln69_3 = zext i15 %shl_ln69_mid1" [src/gemm_int8.cpp:69]   --->   Operation 46 'zext' 'zext_ln69_3' <Predicate = (!icmp_ln69)> <Delay = 0.00>
ST_1 : Operation 47 [1/1] (0.00ns)   --->   "%shl_ln69_1_mid1 = bitconcatenate i13 @_ssdm_op_BitConcatenate.i13.i5.i8, i5 %trunc_ln69_1, i8 0" [src/gemm_int8.cpp:69]   --->   Operation 47 'bitconcatenate' 'shl_ln69_1_mid1' <Predicate = (!icmp_ln69)> <Delay = 0.00>
ST_1 : Operation 48 [1/1] (0.00ns)   --->   "%zext_ln69_4 = zext i13 %shl_ln69_1_mid1" [src/gemm_int8.cpp:69]   --->   Operation 48 'zext' 'zext_ln69_4' <Predicate = (!icmp_ln69)> <Delay = 0.00>
ST_1 : Operation 49 [1/1] (0.84ns)   --->   "%sub_ln69_1 = sub i16 %zext_ln69_3, i16 %zext_ln69_4" [src/gemm_int8.cpp:69]   --->   Operation 49 'sub' 'sub_ln69_1' <Predicate = (!icmp_ln69)> <Delay = 0.84> <CoreInst = "Adder">   --->   Core 1 'Adder' <Latency = 0> <II = 1> <Delay = 0.84> <FuncUnit> <Opcode : 'add' 'sub'> <InPorts = 2> <OutPorts = 1>
ST_1 : Operation 50 [1/1] (0.00ns) (grouped into LUT with out node add_ln69_2)   --->   "%select_ln69_2 = select i1 %icmp_ln70, i16 %sub_ln69_1, i16 %sub_ln69" [src/gemm_int8.cpp:69]   --->   Operation 50 'select' 'select_ln69_2' <Predicate = (!icmp_ln69)> <Delay = 0.00> <CoreInst = "Sel">   --->   Core 73 'Sel' <Latency = 0> <II = 1> <Delay = 0.35> <FuncUnit> <Opcode : 'select'> <InPorts = 3> <OutPorts = 1>
ST_1 : Operation 51 [1/1] (0.85ns) (out node of the LUT)   --->   "%add_ln69_2 = add i16 %zext_ln53_cast, i16 %select_ln69_2" [src/gemm_int8.cpp:69]   --->   Operation 51 'add' 'add_ln69_2' <Predicate = (!icmp_ln69)> <Delay = 0.85> <CoreInst = "Adder">   --->   Core 1 'Adder' <Latency = 0> <II = 1> <Delay = 0.85> <FuncUnit> <Opcode : 'add' 'sub'> <InPorts = 2> <OutPorts = 1>
ST_1 : Operation 52 [1/1] (0.00ns)   --->   "%sext_ln69 = sext i16 %add_ln69_2" [src/gemm_int8.cpp:69]   --->   Operation 52 'sext' 'sext_ln69' <Predicate = (!icmp_ln69)> <Delay = 0.00>
ST_1 : Operation 53 [1/1] (1.08ns)   --->   "%add_ln69_3 = add i64 %sext_ln69, i64 %add_ln69_read" [src/gemm_int8.cpp:69]   --->   Operation 53 'add' 'add_ln69_3' <Predicate = (!icmp_ln69)> <Delay = 1.08> <CoreInst = "Adder">   --->   Core 1 'Adder' <Latency = 0> <II = 1> <Delay = 1.08> <FuncUnit> <Opcode : 'add' 'sub'> <InPorts = 2> <OutPorts = 1>
ST_1 : Operation 54 [1/1] (0.00ns)   --->   "%br_ln70 = br i1 %or_ln69, void %for.inc135.split, void %for.first.iter.for.inc135" [src/gemm_int8.cpp:70]   --->   Operation 54 'br' 'br_ln70' <Predicate = (!icmp_ln69)> <Delay = 0.00>
ST_1 : Operation 55 [1/1] (0.00ns)   --->   "%gmem1_addr = getelementptr i8 %gmem1, i64 %add_ln69_3" [src/gemm_int8.cpp:70]   --->   Operation 55 'getelementptr' 'gmem1_addr' <Predicate = (!icmp_ln69 & or_ln69)> <Delay = 0.00>
ST_1 : Operation 56 [1/1] (0.00ns)   --->   "%trunc_ln70 = trunc i6 %select_ln69" [src/gemm_int8.cpp:70]   --->   Operation 56 'trunc' 'trunc_ln70' <Predicate = (!icmp_ln69)> <Delay = 0.00>
ST_1 : Operation 57 [1/1] (0.00ns)   --->   "%gmem1_addr_1 = getelementptr i8 %gmem1, i64 %add_ln69_3" [src/gemm_int8.cpp:70]   --->   Operation 57 'getelementptr' 'gmem1_addr_1' <Predicate = (!icmp_ln69)> <Delay = 0.00>
ST_1 : Operation 58 [1/1] (0.74ns)   --->   "%switch_ln72 = switch i5 %trunc_ln70, void %arrayidx1346.case.31, i5 0, void %arrayidx1346.case.0, i5 1, void %arrayidx1346.case.1, i5 2, void %arrayidx1346.case.2, i5 3, void %arrayidx1346.case.3, i5 4, void %arrayidx1346.case.4, i5 5, void %arrayidx1346.case.5, i5 6, void %arrayidx1346.case.6, i5 7, void %arrayidx1346.case.7, i5 8, void %arrayidx1346.case.8, i5 9, void %arrayidx1346.case.9, i5 10, void %arrayidx1346.case.10, i5 11, void %arrayidx1346.case.11, i5 12, void %arrayidx1346.case.12, i5 13, void %arrayidx1346.case.13, i5 14, void %arrayidx1346.case.14, i5 15, void %arrayidx1346.case.15, i5 16, void %arrayidx1346.case.16, i5 17, void %arrayidx1346.case.17, i5 18, void %arrayidx1346.case.18, i5 19, void %arrayidx1346.case.19, i5 20, void %arrayidx1346.case.20, i5 21, void %arrayidx1346.case.21, i5 22, void %arrayidx1346.case.22, i5 23, void %arrayidx1346.case.23, i5 24, void %arrayidx1346.case.24, i5 25, void %arrayidx1346.case.25, i5 26, void %arrayidx1346.case.26, i5 27, void %arrayidx1346.case.27, i5 28, void %arrayidx1346.case.28, i5 29, void %arrayidx1346.case.29, i5 30, void %arrayidx1346.case.30" [src/gemm_int8.cpp:72]   --->   Operation 58 'switch' 'switch_ln72' <Predicate = (!icmp_ln69)> <Delay = 0.74>
ST_1 : Operation 59 [1/1] (0.78ns)   --->   "%add_ln70 = add i6 %select_ln69, i6 1" [src/gemm_int8.cpp:70]   --->   Operation 59 'add' 'add_ln70' <Predicate = (!icmp_ln69)> <Delay = 0.78> <CoreInst = "Adder">   --->   Core 1 'Adder' <Latency = 0> <II = 1> <Delay = 0.78> <FuncUnit> <Opcode : 'add' 'sub'> <InPorts = 2> <OutPorts = 1>
ST_1 : Operation 60 [1/1] (0.42ns)   --->   "%store_ln70 = store i11 %add_ln69_4, i11 %indvar_flatten118" [src/gemm_int8.cpp:70]   --->   Operation 60 'store' 'store_ln70' <Predicate = (!icmp_ln69)> <Delay = 0.42>
ST_1 : Operation 61 [1/1] (0.42ns)   --->   "%store_ln70 = store i6 %select_ln69_1, i6 %j_1" [src/gemm_int8.cpp:70]   --->   Operation 61 'store' 'store_ln70' <Predicate = (!icmp_ln69)> <Delay = 0.42>
ST_1 : Operation 62 [1/1] (0.42ns)   --->   "%store_ln70 = store i6 %add_ln70, i6 %kk" [src/gemm_int8.cpp:70]   --->   Operation 62 'store' 'store_ln70' <Predicate = (!icmp_ln69)> <Delay = 0.42>
ST_1 : Operation 63 [1/1] (0.00ns)   --->   "%br_ln70 = br void %for.inc135" [src/gemm_int8.cpp:70]   --->   Operation 63 'br' 'br_ln70' <Predicate = (!icmp_ln69)> <Delay = 0.00>

State 2 <SV = 1> <Delay = 7.30>
ST_2 : Operation 64 [8/8] (7.30ns)   --->   "%empty = readreq i1 @_ssdm_op_ReadReq.m_axi.p1i8, i8 %gmem1_addr, i32 32" [src/gemm_int8.cpp:70]   --->   Operation 64 'readreq' 'empty' <Predicate = (or_ln69)> <Delay = 7.30> <CoreInst = "m_axi">   --->   Core 121 'm_axi' <Latency = 0> <II = 1> <Delay = 1.00> <Adapter> <Opcode : 'read' 'write' 'readreq' 'writereq' 'writeresp'>

State 3 <SV = 2> <Delay = 7.30>
ST_3 : Operation 65 [7/8] (7.30ns)   --->   "%empty = readreq i1 @_ssdm_op_ReadReq.m_axi.p1i8, i8 %gmem1_addr, i32 32" [src/gemm_int8.cpp:70]   --->   Operation 65 'readreq' 'empty' <Predicate = (or_ln69)> <Delay = 7.30> <CoreInst = "m_axi">   --->   Core 121 'm_axi' <Latency = 0> <II = 1> <Delay = 1.00> <Adapter> <Opcode : 'read' 'write' 'readreq' 'writereq' 'writeresp'>

State 4 <SV = 3> <Delay = 7.30>
ST_4 : Operation 66 [6/8] (7.30ns)   --->   "%empty = readreq i1 @_ssdm_op_ReadReq.m_axi.p1i8, i8 %gmem1_addr, i32 32" [src/gemm_int8.cpp:70]   --->   Operation 66 'readreq' 'empty' <Predicate = (or_ln69)> <Delay = 7.30> <CoreInst = "m_axi">   --->   Core 121 'm_axi' <Latency = 0> <II = 1> <Delay = 1.00> <Adapter> <Opcode : 'read' 'write' 'readreq' 'writereq' 'writeresp'>

State 5 <SV = 4> <Delay = 7.30>
ST_5 : Operation 67 [5/8] (7.30ns)   --->   "%empty = readreq i1 @_ssdm_op_ReadReq.m_axi.p1i8, i8 %gmem1_addr, i32 32" [src/gemm_int8.cpp:70]   --->   Operation 67 'readreq' 'empty' <Predicate = (or_ln69)> <Delay = 7.30> <CoreInst = "m_axi">   --->   Core 121 'm_axi' <Latency = 0> <II = 1> <Delay = 1.00> <Adapter> <Opcode : 'read' 'write' 'readreq' 'writereq' 'writeresp'>

State 6 <SV = 5> <Delay = 7.30>
ST_6 : Operation 68 [4/8] (7.30ns)   --->   "%empty = readreq i1 @_ssdm_op_ReadReq.m_axi.p1i8, i8 %gmem1_addr, i32 32" [src/gemm_int8.cpp:70]   --->   Operation 68 'readreq' 'empty' <Predicate = (or_ln69)> <Delay = 7.30> <CoreInst = "m_axi">   --->   Core 121 'm_axi' <Latency = 0> <II = 1> <Delay = 1.00> <Adapter> <Opcode : 'read' 'write' 'readreq' 'writereq' 'writeresp'>

State 7 <SV = 6> <Delay = 7.30>
ST_7 : Operation 69 [3/8] (7.30ns)   --->   "%empty = readreq i1 @_ssdm_op_ReadReq.m_axi.p1i8, i8 %gmem1_addr, i32 32" [src/gemm_int8.cpp:70]   --->   Operation 69 'readreq' 'empty' <Predicate = (or_ln69)> <Delay = 7.30> <CoreInst = "m_axi">   --->   Core 121 'm_axi' <Latency = 0> <II = 1> <Delay = 1.00> <Adapter> <Opcode : 'read' 'write' 'readreq' 'writereq' 'writeresp'>

State 8 <SV = 7> <Delay = 7.30>
ST_8 : Operation 70 [2/8] (7.30ns)   --->   "%empty = readreq i1 @_ssdm_op_ReadReq.m_axi.p1i8, i8 %gmem1_addr, i32 32" [src/gemm_int8.cpp:70]   --->   Operation 70 'readreq' 'empty' <Predicate = (or_ln69)> <Delay = 7.30> <CoreInst = "m_axi">   --->   Core 121 'm_axi' <Latency = 0> <II = 1> <Delay = 1.00> <Adapter> <Opcode : 'read' 'write' 'readreq' 'writereq' 'writeresp'>

State 9 <SV = 8> <Delay = 7.30>
ST_9 : Operation 71 [1/8] (7.30ns)   --->   "%empty = readreq i1 @_ssdm_op_ReadReq.m_axi.p1i8, i8 %gmem1_addr, i32 32" [src/gemm_int8.cpp:70]   --->   Operation 71 'readreq' 'empty' <Predicate = (or_ln69)> <Delay = 7.30> <CoreInst = "m_axi">   --->   Core 121 'm_axi' <Latency = 0> <II = 1> <Delay = 1.00> <Adapter> <Opcode : 'read' 'write' 'readreq' 'writereq' 'writeresp'>
ST_9 : Operation 72 [1/1] (0.00ns)   --->   "%br_ln70 = br void %for.inc135.split" [src/gemm_int8.cpp:70]   --->   Operation 72 'br' 'br_ln70' <Predicate = (or_ln69)> <Delay = 0.00>

State 10 <SV = 9> <Delay = 7.30>
ST_10 : Operation 73 [1/1] (0.00ns)   --->   "%specpipeline_ln71 = specpipeline void @_ssdm_op_SpecPipeline, i32 1, i32 0, i32 0, i32 0, void @empty_4" [src/gemm_int8.cpp:71]   --->   Operation 73 'specpipeline' 'specpipeline_ln71' <Predicate = true> <Delay = 0.00>
ST_10 : Operation 74 [1/1] (0.00ns)   --->   "%specloopname_ln70 = specloopname void @_ssdm_op_SpecLoopName, void @empty_14" [src/gemm_int8.cpp:70]   --->   Operation 74 'specloopname' 'specloopname_ln70' <Predicate = true> <Delay = 0.00>
ST_10 : Operation 75 [1/1] (7.30ns)   --->   "%gmem1_addr_1_read = read i8 @_ssdm_op_Read.m_axi.p1i8, i8 %gmem1_addr_1" [src/gemm_int8.cpp:72]   --->   Operation 75 'read' 'gmem1_addr_1_read' <Predicate = true> <Delay = 7.30> <CoreInst = "m_axi">   --->   Core 121 'm_axi' <Latency = 0> <II = 1> <Delay = 1.00> <Adapter> <Opcode : 'read' 'write' 'readreq' 'writereq' 'writeresp'>
ST_10 : Operation 175 [1/1] (0.00ns)   --->   "%ret_ln0 = ret"   --->   Operation 175 'ret' 'ret_ln0' <Predicate = (icmp_ln69)> <Delay = 0.00>

State 11 <SV = 10> <Delay = 0.67>
ST_11 : Operation 76 [1/1] (0.00ns)   --->   "%specloopname_ln0 = specloopname void @_ssdm_op_SpecLoopName, void @load_Wtile_VITIS_LOOP_70_4_str"   --->   Operation 76 'specloopname' 'specloopname_ln0' <Predicate = true> <Delay = 0.00>
ST_11 : Operation 77 [1/1] (0.00ns)   --->   "%speclooptripcount_ln0 = speclooptripcount void @_ssdm_op_SpecLoopTripCount, i64 1024, i64 1024, i64 1024"   --->   Operation 77 'speclooptripcount' 'speclooptripcount_ln0' <Predicate = true> <Delay = 0.00>
ST_11 : Operation 78 [1/1] (0.00ns)   --->   "%zext_ln69_2 = zext i6 %select_ln69_1" [src/gemm_int8.cpp:69]   --->   Operation 78 'zext' 'zext_ln69_2' <Predicate = true> <Delay = 0.00>
ST_11 : Operation 79 [1/1] (0.00ns)   --->   "%Wtile_30_addr = getelementptr i8 %Wtile_30, i64 0, i64 %zext_ln69_2" [src/gemm_int8.cpp:69]   --->   Operation 79 'getelementptr' 'Wtile_30_addr' <Predicate = (trunc_ln70 == 30)> <Delay = 0.00>
ST_11 : Operation 80 [1/1] (0.67ns)   --->   "%store_ln72 = store i8 %gmem1_addr_1_read, i5 %Wtile_30_addr" [src/gemm_int8.cpp:72]   --->   Operation 80 'store' 'store_ln72' <Predicate = (trunc_ln70 == 30)> <Delay = 0.67> <CoreInst = "RAM">   --->   Core 83 'RAM' <Latency = 1> <II = 1> <Delay = 0.67> <Storage> <Opcode : 'load' 'store'> <Ports = 2> <Width = 8> <Depth = 32> <RAM>
ST_11 : Operation 81 [1/1] (0.00ns)   --->   "%br_ln72 = br void %arrayidx1346.exit" [src/gemm_int8.cpp:72]   --->   Operation 81 'br' 'br_ln72' <Predicate = (trunc_ln70 == 30)> <Delay = 0.00>
ST_11 : Operation 82 [1/1] (0.00ns)   --->   "%Wtile_29_addr = getelementptr i8 %Wtile_29, i64 0, i64 %zext_ln69_2" [src/gemm_int8.cpp:69]   --->   Operation 82 'getelementptr' 'Wtile_29_addr' <Predicate = (trunc_ln70 == 29)> <Delay = 0.00>
ST_11 : Operation 83 [1/1] (0.67ns)   --->   "%store_ln72 = store i8 %gmem1_addr_1_read, i5 %Wtile_29_addr" [src/gemm_int8.cpp:72]   --->   Operation 83 'store' 'store_ln72' <Predicate = (trunc_ln70 == 29)> <Delay = 0.67> <CoreInst = "RAM">   --->   Core 83 'RAM' <Latency = 1> <II = 1> <Delay = 0.67> <Storage> <Opcode : 'load' 'store'> <Ports = 2> <Width = 8> <Depth = 32> <RAM>
ST_11 : Operation 84 [1/1] (0.00ns)   --->   "%br_ln72 = br void %arrayidx1346.exit" [src/gemm_int8.cpp:72]   --->   Operation 84 'br' 'br_ln72' <Predicate = (trunc_ln70 == 29)> <Delay = 0.00>
ST_11 : Operation 85 [1/1] (0.00ns)   --->   "%Wtile_28_addr = getelementptr i8 %Wtile_28, i64 0, i64 %zext_ln69_2" [src/gemm_int8.cpp:69]   --->   Operation 85 'getelementptr' 'Wtile_28_addr' <Predicate = (trunc_ln70 == 28)> <Delay = 0.00>
ST_11 : Operation 86 [1/1] (0.67ns)   --->   "%store_ln72 = store i8 %gmem1_addr_1_read, i5 %Wtile_28_addr" [src/gemm_int8.cpp:72]   --->   Operation 86 'store' 'store_ln72' <Predicate = (trunc_ln70 == 28)> <Delay = 0.67> <CoreInst = "RAM">   --->   Core 83 'RAM' <Latency = 1> <II = 1> <Delay = 0.67> <Storage> <Opcode : 'load' 'store'> <Ports = 2> <Width = 8> <Depth = 32> <RAM>
ST_11 : Operation 87 [1/1] (0.00ns)   --->   "%br_ln72 = br void %arrayidx1346.exit" [src/gemm_int8.cpp:72]   --->   Operation 87 'br' 'br_ln72' <Predicate = (trunc_ln70 == 28)> <Delay = 0.00>
ST_11 : Operation 88 [1/1] (0.00ns)   --->   "%Wtile_27_addr = getelementptr i8 %Wtile_27, i64 0, i64 %zext_ln69_2" [src/gemm_int8.cpp:69]   --->   Operation 88 'getelementptr' 'Wtile_27_addr' <Predicate = (trunc_ln70 == 27)> <Delay = 0.00>
ST_11 : Operation 89 [1/1] (0.67ns)   --->   "%store_ln72 = store i8 %gmem1_addr_1_read, i5 %Wtile_27_addr" [src/gemm_int8.cpp:72]   --->   Operation 89 'store' 'store_ln72' <Predicate = (trunc_ln70 == 27)> <Delay = 0.67> <CoreInst = "RAM">   --->   Core 83 'RAM' <Latency = 1> <II = 1> <Delay = 0.67> <Storage> <Opcode : 'load' 'store'> <Ports = 2> <Width = 8> <Depth = 32> <RAM>
ST_11 : Operation 90 [1/1] (0.00ns)   --->   "%br_ln72 = br void %arrayidx1346.exit" [src/gemm_int8.cpp:72]   --->   Operation 90 'br' 'br_ln72' <Predicate = (trunc_ln70 == 27)> <Delay = 0.00>
ST_11 : Operation 91 [1/1] (0.00ns)   --->   "%Wtile_26_addr = getelementptr i8 %Wtile_26, i64 0, i64 %zext_ln69_2" [src/gemm_int8.cpp:69]   --->   Operation 91 'getelementptr' 'Wtile_26_addr' <Predicate = (trunc_ln70 == 26)> <Delay = 0.00>
ST_11 : Operation 92 [1/1] (0.67ns)   --->   "%store_ln72 = store i8 %gmem1_addr_1_read, i5 %Wtile_26_addr" [src/gemm_int8.cpp:72]   --->   Operation 92 'store' 'store_ln72' <Predicate = (trunc_ln70 == 26)> <Delay = 0.67> <CoreInst = "RAM">   --->   Core 83 'RAM' <Latency = 1> <II = 1> <Delay = 0.67> <Storage> <Opcode : 'load' 'store'> <Ports = 2> <Width = 8> <Depth = 32> <RAM>
ST_11 : Operation 93 [1/1] (0.00ns)   --->   "%br_ln72 = br void %arrayidx1346.exit" [src/gemm_int8.cpp:72]   --->   Operation 93 'br' 'br_ln72' <Predicate = (trunc_ln70 == 26)> <Delay = 0.00>
ST_11 : Operation 94 [1/1] (0.00ns)   --->   "%Wtile_25_addr = getelementptr i8 %Wtile_25, i64 0, i64 %zext_ln69_2" [src/gemm_int8.cpp:69]   --->   Operation 94 'getelementptr' 'Wtile_25_addr' <Predicate = (trunc_ln70 == 25)> <Delay = 0.00>
ST_11 : Operation 95 [1/1] (0.67ns)   --->   "%store_ln72 = store i8 %gmem1_addr_1_read, i5 %Wtile_25_addr" [src/gemm_int8.cpp:72]   --->   Operation 95 'store' 'store_ln72' <Predicate = (trunc_ln70 == 25)> <Delay = 0.67> <CoreInst = "RAM">   --->   Core 83 'RAM' <Latency = 1> <II = 1> <Delay = 0.67> <Storage> <Opcode : 'load' 'store'> <Ports = 2> <Width = 8> <Depth = 32> <RAM>
ST_11 : Operation 96 [1/1] (0.00ns)   --->   "%br_ln72 = br void %arrayidx1346.exit" [src/gemm_int8.cpp:72]   --->   Operation 96 'br' 'br_ln72' <Predicate = (trunc_ln70 == 25)> <Delay = 0.00>
ST_11 : Operation 97 [1/1] (0.00ns)   --->   "%Wtile_24_addr = getelementptr i8 %Wtile_24, i64 0, i64 %zext_ln69_2" [src/gemm_int8.cpp:69]   --->   Operation 97 'getelementptr' 'Wtile_24_addr' <Predicate = (trunc_ln70 == 24)> <Delay = 0.00>
ST_11 : Operation 98 [1/1] (0.67ns)   --->   "%store_ln72 = store i8 %gmem1_addr_1_read, i5 %Wtile_24_addr" [src/gemm_int8.cpp:72]   --->   Operation 98 'store' 'store_ln72' <Predicate = (trunc_ln70 == 24)> <Delay = 0.67> <CoreInst = "RAM">   --->   Core 83 'RAM' <Latency = 1> <II = 1> <Delay = 0.67> <Storage> <Opcode : 'load' 'store'> <Ports = 2> <Width = 8> <Depth = 32> <RAM>
ST_11 : Operation 99 [1/1] (0.00ns)   --->   "%br_ln72 = br void %arrayidx1346.exit" [src/gemm_int8.cpp:72]   --->   Operation 99 'br' 'br_ln72' <Predicate = (trunc_ln70 == 24)> <Delay = 0.00>
ST_11 : Operation 100 [1/1] (0.00ns)   --->   "%Wtile_23_addr = getelementptr i8 %Wtile_23, i64 0, i64 %zext_ln69_2" [src/gemm_int8.cpp:69]   --->   Operation 100 'getelementptr' 'Wtile_23_addr' <Predicate = (trunc_ln70 == 23)> <Delay = 0.00>
ST_11 : Operation 101 [1/1] (0.67ns)   --->   "%store_ln72 = store i8 %gmem1_addr_1_read, i5 %Wtile_23_addr" [src/gemm_int8.cpp:72]   --->   Operation 101 'store' 'store_ln72' <Predicate = (trunc_ln70 == 23)> <Delay = 0.67> <CoreInst = "RAM">   --->   Core 83 'RAM' <Latency = 1> <II = 1> <Delay = 0.67> <Storage> <Opcode : 'load' 'store'> <Ports = 2> <Width = 8> <Depth = 32> <RAM>
ST_11 : Operation 102 [1/1] (0.00ns)   --->   "%br_ln72 = br void %arrayidx1346.exit" [src/gemm_int8.cpp:72]   --->   Operation 102 'br' 'br_ln72' <Predicate = (trunc_ln70 == 23)> <Delay = 0.00>
ST_11 : Operation 103 [1/1] (0.00ns)   --->   "%Wtile_22_addr = getelementptr i8 %Wtile_22, i64 0, i64 %zext_ln69_2" [src/gemm_int8.cpp:69]   --->   Operation 103 'getelementptr' 'Wtile_22_addr' <Predicate = (trunc_ln70 == 22)> <Delay = 0.00>
ST_11 : Operation 104 [1/1] (0.67ns)   --->   "%store_ln72 = store i8 %gmem1_addr_1_read, i5 %Wtile_22_addr" [src/gemm_int8.cpp:72]   --->   Operation 104 'store' 'store_ln72' <Predicate = (trunc_ln70 == 22)> <Delay = 0.67> <CoreInst = "RAM">   --->   Core 83 'RAM' <Latency = 1> <II = 1> <Delay = 0.67> <Storage> <Opcode : 'load' 'store'> <Ports = 2> <Width = 8> <Depth = 32> <RAM>
ST_11 : Operation 105 [1/1] (0.00ns)   --->   "%br_ln72 = br void %arrayidx1346.exit" [src/gemm_int8.cpp:72]   --->   Operation 105 'br' 'br_ln72' <Predicate = (trunc_ln70 == 22)> <Delay = 0.00>
ST_11 : Operation 106 [1/1] (0.00ns)   --->   "%Wtile_21_addr = getelementptr i8 %Wtile_21, i64 0, i64 %zext_ln69_2" [src/gemm_int8.cpp:69]   --->   Operation 106 'getelementptr' 'Wtile_21_addr' <Predicate = (trunc_ln70 == 21)> <Delay = 0.00>
ST_11 : Operation 107 [1/1] (0.67ns)   --->   "%store_ln72 = store i8 %gmem1_addr_1_read, i5 %Wtile_21_addr" [src/gemm_int8.cpp:72]   --->   Operation 107 'store' 'store_ln72' <Predicate = (trunc_ln70 == 21)> <Delay = 0.67> <CoreInst = "RAM">   --->   Core 83 'RAM' <Latency = 1> <II = 1> <Delay = 0.67> <Storage> <Opcode : 'load' 'store'> <Ports = 2> <Width = 8> <Depth = 32> <RAM>
ST_11 : Operation 108 [1/1] (0.00ns)   --->   "%br_ln72 = br void %arrayidx1346.exit" [src/gemm_int8.cpp:72]   --->   Operation 108 'br' 'br_ln72' <Predicate = (trunc_ln70 == 21)> <Delay = 0.00>
ST_11 : Operation 109 [1/1] (0.00ns)   --->   "%Wtile_20_addr = getelementptr i8 %Wtile_20, i64 0, i64 %zext_ln69_2" [src/gemm_int8.cpp:69]   --->   Operation 109 'getelementptr' 'Wtile_20_addr' <Predicate = (trunc_ln70 == 20)> <Delay = 0.00>
ST_11 : Operation 110 [1/1] (0.67ns)   --->   "%store_ln72 = store i8 %gmem1_addr_1_read, i5 %Wtile_20_addr" [src/gemm_int8.cpp:72]   --->   Operation 110 'store' 'store_ln72' <Predicate = (trunc_ln70 == 20)> <Delay = 0.67> <CoreInst = "RAM">   --->   Core 83 'RAM' <Latency = 1> <II = 1> <Delay = 0.67> <Storage> <Opcode : 'load' 'store'> <Ports = 2> <Width = 8> <Depth = 32> <RAM>
ST_11 : Operation 111 [1/1] (0.00ns)   --->   "%br_ln72 = br void %arrayidx1346.exit" [src/gemm_int8.cpp:72]   --->   Operation 111 'br' 'br_ln72' <Predicate = (trunc_ln70 == 20)> <Delay = 0.00>
ST_11 : Operation 112 [1/1] (0.00ns)   --->   "%Wtile_19_addr = getelementptr i8 %Wtile_19, i64 0, i64 %zext_ln69_2" [src/gemm_int8.cpp:69]   --->   Operation 112 'getelementptr' 'Wtile_19_addr' <Predicate = (trunc_ln70 == 19)> <Delay = 0.00>
ST_11 : Operation 113 [1/1] (0.67ns)   --->   "%store_ln72 = store i8 %gmem1_addr_1_read, i5 %Wtile_19_addr" [src/gemm_int8.cpp:72]   --->   Operation 113 'store' 'store_ln72' <Predicate = (trunc_ln70 == 19)> <Delay = 0.67> <CoreInst = "RAM">   --->   Core 83 'RAM' <Latency = 1> <II = 1> <Delay = 0.67> <Storage> <Opcode : 'load' 'store'> <Ports = 2> <Width = 8> <Depth = 32> <RAM>
ST_11 : Operation 114 [1/1] (0.00ns)   --->   "%br_ln72 = br void %arrayidx1346.exit" [src/gemm_int8.cpp:72]   --->   Operation 114 'br' 'br_ln72' <Predicate = (trunc_ln70 == 19)> <Delay = 0.00>
ST_11 : Operation 115 [1/1] (0.00ns)   --->   "%Wtile_18_addr = getelementptr i8 %Wtile_18, i64 0, i64 %zext_ln69_2" [src/gemm_int8.cpp:69]   --->   Operation 115 'getelementptr' 'Wtile_18_addr' <Predicate = (trunc_ln70 == 18)> <Delay = 0.00>
ST_11 : Operation 116 [1/1] (0.67ns)   --->   "%store_ln72 = store i8 %gmem1_addr_1_read, i5 %Wtile_18_addr" [src/gemm_int8.cpp:72]   --->   Operation 116 'store' 'store_ln72' <Predicate = (trunc_ln70 == 18)> <Delay = 0.67> <CoreInst = "RAM">   --->   Core 83 'RAM' <Latency = 1> <II = 1> <Delay = 0.67> <Storage> <Opcode : 'load' 'store'> <Ports = 2> <Width = 8> <Depth = 32> <RAM>
ST_11 : Operation 117 [1/1] (0.00ns)   --->   "%br_ln72 = br void %arrayidx1346.exit" [src/gemm_int8.cpp:72]   --->   Operation 117 'br' 'br_ln72' <Predicate = (trunc_ln70 == 18)> <Delay = 0.00>
ST_11 : Operation 118 [1/1] (0.00ns)   --->   "%Wtile_17_addr = getelementptr i8 %Wtile_17, i64 0, i64 %zext_ln69_2" [src/gemm_int8.cpp:69]   --->   Operation 118 'getelementptr' 'Wtile_17_addr' <Predicate = (trunc_ln70 == 17)> <Delay = 0.00>
ST_11 : Operation 119 [1/1] (0.67ns)   --->   "%store_ln72 = store i8 %gmem1_addr_1_read, i5 %Wtile_17_addr" [src/gemm_int8.cpp:72]   --->   Operation 119 'store' 'store_ln72' <Predicate = (trunc_ln70 == 17)> <Delay = 0.67> <CoreInst = "RAM">   --->   Core 83 'RAM' <Latency = 1> <II = 1> <Delay = 0.67> <Storage> <Opcode : 'load' 'store'> <Ports = 2> <Width = 8> <Depth = 32> <RAM>
ST_11 : Operation 120 [1/1] (0.00ns)   --->   "%br_ln72 = br void %arrayidx1346.exit" [src/gemm_int8.cpp:72]   --->   Operation 120 'br' 'br_ln72' <Predicate = (trunc_ln70 == 17)> <Delay = 0.00>
ST_11 : Operation 121 [1/1] (0.00ns)   --->   "%Wtile_16_addr = getelementptr i8 %Wtile_16, i64 0, i64 %zext_ln69_2" [src/gemm_int8.cpp:69]   --->   Operation 121 'getelementptr' 'Wtile_16_addr' <Predicate = (trunc_ln70 == 16)> <Delay = 0.00>
ST_11 : Operation 122 [1/1] (0.67ns)   --->   "%store_ln72 = store i8 %gmem1_addr_1_read, i5 %Wtile_16_addr" [src/gemm_int8.cpp:72]   --->   Operation 122 'store' 'store_ln72' <Predicate = (trunc_ln70 == 16)> <Delay = 0.67> <CoreInst = "RAM">   --->   Core 83 'RAM' <Latency = 1> <II = 1> <Delay = 0.67> <Storage> <Opcode : 'load' 'store'> <Ports = 2> <Width = 8> <Depth = 32> <RAM>
ST_11 : Operation 123 [1/1] (0.00ns)   --->   "%br_ln72 = br void %arrayidx1346.exit" [src/gemm_int8.cpp:72]   --->   Operation 123 'br' 'br_ln72' <Predicate = (trunc_ln70 == 16)> <Delay = 0.00>
ST_11 : Operation 124 [1/1] (0.00ns)   --->   "%Wtile_15_addr = getelementptr i8 %Wtile_15, i64 0, i64 %zext_ln69_2" [src/gemm_int8.cpp:69]   --->   Operation 124 'getelementptr' 'Wtile_15_addr' <Predicate = (trunc_ln70 == 15)> <Delay = 0.00>
ST_11 : Operation 125 [1/1] (0.67ns)   --->   "%store_ln72 = store i8 %gmem1_addr_1_read, i5 %Wtile_15_addr" [src/gemm_int8.cpp:72]   --->   Operation 125 'store' 'store_ln72' <Predicate = (trunc_ln70 == 15)> <Delay = 0.67> <CoreInst = "RAM">   --->   Core 83 'RAM' <Latency = 1> <II = 1> <Delay = 0.67> <Storage> <Opcode : 'load' 'store'> <Ports = 2> <Width = 8> <Depth = 32> <RAM>
ST_11 : Operation 126 [1/1] (0.00ns)   --->   "%br_ln72 = br void %arrayidx1346.exit" [src/gemm_int8.cpp:72]   --->   Operation 126 'br' 'br_ln72' <Predicate = (trunc_ln70 == 15)> <Delay = 0.00>
ST_11 : Operation 127 [1/1] (0.00ns)   --->   "%Wtile_14_addr = getelementptr i8 %Wtile_14, i64 0, i64 %zext_ln69_2" [src/gemm_int8.cpp:69]   --->   Operation 127 'getelementptr' 'Wtile_14_addr' <Predicate = (trunc_ln70 == 14)> <Delay = 0.00>
ST_11 : Operation 128 [1/1] (0.67ns)   --->   "%store_ln72 = store i8 %gmem1_addr_1_read, i5 %Wtile_14_addr" [src/gemm_int8.cpp:72]   --->   Operation 128 'store' 'store_ln72' <Predicate = (trunc_ln70 == 14)> <Delay = 0.67> <CoreInst = "RAM">   --->   Core 83 'RAM' <Latency = 1> <II = 1> <Delay = 0.67> <Storage> <Opcode : 'load' 'store'> <Ports = 2> <Width = 8> <Depth = 32> <RAM>
ST_11 : Operation 129 [1/1] (0.00ns)   --->   "%br_ln72 = br void %arrayidx1346.exit" [src/gemm_int8.cpp:72]   --->   Operation 129 'br' 'br_ln72' <Predicate = (trunc_ln70 == 14)> <Delay = 0.00>
ST_11 : Operation 130 [1/1] (0.00ns)   --->   "%Wtile_13_addr = getelementptr i8 %Wtile_13, i64 0, i64 %zext_ln69_2" [src/gemm_int8.cpp:69]   --->   Operation 130 'getelementptr' 'Wtile_13_addr' <Predicate = (trunc_ln70 == 13)> <Delay = 0.00>
ST_11 : Operation 131 [1/1] (0.67ns)   --->   "%store_ln72 = store i8 %gmem1_addr_1_read, i5 %Wtile_13_addr" [src/gemm_int8.cpp:72]   --->   Operation 131 'store' 'store_ln72' <Predicate = (trunc_ln70 == 13)> <Delay = 0.67> <CoreInst = "RAM">   --->   Core 83 'RAM' <Latency = 1> <II = 1> <Delay = 0.67> <Storage> <Opcode : 'load' 'store'> <Ports = 2> <Width = 8> <Depth = 32> <RAM>
ST_11 : Operation 132 [1/1] (0.00ns)   --->   "%br_ln72 = br void %arrayidx1346.exit" [src/gemm_int8.cpp:72]   --->   Operation 132 'br' 'br_ln72' <Predicate = (trunc_ln70 == 13)> <Delay = 0.00>
ST_11 : Operation 133 [1/1] (0.00ns)   --->   "%Wtile_12_addr = getelementptr i8 %Wtile_12, i64 0, i64 %zext_ln69_2" [src/gemm_int8.cpp:69]   --->   Operation 133 'getelementptr' 'Wtile_12_addr' <Predicate = (trunc_ln70 == 12)> <Delay = 0.00>
ST_11 : Operation 134 [1/1] (0.67ns)   --->   "%store_ln72 = store i8 %gmem1_addr_1_read, i5 %Wtile_12_addr" [src/gemm_int8.cpp:72]   --->   Operation 134 'store' 'store_ln72' <Predicate = (trunc_ln70 == 12)> <Delay = 0.67> <CoreInst = "RAM">   --->   Core 83 'RAM' <Latency = 1> <II = 1> <Delay = 0.67> <Storage> <Opcode : 'load' 'store'> <Ports = 2> <Width = 8> <Depth = 32> <RAM>
ST_11 : Operation 135 [1/1] (0.00ns)   --->   "%br_ln72 = br void %arrayidx1346.exit" [src/gemm_int8.cpp:72]   --->   Operation 135 'br' 'br_ln72' <Predicate = (trunc_ln70 == 12)> <Delay = 0.00>
ST_11 : Operation 136 [1/1] (0.00ns)   --->   "%Wtile_11_addr = getelementptr i8 %Wtile_11, i64 0, i64 %zext_ln69_2" [src/gemm_int8.cpp:69]   --->   Operation 136 'getelementptr' 'Wtile_11_addr' <Predicate = (trunc_ln70 == 11)> <Delay = 0.00>
ST_11 : Operation 137 [1/1] (0.67ns)   --->   "%store_ln72 = store i8 %gmem1_addr_1_read, i5 %Wtile_11_addr" [src/gemm_int8.cpp:72]   --->   Operation 137 'store' 'store_ln72' <Predicate = (trunc_ln70 == 11)> <Delay = 0.67> <CoreInst = "RAM">   --->   Core 83 'RAM' <Latency = 1> <II = 1> <Delay = 0.67> <Storage> <Opcode : 'load' 'store'> <Ports = 2> <Width = 8> <Depth = 32> <RAM>
ST_11 : Operation 138 [1/1] (0.00ns)   --->   "%br_ln72 = br void %arrayidx1346.exit" [src/gemm_int8.cpp:72]   --->   Operation 138 'br' 'br_ln72' <Predicate = (trunc_ln70 == 11)> <Delay = 0.00>
ST_11 : Operation 139 [1/1] (0.00ns)   --->   "%Wtile_10_addr = getelementptr i8 %Wtile_10, i64 0, i64 %zext_ln69_2" [src/gemm_int8.cpp:69]   --->   Operation 139 'getelementptr' 'Wtile_10_addr' <Predicate = (trunc_ln70 == 10)> <Delay = 0.00>
ST_11 : Operation 140 [1/1] (0.67ns)   --->   "%store_ln72 = store i8 %gmem1_addr_1_read, i5 %Wtile_10_addr" [src/gemm_int8.cpp:72]   --->   Operation 140 'store' 'store_ln72' <Predicate = (trunc_ln70 == 10)> <Delay = 0.67> <CoreInst = "RAM">   --->   Core 83 'RAM' <Latency = 1> <II = 1> <Delay = 0.67> <Storage> <Opcode : 'load' 'store'> <Ports = 2> <Width = 8> <Depth = 32> <RAM>
ST_11 : Operation 141 [1/1] (0.00ns)   --->   "%br_ln72 = br void %arrayidx1346.exit" [src/gemm_int8.cpp:72]   --->   Operation 141 'br' 'br_ln72' <Predicate = (trunc_ln70 == 10)> <Delay = 0.00>
ST_11 : Operation 142 [1/1] (0.00ns)   --->   "%Wtile_9_addr = getelementptr i8 %Wtile_9, i64 0, i64 %zext_ln69_2" [src/gemm_int8.cpp:69]   --->   Operation 142 'getelementptr' 'Wtile_9_addr' <Predicate = (trunc_ln70 == 9)> <Delay = 0.00>
ST_11 : Operation 143 [1/1] (0.67ns)   --->   "%store_ln72 = store i8 %gmem1_addr_1_read, i5 %Wtile_9_addr" [src/gemm_int8.cpp:72]   --->   Operation 143 'store' 'store_ln72' <Predicate = (trunc_ln70 == 9)> <Delay = 0.67> <CoreInst = "RAM">   --->   Core 83 'RAM' <Latency = 1> <II = 1> <Delay = 0.67> <Storage> <Opcode : 'load' 'store'> <Ports = 2> <Width = 8> <Depth = 32> <RAM>
ST_11 : Operation 144 [1/1] (0.00ns)   --->   "%br_ln72 = br void %arrayidx1346.exit" [src/gemm_int8.cpp:72]   --->   Operation 144 'br' 'br_ln72' <Predicate = (trunc_ln70 == 9)> <Delay = 0.00>
ST_11 : Operation 145 [1/1] (0.00ns)   --->   "%Wtile_8_addr = getelementptr i8 %Wtile_8, i64 0, i64 %zext_ln69_2" [src/gemm_int8.cpp:69]   --->   Operation 145 'getelementptr' 'Wtile_8_addr' <Predicate = (trunc_ln70 == 8)> <Delay = 0.00>
ST_11 : Operation 146 [1/1] (0.67ns)   --->   "%store_ln72 = store i8 %gmem1_addr_1_read, i5 %Wtile_8_addr" [src/gemm_int8.cpp:72]   --->   Operation 146 'store' 'store_ln72' <Predicate = (trunc_ln70 == 8)> <Delay = 0.67> <CoreInst = "RAM">   --->   Core 83 'RAM' <Latency = 1> <II = 1> <Delay = 0.67> <Storage> <Opcode : 'load' 'store'> <Ports = 2> <Width = 8> <Depth = 32> <RAM>
ST_11 : Operation 147 [1/1] (0.00ns)   --->   "%br_ln72 = br void %arrayidx1346.exit" [src/gemm_int8.cpp:72]   --->   Operation 147 'br' 'br_ln72' <Predicate = (trunc_ln70 == 8)> <Delay = 0.00>
ST_11 : Operation 148 [1/1] (0.00ns)   --->   "%Wtile_7_addr = getelementptr i8 %Wtile_7, i64 0, i64 %zext_ln69_2" [src/gemm_int8.cpp:69]   --->   Operation 148 'getelementptr' 'Wtile_7_addr' <Predicate = (trunc_ln70 == 7)> <Delay = 0.00>
ST_11 : Operation 149 [1/1] (0.67ns)   --->   "%store_ln72 = store i8 %gmem1_addr_1_read, i5 %Wtile_7_addr" [src/gemm_int8.cpp:72]   --->   Operation 149 'store' 'store_ln72' <Predicate = (trunc_ln70 == 7)> <Delay = 0.67> <CoreInst = "RAM">   --->   Core 83 'RAM' <Latency = 1> <II = 1> <Delay = 0.67> <Storage> <Opcode : 'load' 'store'> <Ports = 2> <Width = 8> <Depth = 32> <RAM>
ST_11 : Operation 150 [1/1] (0.00ns)   --->   "%br_ln72 = br void %arrayidx1346.exit" [src/gemm_int8.cpp:72]   --->   Operation 150 'br' 'br_ln72' <Predicate = (trunc_ln70 == 7)> <Delay = 0.00>
ST_11 : Operation 151 [1/1] (0.00ns)   --->   "%Wtile_6_addr = getelementptr i8 %Wtile_6, i64 0, i64 %zext_ln69_2" [src/gemm_int8.cpp:69]   --->   Operation 151 'getelementptr' 'Wtile_6_addr' <Predicate = (trunc_ln70 == 6)> <Delay = 0.00>
ST_11 : Operation 152 [1/1] (0.67ns)   --->   "%store_ln72 = store i8 %gmem1_addr_1_read, i5 %Wtile_6_addr" [src/gemm_int8.cpp:72]   --->   Operation 152 'store' 'store_ln72' <Predicate = (trunc_ln70 == 6)> <Delay = 0.67> <CoreInst = "RAM">   --->   Core 83 'RAM' <Latency = 1> <II = 1> <Delay = 0.67> <Storage> <Opcode : 'load' 'store'> <Ports = 2> <Width = 8> <Depth = 32> <RAM>
ST_11 : Operation 153 [1/1] (0.00ns)   --->   "%br_ln72 = br void %arrayidx1346.exit" [src/gemm_int8.cpp:72]   --->   Operation 153 'br' 'br_ln72' <Predicate = (trunc_ln70 == 6)> <Delay = 0.00>
ST_11 : Operation 154 [1/1] (0.00ns)   --->   "%Wtile_5_addr = getelementptr i8 %Wtile_5, i64 0, i64 %zext_ln69_2" [src/gemm_int8.cpp:69]   --->   Operation 154 'getelementptr' 'Wtile_5_addr' <Predicate = (trunc_ln70 == 5)> <Delay = 0.00>
ST_11 : Operation 155 [1/1] (0.67ns)   --->   "%store_ln72 = store i8 %gmem1_addr_1_read, i5 %Wtile_5_addr" [src/gemm_int8.cpp:72]   --->   Operation 155 'store' 'store_ln72' <Predicate = (trunc_ln70 == 5)> <Delay = 0.67> <CoreInst = "RAM">   --->   Core 83 'RAM' <Latency = 1> <II = 1> <Delay = 0.67> <Storage> <Opcode : 'load' 'store'> <Ports = 2> <Width = 8> <Depth = 32> <RAM>
ST_11 : Operation 156 [1/1] (0.00ns)   --->   "%br_ln72 = br void %arrayidx1346.exit" [src/gemm_int8.cpp:72]   --->   Operation 156 'br' 'br_ln72' <Predicate = (trunc_ln70 == 5)> <Delay = 0.00>
ST_11 : Operation 157 [1/1] (0.00ns)   --->   "%Wtile_4_addr = getelementptr i8 %Wtile_4, i64 0, i64 %zext_ln69_2" [src/gemm_int8.cpp:69]   --->   Operation 157 'getelementptr' 'Wtile_4_addr' <Predicate = (trunc_ln70 == 4)> <Delay = 0.00>
ST_11 : Operation 158 [1/1] (0.67ns)   --->   "%store_ln72 = store i8 %gmem1_addr_1_read, i5 %Wtile_4_addr" [src/gemm_int8.cpp:72]   --->   Operation 158 'store' 'store_ln72' <Predicate = (trunc_ln70 == 4)> <Delay = 0.67> <CoreInst = "RAM">   --->   Core 83 'RAM' <Latency = 1> <II = 1> <Delay = 0.67> <Storage> <Opcode : 'load' 'store'> <Ports = 2> <Width = 8> <Depth = 32> <RAM>
ST_11 : Operation 159 [1/1] (0.00ns)   --->   "%br_ln72 = br void %arrayidx1346.exit" [src/gemm_int8.cpp:72]   --->   Operation 159 'br' 'br_ln72' <Predicate = (trunc_ln70 == 4)> <Delay = 0.00>
ST_11 : Operation 160 [1/1] (0.00ns)   --->   "%Wtile_3_addr = getelementptr i8 %Wtile_3, i64 0, i64 %zext_ln69_2" [src/gemm_int8.cpp:69]   --->   Operation 160 'getelementptr' 'Wtile_3_addr' <Predicate = (trunc_ln70 == 3)> <Delay = 0.00>
ST_11 : Operation 161 [1/1] (0.67ns)   --->   "%store_ln72 = store i8 %gmem1_addr_1_read, i5 %Wtile_3_addr" [src/gemm_int8.cpp:72]   --->   Operation 161 'store' 'store_ln72' <Predicate = (trunc_ln70 == 3)> <Delay = 0.67> <CoreInst = "RAM">   --->   Core 83 'RAM' <Latency = 1> <II = 1> <Delay = 0.67> <Storage> <Opcode : 'load' 'store'> <Ports = 2> <Width = 8> <Depth = 32> <RAM>
ST_11 : Operation 162 [1/1] (0.00ns)   --->   "%br_ln72 = br void %arrayidx1346.exit" [src/gemm_int8.cpp:72]   --->   Operation 162 'br' 'br_ln72' <Predicate = (trunc_ln70 == 3)> <Delay = 0.00>
ST_11 : Operation 163 [1/1] (0.00ns)   --->   "%Wtile_2_addr = getelementptr i8 %Wtile_2, i64 0, i64 %zext_ln69_2" [src/gemm_int8.cpp:69]   --->   Operation 163 'getelementptr' 'Wtile_2_addr' <Predicate = (trunc_ln70 == 2)> <Delay = 0.00>
ST_11 : Operation 164 [1/1] (0.67ns)   --->   "%store_ln72 = store i8 %gmem1_addr_1_read, i5 %Wtile_2_addr" [src/gemm_int8.cpp:72]   --->   Operation 164 'store' 'store_ln72' <Predicate = (trunc_ln70 == 2)> <Delay = 0.67> <CoreInst = "RAM">   --->   Core 83 'RAM' <Latency = 1> <II = 1> <Delay = 0.67> <Storage> <Opcode : 'load' 'store'> <Ports = 2> <Width = 8> <Depth = 32> <RAM>
ST_11 : Operation 165 [1/1] (0.00ns)   --->   "%br_ln72 = br void %arrayidx1346.exit" [src/gemm_int8.cpp:72]   --->   Operation 165 'br' 'br_ln72' <Predicate = (trunc_ln70 == 2)> <Delay = 0.00>
ST_11 : Operation 166 [1/1] (0.00ns)   --->   "%Wtile_1_addr = getelementptr i8 %Wtile_1, i64 0, i64 %zext_ln69_2" [src/gemm_int8.cpp:69]   --->   Operation 166 'getelementptr' 'Wtile_1_addr' <Predicate = (trunc_ln70 == 1)> <Delay = 0.00>
ST_11 : Operation 167 [1/1] (0.67ns)   --->   "%store_ln72 = store i8 %gmem1_addr_1_read, i5 %Wtile_1_addr" [src/gemm_int8.cpp:72]   --->   Operation 167 'store' 'store_ln72' <Predicate = (trunc_ln70 == 1)> <Delay = 0.67> <CoreInst = "RAM">   --->   Core 83 'RAM' <Latency = 1> <II = 1> <Delay = 0.67> <Storage> <Opcode : 'load' 'store'> <Ports = 2> <Width = 8> <Depth = 32> <RAM>
ST_11 : Operation 168 [1/1] (0.00ns)   --->   "%br_ln72 = br void %arrayidx1346.exit" [src/gemm_int8.cpp:72]   --->   Operation 168 'br' 'br_ln72' <Predicate = (trunc_ln70 == 1)> <Delay = 0.00>
ST_11 : Operation 169 [1/1] (0.00ns)   --->   "%Wtile_addr = getelementptr i8 %Wtile, i64 0, i64 %zext_ln69_2" [src/gemm_int8.cpp:69]   --->   Operation 169 'getelementptr' 'Wtile_addr' <Predicate = (trunc_ln70 == 0)> <Delay = 0.00>
ST_11 : Operation 170 [1/1] (0.67ns)   --->   "%store_ln72 = store i8 %gmem1_addr_1_read, i5 %Wtile_addr" [src/gemm_int8.cpp:72]   --->   Operation 170 'store' 'store_ln72' <Predicate = (trunc_ln70 == 0)> <Delay = 0.67> <CoreInst = "RAM">   --->   Core 83 'RAM' <Latency = 1> <II = 1> <Delay = 0.67> <Storage> <Opcode : 'load' 'store'> <Ports = 2> <Width = 8> <Depth = 32> <RAM>
ST_11 : Operation 171 [1/1] (0.00ns)   --->   "%br_ln72 = br void %arrayidx1346.exit" [src/gemm_int8.cpp:72]   --->   Operation 171 'br' 'br_ln72' <Predicate = (trunc_ln70 == 0)> <Delay = 0.00>
ST_11 : Operation 172 [1/1] (0.00ns)   --->   "%Wtile_31_addr = getelementptr i8 %Wtile_31, i64 0, i64 %zext_ln69_2" [src/gemm_int8.cpp:69]   --->   Operation 172 'getelementptr' 'Wtile_31_addr' <Predicate = (trunc_ln70 == 31)> <Delay = 0.00>
ST_11 : Operation 173 [1/1] (0.67ns)   --->   "%store_ln72 = store i8 %gmem1_addr_1_read, i5 %Wtile_31_addr" [src/gemm_int8.cpp:72]   --->   Operation 173 'store' 'store_ln72' <Predicate = (trunc_ln70 == 31)> <Delay = 0.67> <CoreInst = "RAM">   --->   Core 83 'RAM' <Latency = 1> <II = 1> <Delay = 0.67> <Storage> <Opcode : 'load' 'store'> <Ports = 2> <Width = 8> <Depth = 32> <RAM>
ST_11 : Operation 174 [1/1] (0.00ns)   --->   "%br_ln72 = br void %arrayidx1346.exit" [src/gemm_int8.cpp:72]   --->   Operation 174 'br' 'br_ln72' <Predicate = (trunc_ln70 == 31)> <Delay = 0.00>


============================================================
+ Verbose Summary: Timing violations
============================================================
Target clock period: 10.000ns, clock uncertainty: 2.700ns.

 <State 1>: 3.561ns
The critical path consists of the following:
	'alloca' operation ('j') [37]  (0.000 ns)
	'load' operation ('j', src/gemm_int8.cpp:69) on local variable 'j' [49]  (0.000 ns)
	'add' operation ('add_ln69_1', src/gemm_int8.cpp:69) [63]  (0.781 ns)
	'sub' operation ('sub_ln69_1', src/gemm_int8.cpp:69) [76]  (0.842 ns)
	'select' operation ('select_ln69_2', src/gemm_int8.cpp:69) [77]  (0.000 ns)
	'add' operation ('add_ln69_2', src/gemm_int8.cpp:69) [78]  (0.853 ns)
	'add' operation ('add_ln69_3', src/gemm_int8.cpp:69) [80]  (1.085 ns)
	'getelementptr' operation ('gmem1_addr', src/gemm_int8.cpp:70) [83]  (0.000 ns)

 <State 2>: 7.300ns
The critical path consists of the following:
	bus request operation ('empty', src/gemm_int8.cpp:70) on port 'gmem1' (src/gemm_int8.cpp:70) [84]  (7.300 ns)

 <State 3>: 7.300ns
The critical path consists of the following:
	bus request operation ('empty', src/gemm_int8.cpp:70) on port 'gmem1' (src/gemm_int8.cpp:70) [84]  (7.300 ns)

 <State 4>: 7.300ns
The critical path consists of the following:
	bus request operation ('empty', src/gemm_int8.cpp:70) on port 'gmem1' (src/gemm_int8.cpp:70) [84]  (7.300 ns)

 <State 5>: 7.300ns
The critical path consists of the following:
	bus request operation ('empty', src/gemm_int8.cpp:70) on port 'gmem1' (src/gemm_int8.cpp:70) [84]  (7.300 ns)

 <State 6>: 7.300ns
The critical path consists of the following:
	bus request operation ('empty', src/gemm_int8.cpp:70) on port 'gmem1' (src/gemm_int8.cpp:70) [84]  (7.300 ns)

 <State 7>: 7.300ns
The critical path consists of the following:
	bus request operation ('empty', src/gemm_int8.cpp:70) on port 'gmem1' (src/gemm_int8.cpp:70) [84]  (7.300 ns)

 <State 8>: 7.300ns
The critical path consists of the following:
	bus request operation ('empty', src/gemm_int8.cpp:70) on port 'gmem1' (src/gemm_int8.cpp:70) [84]  (7.300 ns)

 <State 9>: 7.300ns
The critical path consists of the following:
	bus request operation ('empty', src/gemm_int8.cpp:70) on port 'gmem1' (src/gemm_int8.cpp:70) [84]  (7.300 ns)

 <State 10>: 7.300ns
The critical path consists of the following:
	bus read operation ('gmem1_addr_1_read', src/gemm_int8.cpp:72) on port 'gmem1' (src/gemm_int8.cpp:72) [91]  (7.300 ns)

 <State 11>: 0.677ns
The critical path consists of the following:
	'getelementptr' operation ('Wtile_23_addr', src/gemm_int8.cpp:69) [122]  (0.000 ns)
	'store' operation ('store_ln72', src/gemm_int8.cpp:72) of variable 'gmem1_addr_1_read', src/gemm_int8.cpp:72 on array 'Wtile_23' [123]  (0.677 ns)


============================================================
+ Verbose Summary: Binding
============================================================
N/A
* FSMD analyzer results:
  - Output states:
 - Input state : 
  - Chain level:
	State 1
	State 2
	State 3
	State 4
	State 5
	State 6
	State 7
	State 8
	State 9
	State 10
	State 11


============================================================
+ Verbose Summary: Datapath Resource usage 
============================================================
N/A
