

================================================================
== Vitis HLS Report for 'gemm_int8_Pipeline_load_X_VITIS_LOOP_30_1'
================================================================
* Date:           Thu Mar 12 11:38:53 2026

* Version:        2023.1 (Build 3854077 on May  4 2023)
* Project:        gemm_qkv
* Solution:       solution1 (Vivado IP Flow Target)
* Product family: zynquplus
* Target device:  xck26-sfvc784-2LV-c


================================================================
== Performance Estimates
================================================================
+ Timing: 
    * Summary: 
    +--------+----------+----------+------------+
    |  Clock |  Target  | Estimated| Uncertainty|
    +--------+----------+----------+------------+
    |ap_clk  |  10.00 ns|  7.300 ns|     2.70 ns|
    +--------+----------+----------+------------+

+ Latency: 
    * Summary: 
    +---------+---------+----------+----------+-------+-------+---------+
    |  Latency (cycles) |  Latency (absolute) |    Interval   | Pipeline|
    |   min   |   max   |    min   |    max   |  min  |  max  |   Type  |
    +---------+---------+----------+----------+-------+-------+---------+
    |    49155|    49155|  0.492 ms|  0.492 ms|  49155|  49155|       no|
    +---------+---------+----------+----------+-------+-------+---------+

    + Detail: 
        * Instance: 
        N/A

        * Loop: 
        +--------------------------+---------+---------+----------+-----------+-----------+-------+----------+
        |                          |  Latency (cycles) | Iteration|  Initiation Interval  |  Trip |          |
        |         Loop Name        |   min   |   max   |  Latency |  achieved |   target  | Count | Pipelined|
        +--------------------------+---------+---------+----------+-----------+-----------+-------+----------+
        |- load_X_VITIS_LOOP_30_1  |    49153|    49153|         3|          1|          1|  49152|       yes|
        +--------------------------+---------+---------+----------+-----------+-----------+-------+----------+



================================================================
== Utilization Estimates
================================================================
* Summary: 
+-----------------+---------+------+--------+--------+-----+
|       Name      | BRAM_18K|  DSP |   FF   |   LUT  | URAM|
+-----------------+---------+------+--------+--------+-----+
|DSP              |        -|     -|       -|       -|    -|
|Expression       |        -|     -|       0|     147|    -|
|FIFO             |        -|     -|       -|       -|    -|
|Instance         |        -|     -|       -|       -|    -|
|Memory           |        -|     -|       -|       -|    -|
|Multiplexer      |        -|     -|       -|      63|    -|
|Register         |        -|     -|      46|       -|    -|
+-----------------+---------+------+--------+--------+-----+
|Total            |        0|     0|      46|     210|    0|
+-----------------+---------+------+--------+--------+-----+
|Available        |      288|  1248|  234240|  117120|   64|
+-----------------+---------+------+--------+--------+-----+
|Utilization (%)  |        0|     0|      ~0|      ~0|    0|
+-----------------+---------+------+--------+--------+-----+

+ Detail: 
    * Instance: 
    N/A

    * DSP: 
    N/A

    * Memory: 
    N/A

    * FIFO: 
    N/A

    * Expression: 
    +---------------------------+----------+----+---+----+------------+------------+
    |       Variable Name       | Operation| DSP| FF| LUT| Bitwidth P0| Bitwidth P1|
    +---------------------------+----------+----+---+----+------------+------------+
    |add_ln29_1_fu_146_p2       |         +|   0|  0|  23|          16|           1|
    |add_ln29_fu_163_p2         |         +|   0|  0|  14|           7|           1|
    |add_ln30_fu_236_p2         |         +|   0|  0|  17|          10|           1|
    |add_ln32_fu_225_p2         |         +|   0|  0|  16|          16|          16|
    |sub_ln32_fu_215_p2         |         -|   0|  0|  16|          16|          16|
    |ap_block_pp0_stage0_11001  |       and|   0|  0|   2|           1|           1|
    |icmp_ln29_fu_140_p2        |      icmp|   0|  0|  23|          16|          16|
    |icmp_ln30_fu_169_p2        |      icmp|   0|  0|  17|          10|          10|
    |select_ln29_1_fu_183_p3    |    select|   0|  0|   7|           1|           7|
    |select_ln29_fu_175_p3      |    select|   0|  0|  10|           1|           1|
    |ap_enable_pp0              |       xor|   0|  0|   2|           1|           2|
    +---------------------------+----------+----+---+----+------------+------------+
    |Total                      |          |   0|  0| 147|          95|          72|
    +---------------------------+----------+----+---+----+------------+------------+

    * Multiplexer: 
    +--------------------------------------+----+-----------+-----+-----------+
    |                 Name                 | LUT| Input Size| Bits| Total Bits|
    +--------------------------------------+----+-----------+-----+-----------+
    |ap_done_int                           |   9|          2|    1|          2|
    |ap_enable_reg_pp0_iter1               |   9|          2|    1|          2|
    |ap_sig_allocacmp_indvar_flatten_load  |   9|          2|   16|         32|
    |gmem0_blk_n_R                         |   9|          2|    1|          2|
    |i_fu_80                               |   9|          2|    7|         14|
    |indvar_flatten_fu_84                  |   9|          2|   16|         32|
    |k_fu_76                               |   9|          2|   10|         20|
    +--------------------------------------+----+-----------+-----+-----------+
    |Total                                 |  63|         14|   52|        104|
    +--------------------------------------+----+-----------+-----+-----------+

    * Register: 
    +----------------------------------+----+----+-----+-----------+
    |               Name               | FF | LUT| Bits| Const Bits|
    +----------------------------------+----+----+-----+-----------+
    |ap_CS_fsm                         |   1|   0|    1|          0|
    |ap_done_reg                       |   1|   0|    1|          0|
    |ap_enable_reg_pp0_iter1           |   1|   0|    1|          0|
    |ap_enable_reg_pp0_iter2           |   1|   0|    1|          0|
    |ap_loop_exit_ready_pp0_iter1_reg  |   1|   0|    1|          0|
    |gmem0_addr_read_reg_282           |   8|   0|    8|          0|
    |i_fu_80                           |   7|   0|    7|          0|
    |indvar_flatten_fu_84              |  16|   0|   16|          0|
    |k_fu_76                           |  10|   0|   10|          0|
    +----------------------------------+----+----+-----+-----------+
    |Total                             |  46|   0|   46|          0|
    +----------------------------------+----+----+-----+-----------+



================================================================
== Interface
================================================================
* Summary: 
+----------------------+-----+-----+------------+-------------------------------------------+--------------+
|       RTL Ports      | Dir | Bits|  Protocol  |               Source Object               |    C Type    |
+----------------------+-----+-----+------------+-------------------------------------------+--------------+
|ap_clk                |   in|    1|  ap_ctrl_hs|  gemm_int8_Pipeline_load_X_VITIS_LOOP_30_1|  return value|
|ap_rst                |   in|    1|  ap_ctrl_hs|  gemm_int8_Pipeline_load_X_VITIS_LOOP_30_1|  return value|
|ap_start              |   in|    1|  ap_ctrl_hs|  gemm_int8_Pipeline_load_X_VITIS_LOOP_30_1|  return value|
|ap_done               |  out|    1|  ap_ctrl_hs|  gemm_int8_Pipeline_load_X_VITIS_LOOP_30_1|  return value|
|ap_idle               |  out|    1|  ap_ctrl_hs|  gemm_int8_Pipeline_load_X_VITIS_LOOP_30_1|  return value|
|ap_ready              |  out|    1|  ap_ctrl_hs|  gemm_int8_Pipeline_load_X_VITIS_LOOP_30_1|  return value|
|m_axi_gmem0_AWVALID   |  out|    1|       m_axi|                                      gmem0|       pointer|
|m_axi_gmem0_AWREADY   |   in|    1|       m_axi|                                      gmem0|       pointer|
|m_axi_gmem0_AWADDR    |  out|   64|       m_axi|                                      gmem0|       pointer|
|m_axi_gmem0_AWID      |  out|    1|       m_axi|                                      gmem0|       pointer|
|m_axi_gmem0_AWLEN     |  out|   32|       m_axi|                                      gmem0|       pointer|
|m_axi_gmem0_AWSIZE    |  out|    3|       m_axi|                                      gmem0|       pointer|
|m_axi_gmem0_AWBURST   |  out|    2|       m_axi|                                      gmem0|       pointer|
|m_axi_gmem0_AWLOCK    |  out|    2|       m_axi|                                      gmem0|       pointer|
|m_axi_gmem0_AWCACHE   |  out|    4|       m_axi|                                      gmem0|       pointer|
|m_axi_gmem0_AWPROT    |  out|    3|       m_axi|                                      gmem0|       pointer|
|m_axi_gmem0_AWQOS     |  out|    4|       m_axi|                                      gmem0|       pointer|
|m_axi_gmem0_AWREGION  |  out|    4|       m_axi|                                      gmem0|       pointer|
|m_axi_gmem0_AWUSER    |  out|    1|       m_axi|                                      gmem0|       pointer|
|m_axi_gmem0_WVALID    |  out|    1|       m_axi|                                      gmem0|       pointer|
|m_axi_gmem0_WREADY    |   in|    1|       m_axi|                                      gmem0|       pointer|
|m_axi_gmem0_WDATA     |  out|    8|       m_axi|                                      gmem0|       pointer|
|m_axi_gmem0_WSTRB     |  out|    1|       m_axi|                                      gmem0|       pointer|
|m_axi_gmem0_WLAST     |  out|    1|       m_axi|                                      gmem0|       pointer|
|m_axi_gmem0_WID       |  out|    1|       m_axi|                                      gmem0|       pointer|
|m_axi_gmem0_WUSER     |  out|    1|       m_axi|                                      gmem0|       pointer|
|m_axi_gmem0_ARVALID   |  out|    1|       m_axi|                                      gmem0|       pointer|
|m_axi_gmem0_ARREADY   |   in|    1|       m_axi|                                      gmem0|       pointer|
|m_axi_gmem0_ARADDR    |  out|   64|       m_axi|                                      gmem0|       pointer|
|m_axi_gmem0_ARID      |  out|    1|       m_axi|                                      gmem0|       pointer|
|m_axi_gmem0_ARLEN     |  out|   32|       m_axi|                                      gmem0|       pointer|
|m_axi_gmem0_ARSIZE    |  out|    3|       m_axi|                                      gmem0|       pointer|
|m_axi_gmem0_ARBURST   |  out|    2|       m_axi|                                      gmem0|       pointer|
|m_axi_gmem0_ARLOCK    |  out|    2|       m_axi|                                      gmem0|       pointer|
|m_axi_gmem0_ARCACHE   |  out|    4|       m_axi|                                      gmem0|       pointer|
|m_axi_gmem0_ARPROT    |  out|    3|       m_axi|                                      gmem0|       pointer|
|m_axi_gmem0_ARQOS     |  out|    4|       m_axi|                                      gmem0|       pointer|
|m_axi_gmem0_ARREGION  |  out|    4|       m_axi|                                      gmem0|       pointer|
|m_axi_gmem0_ARUSER    |  out|    1|       m_axi|                                      gmem0|       pointer|
|m_axi_gmem0_RVALID    |   in|    1|       m_axi|                                      gmem0|       pointer|
|m_axi_gmem0_RREADY    |  out|    1|       m_axi|                                      gmem0|       pointer|
|m_axi_gmem0_RDATA     |   in|    8|       m_axi|                                      gmem0|       pointer|
|m_axi_gmem0_RLAST     |   in|    1|       m_axi|                                      gmem0|       pointer|
|m_axi_gmem0_RID       |   in|    1|       m_axi|                                      gmem0|       pointer|
|m_axi_gmem0_RFIFONUM  |   in|   11|       m_axi|                                      gmem0|       pointer|
|m_axi_gmem0_RUSER     |   in|    1|       m_axi|                                      gmem0|       pointer|
|m_axi_gmem0_RRESP     |   in|    2|       m_axi|                                      gmem0|       pointer|
|m_axi_gmem0_BVALID    |   in|    1|       m_axi|                                      gmem0|       pointer|
|m_axi_gmem0_BREADY    |  out|    1|       m_axi|                                      gmem0|       pointer|
|m_axi_gmem0_BRESP     |   in|    2|       m_axi|                                      gmem0|       pointer|
|m_axi_gmem0_BID       |   in|    1|       m_axi|                                      gmem0|       pointer|
|m_axi_gmem0_BUSER     |   in|    1|       m_axi|                                      gmem0|       pointer|
|X                     |   in|   64|     ap_none|                                          X|        scalar|
|Xbuf_address1         |  out|   16|   ap_memory|                                       Xbuf|         array|
|Xbuf_ce1              |  out|    1|   ap_memory|                                       Xbuf|         array|
|Xbuf_we1              |  out|    1|   ap_memory|                                       Xbuf|         array|
|Xbuf_d1               |  out|    8|   ap_memory|                                       Xbuf|         array|
+----------------------+-----+-----+------------+-------------------------------------------+--------------+

============================================================
+ Verbose Summary: Synthesis Manager
============================================================
InlineROM: 1
ExposeGlobal: 0
============================================================
+ Verbose Summary: CDFG Model
============================================================
IsTopModel: 0
ResetActiveHigh: 1
IsCombinational: 2
IsDatapathOnly: 2
HasWiredReturn: 1
HasMFsm: 2
HasVarLatency: 1
IsPipeline: 0
IsRtlPipelined: 0
IsInstanceOverlapped: 0
IsDontTouch: 0
HasImplIP: 0
IsGatedGlobalClock: 0

+ Individual pipeline summary: 
  * Pipeline-0: initiation interval (II) = 1, depth = 3


============================================================
+ Verbose Summary: Schedule
============================================================
* Number of FSM states : 3
* Pipeline : 1
  Pipeline-0 : II = 1, D = 3, States = { 1 2 3 }
* Dataflow Pipeline: 0

* FSM state transitions: 
1 --> 2 
2 --> 3 
3 --> 

* FSM state operations: 

State 1 <SV = 0> <Delay = 1.28>
ST_1 : Operation 6 [1/1] (0.00ns)   --->   "%k = alloca i32 1"   --->   Operation 6 'alloca' 'k' <Predicate = true> <Delay = 0.00>
ST_1 : Operation 7 [1/1] (0.00ns)   --->   "%i = alloca i32 1"   --->   Operation 7 'alloca' 'i' <Predicate = true> <Delay = 0.00>
ST_1 : Operation 8 [1/1] (0.00ns)   --->   "%indvar_flatten = alloca i32 1"   --->   Operation 8 'alloca' 'indvar_flatten' <Predicate = true> <Delay = 0.00>
ST_1 : Operation 9 [1/1] (0.00ns)   --->   "%specmemcore_ln0 = specmemcore void @_ssdm_op_SpecMemCore, i8 %Xbuf, i64 666, i64 22, i64 18446744073709551615"   --->   Operation 9 'specmemcore' 'specmemcore_ln0' <Predicate = true> <Delay = 0.00>
ST_1 : Operation 10 [1/1] (0.00ns)   --->   "%specinterface_ln0 = specinterface void @_ssdm_op_SpecInterface, i8 %gmem0, void @empty_5, i32 0, i32 0, void @empty_4, i32 0, i32 49152, void @empty_3, void @empty_2, void @empty_4, i32 16, i32 16, i32 16, i32 16, void @empty_4, void @empty_4, i32 4294967295, i32 0"   --->   Operation 10 'specinterface' 'specinterface_ln0' <Predicate = true> <Delay = 0.00>
ST_1 : Operation 11 [1/1] (0.00ns)   --->   "%X_read = read i64 @_ssdm_op_Read.ap_auto.i64, i64 %X"   --->   Operation 11 'read' 'X_read' <Predicate = true> <Delay = 0.00>
ST_1 : Operation 12 [1/1] (0.42ns)   --->   "%store_ln0 = store i16 0, i16 %indvar_flatten"   --->   Operation 12 'store' 'store_ln0' <Predicate = true> <Delay = 0.42>
ST_1 : Operation 13 [1/1] (0.42ns)   --->   "%store_ln0 = store i7 0, i7 %i"   --->   Operation 13 'store' 'store_ln0' <Predicate = true> <Delay = 0.42>
ST_1 : Operation 14 [1/1] (0.42ns)   --->   "%store_ln0 = store i10 0, i10 %k"   --->   Operation 14 'store' 'store_ln0' <Predicate = true> <Delay = 0.42>
ST_1 : Operation 15 [1/1] (0.00ns)   --->   "%br_ln0 = br void %for.inc"   --->   Operation 15 'br' 'br_ln0' <Predicate = true> <Delay = 0.00>
ST_1 : Operation 16 [1/1] (0.00ns)   --->   "%indvar_flatten_load = load i16 %indvar_flatten" [src/gemm_int8.cpp:29]   --->   Operation 16 'load' 'indvar_flatten_load' <Predicate = true> <Delay = 0.00>
ST_1 : Operation 17 [1/1] (0.00ns)   --->   "%specbitsmap_ln0 = specbitsmap void @_ssdm_op_SpecBitsMap, i8 %gmem0"   --->   Operation 17 'specbitsmap' 'specbitsmap_ln0' <Predicate = true> <Delay = 0.00>
ST_1 : Operation 18 [1/1] (0.00ns)   --->   "%gmem0_addr = getelementptr i8 %gmem0, i64 %X_read" [src/gemm_int8.cpp:29]   --->   Operation 18 'getelementptr' 'gmem0_addr' <Predicate = true> <Delay = 0.00>
ST_1 : Operation 19 [1/1] (0.85ns)   --->   "%icmp_ln29 = icmp_eq  i16 %indvar_flatten_load, i16 49152" [src/gemm_int8.cpp:29]   --->   Operation 19 'icmp' 'icmp_ln29' <Predicate = true> <Delay = 0.85> <CoreInst = "Cmp">   --->   Core 9 'Cmp' <Latency = 0> <II = 1> <Delay = 0.85> <FuncUnit> <Opcode : 'icmp'> <InPorts = 2> <OutPorts = 1>
ST_1 : Operation 20 [1/1] (0.85ns)   --->   "%add_ln29_1 = add i16 %indvar_flatten_load, i16 1" [src/gemm_int8.cpp:29]   --->   Operation 20 'add' 'add_ln29_1' <Predicate = true> <Delay = 0.85> <CoreInst = "Adder">   --->   Core 1 'Adder' <Latency = 0> <II = 1> <Delay = 0.85> <FuncUnit> <Opcode : 'add' 'sub'> <InPorts = 2> <OutPorts = 1>
ST_1 : Operation 21 [1/1] (0.00ns)   --->   "%br_ln29 = br i1 %icmp_ln29, void %for.inc17, void %init_acc.preheader.exitStub" [src/gemm_int8.cpp:29]   --->   Operation 21 'br' 'br_ln29' <Predicate = true> <Delay = 0.00>
ST_1 : Operation 22 [1/1] (0.42ns)   --->   "%store_ln30 = store i16 %add_ln29_1, i16 %indvar_flatten" [src/gemm_int8.cpp:30]   --->   Operation 22 'store' 'store_ln30' <Predicate = (!icmp_ln29)> <Delay = 0.42>

State 2 <SV = 1> <Delay = 7.30>
ST_2 : Operation 23 [1/1] (7.30ns)   --->   "%gmem0_addr_read = read i8 @_ssdm_op_Read.m_axi.p1i8, i64 %gmem0_addr" [src/gemm_int8.cpp:32]   --->   Operation 23 'read' 'gmem0_addr_read' <Predicate = true> <Delay = 7.30> <CoreInst = "m_axi">   --->   Core 121 'm_axi' <Latency = 0> <II = 1> <Delay = 1.00> <Adapter> <Opcode : 'read' 'write' 'readreq' 'writereq' 'writeresp'>
ST_2 : Operation 48 [1/1] (0.00ns)   --->   "%ret_ln0 = ret"   --->   Operation 48 'ret' 'ret_ln0' <Predicate = (icmp_ln29)> <Delay = 0.00>

State 3 <SV = 2> <Delay = 3.11>
ST_3 : Operation 24 [1/1] (0.00ns)   --->   "%k_load = load i10 %k" [src/gemm_int8.cpp:30]   --->   Operation 24 'load' 'k_load' <Predicate = true> <Delay = 0.00>
ST_3 : Operation 25 [1/1] (0.00ns)   --->   "%i_load = load i7 %i" [src/gemm_int8.cpp:29]   --->   Operation 25 'load' 'i_load' <Predicate = true> <Delay = 0.00>
ST_3 : Operation 26 [1/1] (0.77ns)   --->   "%add_ln29 = add i7 %i_load, i7 1" [src/gemm_int8.cpp:29]   --->   Operation 26 'add' 'add_ln29' <Predicate = true> <Delay = 0.77> <CoreInst = "Adder">   --->   Core 1 'Adder' <Latency = 0> <II = 1> <Delay = 0.77> <FuncUnit> <Opcode : 'add' 'sub'> <InPorts = 2> <OutPorts = 1>
ST_3 : Operation 27 [1/1] (0.00ns)   --->   "%specloopname_ln0 = specloopname void @_ssdm_op_SpecLoopName, void @load_X_VITIS_LOOP_30_1_str"   --->   Operation 27 'specloopname' 'specloopname_ln0' <Predicate = true> <Delay = 0.00>
ST_3 : Operation 28 [1/1] (0.00ns)   --->   "%speclooptripcount_ln0 = speclooptripcount void @_ssdm_op_SpecLoopTripCount, i64 49152, i64 49152, i64 49152"   --->   Operation 28 'speclooptripcount' 'speclooptripcount_ln0' <Predicate = true> <Delay = 0.00>
ST_3 : Operation 29 [1/1] (0.78ns)   --->   "%icmp_ln30 = icmp_eq  i10 %k_load, i10 768" [src/gemm_int8.cpp:30]   --->   Operation 29 'icmp' 'icmp_ln30' <Predicate = true> <Delay = 0.78> <CoreInst = "Cmp">   --->   Core 9 'Cmp' <Latency = 0> <II = 1> <Delay = 0.78> <FuncUnit> <Opcode : 'icmp'> <InPorts = 2> <OutPorts = 1>
ST_3 : Operation 30 [1/1] (0.40ns)   --->   "%select_ln29 = select i1 %icmp_ln30, i10 0, i10 %k_load" [src/gemm_int8.cpp:29]   --->   Operation 30 'select' 'select_ln29' <Predicate = true> <Delay = 0.40> <CoreInst = "Sel">   --->   Core 73 'Sel' <Latency = 0> <II = 1> <Delay = 0.40> <FuncUnit> <Opcode : 'select'> <InPorts = 3> <OutPorts = 1>
ST_3 : Operation 31 [1/1] (0.36ns)   --->   "%select_ln29_1 = select i1 %icmp_ln30, i7 %add_ln29, i7 %i_load" [src/gemm_int8.cpp:29]   --->   Operation 31 'select' 'select_ln29_1' <Predicate = true> <Delay = 0.36> <CoreInst = "Sel">   --->   Core 73 'Sel' <Latency = 0> <II = 1> <Delay = 0.36> <FuncUnit> <Opcode : 'select'> <InPorts = 3> <OutPorts = 1>
ST_3 : Operation 32 [1/1] (0.00ns)   --->   "%trunc_ln32 = trunc i7 %select_ln29_1" [src/gemm_int8.cpp:32]   --->   Operation 32 'trunc' 'trunc_ln32' <Predicate = true> <Delay = 0.00>
ST_3 : Operation 33 [1/1] (0.00ns)   --->   "%tmp_1 = bitconcatenate i16 @_ssdm_op_BitConcatenate.i16.i6.i10, i6 %trunc_ln32, i10 0" [src/gemm_int8.cpp:32]   --->   Operation 33 'bitconcatenate' 'tmp_1' <Predicate = true> <Delay = 0.00>
ST_3 : Operation 34 [1/1] (0.00ns)   --->   "%tmp_2 = bitconcatenate i15 @_ssdm_op_BitConcatenate.i15.i7.i8, i7 %select_ln29_1, i8 0" [src/gemm_int8.cpp:32]   --->   Operation 34 'bitconcatenate' 'tmp_2' <Predicate = true> <Delay = 0.00>
ST_3 : Operation 35 [1/1] (0.00ns)   --->   "%zext_ln32 = zext i15 %tmp_2" [src/gemm_int8.cpp:32]   --->   Operation 35 'zext' 'zext_ln32' <Predicate = true> <Delay = 0.00>
ST_3 : Operation 36 [1/1] (0.00ns) (grouped into TernaryAdder)   --->   "%sub_ln32 = sub i16 %tmp_1, i16 %zext_ln32" [src/gemm_int8.cpp:32]   --->   Operation 36 'sub' 'sub_ln32' <Predicate = true> <Delay = 0.00> <CoreInst = "TAddSub">   --->   Core 10 'TAddSub' <Latency = 0> <II = 1> <Delay = 0.34> <IPBlock> <Opcode : '<invalid operator> ' 'add' 'sub'> <InPorts = 3> <OutPorts = 1> <Sync> <CReg>
ST_3 : Operation 37 [1/1] (0.00ns)   --->   "%zext_ln32_1 = zext i10 %select_ln29" [src/gemm_int8.cpp:32]   --->   Operation 37 'zext' 'zext_ln32_1' <Predicate = true> <Delay = 0.00>
ST_3 : Operation 38 [1/1] (0.68ns) (root node of TernaryAdder)   --->   "%add_ln32 = add i16 %sub_ln32, i16 %zext_ln32_1" [src/gemm_int8.cpp:32]   --->   Operation 38 'add' 'add_ln32' <Predicate = true> <Delay = 0.68> <CoreInst = "TAddSub">   --->   Core 10 'TAddSub' <Latency = 0> <II = 1> <Delay = 0.34> <IPBlock> <Opcode : '<invalid operator> ' 'add' 'sub'> <InPorts = 3> <OutPorts = 1> <Sync> <CReg>
ST_3 : Operation 39 [1/1] (0.00ns)   --->   "%zext_ln32_2 = zext i16 %add_ln32" [src/gemm_int8.cpp:32]   --->   Operation 39 'zext' 'zext_ln32_2' <Predicate = true> <Delay = 0.00>
ST_3 : Operation 40 [1/1] (0.00ns)   --->   "%Xbuf_addr = getelementptr i8 %Xbuf, i64 0, i64 %zext_ln32_2" [src/gemm_int8.cpp:32]   --->   Operation 40 'getelementptr' 'Xbuf_addr' <Predicate = true> <Delay = 0.00>
ST_3 : Operation 41 [1/1] (0.00ns)   --->   "%specpipeline_ln31 = specpipeline void @_ssdm_op_SpecPipeline, i32 1, i32 0, i32 0, i32 0, void @empty_4" [src/gemm_int8.cpp:31]   --->   Operation 41 'specpipeline' 'specpipeline_ln31' <Predicate = true> <Delay = 0.00>
ST_3 : Operation 42 [1/1] (0.00ns)   --->   "%specloopname_ln30 = specloopname void @_ssdm_op_SpecLoopName, void @empty_11" [src/gemm_int8.cpp:30]   --->   Operation 42 'specloopname' 'specloopname_ln30' <Predicate = true> <Delay = 0.00>
ST_3 : Operation 43 [1/1] (1.23ns)   --->   "%store_ln32 = store i8 %gmem0_addr_read, i16 %Xbuf_addr" [src/gemm_int8.cpp:32]   --->   Operation 43 'store' 'store_ln32' <Predicate = true> <Delay = 1.23> <CoreInst = "RAM_2P_BRAM">   --->   Core 94 'RAM_2P_BRAM' <Latency = 1> <II = 1> <Delay = 1.23> <Storage> <Opcode : 'load' 'store'> <Ports = 2> <Width = 8> <Depth = 49152> <RAM>
ST_3 : Operation 44 [1/1] (0.78ns)   --->   "%add_ln30 = add i10 %select_ln29, i10 1" [src/gemm_int8.cpp:30]   --->   Operation 44 'add' 'add_ln30' <Predicate = true> <Delay = 0.78> <CoreInst = "Adder">   --->   Core 1 'Adder' <Latency = 0> <II = 1> <Delay = 0.78> <FuncUnit> <Opcode : 'add' 'sub'> <InPorts = 2> <OutPorts = 1>
ST_3 : Operation 45 [1/1] (0.42ns)   --->   "%store_ln30 = store i7 %select_ln29_1, i7 %i" [src/gemm_int8.cpp:30]   --->   Operation 45 'store' 'store_ln30' <Predicate = true> <Delay = 0.42>
ST_3 : Operation 46 [1/1] (0.42ns)   --->   "%store_ln30 = store i10 %add_ln30, i10 %k" [src/gemm_int8.cpp:30]   --->   Operation 46 'store' 'store_ln30' <Predicate = true> <Delay = 0.42>
ST_3 : Operation 47 [1/1] (0.00ns)   --->   "%br_ln30 = br void %for.inc" [src/gemm_int8.cpp:30]   --->   Operation 47 'br' 'br_ln30' <Predicate = true> <Delay = 0.00>


============================================================
+ Verbose Summary: Binding
============================================================
STG Binding: 
---------------- STG Properties BEGIN ----------------
- Is combinational: 0
- Is one-state seq: 0
- Is datapath-only: 0
- Is pipelined: 0
- Is top level: 0
Port [ Return ] is wired: 1; IO mode=ap_ctrl_hs:ce=0
Port [ gmem0]:  wired=1; compound=1; hidden=0; nouse=0; global=0; static=0; extern=0; dir=0; type=4; pingpong=0; private_global=0; IO mode=m_axi:ce=0
Port [ X]:  wired=1; compound=0; hidden=0; nouse=0; global=0; static=0; extern=0; dir=0; type=0; pingpong=0; private_global=0; IO mode=ap_none:ce=0
Port [ Xbuf]:  wired=1; compound=1; hidden=0; nouse=0; global=0; static=0; extern=0; dir=1; type=1; pingpong=0; private_global=0; MemPort=[30]; IO mode=ap_memory:ce=0
---------------- STG Properties END ------------------

---------------- Datapath Model BEGIN ----------------

<LifeTime>
<method=bitvector/>
k                     (alloca           ) [ 0111]
i                     (alloca           ) [ 0111]
indvar_flatten        (alloca           ) [ 0100]
specmemcore_ln0       (specmemcore      ) [ 0000]
specinterface_ln0     (specinterface    ) [ 0000]
X_read                (read             ) [ 0000]
store_ln0             (store            ) [ 0000]
store_ln0             (store            ) [ 0000]
store_ln0             (store            ) [ 0000]
br_ln0                (br               ) [ 0000]
indvar_flatten_load   (load             ) [ 0000]
specbitsmap_ln0       (specbitsmap      ) [ 0000]
gmem0_addr            (getelementptr    ) [ 0110]
icmp_ln29             (icmp             ) [ 0110]
add_ln29_1            (add              ) [ 0000]
br_ln29               (br               ) [ 0000]
store_ln30            (store            ) [ 0000]
gmem0_addr_read       (read             ) [ 0101]
k_load                (load             ) [ 0000]
i_load                (load             ) [ 0000]
add_ln29              (add              ) [ 0000]
specloopname_ln0      (specloopname     ) [ 0000]
speclooptripcount_ln0 (speclooptripcount) [ 0000]
icmp_ln30             (icmp             ) [ 0000]
select_ln29           (select           ) [ 0000]
select_ln29_1         (select           ) [ 0000]
trunc_ln32            (trunc            ) [ 0000]
tmp_1                 (bitconcatenate   ) [ 0000]
tmp_2                 (bitconcatenate   ) [ 0000]
zext_ln32             (zext             ) [ 0000]
sub_ln32              (sub              ) [ 0000]
zext_ln32_1           (zext             ) [ 0000]
add_ln32              (add              ) [ 0000]
zext_ln32_2           (zext             ) [ 0000]
Xbuf_addr             (getelementptr    ) [ 0000]
specpipeline_ln31     (specpipeline     ) [ 0000]
specloopname_ln30     (specloopname     ) [ 0000]
store_ln32            (store            ) [ 0000]
add_ln30              (add              ) [ 0000]
store_ln30            (store            ) [ 0000]
store_ln30            (store            ) [ 0000]
br_ln30               (br               ) [ 0000]
ret_ln0               (ret              ) [ 0000]
</LifeTime>

<model>

<comp_list>
<comp id="0" class="1000" name="gmem0">
<pin_list>
<pin id="1" dir="1" index="0" bw="1" slack="0"/>
</pin_list>
<bind>
<StgValue><ssdm name="gmem0"/></StgValue>
</bind>
</comp>

<comp id="2" class="1000" name="X">
<pin_list>
<pin id="3" dir="1" index="0" bw="1" slack="0"/>
</pin_list>
<bind>
<StgValue><ssdm name="X"/></StgValue>
</bind>
</comp>

<comp id="4" class="1000" name="Xbuf">
<pin_list>
<pin id="5" dir="1" index="0" bw="1" slack="0"/>
</pin_list>
<bind>
<StgValue><ssdm name="Xbuf"/><MemPortTyVec>3 0 </MemPortTyVec>
</StgValue>
</bind>
</comp>

<comp id="6" class="1001" name="const_6">
<pin_list>
<pin id="7" dir="1" index="0" bw="1" slack="0"/>
</pin_list>
<bind>
<StgValue><ssdm name=""/></StgValue>
</bind>
</comp>

<comp id="8" class="1001" name="const_8">
<pin_list>
<pin id="9" dir="1" index="0" bw="1" slack="2147483647"/>
</pin_list>
<bind>
<StgValue><ssdm name="_ssdm_op_SpecMemCore"/></StgValue>
</bind>
</comp>

<comp id="10" class="1001" name="const_10">
<pin_list>
<pin id="11" dir="1" index="0" bw="1" slack="2147483647"/>
</pin_list>
<bind>
<StgValue><ssdm name=""/></StgValue>
</bind>
</comp>

<comp id="12" class="1001" name="const_12">
<pin_list>
<pin id="13" dir="1" index="0" bw="1" slack="2147483647"/>
</pin_list>
<bind>
<StgValue><ssdm name=""/></StgValue>
</bind>
</comp>

<comp id="14" class="1001" name="const_14">
<pin_list>
<pin id="15" dir="1" index="0" bw="1" slack="2147483647"/>
</pin_list>
<bind>
<StgValue><ssdm name=""/></StgValue>
</bind>
</comp>

<comp id="16" class="1001" name="const_16">
<pin_list>
<pin id="17" dir="1" index="0" bw="1" slack="2147483647"/>
</pin_list>
<bind>
<StgValue><ssdm name="_ssdm_op_SpecInterface"/></StgValue>
</bind>
</comp>

<comp id="18" class="1001" name="const_18">
<pin_list>
<pin id="19" dir="1" index="0" bw="1" slack="2147483647"/>
</pin_list>
<bind>
<StgValue><ssdm name="empty_5"/></StgValue>
</bind>
</comp>

<comp id="20" class="1001" name="const_20">
<pin_list>
<pin id="21" dir="1" index="0" bw="1" slack="2147483647"/>
</pin_list>
<bind>
<StgValue><ssdm name=""/></StgValue>
</bind>
</comp>

<comp id="22" class="1001" name="const_22">
<pin_list>
<pin id="23" dir="1" index="0" bw="1" slack="2147483647"/>
</pin_list>
<bind>
<StgValue><ssdm name="empty_4"/></StgValue>
</bind>
</comp>

<comp id="24" class="1001" name="const_24">
<pin_list>
<pin id="25" dir="1" index="0" bw="1" slack="2147483647"/>
</pin_list>
<bind>
<StgValue><ssdm name=""/></StgValue>
</bind>
</comp>

<comp id="26" class="1001" name="const_26">
<pin_list>
<pin id="27" dir="1" index="0" bw="1" slack="2147483647"/>
</pin_list>
<bind>
<StgValue><ssdm name="empty_3"/></StgValue>
</bind>
</comp>

<comp id="28" class="1001" name="const_28">
<pin_list>
<pin id="29" dir="1" index="0" bw="1" slack="2147483647"/>
</pin_list>
<bind>
<StgValue><ssdm name="empty_2"/></StgValue>
</bind>
</comp>

<comp id="30" class="1001" name="const_30">
<pin_list>
<pin id="31" dir="1" index="0" bw="1" slack="2147483647"/>
</pin_list>
<bind>
<StgValue><ssdm name=""/></StgValue>
</bind>
</comp>

<comp id="32" class="1001" name="const_32">
<pin_list>
<pin id="33" dir="1" index="0" bw="1" slack="2147483647"/>
</pin_list>
<bind>
<StgValue><ssdm name=""/></StgValue>
</bind>
</comp>

<comp id="34" class="1001" name="const_34">
<pin_list>
<pin id="35" dir="1" index="0" bw="1" slack="0"/>
</pin_list>
<bind>
<StgValue><ssdm name="_ssdm_op_Read.ap_auto.i64"/></StgValue>
</bind>
</comp>

<comp id="36" class="1001" name="const_36">
<pin_list>
<pin id="37" dir="1" index="0" bw="1" slack="0"/>
</pin_list>
<bind>
<StgValue><ssdm name=""/></StgValue>
</bind>
</comp>

<comp id="38" class="1001" name="const_38">
<pin_list>
<pin id="39" dir="1" index="0" bw="1" slack="0"/>
</pin_list>
<bind>
<StgValue><ssdm name=""/></StgValue>
</bind>
</comp>

<comp id="40" class="1001" name="const_40">
<pin_list>
<pin id="41" dir="1" index="0" bw="1" slack="0"/>
</pin_list>
<bind>
<StgValue><ssdm name=""/></StgValue>
</bind>
</comp>

<comp id="42" class="1001" name="const_42">
<pin_list>
<pin id="43" dir="1" index="0" bw="1" slack="2147483647"/>
</pin_list>
<bind>
<StgValue><ssdm name="_ssdm_op_SpecBitsMap"/></StgValue>
</bind>
</comp>

<comp id="44" class="1001" name="const_44">
<pin_list>
<pin id="45" dir="1" index="0" bw="1" slack="0"/>
</pin_list>
<bind>
<StgValue><ssdm name=""/></StgValue>
</bind>
</comp>

<comp id="46" class="1001" name="const_46">
<pin_list>
<pin id="47" dir="1" index="0" bw="1" slack="0"/>
</pin_list>
<bind>
<StgValue><ssdm name=""/></StgValue>
</bind>
</comp>

<comp id="48" class="1001" name="const_48">
<pin_list>
<pin id="49" dir="1" index="0" bw="1" slack="0"/>
</pin_list>
<bind>
<StgValue><ssdm name="_ssdm_op_Read.m_axi.p1i8"/></StgValue>
</bind>
</comp>

<comp id="50" class="1001" name="const_50">
<pin_list>
<pin id="51" dir="1" index="0" bw="1" slack="0"/>
</pin_list>
<bind>
<StgValue><ssdm name=""/></StgValue>
</bind>
</comp>

<comp id="52" class="1001" name="const_52">
<pin_list>
<pin id="53" dir="1" index="0" bw="1" slack="2147483647"/>
</pin_list>
<bind>
<StgValue><ssdm name="_ssdm_op_SpecLoopName"/></StgValue>
</bind>
</comp>

<comp id="54" class="1001" name="const_54">
<pin_list>
<pin id="55" dir="1" index="0" bw="1" slack="2147483647"/>
</pin_list>
<bind>
<StgValue><ssdm name="load_X_VITIS_LOOP_30_1_str"/></StgValue>
</bind>
</comp>

<comp id="56" class="1001" name="const_56">
<pin_list>
<pin id="57" dir="1" index="0" bw="1" slack="2147483647"/>
</pin_list>
<bind>
<StgValue><ssdm name="_ssdm_op_SpecLoopTripCount"/></StgValue>
</bind>
</comp>

<comp id="58" class="1001" name="const_58">
<pin_list>
<pin id="59" dir="1" index="0" bw="1" slack="2147483647"/>
</pin_list>
<bind>
<StgValue><ssdm name=""/></StgValue>
</bind>
</comp>

<comp id="60" class="1001" name="const_60">
<pin_list>
<pin id="61" dir="1" index="0" bw="1" slack="0"/>
</pin_list>
<bind>
<StgValue><ssdm name=""/></StgValue>
</bind>
</comp>

<comp id="62" class="1001" name="const_62">
<pin_list>
<pin id="63" dir="1" index="0" bw="1" slack="0"/>
</pin_list>
<bind>
<StgValue><ssdm name="_ssdm_op_BitConcatenate.i16.i6.i10"/></StgValue>
</bind>
</comp>

<comp id="64" class="1001" name="const_64">
<pin_list>
<pin id="65" dir="1" index="0" bw="1" slack="0"/>
</pin_list>
<bind>
<StgValue><ssdm name="_ssdm_op_BitConcatenate.i15.i7.i8"/></StgValue>
</bind>
</comp>

<comp id="66" class="1001" name="const_66">
<pin_list>
<pin id="67" dir="1" index="0" bw="1" slack="0"/>
</pin_list>
<bind>
<StgValue><ssdm name=""/></StgValue>
</bind>
</comp>

<comp id="68" class="1001" name="const_68">
<pin_list>
<pin id="69" dir="1" index="0" bw="1" slack="0"/>
</pin_list>
<bind>
<StgValue><ssdm name=""/></StgValue>
</bind>
</comp>

<comp id="70" class="1001" name="const_70">
<pin_list>
<pin id="71" dir="1" index="0" bw="1" slack="2147483647"/>
</pin_list>
<bind>
<StgValue><ssdm name="_ssdm_op_SpecPipeline"/></StgValue>
</bind>
</comp>

<comp id="72" class="1001" name="const_72">
<pin_list>
<pin id="73" dir="1" index="0" bw="1" slack="2147483647"/>
</pin_list>
<bind>
<StgValue><ssdm name="empty_11"/></StgValue>
</bind>
</comp>

<comp id="74" class="1001" name="const_74">
<pin_list>
<pin id="75" dir="1" index="0" bw="1" slack="0"/>
</pin_list>
<bind>
<StgValue><ssdm name=""/></StgValue>
</bind>
</comp>

<comp id="76" class="1004" name="k_fu_76">
<pin_list>
<pin id="77" dir="0" index="0" bw="1" slack="0"/>
<pin id="78" dir="1" index="1" bw="10" slack="0"/>
</pin_list>
<bind>
<opcode="alloca(26) " fcode="alloca"/>
<opset="k/1 "/>
</bind>
</comp>

<comp id="80" class="1004" name="i_fu_80">
<pin_list>
<pin id="81" dir="0" index="0" bw="1" slack="0"/>
<pin id="82" dir="1" index="1" bw="7" slack="0"/>
</pin_list>
<bind>
<opcode="alloca(26) " fcode="alloca"/>
<opset="i/1 "/>
</bind>
</comp>

<comp id="84" class="1004" name="indvar_flatten_fu_84">
<pin_list>
<pin id="85" dir="0" index="0" bw="1" slack="0"/>
<pin id="86" dir="1" index="1" bw="16" slack="0"/>
</pin_list>
<bind>
<opcode="alloca(26) " fcode="alloca"/>
<opset="indvar_flatten/1 "/>
</bind>
</comp>

<comp id="88" class="1004" name="X_read_read_fu_88">
<pin_list>
<pin id="89" dir="0" index="0" bw="64" slack="0"/>
<pin id="90" dir="0" index="1" bw="64" slack="0"/>
<pin id="91" dir="1" index="2" bw="64" slack="0"/>
</pin_list>
<bind>
<opcode="read(1150) " fcode="read"/>
<opset="X_read/1 "/>
</bind>
</comp>

<comp id="94" class="1004" name="gmem0_addr_read_read_fu_94">
<pin_list>
<pin id="95" dir="0" index="0" bw="8" slack="0"/>
<pin id="96" dir="0" index="1" bw="8" slack="1"/>
<pin id="97" dir="1" index="2" bw="8" slack="1"/>
</pin_list>
<bind>
<opcode="read(1150) " fcode="read"/>
<opset="gmem0_addr_read/2 "/>
</bind>
</comp>

<comp id="99" class="1004" name="Xbuf_addr_gep_fu_99">
<pin_list>
<pin id="100" dir="0" index="0" bw="8" slack="0"/>
<pin id="101" dir="0" index="1" bw="1" slack="0"/>
<pin id="102" dir="0" index="2" bw="16" slack="0"/>
<pin id="103" dir="1" index="3" bw="16" slack="0"/>
</pin_list>
<bind>
<opcode="getelementptr(29) " fcode="getelementptr"/>
<opset="Xbuf_addr/3 "/>
</bind>
</comp>

<comp id="106" class="1004" name="store_ln32_access_fu_106">
<pin_list>
<pin id="107" dir="0" index="0" bw="16" slack="2147483647"/>
<pin id="108" dir="0" index="1" bw="8" slack="2147483647"/>
<pin id="109" dir="0" index="2" bw="0" slack="0"/>
<pin id="111" dir="0" index="4" bw="16" slack="1"/>
<pin id="112" dir="0" index="5" bw="8" slack="2147483647"/>
<pin id="113" dir="0" index="6" bw="0" slack="2147483647"/>
<pin id="110" dir="1" index="3" bw="8" slack="2147483647"/>
<pin id="114" dir="1" index="7" bw="8" slack="2147483647"/>
</pin_list>
<bind>
<opcode="store(28) " fcode="store"/>
<opset="store_ln32/3 "/>
</bind>
</comp>

<comp id="116" class="1004" name="store_ln0_store_fu_116">
<pin_list>
<pin id="117" dir="0" index="0" bw="1" slack="0"/>
<pin id="118" dir="0" index="1" bw="16" slack="0"/>
<pin id="119" dir="1" index="2" bw="0" slack="2147483647"/>
</pin_list>
<bind>
<opcode="store(28) " fcode="store"/>
<opset="store_ln0/1 "/>
</bind>
</comp>

<comp id="121" class="1004" name="store_ln0_store_fu_121">
<pin_list>
<pin id="122" dir="0" index="0" bw="1" slack="0"/>
<pin id="123" dir="0" index="1" bw="7" slack="0"/>
<pin id="124" dir="1" index="2" bw="0" slack="2147483647"/>
</pin_list>
<bind>
<opcode="store(28) " fcode="store"/>
<opset="store_ln0/1 "/>
</bind>
</comp>

<comp id="126" class="1004" name="store_ln0_store_fu_126">
<pin_list>
<pin id="127" dir="0" index="0" bw="1" slack="0"/>
<pin id="128" dir="0" index="1" bw="10" slack="0"/>
<pin id="129" dir="1" index="2" bw="0" slack="2147483647"/>
</pin_list>
<bind>
<opcode="store(28) " fcode="store"/>
<opset="store_ln0/1 "/>
</bind>
</comp>

<comp id="131" class="1004" name="indvar_flatten_load_load_fu_131">
<pin_list>
<pin id="132" dir="0" index="0" bw="16" slack="0"/>
<pin id="133" dir="1" index="1" bw="16" slack="0"/>
</pin_list>
<bind>
<opcode="load(27) " fcode="load"/>
<opset="indvar_flatten_load/1 "/>
</bind>
</comp>

<comp id="134" class="1004" name="gmem0_addr_fu_134">
<pin_list>
<pin id="135" dir="0" index="0" bw="64" slack="0"/>
<pin id="136" dir="0" index="1" bw="64" slack="0"/>
<pin id="137" dir="1" index="2" bw="64" slack="1"/>
</pin_list>
<bind>
<opcode="getelementptr(29) " fcode="getelementptr"/>
<opset="gmem0_addr/1 "/>
</bind>
</comp>

<comp id="140" class="1004" name="icmp_ln29_fu_140">
<pin_list>
<pin id="141" dir="0" index="0" bw="16" slack="0"/>
<pin id="142" dir="0" index="1" bw="16" slack="0"/>
<pin id="143" dir="1" index="2" bw="1" slack="1"/>
</pin_list>
<bind>
<opcode="icmp(45) " fcode="icmp"/>
<opset="icmp_ln29/1 "/>
</bind>
</comp>

<comp id="146" class="1004" name="add_ln29_1_fu_146">
<pin_list>
<pin id="147" dir="0" index="0" bw="16" slack="0"/>
<pin id="148" dir="0" index="1" bw="1" slack="0"/>
<pin id="149" dir="1" index="2" bw="16" slack="0"/>
</pin_list>
<bind>
<opcode="add(8) " fcode="add"/>
<opset="add_ln29_1/1 "/>
</bind>
</comp>

<comp id="152" class="1004" name="store_ln30_store_fu_152">
<pin_list>
<pin id="153" dir="0" index="0" bw="16" slack="0"/>
<pin id="154" dir="0" index="1" bw="16" slack="0"/>
<pin id="155" dir="1" index="2" bw="0" slack="2147483647"/>
</pin_list>
<bind>
<opcode="store(28) " fcode="store"/>
<opset="store_ln30/1 "/>
</bind>
</comp>

<comp id="157" class="1004" name="k_load_load_fu_157">
<pin_list>
<pin id="158" dir="0" index="0" bw="10" slack="2"/>
<pin id="159" dir="1" index="1" bw="10" slack="0"/>
</pin_list>
<bind>
<opcode="load(27) " fcode="load"/>
<opset="k_load/3 "/>
</bind>
</comp>

<comp id="160" class="1004" name="i_load_load_fu_160">
<pin_list>
<pin id="161" dir="0" index="0" bw="7" slack="2"/>
<pin id="162" dir="1" index="1" bw="7" slack="0"/>
</pin_list>
<bind>
<opcode="load(27) " fcode="load"/>
<opset="i_load/3 "/>
</bind>
</comp>

<comp id="163" class="1004" name="add_ln29_fu_163">
<pin_list>
<pin id="164" dir="0" index="0" bw="7" slack="0"/>
<pin id="165" dir="0" index="1" bw="1" slack="0"/>
<pin id="166" dir="1" index="2" bw="7" slack="0"/>
</pin_list>
<bind>
<opcode="add(8) " fcode="add"/>
<opset="add_ln29/3 "/>
</bind>
</comp>

<comp id="169" class="1004" name="icmp_ln30_fu_169">
<pin_list>
<pin id="170" dir="0" index="0" bw="10" slack="0"/>
<pin id="171" dir="0" index="1" bw="10" slack="0"/>
<pin id="172" dir="1" index="2" bw="1" slack="0"/>
</pin_list>
<bind>
<opcode="icmp(45) " fcode="icmp"/>
<opset="icmp_ln30/3 "/>
</bind>
</comp>

<comp id="175" class="1004" name="select_ln29_fu_175">
<pin_list>
<pin id="176" dir="0" index="0" bw="1" slack="0"/>
<pin id="177" dir="0" index="1" bw="10" slack="0"/>
<pin id="178" dir="0" index="2" bw="10" slack="0"/>
<pin id="179" dir="1" index="3" bw="10" slack="0"/>
</pin_list>
<bind>
<opcode="select(49) " fcode="select"/>
<opset="select_ln29/3 "/>
</bind>
</comp>

<comp id="183" class="1004" name="select_ln29_1_fu_183">
<pin_list>
<pin id="184" dir="0" index="0" bw="1" slack="0"/>
<pin id="185" dir="0" index="1" bw="7" slack="0"/>
<pin id="186" dir="0" index="2" bw="7" slack="0"/>
<pin id="187" dir="1" index="3" bw="7" slack="0"/>
</pin_list>
<bind>
<opcode="select(49) " fcode="select"/>
<opset="select_ln29_1/3 "/>
</bind>
</comp>

<comp id="191" class="1004" name="trunc_ln32_fu_191">
<pin_list>
<pin id="192" dir="0" index="0" bw="7" slack="0"/>
<pin id="193" dir="1" index="1" bw="6" slack="0"/>
</pin_list>
<bind>
<opcode="trunc(33) " fcode="trunc"/>
<opset="trunc_ln32/3 "/>
</bind>
</comp>

<comp id="195" class="1004" name="tmp_1_fu_195">
<pin_list>
<pin id="196" dir="0" index="0" bw="16" slack="0"/>
<pin id="197" dir="0" index="1" bw="6" slack="0"/>
<pin id="198" dir="0" index="2" bw="1" slack="0"/>
<pin id="199" dir="1" index="3" bw="16" slack="0"/>
</pin_list>
<bind>
<opcode="bitconcatenate(1004) " fcode="bitconcatenate"/>
<opset="tmp_1/3 "/>
</bind>
</comp>

<comp id="203" class="1004" name="tmp_2_fu_203">
<pin_list>
<pin id="204" dir="0" index="0" bw="15" slack="0"/>
<pin id="205" dir="0" index="1" bw="7" slack="0"/>
<pin id="206" dir="0" index="2" bw="1" slack="0"/>
<pin id="207" dir="1" index="3" bw="15" slack="0"/>
</pin_list>
<bind>
<opcode="bitconcatenate(1004) " fcode="bitconcatenate"/>
<opset="tmp_2/3 "/>
</bind>
</comp>

<comp id="211" class="1004" name="zext_ln32_fu_211">
<pin_list>
<pin id="212" dir="0" index="0" bw="15" slack="0"/>
<pin id="213" dir="1" index="1" bw="16" slack="0"/>
</pin_list>
<bind>
<opcode="zext(34) " fcode="zext"/>
<opset="zext_ln32/3 "/>
</bind>
</comp>

<comp id="215" class="1004" name="sub_ln32_fu_215">
<pin_list>
<pin id="216" dir="0" index="0" bw="16" slack="0"/>
<pin id="217" dir="0" index="1" bw="15" slack="0"/>
<pin id="218" dir="1" index="2" bw="16" slack="0"/>
</pin_list>
<bind>
<opcode="sub(10) " fcode="sub"/>
<opset="sub_ln32/3 "/>
</bind>
</comp>

<comp id="221" class="1004" name="zext_ln32_1_fu_221">
<pin_list>
<pin id="222" dir="0" index="0" bw="10" slack="0"/>
<pin id="223" dir="1" index="1" bw="16" slack="0"/>
</pin_list>
<bind>
<opcode="zext(34) " fcode="zext"/>
<opset="zext_ln32_1/3 "/>
</bind>
</comp>

<comp id="225" class="1004" name="add_ln32_fu_225">
<pin_list>
<pin id="226" dir="0" index="0" bw="16" slack="0"/>
<pin id="227" dir="0" index="1" bw="10" slack="0"/>
<pin id="228" dir="1" index="2" bw="16" slack="0"/>
</pin_list>
<bind>
<opcode="add(8) " fcode="add"/>
<opset="add_ln32/3 "/>
</bind>
</comp>

<comp id="231" class="1004" name="zext_ln32_2_fu_231">
<pin_list>
<pin id="232" dir="0" index="0" bw="16" slack="0"/>
<pin id="233" dir="1" index="1" bw="64" slack="0"/>
</pin_list>
<bind>
<opcode="zext(34) " fcode="zext"/>
<opset="zext_ln32_2/3 "/>
</bind>
</comp>

<comp id="236" class="1004" name="add_ln30_fu_236">
<pin_list>
<pin id="237" dir="0" index="0" bw="10" slack="0"/>
<pin id="238" dir="0" index="1" bw="1" slack="0"/>
<pin id="239" dir="1" index="2" bw="10" slack="0"/>
</pin_list>
<bind>
<opcode="add(8) " fcode="add"/>
<opset="add_ln30/3 "/>
</bind>
</comp>

<comp id="242" class="1004" name="store_ln30_store_fu_242">
<pin_list>
<pin id="243" dir="0" index="0" bw="7" slack="0"/>
<pin id="244" dir="0" index="1" bw="7" slack="2"/>
<pin id="245" dir="1" index="2" bw="0" slack="2147483647"/>
</pin_list>
<bind>
<opcode="store(28) " fcode="store"/>
<opset="store_ln30/3 "/>
</bind>
</comp>

<comp id="247" class="1004" name="store_ln30_store_fu_247">
<pin_list>
<pin id="248" dir="0" index="0" bw="10" slack="0"/>
<pin id="249" dir="0" index="1" bw="10" slack="2"/>
<pin id="250" dir="1" index="2" bw="0" slack="2147483647"/>
</pin_list>
<bind>
<opcode="store(28) " fcode="store"/>
<opset="store_ln30/3 "/>
</bind>
</comp>

<comp id="252" class="1005" name="k_reg_252">
<pin_list>
<pin id="253" dir="0" index="0" bw="10" slack="0"/>
<pin id="254" dir="1" index="1" bw="10" slack="0"/>
</pin_list>
<bind>
<opset="k "/>
</bind>
</comp>

<comp id="259" class="1005" name="i_reg_259">
<pin_list>
<pin id="260" dir="0" index="0" bw="7" slack="0"/>
<pin id="261" dir="1" index="1" bw="7" slack="0"/>
</pin_list>
<bind>
<opset="i "/>
</bind>
</comp>

<comp id="266" class="1005" name="indvar_flatten_reg_266">
<pin_list>
<pin id="267" dir="0" index="0" bw="16" slack="0"/>
<pin id="268" dir="1" index="1" bw="16" slack="0"/>
</pin_list>
<bind>
<opset="indvar_flatten "/>
</bind>
</comp>

<comp id="273" class="1005" name="gmem0_addr_reg_273">
<pin_list>
<pin id="274" dir="0" index="0" bw="8" slack="1"/>
<pin id="275" dir="1" index="1" bw="8" slack="1"/>
</pin_list>
<bind>
<opset="gmem0_addr "/>
</bind>
</comp>

<comp id="278" class="1005" name="icmp_ln29_reg_278">
<pin_list>
<pin id="279" dir="0" index="0" bw="1" slack="1"/>
<pin id="280" dir="1" index="1" bw="1" slack="2147483647"/>
</pin_list>
<bind>
<opset="icmp_ln29 "/>
</bind>
</comp>

<comp id="282" class="1005" name="gmem0_addr_read_reg_282">
<pin_list>
<pin id="283" dir="0" index="0" bw="8" slack="1"/>
<pin id="284" dir="1" index="1" bw="8" slack="1"/>
</pin_list>
<bind>
<opset="gmem0_addr_read "/>
</bind>
</comp>

</comp_list>

<net_list>
<net id="79"><net_src comp="6" pin="0"/><net_sink comp="76" pin=0"/></net>

<net id="83"><net_src comp="6" pin="0"/><net_sink comp="80" pin=0"/></net>

<net id="87"><net_src comp="6" pin="0"/><net_sink comp="84" pin=0"/></net>

<net id="92"><net_src comp="34" pin="0"/><net_sink comp="88" pin=0"/></net>

<net id="93"><net_src comp="2" pin="0"/><net_sink comp="88" pin=1"/></net>

<net id="98"><net_src comp="48" pin="0"/><net_sink comp="94" pin=0"/></net>

<net id="104"><net_src comp="4" pin="0"/><net_sink comp="99" pin=0"/></net>

<net id="105"><net_src comp="68" pin="0"/><net_sink comp="99" pin=1"/></net>

<net id="115"><net_src comp="99" pin="3"/><net_sink comp="106" pin=2"/></net>

<net id="120"><net_src comp="36" pin="0"/><net_sink comp="116" pin=0"/></net>

<net id="125"><net_src comp="38" pin="0"/><net_sink comp="121" pin=0"/></net>

<net id="130"><net_src comp="40" pin="0"/><net_sink comp="126" pin=0"/></net>

<net id="138"><net_src comp="0" pin="0"/><net_sink comp="134" pin=0"/></net>

<net id="139"><net_src comp="88" pin="2"/><net_sink comp="134" pin=1"/></net>

<net id="144"><net_src comp="131" pin="1"/><net_sink comp="140" pin=0"/></net>

<net id="145"><net_src comp="44" pin="0"/><net_sink comp="140" pin=1"/></net>

<net id="150"><net_src comp="131" pin="1"/><net_sink comp="146" pin=0"/></net>

<net id="151"><net_src comp="46" pin="0"/><net_sink comp="146" pin=1"/></net>

<net id="156"><net_src comp="146" pin="2"/><net_sink comp="152" pin=0"/></net>

<net id="167"><net_src comp="160" pin="1"/><net_sink comp="163" pin=0"/></net>

<net id="168"><net_src comp="50" pin="0"/><net_sink comp="163" pin=1"/></net>

<net id="173"><net_src comp="157" pin="1"/><net_sink comp="169" pin=0"/></net>

<net id="174"><net_src comp="60" pin="0"/><net_sink comp="169" pin=1"/></net>

<net id="180"><net_src comp="169" pin="2"/><net_sink comp="175" pin=0"/></net>

<net id="181"><net_src comp="40" pin="0"/><net_sink comp="175" pin=1"/></net>

<net id="182"><net_src comp="157" pin="1"/><net_sink comp="175" pin=2"/></net>

<net id="188"><net_src comp="169" pin="2"/><net_sink comp="183" pin=0"/></net>

<net id="189"><net_src comp="163" pin="2"/><net_sink comp="183" pin=1"/></net>

<net id="190"><net_src comp="160" pin="1"/><net_sink comp="183" pin=2"/></net>

<net id="194"><net_src comp="183" pin="3"/><net_sink comp="191" pin=0"/></net>

<net id="200"><net_src comp="62" pin="0"/><net_sink comp="195" pin=0"/></net>

<net id="201"><net_src comp="191" pin="1"/><net_sink comp="195" pin=1"/></net>

<net id="202"><net_src comp="40" pin="0"/><net_sink comp="195" pin=2"/></net>

<net id="208"><net_src comp="64" pin="0"/><net_sink comp="203" pin=0"/></net>

<net id="209"><net_src comp="183" pin="3"/><net_sink comp="203" pin=1"/></net>

<net id="210"><net_src comp="66" pin="0"/><net_sink comp="203" pin=2"/></net>

<net id="214"><net_src comp="203" pin="3"/><net_sink comp="211" pin=0"/></net>

<net id="219"><net_src comp="195" pin="3"/><net_sink comp="215" pin=0"/></net>

<net id="220"><net_src comp="211" pin="1"/><net_sink comp="215" pin=1"/></net>

<net id="224"><net_src comp="175" pin="3"/><net_sink comp="221" pin=0"/></net>

<net id="229"><net_src comp="215" pin="2"/><net_sink comp="225" pin=0"/></net>

<net id="230"><net_src comp="221" pin="1"/><net_sink comp="225" pin=1"/></net>

<net id="234"><net_src comp="225" pin="2"/><net_sink comp="231" pin=0"/></net>

<net id="235"><net_src comp="231" pin="1"/><net_sink comp="99" pin=2"/></net>

<net id="240"><net_src comp="175" pin="3"/><net_sink comp="236" pin=0"/></net>

<net id="241"><net_src comp="74" pin="0"/><net_sink comp="236" pin=1"/></net>

<net id="246"><net_src comp="183" pin="3"/><net_sink comp="242" pin=0"/></net>

<net id="251"><net_src comp="236" pin="2"/><net_sink comp="247" pin=0"/></net>

<net id="255"><net_src comp="76" pin="1"/><net_sink comp="252" pin=0"/></net>

<net id="256"><net_src comp="252" pin="1"/><net_sink comp="126" pin=1"/></net>

<net id="257"><net_src comp="252" pin="1"/><net_sink comp="157" pin=0"/></net>

<net id="258"><net_src comp="252" pin="1"/><net_sink comp="247" pin=1"/></net>

<net id="262"><net_src comp="80" pin="1"/><net_sink comp="259" pin=0"/></net>

<net id="263"><net_src comp="259" pin="1"/><net_sink comp="121" pin=1"/></net>

<net id="264"><net_src comp="259" pin="1"/><net_sink comp="160" pin=0"/></net>

<net id="265"><net_src comp="259" pin="1"/><net_sink comp="242" pin=1"/></net>

<net id="269"><net_src comp="84" pin="1"/><net_sink comp="266" pin=0"/></net>

<net id="270"><net_src comp="266" pin="1"/><net_sink comp="116" pin=1"/></net>

<net id="271"><net_src comp="266" pin="1"/><net_sink comp="131" pin=0"/></net>

<net id="272"><net_src comp="266" pin="1"/><net_sink comp="152" pin=1"/></net>

<net id="276"><net_src comp="134" pin="2"/><net_sink comp="273" pin=0"/></net>

<net id="277"><net_src comp="273" pin="1"/><net_sink comp="94" pin=1"/></net>

<net id="281"><net_src comp="140" pin="2"/><net_sink comp="278" pin=0"/></net>

<net id="285"><net_src comp="94" pin="2"/><net_sink comp="282" pin=0"/></net>

<net id="286"><net_src comp="282" pin="1"/><net_sink comp="106" pin=4"/></net>

</net_list>

</model> 
---------------- Datapath Model END ------------------

* FSMD analyzer results:
  - Output states:
	Port: gmem0 | {}
	Port: Xbuf | {3 }
 - Input state : 
	Port: gemm_int8_Pipeline_load_X_VITIS_LOOP_30_1 : gmem0 | {2 }
	Port: gemm_int8_Pipeline_load_X_VITIS_LOOP_30_1 : X | {1 }
  - Chain level:
	State 1
		store_ln0 : 1
		store_ln0 : 1
		store_ln0 : 1
		indvar_flatten_load : 1
		icmp_ln29 : 2
		add_ln29_1 : 2
		br_ln29 : 3
		store_ln30 : 3
	State 2
	State 3
		add_ln29 : 1
		icmp_ln30 : 1
		select_ln29 : 2
		select_ln29_1 : 2
		trunc_ln32 : 3
		tmp_1 : 4
		tmp_2 : 3
		zext_ln32 : 4
		sub_ln32 : 5
		zext_ln32_1 : 3
		add_ln32 : 6
		zext_ln32_2 : 7
		Xbuf_addr : 8
		store_ln32 : 9
		add_ln30 : 3
		store_ln30 : 3
		store_ln30 : 4


============================================================
+ Verbose Summary: Datapath Resource usage 
============================================================

* Functional unit list:
|----------|----------------------------|---------|---------|
| Operation|       Functional Unit      |    FF   |   LUT   |
|----------|----------------------------|---------|---------|
|          |      add_ln29_1_fu_146     |    0    |    23   |
|    add   |       add_ln29_fu_163      |    0    |    14   |
|          |       add_ln32_fu_225      |    0    |    16   |
|          |       add_ln30_fu_236      |    0    |    17   |
|----------|----------------------------|---------|---------|
|   icmp   |      icmp_ln29_fu_140      |    0    |    23   |
|          |      icmp_ln30_fu_169      |    0    |    17   |
|----------|----------------------------|---------|---------|
|  select  |     select_ln29_fu_175     |    0    |    10   |
|          |    select_ln29_1_fu_183    |    0    |    7    |
|----------|----------------------------|---------|---------|
|    sub   |       sub_ln32_fu_215      |    0    |    16   |
|----------|----------------------------|---------|---------|
|   read   |      X_read_read_fu_88     |    0    |    0    |
|          | gmem0_addr_read_read_fu_94 |    0    |    0    |
|----------|----------------------------|---------|---------|
|   trunc  |      trunc_ln32_fu_191     |    0    |    0    |
|----------|----------------------------|---------|---------|
|bitconcatenate|        tmp_1_fu_195        |    0    |    0    |
|          |        tmp_2_fu_203        |    0    |    0    |
|----------|----------------------------|---------|---------|
|          |      zext_ln32_fu_211      |    0    |    0    |
|   zext   |     zext_ln32_1_fu_221     |    0    |    0    |
|          |     zext_ln32_2_fu_231     |    0    |    0    |
|----------|----------------------------|---------|---------|
|   Total  |                            |    0    |   143   |
|----------|----------------------------|---------|---------|

Memories:
N/A

* Register list:
+-----------------------+--------+
|                       |   FF   |
+-----------------------+--------+
|gmem0_addr_read_reg_282|    8   |
|   gmem0_addr_reg_273  |    8   |
|       i_reg_259       |    7   |
|   icmp_ln29_reg_278   |    1   |
| indvar_flatten_reg_266|   16   |
|       k_reg_252       |   10   |
+-----------------------+--------+
|         Total         |   50   |
+-----------------------+--------+

* Multiplexer (MUX) list: 
|--------|------|------|------|--------|
|  Comp  |  Pin | Size |  BW  | S x BW |
|--------|------|------|------|--------|
|  Total |      |      |      |    0   |
|--------|------|------|------|--------|



* Summary:
+-----------+--------+--------+
|           |   FF   |   LUT  |
+-----------+--------+--------+
|  Function |    0   |   143  |
|   Memory  |    -   |    -   |
|Multiplexer|    -   |    -   |
|  Register |   50   |    -   |
+-----------+--------+--------+
|   Total   |   50   |   143  |
+-----------+--------+--------+
