

================================================================
== Vitis HLS Report for 'gemm_int8_Pipeline_load_X_VITIS_LOOP_30_1'
================================================================
* Date:           Thu Mar 12 11:38:50 2026

* Version:        2023.1 (Build 3854077 on May  4 2023)
* Project:        gemm_qkv
* Solution:       solution1 (Vivado IP Flow Target)
* Product family: zynquplus
* Target device:  xck26-sfvc784-2LV-c


================================================================
== Performance Estimates
================================================================
+ Timing: 
    * Summary: 
    +--------+----------+----------+------------+
    |  Clock |  Target  | Estimated| Uncertainty|
    +--------+----------+----------+------------+
    |ap_clk  |  10.00 ns|  7.300 ns|     2.70 ns|
    +--------+----------+----------+------------+

+ Latency: 
    * Summary: 
    +---------+---------+----------+----------+-------+-------+---------+
    |  Latency (cycles) |  Latency (absolute) |    Interval   | Pipeline|
    |   min   |   max   |    min   |    max   |  min  |  max  |   Type  |
    +---------+---------+----------+----------+-------+-------+---------+
    |    49155|    49155|  0.492 ms|  0.492 ms|  49155|  49155|       no|
    +---------+---------+----------+----------+-------+-------+---------+

    + Detail: 
        * Instance: 
        N/A

        * Loop: 
        +--------------------------+---------+---------+----------+-----------+-----------+-------+----------+
        |                          |  Latency (cycles) | Iteration|  Initiation Interval  |  Trip |          |
        |         Loop Name        |   min   |   max   |  Latency |  achieved |   target  | Count | Pipelined|
        +--------------------------+---------+---------+----------+-----------+-----------+-------+----------+
        |- load_X_VITIS_LOOP_30_1  |    49153|    49153|         3|          1|          1|  49152|       yes|
        +--------------------------+---------+---------+----------+-----------+-----------+-------+----------+

============================================================
+ Verbose Summary: Synthesis Manager
============================================================
InlineROM: 1
ExposeGlobal: 0
============================================================
+ Verbose Summary: CDFG Model
============================================================
IsTopModel: 0
ResetActiveHigh: 1
IsCombinational: 0
IsDatapathOnly: 0
HasWiredReturn: 1
HasMFsm: 2
HasVarLatency: 1
IsPipeline: 0
IsRtlPipelined: 0
IsInstanceOverlapped: 0
IsDontTouch: 0
HasImplIP: 0
IsGatedGlobalClock: 0

+ Individual pipeline summary: 
  * Pipeline-0: initiation interval (II) = 1, depth = 3


============================================================
+ Verbose Summary: Schedule
============================================================
* Number of FSM states : 3
* Pipeline : 1
  Pipeline-0 : II = 1, D = 3, States = { 1 2 3 }
* Dataflow Pipeline: 0

* FSM state transitions: 
1 --> 2 
2 --> 3 
3 --> 

* FSM state operations: 

State 1 <SV = 0> <Delay = 1.28>
ST_1 : Operation 6 [1/1] (0.00ns)   --->   "%k = alloca i32 1"   --->   Operation 6 'alloca' 'k' <Predicate = true> <Delay = 0.00>
ST_1 : Operation 7 [1/1] (0.00ns)   --->   "%i = alloca i32 1"   --->   Operation 7 'alloca' 'i' <Predicate = true> <Delay = 0.00>
ST_1 : Operation 8 [1/1] (0.00ns)   --->   "%indvar_flatten = alloca i32 1"   --->   Operation 8 'alloca' 'indvar_flatten' <Predicate = true> <Delay = 0.00>
ST_1 : Operation 9 [1/1] (0.00ns)   --->   "%specmemcore_ln0 = specmemcore void @_ssdm_op_SpecMemCore, i8 %Xbuf, i64 666, i64 22, i64 18446744073709551615"   --->   Operation 9 'specmemcore' 'specmemcore_ln0' <Predicate = true> <Delay = 0.00>
ST_1 : Operation 10 [1/1] (0.00ns)   --->   "%specinterface_ln0 = specinterface void @_ssdm_op_SpecInterface, i8 %gmem0, void @empty_5, i32 0, i32 0, void @empty_4, i32 0, i32 49152, void @empty_3, void @empty_2, void @empty_4, i32 16, i32 16, i32 16, i32 16, void @empty_4, void @empty_4, i32 4294967295, i32 0"   --->   Operation 10 'specinterface' 'specinterface_ln0' <Predicate = true> <Delay = 0.00>
ST_1 : Operation 11 [1/1] (0.00ns)   --->   "%X_read = read i64 @_ssdm_op_Read.ap_auto.i64, i64 %X"   --->   Operation 11 'read' 'X_read' <Predicate = true> <Delay = 0.00>
ST_1 : Operation 12 [1/1] (0.42ns)   --->   "%store_ln0 = store i16 0, i16 %indvar_flatten"   --->   Operation 12 'store' 'store_ln0' <Predicate = true> <Delay = 0.42>
ST_1 : Operation 13 [1/1] (0.42ns)   --->   "%store_ln0 = store i7 0, i7 %i"   --->   Operation 13 'store' 'store_ln0' <Predicate = true> <Delay = 0.42>
ST_1 : Operation 14 [1/1] (0.42ns)   --->   "%store_ln0 = store i10 0, i10 %k"   --->   Operation 14 'store' 'store_ln0' <Predicate = true> <Delay = 0.42>
ST_1 : Operation 15 [1/1] (0.00ns)   --->   "%br_ln0 = br void %for.inc"   --->   Operation 15 'br' 'br_ln0' <Predicate = true> <Delay = 0.00>
ST_1 : Operation 16 [1/1] (0.00ns)   --->   "%indvar_flatten_load = load i16 %indvar_flatten" [src/gemm_int8.cpp:29]   --->   Operation 16 'load' 'indvar_flatten_load' <Predicate = true> <Delay = 0.00>
ST_1 : Operation 17 [1/1] (0.00ns)   --->   "%specbitsmap_ln0 = specbitsmap void @_ssdm_op_SpecBitsMap, i8 %gmem0"   --->   Operation 17 'specbitsmap' 'specbitsmap_ln0' <Predicate = true> <Delay = 0.00>
ST_1 : Operation 18 [1/1] (0.00ns)   --->   "%gmem0_addr = getelementptr i8 %gmem0, i64 %X_read" [src/gemm_int8.cpp:29]   --->   Operation 18 'getelementptr' 'gmem0_addr' <Predicate = true> <Delay = 0.00>
ST_1 : Operation 19 [1/1] (0.85ns)   --->   "%icmp_ln29 = icmp_eq  i16 %indvar_flatten_load, i16 49152" [src/gemm_int8.cpp:29]   --->   Operation 19 'icmp' 'icmp_ln29' <Predicate = true> <Delay = 0.85> <CoreInst = "Cmp">   --->   Core 9 'Cmp' <Latency = 0> <II = 1> <Delay = 0.85> <FuncUnit> <Opcode : 'icmp'> <InPorts = 2> <OutPorts = 1>
ST_1 : Operation 20 [1/1] (0.85ns)   --->   "%add_ln29_1 = add i16 %indvar_flatten_load, i16 1" [src/gemm_int8.cpp:29]   --->   Operation 20 'add' 'add_ln29_1' <Predicate = true> <Delay = 0.85> <CoreInst = "Adder">   --->   Core 1 'Adder' <Latency = 0> <II = 1> <Delay = 0.85> <FuncUnit> <Opcode : 'add' 'sub'> <InPorts = 2> <OutPorts = 1>
ST_1 : Operation 21 [1/1] (0.00ns)   --->   "%br_ln29 = br i1 %icmp_ln29, void %for.inc17, void %init_acc.preheader.exitStub" [src/gemm_int8.cpp:29]   --->   Operation 21 'br' 'br_ln29' <Predicate = true> <Delay = 0.00>
ST_1 : Operation 22 [1/1] (0.42ns)   --->   "%store_ln30 = store i16 %add_ln29_1, i16 %indvar_flatten" [src/gemm_int8.cpp:30]   --->   Operation 22 'store' 'store_ln30' <Predicate = (!icmp_ln29)> <Delay = 0.42>

State 2 <SV = 1> <Delay = 7.30>
ST_2 : Operation 23 [1/1] (7.30ns)   --->   "%gmem0_addr_read = read i8 @_ssdm_op_Read.m_axi.p1i8, i8 %gmem0_addr" [src/gemm_int8.cpp:32]   --->   Operation 23 'read' 'gmem0_addr_read' <Predicate = true> <Delay = 7.30> <CoreInst = "m_axi">   --->   Core 121 'm_axi' <Latency = 0> <II = 1> <Delay = 1.00> <Adapter> <Opcode : 'read' 'write' 'readreq' 'writereq' 'writeresp'>
ST_2 : Operation 48 [1/1] (0.00ns)   --->   "%ret_ln0 = ret"   --->   Operation 48 'ret' 'ret_ln0' <Predicate = (icmp_ln29)> <Delay = 0.00>

State 3 <SV = 2> <Delay = 3.11>
ST_3 : Operation 24 [1/1] (0.00ns)   --->   "%k_load = load i10 %k" [src/gemm_int8.cpp:30]   --->   Operation 24 'load' 'k_load' <Predicate = true> <Delay = 0.00>
ST_3 : Operation 25 [1/1] (0.00ns)   --->   "%i_load = load i7 %i" [src/gemm_int8.cpp:29]   --->   Operation 25 'load' 'i_load' <Predicate = true> <Delay = 0.00>
ST_3 : Operation 26 [1/1] (0.77ns)   --->   "%add_ln29 = add i7 %i_load, i7 1" [src/gemm_int8.cpp:29]   --->   Operation 26 'add' 'add_ln29' <Predicate = true> <Delay = 0.77> <CoreInst = "Adder">   --->   Core 1 'Adder' <Latency = 0> <II = 1> <Delay = 0.77> <FuncUnit> <Opcode : 'add' 'sub'> <InPorts = 2> <OutPorts = 1>
ST_3 : Operation 27 [1/1] (0.00ns)   --->   "%specloopname_ln0 = specloopname void @_ssdm_op_SpecLoopName, void @load_X_VITIS_LOOP_30_1_str"   --->   Operation 27 'specloopname' 'specloopname_ln0' <Predicate = true> <Delay = 0.00>
ST_3 : Operation 28 [1/1] (0.00ns)   --->   "%speclooptripcount_ln0 = speclooptripcount void @_ssdm_op_SpecLoopTripCount, i64 49152, i64 49152, i64 49152"   --->   Operation 28 'speclooptripcount' 'speclooptripcount_ln0' <Predicate = true> <Delay = 0.00>
ST_3 : Operation 29 [1/1] (0.78ns)   --->   "%icmp_ln30 = icmp_eq  i10 %k_load, i10 768" [src/gemm_int8.cpp:30]   --->   Operation 29 'icmp' 'icmp_ln30' <Predicate = true> <Delay = 0.78> <CoreInst = "Cmp">   --->   Core 9 'Cmp' <Latency = 0> <II = 1> <Delay = 0.78> <FuncUnit> <Opcode : 'icmp'> <InPorts = 2> <OutPorts = 1>
ST_3 : Operation 30 [1/1] (0.40ns)   --->   "%select_ln29 = select i1 %icmp_ln30, i10 0, i10 %k_load" [src/gemm_int8.cpp:29]   --->   Operation 30 'select' 'select_ln29' <Predicate = true> <Delay = 0.40> <CoreInst = "Sel">   --->   Core 73 'Sel' <Latency = 0> <II = 1> <Delay = 0.40> <FuncUnit> <Opcode : 'select'> <InPorts = 3> <OutPorts = 1>
ST_3 : Operation 31 [1/1] (0.36ns)   --->   "%select_ln29_1 = select i1 %icmp_ln30, i7 %add_ln29, i7 %i_load" [src/gemm_int8.cpp:29]   --->   Operation 31 'select' 'select_ln29_1' <Predicate = true> <Delay = 0.36> <CoreInst = "Sel">   --->   Core 73 'Sel' <Latency = 0> <II = 1> <Delay = 0.36> <FuncUnit> <Opcode : 'select'> <InPorts = 3> <OutPorts = 1>
ST_3 : Operation 32 [1/1] (0.00ns)   --->   "%trunc_ln32 = trunc i7 %select_ln29_1" [src/gemm_int8.cpp:32]   --->   Operation 32 'trunc' 'trunc_ln32' <Predicate = true> <Delay = 0.00>
ST_3 : Operation 33 [1/1] (0.00ns)   --->   "%tmp_1 = bitconcatenate i16 @_ssdm_op_BitConcatenate.i16.i6.i10, i6 %trunc_ln32, i10 0" [src/gemm_int8.cpp:32]   --->   Operation 33 'bitconcatenate' 'tmp_1' <Predicate = true> <Delay = 0.00>
ST_3 : Operation 34 [1/1] (0.00ns)   --->   "%tmp_2 = bitconcatenate i15 @_ssdm_op_BitConcatenate.i15.i7.i8, i7 %select_ln29_1, i8 0" [src/gemm_int8.cpp:32]   --->   Operation 34 'bitconcatenate' 'tmp_2' <Predicate = true> <Delay = 0.00>
ST_3 : Operation 35 [1/1] (0.00ns)   --->   "%zext_ln32 = zext i15 %tmp_2" [src/gemm_int8.cpp:32]   --->   Operation 35 'zext' 'zext_ln32' <Predicate = true> <Delay = 0.00>
ST_3 : Operation 36 [1/1] (0.00ns) (grouped into TernaryAdder)   --->   "%sub_ln32 = sub i16 %tmp_1, i16 %zext_ln32" [src/gemm_int8.cpp:32]   --->   Operation 36 'sub' 'sub_ln32' <Predicate = true> <Delay = 0.00> <CoreInst = "TAddSub">   --->   Core 10 'TAddSub' <Latency = 0> <II = 1> <Delay = 0.34> <IPBlock> <Opcode : '<invalid operator> ' 'add' 'sub'> <InPorts = 3> <OutPorts = 1> <Sync> <CReg>
ST_3 : Operation 37 [1/1] (0.00ns)   --->   "%zext_ln32_1 = zext i10 %select_ln29" [src/gemm_int8.cpp:32]   --->   Operation 37 'zext' 'zext_ln32_1' <Predicate = true> <Delay = 0.00>
ST_3 : Operation 38 [1/1] (0.68ns) (root node of TernaryAdder)   --->   "%add_ln32 = add i16 %sub_ln32, i16 %zext_ln32_1" [src/gemm_int8.cpp:32]   --->   Operation 38 'add' 'add_ln32' <Predicate = true> <Delay = 0.68> <CoreInst = "TAddSub">   --->   Core 10 'TAddSub' <Latency = 0> <II = 1> <Delay = 0.34> <IPBlock> <Opcode : '<invalid operator> ' 'add' 'sub'> <InPorts = 3> <OutPorts = 1> <Sync> <CReg>
ST_3 : Operation 39 [1/1] (0.00ns)   --->   "%zext_ln32_2 = zext i16 %add_ln32" [src/gemm_int8.cpp:32]   --->   Operation 39 'zext' 'zext_ln32_2' <Predicate = true> <Delay = 0.00>
ST_3 : Operation 40 [1/1] (0.00ns)   --->   "%Xbuf_addr = getelementptr i8 %Xbuf, i64 0, i64 %zext_ln32_2" [src/gemm_int8.cpp:32]   --->   Operation 40 'getelementptr' 'Xbuf_addr' <Predicate = true> <Delay = 0.00>
ST_3 : Operation 41 [1/1] (0.00ns)   --->   "%specpipeline_ln31 = specpipeline void @_ssdm_op_SpecPipeline, i32 1, i32 0, i32 0, i32 0, void @empty_4" [src/gemm_int8.cpp:31]   --->   Operation 41 'specpipeline' 'specpipeline_ln31' <Predicate = true> <Delay = 0.00>
ST_3 : Operation 42 [1/1] (0.00ns)   --->   "%specloopname_ln30 = specloopname void @_ssdm_op_SpecLoopName, void @empty_11" [src/gemm_int8.cpp:30]   --->   Operation 42 'specloopname' 'specloopname_ln30' <Predicate = true> <Delay = 0.00>
ST_3 : Operation 43 [1/1] (1.23ns)   --->   "%store_ln32 = store i8 %gmem0_addr_read, i16 %Xbuf_addr" [src/gemm_int8.cpp:32]   --->   Operation 43 'store' 'store_ln32' <Predicate = true> <Delay = 1.23> <CoreInst = "RAM_2P_BRAM">   --->   Core 94 'RAM_2P_BRAM' <Latency = 1> <II = 1> <Delay = 1.23> <Storage> <Opcode : 'load' 'store'> <Ports = 2> <Width = 8> <Depth = 49152> <RAM>
ST_3 : Operation 44 [1/1] (0.78ns)   --->   "%add_ln30 = add i10 %select_ln29, i10 1" [src/gemm_int8.cpp:30]   --->   Operation 44 'add' 'add_ln30' <Predicate = true> <Delay = 0.78> <CoreInst = "Adder">   --->   Core 1 'Adder' <Latency = 0> <II = 1> <Delay = 0.78> <FuncUnit> <Opcode : 'add' 'sub'> <InPorts = 2> <OutPorts = 1>
ST_3 : Operation 45 [1/1] (0.42ns)   --->   "%store_ln30 = store i7 %select_ln29_1, i7 %i" [src/gemm_int8.cpp:30]   --->   Operation 45 'store' 'store_ln30' <Predicate = true> <Delay = 0.42>
ST_3 : Operation 46 [1/1] (0.42ns)   --->   "%store_ln30 = store i10 %add_ln30, i10 %k" [src/gemm_int8.cpp:30]   --->   Operation 46 'store' 'store_ln30' <Predicate = true> <Delay = 0.42>
ST_3 : Operation 47 [1/1] (0.00ns)   --->   "%br_ln30 = br void %for.inc" [src/gemm_int8.cpp:30]   --->   Operation 47 'br' 'br_ln30' <Predicate = true> <Delay = 0.00>


============================================================
+ Verbose Summary: Timing violations
============================================================
Target clock period: 10.000ns, clock uncertainty: 2.700ns.

 <State 1>: 1.280ns
The critical path consists of the following:
	'alloca' operation ('indvar_flatten') [6]  (0.000 ns)
	'load' operation ('indvar_flatten_load', src/gemm_int8.cpp:29) on local variable 'indvar_flatten' [15]  (0.000 ns)
	'add' operation ('add_ln29_1', src/gemm_int8.cpp:29) [19]  (0.853 ns)
	'store' operation ('store_ln30', src/gemm_int8.cpp:30) of variable 'add_ln29_1', src/gemm_int8.cpp:29 on local variable 'indvar_flatten' [44]  (0.427 ns)

 <State 2>: 7.300ns
The critical path consists of the following:
	bus read operation ('gmem0_addr_read', src/gemm_int8.cpp:32) on port 'gmem0' (src/gemm_int8.cpp:32) [41]  (7.300 ns)

 <State 3>: 3.114ns
The critical path consists of the following:
	'load' operation ('k_load', src/gemm_int8.cpp:30) on local variable 'k' [22]  (0.000 ns)
	'icmp' operation ('icmp_ln30', src/gemm_int8.cpp:30) [27]  (0.787 ns)
	'select' operation ('select_ln29', src/gemm_int8.cpp:29) [28]  (0.403 ns)
	'add' operation ('add_ln32', src/gemm_int8.cpp:32) [36]  (0.687 ns)
	'getelementptr' operation ('Xbuf_addr', src/gemm_int8.cpp:32) [38]  (0.000 ns)
	'store' operation ('store_ln32', src/gemm_int8.cpp:32) of variable 'gmem0_addr_read', src/gemm_int8.cpp:32 on array 'Xbuf' [42]  (1.237 ns)


============================================================
+ Verbose Summary: Binding
============================================================
N/A
* FSMD analyzer results:
  - Output states:
 - Input state : 
  - Chain level:
	State 1
	State 2
	State 3


============================================================
+ Verbose Summary: Datapath Resource usage 
============================================================
N/A
