

================================================================
== Vitis HLS Report for 'gemm_int8_Pipeline_load_Xtile_VITIS_LOOP_62_3'
================================================================
* Date:           Thu Mar 12 11:38:50 2026

* Version:        2023.1 (Build 3854077 on May  4 2023)
* Project:        gemm_qkv
* Solution:       solution1 (Vivado IP Flow Target)
* Product family: zynquplus
* Target device:  xck26-sfvc784-2LV-c


================================================================
== Performance Estimates
================================================================
+ Timing: 
    * Summary: 
    +--------+----------+----------+------------+
    |  Clock |  Target  | Estimated| Uncertainty|
    +--------+----------+----------+------------+
    |ap_clk  |  10.00 ns|  3.876 ns|     2.70 ns|
    +--------+----------+----------+------------+

+ Latency: 
    * Summary: 
    +---------+---------+-----------+-----------+------+------+---------+
    |  Latency (cycles) |   Latency (absolute)  |   Interval  | Pipeline|
    |   min   |   max   |    min    |    max    |  min |  max |   Type  |
    +---------+---------+-----------+-----------+------+------+---------+
    |     1026|     1026|  10.260 us|  10.260 us|  1026|  1026|       no|
    +---------+---------+-----------+-----------+------+------+---------+

    + Detail: 
        * Instance: 
        N/A

        * Loop: 
        +------------------------------+---------+---------+----------+-----------+-----------+------+----------+
        |                              |  Latency (cycles) | Iteration|  Initiation Interval  | Trip |          |
        |           Loop Name          |   min   |   max   |  Latency |  achieved |   target  | Count| Pipelined|
        +------------------------------+---------+---------+----------+-----------+-----------+------+----------+
        |- load_Xtile_VITIS_LOOP_62_3  |     1024|     1024|         2|          1|          1|  1024|       yes|
        +------------------------------+---------+---------+----------+-----------+-----------+------+----------+

============================================================
+ Verbose Summary: Synthesis Manager
============================================================
InlineROM: 1
ExposeGlobal: 0
============================================================
+ Verbose Summary: CDFG Model
============================================================
IsTopModel: 0
ResetActiveHigh: 1
IsCombinational: 0
IsDatapathOnly: 0
HasWiredReturn: 1
HasMFsm: 2
HasVarLatency: 1
IsPipeline: 0
IsRtlPipelined: 0
IsInstanceOverlapped: 0
IsDontTouch: 0
HasImplIP: 0
IsGatedGlobalClock: 0

+ Individual pipeline summary: 
  * Pipeline-0: initiation interval (II) = 1, depth = 2


============================================================
+ Verbose Summary: Schedule
============================================================
* Number of FSM states : 2
* Pipeline : 1
  Pipeline-0 : II = 1, D = 2, States = { 1 2 }
* Dataflow Pipeline: 0

* FSM state transitions: 
1 --> 2 
2 --> 

* FSM state operations: 

State 1 <SV = 0> <Delay = 3.87>
ST_1 : Operation 5 [1/1] (0.00ns)   --->   "%kk = alloca i32 1"   --->   Operation 5 'alloca' 'kk' <Predicate = true> <Delay = 0.00>
ST_1 : Operation 6 [1/1] (0.00ns)   --->   "%i = alloca i32 1"   --->   Operation 6 'alloca' 'i' <Predicate = true> <Delay = 0.00>
ST_1 : Operation 7 [1/1] (0.00ns)   --->   "%indvar_flatten77 = alloca i32 1"   --->   Operation 7 'alloca' 'indvar_flatten77' <Predicate = true> <Delay = 0.00>
ST_1 : Operation 8 [1/1] (0.00ns)   --->   "%specmemcore_ln0 = specmemcore void @_ssdm_op_SpecMemCore, i8 %Xbuf, i64 666, i64 22, i64 18446744073709551615"   --->   Operation 8 'specmemcore' 'specmemcore_ln0' <Predicate = true> <Delay = 0.00>
ST_1 : Operation 9 [1/1] (0.00ns)   --->   "%k0_read = read i10 @_ssdm_op_Read.ap_auto.i10, i10 %k0"   --->   Operation 9 'read' 'k0_read' <Predicate = true> <Delay = 0.00>
ST_1 : Operation 10 [1/1] (0.00ns)   --->   "%trunc_ln37_mid2_read = read i6 @_ssdm_op_Read.ap_auto.i6, i6 %trunc_ln37_mid2"   --->   Operation 10 'read' 'trunc_ln37_mid2_read' <Predicate = true> <Delay = 0.00>
ST_1 : Operation 11 [1/1] (0.42ns)   --->   "%store_ln0 = store i11 0, i11 %indvar_flatten77"   --->   Operation 11 'store' 'store_ln0' <Predicate = true> <Delay = 0.42>
ST_1 : Operation 12 [1/1] (0.42ns)   --->   "%store_ln0 = store i6 0, i6 %i"   --->   Operation 12 'store' 'store_ln0' <Predicate = true> <Delay = 0.42>
ST_1 : Operation 13 [1/1] (0.42ns)   --->   "%store_ln0 = store i6 0, i6 %kk"   --->   Operation 13 'store' 'store_ln0' <Predicate = true> <Delay = 0.42>
ST_1 : Operation 14 [1/1] (0.00ns)   --->   "%br_ln0 = br void %for.inc109"   --->   Operation 14 'br' 'br_ln0' <Predicate = true> <Delay = 0.00>
ST_1 : Operation 15 [1/1] (0.00ns)   --->   "%indvar_flatten77_load = load i11 %indvar_flatten77" [src/gemm_int8.cpp:61]   --->   Operation 15 'load' 'indvar_flatten77_load' <Predicate = true> <Delay = 0.00>
ST_1 : Operation 16 [1/1] (0.79ns)   --->   "%icmp_ln61 = icmp_eq  i11 %indvar_flatten77_load, i11 1024" [src/gemm_int8.cpp:61]   --->   Operation 16 'icmp' 'icmp_ln61' <Predicate = true> <Delay = 0.79> <CoreInst = "Cmp">   --->   Core 9 'Cmp' <Latency = 0> <II = 1> <Delay = 0.79> <FuncUnit> <Opcode : 'icmp'> <InPorts = 2> <OutPorts = 1>
ST_1 : Operation 17 [1/1] (0.79ns)   --->   "%add_ln61_2 = add i11 %indvar_flatten77_load, i11 1" [src/gemm_int8.cpp:61]   --->   Operation 17 'add' 'add_ln61_2' <Predicate = true> <Delay = 0.79> <CoreInst = "Adder">   --->   Core 1 'Adder' <Latency = 0> <II = 1> <Delay = 0.79> <FuncUnit> <Opcode : 'add' 'sub'> <InPorts = 2> <OutPorts = 1>
ST_1 : Operation 18 [1/1] (0.00ns)   --->   "%br_ln61 = br i1 %icmp_ln61, void %for.inc112, void %for.inc135.preheader.exitStub" [src/gemm_int8.cpp:61]   --->   Operation 18 'br' 'br_ln61' <Predicate = true> <Delay = 0.00>
ST_1 : Operation 19 [1/1] (0.00ns)   --->   "%kk_load = load i6 %kk" [src/gemm_int8.cpp:62]   --->   Operation 19 'load' 'kk_load' <Predicate = (!icmp_ln61)> <Delay = 0.00>
ST_1 : Operation 20 [1/1] (0.00ns)   --->   "%i_load = load i6 %i" [src/gemm_int8.cpp:61]   --->   Operation 20 'load' 'i_load' <Predicate = (!icmp_ln61)> <Delay = 0.00>
ST_1 : Operation 21 [1/1] (0.78ns)   --->   "%add_ln61 = add i6 %i_load, i6 1" [src/gemm_int8.cpp:61]   --->   Operation 21 'add' 'add_ln61' <Predicate = (!icmp_ln61)> <Delay = 0.78> <CoreInst = "Adder">   --->   Core 1 'Adder' <Latency = 0> <II = 1> <Delay = 0.78> <FuncUnit> <Opcode : 'add' 'sub'> <InPorts = 2> <OutPorts = 1>
ST_1 : Operation 22 [1/1] (0.78ns)   --->   "%icmp_ln62 = icmp_eq  i6 %kk_load, i6 32" [src/gemm_int8.cpp:62]   --->   Operation 22 'icmp' 'icmp_ln62' <Predicate = (!icmp_ln61)> <Delay = 0.78> <CoreInst = "Cmp">   --->   Core 9 'Cmp' <Latency = 0> <II = 1> <Delay = 0.78> <FuncUnit> <Opcode : 'icmp'> <InPorts = 2> <OutPorts = 1>
ST_1 : Operation 23 [1/1] (0.38ns)   --->   "%select_ln61 = select i1 %icmp_ln62, i6 0, i6 %kk_load" [src/gemm_int8.cpp:61]   --->   Operation 23 'select' 'select_ln61' <Predicate = (!icmp_ln61)> <Delay = 0.38> <CoreInst = "Sel">   --->   Core 73 'Sel' <Latency = 0> <II = 1> <Delay = 0.38> <FuncUnit> <Opcode : 'select'> <InPorts = 3> <OutPorts = 1>
ST_1 : Operation 24 [1/1] (0.38ns)   --->   "%select_ln61_1 = select i1 %icmp_ln62, i6 %add_ln61, i6 %i_load" [src/gemm_int8.cpp:61]   --->   Operation 24 'select' 'select_ln61_1' <Predicate = (!icmp_ln61)> <Delay = 0.38> <CoreInst = "Sel">   --->   Core 73 'Sel' <Latency = 0> <II = 1> <Delay = 0.38> <FuncUnit> <Opcode : 'select'> <InPorts = 3> <OutPorts = 1>
ST_1 : Operation 25 [1/1] (0.78ns)   --->   "%add_ln61_1 = add i6 %select_ln61_1, i6 %trunc_ln37_mid2_read" [src/gemm_int8.cpp:61]   --->   Operation 25 'add' 'add_ln61_1' <Predicate = (!icmp_ln61)> <Delay = 0.78> <CoreInst = "Adder">   --->   Core 1 'Adder' <Latency = 0> <II = 1> <Delay = 0.78> <FuncUnit> <Opcode : 'add' 'sub'> <InPorts = 2> <OutPorts = 1>
ST_1 : Operation 26 [1/1] (0.00ns)   --->   "%tmp_7 = bitconcatenate i16 @_ssdm_op_BitConcatenate.i16.i6.i10, i6 %add_ln61_1, i10 0" [src/gemm_int8.cpp:64]   --->   Operation 26 'bitconcatenate' 'tmp_7' <Predicate = (!icmp_ln61)> <Delay = 0.00>
ST_1 : Operation 27 [1/1] (0.00ns)   --->   "%tmp_8 = bitconcatenate i14 @_ssdm_op_BitConcatenate.i14.i6.i8, i6 %add_ln61_1, i8 0" [src/gemm_int8.cpp:64]   --->   Operation 27 'bitconcatenate' 'tmp_8' <Predicate = (!icmp_ln61)> <Delay = 0.00>
ST_1 : Operation 28 [1/1] (0.00ns)   --->   "%zext_ln64 = zext i14 %tmp_8" [src/gemm_int8.cpp:64]   --->   Operation 28 'zext' 'zext_ln64' <Predicate = (!icmp_ln61)> <Delay = 0.00>
ST_1 : Operation 29 [1/1] (0.00ns) (grouped into TernaryAdder)   --->   "%sub_ln64 = sub i16 %tmp_7, i16 %zext_ln64" [src/gemm_int8.cpp:64]   --->   Operation 29 'sub' 'sub_ln64' <Predicate = (!icmp_ln61)> <Delay = 0.00> <CoreInst = "TAddSub">   --->   Core 10 'TAddSub' <Latency = 0> <II = 1> <Delay = 0.34> <IPBlock> <Opcode : '<invalid operator> ' 'add' 'sub'> <InPorts = 3> <OutPorts = 1> <Sync> <CReg>
ST_1 : Operation 30 [1/1] (0.00ns)   --->   "%zext_ln62 = zext i6 %select_ln61" [src/gemm_int8.cpp:62]   --->   Operation 30 'zext' 'zext_ln62' <Predicate = (!icmp_ln61)> <Delay = 0.00>
ST_1 : Operation 31 [1/1] (0.00ns)   --->   "%trunc_ln62 = trunc i6 %select_ln61" [src/gemm_int8.cpp:62]   --->   Operation 31 'trunc' 'trunc_ln62' <Predicate = (!icmp_ln61)> <Delay = 0.00>
ST_1 : Operation 32 [1/1] (0.78ns)   --->   "%add_ln64 = add i10 %zext_ln62, i10 %k0_read" [src/gemm_int8.cpp:64]   --->   Operation 32 'add' 'add_ln64' <Predicate = (!icmp_ln61)> <Delay = 0.78> <CoreInst = "Adder">   --->   Core 1 'Adder' <Latency = 0> <II = 1> <Delay = 0.78> <FuncUnit> <Opcode : 'add' 'sub'> <InPorts = 2> <OutPorts = 1>
ST_1 : Operation 33 [1/1] (0.00ns)   --->   "%zext_ln64_1 = zext i10 %add_ln64" [src/gemm_int8.cpp:64]   --->   Operation 33 'zext' 'zext_ln64_1' <Predicate = (!icmp_ln61)> <Delay = 0.00>
ST_1 : Operation 34 [1/1] (0.68ns) (root node of TernaryAdder)   --->   "%add_ln64_1 = add i16 %sub_ln64, i16 %zext_ln64_1" [src/gemm_int8.cpp:64]   --->   Operation 34 'add' 'add_ln64_1' <Predicate = (!icmp_ln61)> <Delay = 0.68> <CoreInst = "TAddSub">   --->   Core 10 'TAddSub' <Latency = 0> <II = 1> <Delay = 0.34> <IPBlock> <Opcode : '<invalid operator> ' 'add' 'sub'> <InPorts = 3> <OutPorts = 1> <Sync> <CReg>
ST_1 : Operation 35 [1/1] (0.00ns)   --->   "%zext_ln64_2 = zext i16 %add_ln64_1" [src/gemm_int8.cpp:64]   --->   Operation 35 'zext' 'zext_ln64_2' <Predicate = (!icmp_ln61)> <Delay = 0.00>
ST_1 : Operation 36 [1/1] (0.00ns)   --->   "%Xbuf_addr = getelementptr i8 %Xbuf, i64 0, i64 %zext_ln64_2" [src/gemm_int8.cpp:64]   --->   Operation 36 'getelementptr' 'Xbuf_addr' <Predicate = (!icmp_ln61)> <Delay = 0.00>
ST_1 : Operation 37 [2/2] (1.23ns)   --->   "%Xbuf_load = load i16 %Xbuf_addr" [src/gemm_int8.cpp:64]   --->   Operation 37 'load' 'Xbuf_load' <Predicate = (!icmp_ln61)> <Delay = 1.23> <CoreInst = "RAM_2P_BRAM">   --->   Core 94 'RAM_2P_BRAM' <Latency = 1> <II = 1> <Delay = 1.23> <Storage> <Opcode : 'load' 'store'> <Ports = 2> <Width = 8> <Depth = 49152> <RAM>
ST_1 : Operation 38 [1/1] (0.74ns)   --->   "%switch_ln64 = switch i5 %trunc_ln62, void %arrayidx1088.case.31, i5 0, void %arrayidx1088.case.0, i5 1, void %arrayidx1088.case.1, i5 2, void %arrayidx1088.case.2, i5 3, void %arrayidx1088.case.3, i5 4, void %arrayidx1088.case.4, i5 5, void %arrayidx1088.case.5, i5 6, void %arrayidx1088.case.6, i5 7, void %arrayidx1088.case.7, i5 8, void %arrayidx1088.case.8, i5 9, void %arrayidx1088.case.9, i5 10, void %arrayidx1088.case.10, i5 11, void %arrayidx1088.case.11, i5 12, void %arrayidx1088.case.12, i5 13, void %arrayidx1088.case.13, i5 14, void %arrayidx1088.case.14, i5 15, void %arrayidx1088.case.15, i5 16, void %arrayidx1088.case.16, i5 17, void %arrayidx1088.case.17, i5 18, void %arrayidx1088.case.18, i5 19, void %arrayidx1088.case.19, i5 20, void %arrayidx1088.case.20, i5 21, void %arrayidx1088.case.21, i5 22, void %arrayidx1088.case.22, i5 23, void %arrayidx1088.case.23, i5 24, void %arrayidx1088.case.24, i5 25, void %arrayidx1088.case.25, i5 26, void %arrayidx1088.case.26, i5 27, void %arrayidx1088.case.27, i5 28, void %arrayidx1088.case.28, i5 29, void %arrayidx1088.case.29, i5 30, void %arrayidx1088.case.30" [src/gemm_int8.cpp:64]   --->   Operation 38 'switch' 'switch_ln64' <Predicate = (!icmp_ln61)> <Delay = 0.74>
ST_1 : Operation 39 [1/1] (0.78ns)   --->   "%add_ln62 = add i6 %select_ln61, i6 1" [src/gemm_int8.cpp:62]   --->   Operation 39 'add' 'add_ln62' <Predicate = (!icmp_ln61)> <Delay = 0.78> <CoreInst = "Adder">   --->   Core 1 'Adder' <Latency = 0> <II = 1> <Delay = 0.78> <FuncUnit> <Opcode : 'add' 'sub'> <InPorts = 2> <OutPorts = 1>
ST_1 : Operation 40 [1/1] (0.42ns)   --->   "%store_ln62 = store i11 %add_ln61_2, i11 %indvar_flatten77" [src/gemm_int8.cpp:62]   --->   Operation 40 'store' 'store_ln62' <Predicate = (!icmp_ln61)> <Delay = 0.42>
ST_1 : Operation 41 [1/1] (0.42ns)   --->   "%store_ln62 = store i6 %select_ln61_1, i6 %i" [src/gemm_int8.cpp:62]   --->   Operation 41 'store' 'store_ln62' <Predicate = (!icmp_ln61)> <Delay = 0.42>
ST_1 : Operation 42 [1/1] (0.42ns)   --->   "%store_ln62 = store i6 %add_ln62, i6 %kk" [src/gemm_int8.cpp:62]   --->   Operation 42 'store' 'store_ln62' <Predicate = (!icmp_ln61)> <Delay = 0.42>
ST_1 : Operation 43 [1/1] (0.00ns)   --->   "%br_ln62 = br void %for.inc109" [src/gemm_int8.cpp:62]   --->   Operation 43 'br' 'br_ln62' <Predicate = (!icmp_ln61)> <Delay = 0.00>
ST_1 : Operation 146 [1/1] (0.00ns)   --->   "%ret_ln0 = ret"   --->   Operation 146 'ret' 'ret_ln0' <Predicate = (icmp_ln61)> <Delay = 0.00>

State 2 <SV = 1> <Delay = 1.91>
ST_2 : Operation 44 [1/1] (0.00ns)   --->   "%specloopname_ln0 = specloopname void @_ssdm_op_SpecLoopName, void @load_Xtile_VITIS_LOOP_62_3_str"   --->   Operation 44 'specloopname' 'specloopname_ln0' <Predicate = true> <Delay = 0.00>
ST_2 : Operation 45 [1/1] (0.00ns)   --->   "%speclooptripcount_ln0 = speclooptripcount void @_ssdm_op_SpecLoopTripCount, i64 1024, i64 1024, i64 1024"   --->   Operation 45 'speclooptripcount' 'speclooptripcount_ln0' <Predicate = true> <Delay = 0.00>
ST_2 : Operation 46 [1/1] (0.00ns)   --->   "%zext_ln61 = zext i6 %select_ln61_1" [src/gemm_int8.cpp:61]   --->   Operation 46 'zext' 'zext_ln61' <Predicate = true> <Delay = 0.00>
ST_2 : Operation 47 [1/1] (0.00ns)   --->   "%specpipeline_ln63 = specpipeline void @_ssdm_op_SpecPipeline, i32 1, i32 0, i32 0, i32 0, void @empty_4" [src/gemm_int8.cpp:63]   --->   Operation 47 'specpipeline' 'specpipeline_ln63' <Predicate = true> <Delay = 0.00>
ST_2 : Operation 48 [1/1] (0.00ns)   --->   "%specloopname_ln62 = specloopname void @_ssdm_op_SpecLoopName, void @empty_13" [src/gemm_int8.cpp:62]   --->   Operation 48 'specloopname' 'specloopname_ln62' <Predicate = true> <Delay = 0.00>
ST_2 : Operation 49 [1/2] (1.23ns)   --->   "%Xbuf_load = load i16 %Xbuf_addr" [src/gemm_int8.cpp:64]   --->   Operation 49 'load' 'Xbuf_load' <Predicate = true> <Delay = 1.23> <CoreInst = "RAM_2P_BRAM">   --->   Core 94 'RAM_2P_BRAM' <Latency = 1> <II = 1> <Delay = 1.23> <Storage> <Opcode : 'load' 'store'> <Ports = 2> <Width = 8> <Depth = 49152> <RAM>
ST_2 : Operation 50 [1/1] (0.00ns)   --->   "%Xtile_30_addr = getelementptr i8 %Xtile_30, i64 0, i64 %zext_ln61" [src/gemm_int8.cpp:61]   --->   Operation 50 'getelementptr' 'Xtile_30_addr' <Predicate = (trunc_ln62 == 30)> <Delay = 0.00>
ST_2 : Operation 51 [1/1] (0.67ns)   --->   "%store_ln64 = store i8 %Xbuf_load, i5 %Xtile_30_addr" [src/gemm_int8.cpp:64]   --->   Operation 51 'store' 'store_ln64' <Predicate = (trunc_ln62 == 30)> <Delay = 0.67> <CoreInst = "RAM">   --->   Core 83 'RAM' <Latency = 1> <II = 1> <Delay = 0.67> <Storage> <Opcode : 'load' 'store'> <Ports = 2> <Width = 8> <Depth = 32> <RAM>
ST_2 : Operation 52 [1/1] (0.00ns)   --->   "%br_ln64 = br void %arrayidx1088.exit" [src/gemm_int8.cpp:64]   --->   Operation 52 'br' 'br_ln64' <Predicate = (trunc_ln62 == 30)> <Delay = 0.00>
ST_2 : Operation 53 [1/1] (0.00ns)   --->   "%Xtile_29_addr = getelementptr i8 %Xtile_29, i64 0, i64 %zext_ln61" [src/gemm_int8.cpp:61]   --->   Operation 53 'getelementptr' 'Xtile_29_addr' <Predicate = (trunc_ln62 == 29)> <Delay = 0.00>
ST_2 : Operation 54 [1/1] (0.67ns)   --->   "%store_ln64 = store i8 %Xbuf_load, i5 %Xtile_29_addr" [src/gemm_int8.cpp:64]   --->   Operation 54 'store' 'store_ln64' <Predicate = (trunc_ln62 == 29)> <Delay = 0.67> <CoreInst = "RAM">   --->   Core 83 'RAM' <Latency = 1> <II = 1> <Delay = 0.67> <Storage> <Opcode : 'load' 'store'> <Ports = 2> <Width = 8> <Depth = 32> <RAM>
ST_2 : Operation 55 [1/1] (0.00ns)   --->   "%br_ln64 = br void %arrayidx1088.exit" [src/gemm_int8.cpp:64]   --->   Operation 55 'br' 'br_ln64' <Predicate = (trunc_ln62 == 29)> <Delay = 0.00>
ST_2 : Operation 56 [1/1] (0.00ns)   --->   "%Xtile_28_addr = getelementptr i8 %Xtile_28, i64 0, i64 %zext_ln61" [src/gemm_int8.cpp:61]   --->   Operation 56 'getelementptr' 'Xtile_28_addr' <Predicate = (trunc_ln62 == 28)> <Delay = 0.00>
ST_2 : Operation 57 [1/1] (0.67ns)   --->   "%store_ln64 = store i8 %Xbuf_load, i5 %Xtile_28_addr" [src/gemm_int8.cpp:64]   --->   Operation 57 'store' 'store_ln64' <Predicate = (trunc_ln62 == 28)> <Delay = 0.67> <CoreInst = "RAM">   --->   Core 83 'RAM' <Latency = 1> <II = 1> <Delay = 0.67> <Storage> <Opcode : 'load' 'store'> <Ports = 2> <Width = 8> <Depth = 32> <RAM>
ST_2 : Operation 58 [1/1] (0.00ns)   --->   "%br_ln64 = br void %arrayidx1088.exit" [src/gemm_int8.cpp:64]   --->   Operation 58 'br' 'br_ln64' <Predicate = (trunc_ln62 == 28)> <Delay = 0.00>
ST_2 : Operation 59 [1/1] (0.00ns)   --->   "%Xtile_27_addr = getelementptr i8 %Xtile_27, i64 0, i64 %zext_ln61" [src/gemm_int8.cpp:61]   --->   Operation 59 'getelementptr' 'Xtile_27_addr' <Predicate = (trunc_ln62 == 27)> <Delay = 0.00>
ST_2 : Operation 60 [1/1] (0.67ns)   --->   "%store_ln64 = store i8 %Xbuf_load, i5 %Xtile_27_addr" [src/gemm_int8.cpp:64]   --->   Operation 60 'store' 'store_ln64' <Predicate = (trunc_ln62 == 27)> <Delay = 0.67> <CoreInst = "RAM">   --->   Core 83 'RAM' <Latency = 1> <II = 1> <Delay = 0.67> <Storage> <Opcode : 'load' 'store'> <Ports = 2> <Width = 8> <Depth = 32> <RAM>
ST_2 : Operation 61 [1/1] (0.00ns)   --->   "%br_ln64 = br void %arrayidx1088.exit" [src/gemm_int8.cpp:64]   --->   Operation 61 'br' 'br_ln64' <Predicate = (trunc_ln62 == 27)> <Delay = 0.00>
ST_2 : Operation 62 [1/1] (0.00ns)   --->   "%Xtile_26_addr = getelementptr i8 %Xtile_26, i64 0, i64 %zext_ln61" [src/gemm_int8.cpp:61]   --->   Operation 62 'getelementptr' 'Xtile_26_addr' <Predicate = (trunc_ln62 == 26)> <Delay = 0.00>
ST_2 : Operation 63 [1/1] (0.67ns)   --->   "%store_ln64 = store i8 %Xbuf_load, i5 %Xtile_26_addr" [src/gemm_int8.cpp:64]   --->   Operation 63 'store' 'store_ln64' <Predicate = (trunc_ln62 == 26)> <Delay = 0.67> <CoreInst = "RAM">   --->   Core 83 'RAM' <Latency = 1> <II = 1> <Delay = 0.67> <Storage> <Opcode : 'load' 'store'> <Ports = 2> <Width = 8> <Depth = 32> <RAM>
ST_2 : Operation 64 [1/1] (0.00ns)   --->   "%br_ln64 = br void %arrayidx1088.exit" [src/gemm_int8.cpp:64]   --->   Operation 64 'br' 'br_ln64' <Predicate = (trunc_ln62 == 26)> <Delay = 0.00>
ST_2 : Operation 65 [1/1] (0.00ns)   --->   "%Xtile_25_addr = getelementptr i8 %Xtile_25, i64 0, i64 %zext_ln61" [src/gemm_int8.cpp:61]   --->   Operation 65 'getelementptr' 'Xtile_25_addr' <Predicate = (trunc_ln62 == 25)> <Delay = 0.00>
ST_2 : Operation 66 [1/1] (0.67ns)   --->   "%store_ln64 = store i8 %Xbuf_load, i5 %Xtile_25_addr" [src/gemm_int8.cpp:64]   --->   Operation 66 'store' 'store_ln64' <Predicate = (trunc_ln62 == 25)> <Delay = 0.67> <CoreInst = "RAM">   --->   Core 83 'RAM' <Latency = 1> <II = 1> <Delay = 0.67> <Storage> <Opcode : 'load' 'store'> <Ports = 2> <Width = 8> <Depth = 32> <RAM>
ST_2 : Operation 67 [1/1] (0.00ns)   --->   "%br_ln64 = br void %arrayidx1088.exit" [src/gemm_int8.cpp:64]   --->   Operation 67 'br' 'br_ln64' <Predicate = (trunc_ln62 == 25)> <Delay = 0.00>
ST_2 : Operation 68 [1/1] (0.00ns)   --->   "%Xtile_24_addr = getelementptr i8 %Xtile_24, i64 0, i64 %zext_ln61" [src/gemm_int8.cpp:61]   --->   Operation 68 'getelementptr' 'Xtile_24_addr' <Predicate = (trunc_ln62 == 24)> <Delay = 0.00>
ST_2 : Operation 69 [1/1] (0.67ns)   --->   "%store_ln64 = store i8 %Xbuf_load, i5 %Xtile_24_addr" [src/gemm_int8.cpp:64]   --->   Operation 69 'store' 'store_ln64' <Predicate = (trunc_ln62 == 24)> <Delay = 0.67> <CoreInst = "RAM">   --->   Core 83 'RAM' <Latency = 1> <II = 1> <Delay = 0.67> <Storage> <Opcode : 'load' 'store'> <Ports = 2> <Width = 8> <Depth = 32> <RAM>
ST_2 : Operation 70 [1/1] (0.00ns)   --->   "%br_ln64 = br void %arrayidx1088.exit" [src/gemm_int8.cpp:64]   --->   Operation 70 'br' 'br_ln64' <Predicate = (trunc_ln62 == 24)> <Delay = 0.00>
ST_2 : Operation 71 [1/1] (0.00ns)   --->   "%Xtile_23_addr = getelementptr i8 %Xtile_23, i64 0, i64 %zext_ln61" [src/gemm_int8.cpp:61]   --->   Operation 71 'getelementptr' 'Xtile_23_addr' <Predicate = (trunc_ln62 == 23)> <Delay = 0.00>
ST_2 : Operation 72 [1/1] (0.67ns)   --->   "%store_ln64 = store i8 %Xbuf_load, i5 %Xtile_23_addr" [src/gemm_int8.cpp:64]   --->   Operation 72 'store' 'store_ln64' <Predicate = (trunc_ln62 == 23)> <Delay = 0.67> <CoreInst = "RAM">   --->   Core 83 'RAM' <Latency = 1> <II = 1> <Delay = 0.67> <Storage> <Opcode : 'load' 'store'> <Ports = 2> <Width = 8> <Depth = 32> <RAM>
ST_2 : Operation 73 [1/1] (0.00ns)   --->   "%br_ln64 = br void %arrayidx1088.exit" [src/gemm_int8.cpp:64]   --->   Operation 73 'br' 'br_ln64' <Predicate = (trunc_ln62 == 23)> <Delay = 0.00>
ST_2 : Operation 74 [1/1] (0.00ns)   --->   "%Xtile_22_addr = getelementptr i8 %Xtile_22, i64 0, i64 %zext_ln61" [src/gemm_int8.cpp:61]   --->   Operation 74 'getelementptr' 'Xtile_22_addr' <Predicate = (trunc_ln62 == 22)> <Delay = 0.00>
ST_2 : Operation 75 [1/1] (0.67ns)   --->   "%store_ln64 = store i8 %Xbuf_load, i5 %Xtile_22_addr" [src/gemm_int8.cpp:64]   --->   Operation 75 'store' 'store_ln64' <Predicate = (trunc_ln62 == 22)> <Delay = 0.67> <CoreInst = "RAM">   --->   Core 83 'RAM' <Latency = 1> <II = 1> <Delay = 0.67> <Storage> <Opcode : 'load' 'store'> <Ports = 2> <Width = 8> <Depth = 32> <RAM>
ST_2 : Operation 76 [1/1] (0.00ns)   --->   "%br_ln64 = br void %arrayidx1088.exit" [src/gemm_int8.cpp:64]   --->   Operation 76 'br' 'br_ln64' <Predicate = (trunc_ln62 == 22)> <Delay = 0.00>
ST_2 : Operation 77 [1/1] (0.00ns)   --->   "%Xtile_21_addr = getelementptr i8 %Xtile_21, i64 0, i64 %zext_ln61" [src/gemm_int8.cpp:61]   --->   Operation 77 'getelementptr' 'Xtile_21_addr' <Predicate = (trunc_ln62 == 21)> <Delay = 0.00>
ST_2 : Operation 78 [1/1] (0.67ns)   --->   "%store_ln64 = store i8 %Xbuf_load, i5 %Xtile_21_addr" [src/gemm_int8.cpp:64]   --->   Operation 78 'store' 'store_ln64' <Predicate = (trunc_ln62 == 21)> <Delay = 0.67> <CoreInst = "RAM">   --->   Core 83 'RAM' <Latency = 1> <II = 1> <Delay = 0.67> <Storage> <Opcode : 'load' 'store'> <Ports = 2> <Width = 8> <Depth = 32> <RAM>
ST_2 : Operation 79 [1/1] (0.00ns)   --->   "%br_ln64 = br void %arrayidx1088.exit" [src/gemm_int8.cpp:64]   --->   Operation 79 'br' 'br_ln64' <Predicate = (trunc_ln62 == 21)> <Delay = 0.00>
ST_2 : Operation 80 [1/1] (0.00ns)   --->   "%Xtile_20_addr = getelementptr i8 %Xtile_20, i64 0, i64 %zext_ln61" [src/gemm_int8.cpp:61]   --->   Operation 80 'getelementptr' 'Xtile_20_addr' <Predicate = (trunc_ln62 == 20)> <Delay = 0.00>
ST_2 : Operation 81 [1/1] (0.67ns)   --->   "%store_ln64 = store i8 %Xbuf_load, i5 %Xtile_20_addr" [src/gemm_int8.cpp:64]   --->   Operation 81 'store' 'store_ln64' <Predicate = (trunc_ln62 == 20)> <Delay = 0.67> <CoreInst = "RAM">   --->   Core 83 'RAM' <Latency = 1> <II = 1> <Delay = 0.67> <Storage> <Opcode : 'load' 'store'> <Ports = 2> <Width = 8> <Depth = 32> <RAM>
ST_2 : Operation 82 [1/1] (0.00ns)   --->   "%br_ln64 = br void %arrayidx1088.exit" [src/gemm_int8.cpp:64]   --->   Operation 82 'br' 'br_ln64' <Predicate = (trunc_ln62 == 20)> <Delay = 0.00>
ST_2 : Operation 83 [1/1] (0.00ns)   --->   "%Xtile_19_addr = getelementptr i8 %Xtile_19, i64 0, i64 %zext_ln61" [src/gemm_int8.cpp:61]   --->   Operation 83 'getelementptr' 'Xtile_19_addr' <Predicate = (trunc_ln62 == 19)> <Delay = 0.00>
ST_2 : Operation 84 [1/1] (0.67ns)   --->   "%store_ln64 = store i8 %Xbuf_load, i5 %Xtile_19_addr" [src/gemm_int8.cpp:64]   --->   Operation 84 'store' 'store_ln64' <Predicate = (trunc_ln62 == 19)> <Delay = 0.67> <CoreInst = "RAM">   --->   Core 83 'RAM' <Latency = 1> <II = 1> <Delay = 0.67> <Storage> <Opcode : 'load' 'store'> <Ports = 2> <Width = 8> <Depth = 32> <RAM>
ST_2 : Operation 85 [1/1] (0.00ns)   --->   "%br_ln64 = br void %arrayidx1088.exit" [src/gemm_int8.cpp:64]   --->   Operation 85 'br' 'br_ln64' <Predicate = (trunc_ln62 == 19)> <Delay = 0.00>
ST_2 : Operation 86 [1/1] (0.00ns)   --->   "%Xtile_18_addr = getelementptr i8 %Xtile_18, i64 0, i64 %zext_ln61" [src/gemm_int8.cpp:61]   --->   Operation 86 'getelementptr' 'Xtile_18_addr' <Predicate = (trunc_ln62 == 18)> <Delay = 0.00>
ST_2 : Operation 87 [1/1] (0.67ns)   --->   "%store_ln64 = store i8 %Xbuf_load, i5 %Xtile_18_addr" [src/gemm_int8.cpp:64]   --->   Operation 87 'store' 'store_ln64' <Predicate = (trunc_ln62 == 18)> <Delay = 0.67> <CoreInst = "RAM">   --->   Core 83 'RAM' <Latency = 1> <II = 1> <Delay = 0.67> <Storage> <Opcode : 'load' 'store'> <Ports = 2> <Width = 8> <Depth = 32> <RAM>
ST_2 : Operation 88 [1/1] (0.00ns)   --->   "%br_ln64 = br void %arrayidx1088.exit" [src/gemm_int8.cpp:64]   --->   Operation 88 'br' 'br_ln64' <Predicate = (trunc_ln62 == 18)> <Delay = 0.00>
ST_2 : Operation 89 [1/1] (0.00ns)   --->   "%Xtile_17_addr = getelementptr i8 %Xtile_17, i64 0, i64 %zext_ln61" [src/gemm_int8.cpp:61]   --->   Operation 89 'getelementptr' 'Xtile_17_addr' <Predicate = (trunc_ln62 == 17)> <Delay = 0.00>
ST_2 : Operation 90 [1/1] (0.67ns)   --->   "%store_ln64 = store i8 %Xbuf_load, i5 %Xtile_17_addr" [src/gemm_int8.cpp:64]   --->   Operation 90 'store' 'store_ln64' <Predicate = (trunc_ln62 == 17)> <Delay = 0.67> <CoreInst = "RAM">   --->   Core 83 'RAM' <Latency = 1> <II = 1> <Delay = 0.67> <Storage> <Opcode : 'load' 'store'> <Ports = 2> <Width = 8> <Depth = 32> <RAM>
ST_2 : Operation 91 [1/1] (0.00ns)   --->   "%br_ln64 = br void %arrayidx1088.exit" [src/gemm_int8.cpp:64]   --->   Operation 91 'br' 'br_ln64' <Predicate = (trunc_ln62 == 17)> <Delay = 0.00>
ST_2 : Operation 92 [1/1] (0.00ns)   --->   "%Xtile_16_addr = getelementptr i8 %Xtile_16, i64 0, i64 %zext_ln61" [src/gemm_int8.cpp:61]   --->   Operation 92 'getelementptr' 'Xtile_16_addr' <Predicate = (trunc_ln62 == 16)> <Delay = 0.00>
ST_2 : Operation 93 [1/1] (0.67ns)   --->   "%store_ln64 = store i8 %Xbuf_load, i5 %Xtile_16_addr" [src/gemm_int8.cpp:64]   --->   Operation 93 'store' 'store_ln64' <Predicate = (trunc_ln62 == 16)> <Delay = 0.67> <CoreInst = "RAM">   --->   Core 83 'RAM' <Latency = 1> <II = 1> <Delay = 0.67> <Storage> <Opcode : 'load' 'store'> <Ports = 2> <Width = 8> <Depth = 32> <RAM>
ST_2 : Operation 94 [1/1] (0.00ns)   --->   "%br_ln64 = br void %arrayidx1088.exit" [src/gemm_int8.cpp:64]   --->   Operation 94 'br' 'br_ln64' <Predicate = (trunc_ln62 == 16)> <Delay = 0.00>
ST_2 : Operation 95 [1/1] (0.00ns)   --->   "%Xtile_15_addr = getelementptr i8 %Xtile_15, i64 0, i64 %zext_ln61" [src/gemm_int8.cpp:61]   --->   Operation 95 'getelementptr' 'Xtile_15_addr' <Predicate = (trunc_ln62 == 15)> <Delay = 0.00>
ST_2 : Operation 96 [1/1] (0.67ns)   --->   "%store_ln64 = store i8 %Xbuf_load, i5 %Xtile_15_addr" [src/gemm_int8.cpp:64]   --->   Operation 96 'store' 'store_ln64' <Predicate = (trunc_ln62 == 15)> <Delay = 0.67> <CoreInst = "RAM">   --->   Core 83 'RAM' <Latency = 1> <II = 1> <Delay = 0.67> <Storage> <Opcode : 'load' 'store'> <Ports = 2> <Width = 8> <Depth = 32> <RAM>
ST_2 : Operation 97 [1/1] (0.00ns)   --->   "%br_ln64 = br void %arrayidx1088.exit" [src/gemm_int8.cpp:64]   --->   Operation 97 'br' 'br_ln64' <Predicate = (trunc_ln62 == 15)> <Delay = 0.00>
ST_2 : Operation 98 [1/1] (0.00ns)   --->   "%Xtile_14_addr = getelementptr i8 %Xtile_14, i64 0, i64 %zext_ln61" [src/gemm_int8.cpp:61]   --->   Operation 98 'getelementptr' 'Xtile_14_addr' <Predicate = (trunc_ln62 == 14)> <Delay = 0.00>
ST_2 : Operation 99 [1/1] (0.67ns)   --->   "%store_ln64 = store i8 %Xbuf_load, i5 %Xtile_14_addr" [src/gemm_int8.cpp:64]   --->   Operation 99 'store' 'store_ln64' <Predicate = (trunc_ln62 == 14)> <Delay = 0.67> <CoreInst = "RAM">   --->   Core 83 'RAM' <Latency = 1> <II = 1> <Delay = 0.67> <Storage> <Opcode : 'load' 'store'> <Ports = 2> <Width = 8> <Depth = 32> <RAM>
ST_2 : Operation 100 [1/1] (0.00ns)   --->   "%br_ln64 = br void %arrayidx1088.exit" [src/gemm_int8.cpp:64]   --->   Operation 100 'br' 'br_ln64' <Predicate = (trunc_ln62 == 14)> <Delay = 0.00>
ST_2 : Operation 101 [1/1] (0.00ns)   --->   "%Xtile_13_addr = getelementptr i8 %Xtile_13, i64 0, i64 %zext_ln61" [src/gemm_int8.cpp:61]   --->   Operation 101 'getelementptr' 'Xtile_13_addr' <Predicate = (trunc_ln62 == 13)> <Delay = 0.00>
ST_2 : Operation 102 [1/1] (0.67ns)   --->   "%store_ln64 = store i8 %Xbuf_load, i5 %Xtile_13_addr" [src/gemm_int8.cpp:64]   --->   Operation 102 'store' 'store_ln64' <Predicate = (trunc_ln62 == 13)> <Delay = 0.67> <CoreInst = "RAM">   --->   Core 83 'RAM' <Latency = 1> <II = 1> <Delay = 0.67> <Storage> <Opcode : 'load' 'store'> <Ports = 2> <Width = 8> <Depth = 32> <RAM>
ST_2 : Operation 103 [1/1] (0.00ns)   --->   "%br_ln64 = br void %arrayidx1088.exit" [src/gemm_int8.cpp:64]   --->   Operation 103 'br' 'br_ln64' <Predicate = (trunc_ln62 == 13)> <Delay = 0.00>
ST_2 : Operation 104 [1/1] (0.00ns)   --->   "%Xtile_12_addr = getelementptr i8 %Xtile_12, i64 0, i64 %zext_ln61" [src/gemm_int8.cpp:61]   --->   Operation 104 'getelementptr' 'Xtile_12_addr' <Predicate = (trunc_ln62 == 12)> <Delay = 0.00>
ST_2 : Operation 105 [1/1] (0.67ns)   --->   "%store_ln64 = store i8 %Xbuf_load, i5 %Xtile_12_addr" [src/gemm_int8.cpp:64]   --->   Operation 105 'store' 'store_ln64' <Predicate = (trunc_ln62 == 12)> <Delay = 0.67> <CoreInst = "RAM">   --->   Core 83 'RAM' <Latency = 1> <II = 1> <Delay = 0.67> <Storage> <Opcode : 'load' 'store'> <Ports = 2> <Width = 8> <Depth = 32> <RAM>
ST_2 : Operation 106 [1/1] (0.00ns)   --->   "%br_ln64 = br void %arrayidx1088.exit" [src/gemm_int8.cpp:64]   --->   Operation 106 'br' 'br_ln64' <Predicate = (trunc_ln62 == 12)> <Delay = 0.00>
ST_2 : Operation 107 [1/1] (0.00ns)   --->   "%Xtile_11_addr = getelementptr i8 %Xtile_11, i64 0, i64 %zext_ln61" [src/gemm_int8.cpp:61]   --->   Operation 107 'getelementptr' 'Xtile_11_addr' <Predicate = (trunc_ln62 == 11)> <Delay = 0.00>
ST_2 : Operation 108 [1/1] (0.67ns)   --->   "%store_ln64 = store i8 %Xbuf_load, i5 %Xtile_11_addr" [src/gemm_int8.cpp:64]   --->   Operation 108 'store' 'store_ln64' <Predicate = (trunc_ln62 == 11)> <Delay = 0.67> <CoreInst = "RAM">   --->   Core 83 'RAM' <Latency = 1> <II = 1> <Delay = 0.67> <Storage> <Opcode : 'load' 'store'> <Ports = 2> <Width = 8> <Depth = 32> <RAM>
ST_2 : Operation 109 [1/1] (0.00ns)   --->   "%br_ln64 = br void %arrayidx1088.exit" [src/gemm_int8.cpp:64]   --->   Operation 109 'br' 'br_ln64' <Predicate = (trunc_ln62 == 11)> <Delay = 0.00>
ST_2 : Operation 110 [1/1] (0.00ns)   --->   "%Xtile_10_addr = getelementptr i8 %Xtile_10, i64 0, i64 %zext_ln61" [src/gemm_int8.cpp:61]   --->   Operation 110 'getelementptr' 'Xtile_10_addr' <Predicate = (trunc_ln62 == 10)> <Delay = 0.00>
ST_2 : Operation 111 [1/1] (0.67ns)   --->   "%store_ln64 = store i8 %Xbuf_load, i5 %Xtile_10_addr" [src/gemm_int8.cpp:64]   --->   Operation 111 'store' 'store_ln64' <Predicate = (trunc_ln62 == 10)> <Delay = 0.67> <CoreInst = "RAM">   --->   Core 83 'RAM' <Latency = 1> <II = 1> <Delay = 0.67> <Storage> <Opcode : 'load' 'store'> <Ports = 2> <Width = 8> <Depth = 32> <RAM>
ST_2 : Operation 112 [1/1] (0.00ns)   --->   "%br_ln64 = br void %arrayidx1088.exit" [src/gemm_int8.cpp:64]   --->   Operation 112 'br' 'br_ln64' <Predicate = (trunc_ln62 == 10)> <Delay = 0.00>
ST_2 : Operation 113 [1/1] (0.00ns)   --->   "%Xtile_9_addr = getelementptr i8 %Xtile_9, i64 0, i64 %zext_ln61" [src/gemm_int8.cpp:61]   --->   Operation 113 'getelementptr' 'Xtile_9_addr' <Predicate = (trunc_ln62 == 9)> <Delay = 0.00>
ST_2 : Operation 114 [1/1] (0.67ns)   --->   "%store_ln64 = store i8 %Xbuf_load, i5 %Xtile_9_addr" [src/gemm_int8.cpp:64]   --->   Operation 114 'store' 'store_ln64' <Predicate = (trunc_ln62 == 9)> <Delay = 0.67> <CoreInst = "RAM">   --->   Core 83 'RAM' <Latency = 1> <II = 1> <Delay = 0.67> <Storage> <Opcode : 'load' 'store'> <Ports = 2> <Width = 8> <Depth = 32> <RAM>
ST_2 : Operation 115 [1/1] (0.00ns)   --->   "%br_ln64 = br void %arrayidx1088.exit" [src/gemm_int8.cpp:64]   --->   Operation 115 'br' 'br_ln64' <Predicate = (trunc_ln62 == 9)> <Delay = 0.00>
ST_2 : Operation 116 [1/1] (0.00ns)   --->   "%Xtile_8_addr = getelementptr i8 %Xtile_8, i64 0, i64 %zext_ln61" [src/gemm_int8.cpp:61]   --->   Operation 116 'getelementptr' 'Xtile_8_addr' <Predicate = (trunc_ln62 == 8)> <Delay = 0.00>
ST_2 : Operation 117 [1/1] (0.67ns)   --->   "%store_ln64 = store i8 %Xbuf_load, i5 %Xtile_8_addr" [src/gemm_int8.cpp:64]   --->   Operation 117 'store' 'store_ln64' <Predicate = (trunc_ln62 == 8)> <Delay = 0.67> <CoreInst = "RAM">   --->   Core 83 'RAM' <Latency = 1> <II = 1> <Delay = 0.67> <Storage> <Opcode : 'load' 'store'> <Ports = 2> <Width = 8> <Depth = 32> <RAM>
ST_2 : Operation 118 [1/1] (0.00ns)   --->   "%br_ln64 = br void %arrayidx1088.exit" [src/gemm_int8.cpp:64]   --->   Operation 118 'br' 'br_ln64' <Predicate = (trunc_ln62 == 8)> <Delay = 0.00>
ST_2 : Operation 119 [1/1] (0.00ns)   --->   "%Xtile_7_addr = getelementptr i8 %Xtile_7, i64 0, i64 %zext_ln61" [src/gemm_int8.cpp:61]   --->   Operation 119 'getelementptr' 'Xtile_7_addr' <Predicate = (trunc_ln62 == 7)> <Delay = 0.00>
ST_2 : Operation 120 [1/1] (0.67ns)   --->   "%store_ln64 = store i8 %Xbuf_load, i5 %Xtile_7_addr" [src/gemm_int8.cpp:64]   --->   Operation 120 'store' 'store_ln64' <Predicate = (trunc_ln62 == 7)> <Delay = 0.67> <CoreInst = "RAM">   --->   Core 83 'RAM' <Latency = 1> <II = 1> <Delay = 0.67> <Storage> <Opcode : 'load' 'store'> <Ports = 2> <Width = 8> <Depth = 32> <RAM>
ST_2 : Operation 121 [1/1] (0.00ns)   --->   "%br_ln64 = br void %arrayidx1088.exit" [src/gemm_int8.cpp:64]   --->   Operation 121 'br' 'br_ln64' <Predicate = (trunc_ln62 == 7)> <Delay = 0.00>
ST_2 : Operation 122 [1/1] (0.00ns)   --->   "%Xtile_6_addr = getelementptr i8 %Xtile_6, i64 0, i64 %zext_ln61" [src/gemm_int8.cpp:61]   --->   Operation 122 'getelementptr' 'Xtile_6_addr' <Predicate = (trunc_ln62 == 6)> <Delay = 0.00>
ST_2 : Operation 123 [1/1] (0.67ns)   --->   "%store_ln64 = store i8 %Xbuf_load, i5 %Xtile_6_addr" [src/gemm_int8.cpp:64]   --->   Operation 123 'store' 'store_ln64' <Predicate = (trunc_ln62 == 6)> <Delay = 0.67> <CoreInst = "RAM">   --->   Core 83 'RAM' <Latency = 1> <II = 1> <Delay = 0.67> <Storage> <Opcode : 'load' 'store'> <Ports = 2> <Width = 8> <Depth = 32> <RAM>
ST_2 : Operation 124 [1/1] (0.00ns)   --->   "%br_ln64 = br void %arrayidx1088.exit" [src/gemm_int8.cpp:64]   --->   Operation 124 'br' 'br_ln64' <Predicate = (trunc_ln62 == 6)> <Delay = 0.00>
ST_2 : Operation 125 [1/1] (0.00ns)   --->   "%Xtile_5_addr = getelementptr i8 %Xtile_5, i64 0, i64 %zext_ln61" [src/gemm_int8.cpp:61]   --->   Operation 125 'getelementptr' 'Xtile_5_addr' <Predicate = (trunc_ln62 == 5)> <Delay = 0.00>
ST_2 : Operation 126 [1/1] (0.67ns)   --->   "%store_ln64 = store i8 %Xbuf_load, i5 %Xtile_5_addr" [src/gemm_int8.cpp:64]   --->   Operation 126 'store' 'store_ln64' <Predicate = (trunc_ln62 == 5)> <Delay = 0.67> <CoreInst = "RAM">   --->   Core 83 'RAM' <Latency = 1> <II = 1> <Delay = 0.67> <Storage> <Opcode : 'load' 'store'> <Ports = 2> <Width = 8> <Depth = 32> <RAM>
ST_2 : Operation 127 [1/1] (0.00ns)   --->   "%br_ln64 = br void %arrayidx1088.exit" [src/gemm_int8.cpp:64]   --->   Operation 127 'br' 'br_ln64' <Predicate = (trunc_ln62 == 5)> <Delay = 0.00>
ST_2 : Operation 128 [1/1] (0.00ns)   --->   "%Xtile_4_addr = getelementptr i8 %Xtile_4, i64 0, i64 %zext_ln61" [src/gemm_int8.cpp:61]   --->   Operation 128 'getelementptr' 'Xtile_4_addr' <Predicate = (trunc_ln62 == 4)> <Delay = 0.00>
ST_2 : Operation 129 [1/1] (0.67ns)   --->   "%store_ln64 = store i8 %Xbuf_load, i5 %Xtile_4_addr" [src/gemm_int8.cpp:64]   --->   Operation 129 'store' 'store_ln64' <Predicate = (trunc_ln62 == 4)> <Delay = 0.67> <CoreInst = "RAM">   --->   Core 83 'RAM' <Latency = 1> <II = 1> <Delay = 0.67> <Storage> <Opcode : 'load' 'store'> <Ports = 2> <Width = 8> <Depth = 32> <RAM>
ST_2 : Operation 130 [1/1] (0.00ns)   --->   "%br_ln64 = br void %arrayidx1088.exit" [src/gemm_int8.cpp:64]   --->   Operation 130 'br' 'br_ln64' <Predicate = (trunc_ln62 == 4)> <Delay = 0.00>
ST_2 : Operation 131 [1/1] (0.00ns)   --->   "%Xtile_3_addr = getelementptr i8 %Xtile_3, i64 0, i64 %zext_ln61" [src/gemm_int8.cpp:61]   --->   Operation 131 'getelementptr' 'Xtile_3_addr' <Predicate = (trunc_ln62 == 3)> <Delay = 0.00>
ST_2 : Operation 132 [1/1] (0.67ns)   --->   "%store_ln64 = store i8 %Xbuf_load, i5 %Xtile_3_addr" [src/gemm_int8.cpp:64]   --->   Operation 132 'store' 'store_ln64' <Predicate = (trunc_ln62 == 3)> <Delay = 0.67> <CoreInst = "RAM">   --->   Core 83 'RAM' <Latency = 1> <II = 1> <Delay = 0.67> <Storage> <Opcode : 'load' 'store'> <Ports = 2> <Width = 8> <Depth = 32> <RAM>
ST_2 : Operation 133 [1/1] (0.00ns)   --->   "%br_ln64 = br void %arrayidx1088.exit" [src/gemm_int8.cpp:64]   --->   Operation 133 'br' 'br_ln64' <Predicate = (trunc_ln62 == 3)> <Delay = 0.00>
ST_2 : Operation 134 [1/1] (0.00ns)   --->   "%Xtile_2_addr = getelementptr i8 %Xtile_2, i64 0, i64 %zext_ln61" [src/gemm_int8.cpp:61]   --->   Operation 134 'getelementptr' 'Xtile_2_addr' <Predicate = (trunc_ln62 == 2)> <Delay = 0.00>
ST_2 : Operation 135 [1/1] (0.67ns)   --->   "%store_ln64 = store i8 %Xbuf_load, i5 %Xtile_2_addr" [src/gemm_int8.cpp:64]   --->   Operation 135 'store' 'store_ln64' <Predicate = (trunc_ln62 == 2)> <Delay = 0.67> <CoreInst = "RAM">   --->   Core 83 'RAM' <Latency = 1> <II = 1> <Delay = 0.67> <Storage> <Opcode : 'load' 'store'> <Ports = 2> <Width = 8> <Depth = 32> <RAM>
ST_2 : Operation 136 [1/1] (0.00ns)   --->   "%br_ln64 = br void %arrayidx1088.exit" [src/gemm_int8.cpp:64]   --->   Operation 136 'br' 'br_ln64' <Predicate = (trunc_ln62 == 2)> <Delay = 0.00>
ST_2 : Operation 137 [1/1] (0.00ns)   --->   "%Xtile_1_addr = getelementptr i8 %Xtile_1, i64 0, i64 %zext_ln61" [src/gemm_int8.cpp:61]   --->   Operation 137 'getelementptr' 'Xtile_1_addr' <Predicate = (trunc_ln62 == 1)> <Delay = 0.00>
ST_2 : Operation 138 [1/1] (0.67ns)   --->   "%store_ln64 = store i8 %Xbuf_load, i5 %Xtile_1_addr" [src/gemm_int8.cpp:64]   --->   Operation 138 'store' 'store_ln64' <Predicate = (trunc_ln62 == 1)> <Delay = 0.67> <CoreInst = "RAM">   --->   Core 83 'RAM' <Latency = 1> <II = 1> <Delay = 0.67> <Storage> <Opcode : 'load' 'store'> <Ports = 2> <Width = 8> <Depth = 32> <RAM>
ST_2 : Operation 139 [1/1] (0.00ns)   --->   "%br_ln64 = br void %arrayidx1088.exit" [src/gemm_int8.cpp:64]   --->   Operation 139 'br' 'br_ln64' <Predicate = (trunc_ln62 == 1)> <Delay = 0.00>
ST_2 : Operation 140 [1/1] (0.00ns)   --->   "%Xtile_addr = getelementptr i8 %Xtile, i64 0, i64 %zext_ln61" [src/gemm_int8.cpp:61]   --->   Operation 140 'getelementptr' 'Xtile_addr' <Predicate = (trunc_ln62 == 0)> <Delay = 0.00>
ST_2 : Operation 141 [1/1] (0.67ns)   --->   "%store_ln64 = store i8 %Xbuf_load, i5 %Xtile_addr" [src/gemm_int8.cpp:64]   --->   Operation 141 'store' 'store_ln64' <Predicate = (trunc_ln62 == 0)> <Delay = 0.67> <CoreInst = "RAM">   --->   Core 83 'RAM' <Latency = 1> <II = 1> <Delay = 0.67> <Storage> <Opcode : 'load' 'store'> <Ports = 2> <Width = 8> <Depth = 32> <RAM>
ST_2 : Operation 142 [1/1] (0.00ns)   --->   "%br_ln64 = br void %arrayidx1088.exit" [src/gemm_int8.cpp:64]   --->   Operation 142 'br' 'br_ln64' <Predicate = (trunc_ln62 == 0)> <Delay = 0.00>
ST_2 : Operation 143 [1/1] (0.00ns)   --->   "%Xtile_31_addr = getelementptr i8 %Xtile_31, i64 0, i64 %zext_ln61" [src/gemm_int8.cpp:61]   --->   Operation 143 'getelementptr' 'Xtile_31_addr' <Predicate = (trunc_ln62 == 31)> <Delay = 0.00>
ST_2 : Operation 144 [1/1] (0.67ns)   --->   "%store_ln64 = store i8 %Xbuf_load, i5 %Xtile_31_addr" [src/gemm_int8.cpp:64]   --->   Operation 144 'store' 'store_ln64' <Predicate = (trunc_ln62 == 31)> <Delay = 0.67> <CoreInst = "RAM">   --->   Core 83 'RAM' <Latency = 1> <II = 1> <Delay = 0.67> <Storage> <Opcode : 'load' 'store'> <Ports = 2> <Width = 8> <Depth = 32> <RAM>
ST_2 : Operation 145 [1/1] (0.00ns)   --->   "%br_ln64 = br void %arrayidx1088.exit" [src/gemm_int8.cpp:64]   --->   Operation 145 'br' 'br_ln64' <Predicate = (trunc_ln62 == 31)> <Delay = 0.00>


============================================================
+ Verbose Summary: Timing violations
============================================================
Target clock period: 10.000ns, clock uncertainty: 2.700ns.

 <State 1>: 3.876ns
The critical path consists of the following:
	'alloca' operation ('kk') [36]  (0.000 ns)
	'load' operation ('kk_load', src/gemm_int8.cpp:62) on local variable 'kk' [52]  (0.000 ns)
	'icmp' operation ('icmp_ln62', src/gemm_int8.cpp:62) [57]  (0.781 ns)
	'select' operation ('select_ln61', src/gemm_int8.cpp:61) [58]  (0.384 ns)
	'add' operation ('add_ln64', src/gemm_int8.cpp:64) [70]  (0.787 ns)
	'add' operation ('add_ln64_1', src/gemm_int8.cpp:64) [72]  (0.687 ns)
	'getelementptr' operation ('Xbuf_addr', src/gemm_int8.cpp:64) [74]  (0.000 ns)
	'load' operation ('Xbuf_load', src/gemm_int8.cpp:64) on array 'Xbuf' [75]  (1.237 ns)

 <State 2>: 1.914ns
The critical path consists of the following:
	'load' operation ('Xbuf_load', src/gemm_int8.cpp:64) on array 'Xbuf' [75]  (1.237 ns)
	'store' operation ('store_ln64', src/gemm_int8.cpp:64) of variable 'Xbuf_load', src/gemm_int8.cpp:64 on array 'Xtile_21' [115]  (0.677 ns)


============================================================
+ Verbose Summary: Binding
============================================================
N/A
* FSMD analyzer results:
  - Output states:
 - Input state : 
  - Chain level:
	State 1
	State 2


============================================================
+ Verbose Summary: Datapath Resource usage 
============================================================
N/A
