

================================================================
== Vitis HLS Report for 'gemm_int8_Pipeline_VITIS_LOOP_92_7'
================================================================
* Date:           Thu Mar 12 11:38:52 2026

* Version:        2023.1 (Build 3854077 on May  4 2023)
* Project:        gemm_qkv
* Solution:       solution1 (Vivado IP Flow Target)
* Product family: zynquplus
* Target device:  xck26-sfvc784-2LV-c


================================================================
== Performance Estimates
================================================================
+ Timing: 
    * Summary: 
    +--------+----------+----------+------------+
    |  Clock |  Target  | Estimated| Uncertainty|
    +--------+----------+----------+------------+
    |ap_clk  |  10.00 ns|  7.300 ns|     2.70 ns|
    +--------+----------+----------+------------+

+ Latency: 
    * Summary: 
    +---------+---------+----------+----------+-----+-----+---------+
    |  Latency (cycles) |  Latency (absolute) |  Interval | Pipeline|
    |   min   |   max   |    min   |    max   | min | max |   Type  |
    +---------+---------+----------+----------+-----+-----+---------+
    |       34|       34|  0.340 us|  0.340 us|   34|   34|       no|
    +---------+---------+----------+----------+-----+-----+---------+

    + Detail: 
        * Instance: 
        N/A

        * Loop: 
        +-------------------+---------+---------+----------+-----------+-----------+------+----------+
        |                   |  Latency (cycles) | Iteration|  Initiation Interval  | Trip |          |
        |     Loop Name     |   min   |   max   |  Latency |  achieved |   target  | Count| Pipelined|
        +-------------------+---------+---------+----------+-----------+-----------+------+----------+
        |- VITIS_LOOP_92_7  |       32|       32|         2|          1|          1|    32|       yes|
        +-------------------+---------+---------+----------+-----------+-----------+------+----------+

============================================================
+ Verbose Summary: Synthesis Manager
============================================================
InlineROM: 1
ExposeGlobal: 0
============================================================
+ Verbose Summary: CDFG Model
============================================================
IsTopModel: 0
ResetActiveHigh: 1
IsCombinational: 0
IsDatapathOnly: 0
HasWiredReturn: 1
HasMFsm: 2
HasVarLatency: 1
IsPipeline: 0
IsRtlPipelined: 0
IsInstanceOverlapped: 0
IsDontTouch: 0
HasImplIP: 0
IsGatedGlobalClock: 0

+ Individual pipeline summary: 
  * Pipeline-0: initiation interval (II) = 1, depth = 2


============================================================
+ Verbose Summary: Schedule
============================================================
* Number of FSM states : 2
* Pipeline : 1
  Pipeline-0 : II = 1, D = 2, States = { 1 2 }
* Dataflow Pipeline: 0

* FSM state transitions: 
1 --> 2 
2 --> 

* FSM state operations: 

State 1 <SV = 0> <Delay = 1.20>
ST_1 : Operation 5 [1/1] (0.00ns)   --->   "%j = alloca i32 1"   --->   Operation 5 'alloca' 'j' <Predicate = true> <Delay = 0.00>
ST_1 : Operation 6 [1/1] (0.00ns)   --->   "%acc_31_load_read = read i32 @_ssdm_op_Read.ap_auto.i32, i32 %acc_31_load"   --->   Operation 6 'read' 'acc_31_load_read' <Predicate = true> <Delay = 0.00>
ST_1 : Operation 7 [1/1] (0.00ns)   --->   "%acc_30_load_read = read i32 @_ssdm_op_Read.ap_auto.i32, i32 %acc_30_load"   --->   Operation 7 'read' 'acc_30_load_read' <Predicate = true> <Delay = 0.00>
ST_1 : Operation 8 [1/1] (0.00ns)   --->   "%acc_29_load_read = read i32 @_ssdm_op_Read.ap_auto.i32, i32 %acc_29_load"   --->   Operation 8 'read' 'acc_29_load_read' <Predicate = true> <Delay = 0.00>
ST_1 : Operation 9 [1/1] (0.00ns)   --->   "%acc_28_load_read = read i32 @_ssdm_op_Read.ap_auto.i32, i32 %acc_28_load"   --->   Operation 9 'read' 'acc_28_load_read' <Predicate = true> <Delay = 0.00>
ST_1 : Operation 10 [1/1] (0.00ns)   --->   "%acc_27_load_read = read i32 @_ssdm_op_Read.ap_auto.i32, i32 %acc_27_load"   --->   Operation 10 'read' 'acc_27_load_read' <Predicate = true> <Delay = 0.00>
ST_1 : Operation 11 [1/1] (0.00ns)   --->   "%acc_26_load_read = read i32 @_ssdm_op_Read.ap_auto.i32, i32 %acc_26_load"   --->   Operation 11 'read' 'acc_26_load_read' <Predicate = true> <Delay = 0.00>
ST_1 : Operation 12 [1/1] (0.00ns)   --->   "%acc_25_load_read = read i32 @_ssdm_op_Read.ap_auto.i32, i32 %acc_25_load"   --->   Operation 12 'read' 'acc_25_load_read' <Predicate = true> <Delay = 0.00>
ST_1 : Operation 13 [1/1] (0.00ns)   --->   "%acc_24_load_read = read i32 @_ssdm_op_Read.ap_auto.i32, i32 %acc_24_load"   --->   Operation 13 'read' 'acc_24_load_read' <Predicate = true> <Delay = 0.00>
ST_1 : Operation 14 [1/1] (0.00ns)   --->   "%acc_23_load_read = read i32 @_ssdm_op_Read.ap_auto.i32, i32 %acc_23_load"   --->   Operation 14 'read' 'acc_23_load_read' <Predicate = true> <Delay = 0.00>
ST_1 : Operation 15 [1/1] (0.00ns)   --->   "%acc_22_load_read = read i32 @_ssdm_op_Read.ap_auto.i32, i32 %acc_22_load"   --->   Operation 15 'read' 'acc_22_load_read' <Predicate = true> <Delay = 0.00>
ST_1 : Operation 16 [1/1] (0.00ns)   --->   "%acc_21_load_read = read i32 @_ssdm_op_Read.ap_auto.i32, i32 %acc_21_load"   --->   Operation 16 'read' 'acc_21_load_read' <Predicate = true> <Delay = 0.00>
ST_1 : Operation 17 [1/1] (0.00ns)   --->   "%acc_20_load_read = read i32 @_ssdm_op_Read.ap_auto.i32, i32 %acc_20_load"   --->   Operation 17 'read' 'acc_20_load_read' <Predicate = true> <Delay = 0.00>
ST_1 : Operation 18 [1/1] (0.00ns)   --->   "%acc_19_load_read = read i32 @_ssdm_op_Read.ap_auto.i32, i32 %acc_19_load"   --->   Operation 18 'read' 'acc_19_load_read' <Predicate = true> <Delay = 0.00>
ST_1 : Operation 19 [1/1] (0.00ns)   --->   "%acc_18_load_read = read i32 @_ssdm_op_Read.ap_auto.i32, i32 %acc_18_load"   --->   Operation 19 'read' 'acc_18_load_read' <Predicate = true> <Delay = 0.00>
ST_1 : Operation 20 [1/1] (0.00ns)   --->   "%acc_17_load_read = read i32 @_ssdm_op_Read.ap_auto.i32, i32 %acc_17_load"   --->   Operation 20 'read' 'acc_17_load_read' <Predicate = true> <Delay = 0.00>
ST_1 : Operation 21 [1/1] (0.00ns)   --->   "%acc_16_load_read = read i32 @_ssdm_op_Read.ap_auto.i32, i32 %acc_16_load"   --->   Operation 21 'read' 'acc_16_load_read' <Predicate = true> <Delay = 0.00>
ST_1 : Operation 22 [1/1] (0.00ns)   --->   "%acc_15_load_read = read i32 @_ssdm_op_Read.ap_auto.i32, i32 %acc_15_load"   --->   Operation 22 'read' 'acc_15_load_read' <Predicate = true> <Delay = 0.00>
ST_1 : Operation 23 [1/1] (0.00ns)   --->   "%acc_14_load_read = read i32 @_ssdm_op_Read.ap_auto.i32, i32 %acc_14_load"   --->   Operation 23 'read' 'acc_14_load_read' <Predicate = true> <Delay = 0.00>
ST_1 : Operation 24 [1/1] (0.00ns)   --->   "%acc_13_load_read = read i32 @_ssdm_op_Read.ap_auto.i32, i32 %acc_13_load"   --->   Operation 24 'read' 'acc_13_load_read' <Predicate = true> <Delay = 0.00>
ST_1 : Operation 25 [1/1] (0.00ns)   --->   "%acc_12_load_read = read i32 @_ssdm_op_Read.ap_auto.i32, i32 %acc_12_load"   --->   Operation 25 'read' 'acc_12_load_read' <Predicate = true> <Delay = 0.00>
ST_1 : Operation 26 [1/1] (0.00ns)   --->   "%acc_11_load_read = read i32 @_ssdm_op_Read.ap_auto.i32, i32 %acc_11_load"   --->   Operation 26 'read' 'acc_11_load_read' <Predicate = true> <Delay = 0.00>
ST_1 : Operation 27 [1/1] (0.00ns)   --->   "%acc_10_load_read = read i32 @_ssdm_op_Read.ap_auto.i32, i32 %acc_10_load"   --->   Operation 27 'read' 'acc_10_load_read' <Predicate = true> <Delay = 0.00>
ST_1 : Operation 28 [1/1] (0.00ns)   --->   "%acc_9_load_read = read i32 @_ssdm_op_Read.ap_auto.i32, i32 %acc_9_load"   --->   Operation 28 'read' 'acc_9_load_read' <Predicate = true> <Delay = 0.00>
ST_1 : Operation 29 [1/1] (0.00ns)   --->   "%acc_8_load_read = read i32 @_ssdm_op_Read.ap_auto.i32, i32 %acc_8_load"   --->   Operation 29 'read' 'acc_8_load_read' <Predicate = true> <Delay = 0.00>
ST_1 : Operation 30 [1/1] (0.00ns)   --->   "%acc_7_load_read = read i32 @_ssdm_op_Read.ap_auto.i32, i32 %acc_7_load"   --->   Operation 30 'read' 'acc_7_load_read' <Predicate = true> <Delay = 0.00>
ST_1 : Operation 31 [1/1] (0.00ns)   --->   "%acc_6_load_read = read i32 @_ssdm_op_Read.ap_auto.i32, i32 %acc_6_load"   --->   Operation 31 'read' 'acc_6_load_read' <Predicate = true> <Delay = 0.00>
ST_1 : Operation 32 [1/1] (0.00ns)   --->   "%acc_5_load_read = read i32 @_ssdm_op_Read.ap_auto.i32, i32 %acc_5_load"   --->   Operation 32 'read' 'acc_5_load_read' <Predicate = true> <Delay = 0.00>
ST_1 : Operation 33 [1/1] (0.00ns)   --->   "%acc_4_load_read = read i32 @_ssdm_op_Read.ap_auto.i32, i32 %acc_4_load"   --->   Operation 33 'read' 'acc_4_load_read' <Predicate = true> <Delay = 0.00>
ST_1 : Operation 34 [1/1] (0.00ns)   --->   "%acc_3_load_read = read i32 @_ssdm_op_Read.ap_auto.i32, i32 %acc_3_load"   --->   Operation 34 'read' 'acc_3_load_read' <Predicate = true> <Delay = 0.00>
ST_1 : Operation 35 [1/1] (0.00ns)   --->   "%acc_2_load_read = read i32 @_ssdm_op_Read.ap_auto.i32, i32 %acc_2_load"   --->   Operation 35 'read' 'acc_2_load_read' <Predicate = true> <Delay = 0.00>
ST_1 : Operation 36 [1/1] (0.00ns)   --->   "%acc_1_load_read = read i32 @_ssdm_op_Read.ap_auto.i32, i32 %acc_1_load"   --->   Operation 36 'read' 'acc_1_load_read' <Predicate = true> <Delay = 0.00>
ST_1 : Operation 37 [1/1] (0.00ns)   --->   "%acc_load_read = read i32 @_ssdm_op_Read.ap_auto.i32, i32 %acc_load"   --->   Operation 37 'read' 'acc_load_read' <Predicate = true> <Delay = 0.00>
ST_1 : Operation 38 [1/1] (0.00ns)   --->   "%sext_ln92_read = read i62 @_ssdm_op_Read.ap_auto.i62, i62 %sext_ln92"   --->   Operation 38 'read' 'sext_ln92_read' <Predicate = true> <Delay = 0.00>
ST_1 : Operation 39 [1/1] (0.00ns)   --->   "%sext_ln92_cast = sext i62 %sext_ln92_read"   --->   Operation 39 'sext' 'sext_ln92_cast' <Predicate = true> <Delay = 0.00>
ST_1 : Operation 40 [1/1] (0.00ns)   --->   "%specinterface_ln0 = specinterface void @_ssdm_op_SpecInterface, i32 %gmem2, void @empty_5, i32 0, i32 0, void @empty_4, i32 0, i32 49152, void @empty_0, void @empty_2, void @empty_4, i32 16, i32 16, i32 16, i32 16, void @empty_4, void @empty_4, i32 4294967295, i32 0"   --->   Operation 40 'specinterface' 'specinterface_ln0' <Predicate = true> <Delay = 0.00>
ST_1 : Operation 41 [1/1] (0.42ns)   --->   "%store_ln0 = store i6 0, i6 %j"   --->   Operation 41 'store' 'store_ln0' <Predicate = true> <Delay = 0.42>
ST_1 : Operation 42 [1/1] (0.00ns)   --->   "%br_ln0 = br void %for.inc207"   --->   Operation 42 'br' 'br_ln0' <Predicate = true> <Delay = 0.00>
ST_1 : Operation 43 [1/1] (0.00ns)   --->   "%j_1 = load i6 %j" [src/gemm_int8.cpp:92]   --->   Operation 43 'load' 'j_1' <Predicate = true> <Delay = 0.00>
ST_1 : Operation 44 [1/1] (0.00ns)   --->   "%specbitsmap_ln0 = specbitsmap void @_ssdm_op_SpecBitsMap, i32 %gmem2"   --->   Operation 44 'specbitsmap' 'specbitsmap_ln0' <Predicate = true> <Delay = 0.00>
ST_1 : Operation 45 [1/1] (0.00ns)   --->   "%gmem2_addr = getelementptr i32 %gmem2, i64 %sext_ln92_cast" [src/gemm_int8.cpp:92]   --->   Operation 45 'getelementptr' 'gmem2_addr' <Predicate = true> <Delay = 0.00>
ST_1 : Operation 46 [1/1] (0.78ns)   --->   "%icmp_ln92 = icmp_eq  i6 %j_1, i6 32" [src/gemm_int8.cpp:92]   --->   Operation 46 'icmp' 'icmp_ln92' <Predicate = true> <Delay = 0.78> <CoreInst = "Cmp">   --->   Core 9 'Cmp' <Latency = 0> <II = 1> <Delay = 0.78> <FuncUnit> <Opcode : 'icmp'> <InPorts = 2> <OutPorts = 1>
ST_1 : Operation 47 [1/1] (0.78ns)   --->   "%add_ln92 = add i6 %j_1, i6 1" [src/gemm_int8.cpp:92]   --->   Operation 47 'add' 'add_ln92' <Predicate = true> <Delay = 0.78> <CoreInst = "Adder">   --->   Core 1 'Adder' <Latency = 0> <II = 1> <Delay = 0.78> <FuncUnit> <Opcode : 'add' 'sub'> <InPorts = 2> <OutPorts = 1>
ST_1 : Operation 48 [1/1] (0.00ns)   --->   "%br_ln92 = br i1 %icmp_ln92, void %for.inc207.split, void %for.inc210.exitStub" [src/gemm_int8.cpp:92]   --->   Operation 48 'br' 'br_ln92' <Predicate = true> <Delay = 0.00>
ST_1 : Operation 49 [1/1] (0.00ns)   --->   "%trunc_ln92 = trunc i6 %j_1" [src/gemm_int8.cpp:92]   --->   Operation 49 'trunc' 'trunc_ln92' <Predicate = (!icmp_ln92)> <Delay = 0.00>
ST_1 : Operation 50 [1/1] (0.78ns)   --->   "%tmp = mux i32 @_ssdm_op_Mux.ap_auto.32i32.i5, i32 %acc_load_read, i32 %acc_1_load_read, i32 %acc_2_load_read, i32 %acc_3_load_read, i32 %acc_4_load_read, i32 %acc_5_load_read, i32 %acc_6_load_read, i32 %acc_7_load_read, i32 %acc_8_load_read, i32 %acc_9_load_read, i32 %acc_10_load_read, i32 %acc_11_load_read, i32 %acc_12_load_read, i32 %acc_13_load_read, i32 %acc_14_load_read, i32 %acc_15_load_read, i32 %acc_16_load_read, i32 %acc_17_load_read, i32 %acc_18_load_read, i32 %acc_19_load_read, i32 %acc_20_load_read, i32 %acc_21_load_read, i32 %acc_22_load_read, i32 %acc_23_load_read, i32 %acc_24_load_read, i32 %acc_25_load_read, i32 %acc_26_load_read, i32 %acc_27_load_read, i32 %acc_28_load_read, i32 %acc_29_load_read, i32 %acc_30_load_read, i32 %acc_31_load_read, i5 %trunc_ln92" [src/gemm_int8.cpp:94]   --->   Operation 50 'mux' 'tmp' <Predicate = (!icmp_ln92)> <Delay = 0.78> <CoreInst = "Multiplexer">   --->   Core 76 'Multiplexer' <Latency = 0> <II = 1> <Delay = 0.78> <FuncUnit> <Opcode : 'mux'> <InPorts = 2> <OutPorts = 1>
ST_1 : Operation 51 [1/1] (0.42ns)   --->   "%store_ln92 = store i6 %add_ln92, i6 %j" [src/gemm_int8.cpp:92]   --->   Operation 51 'store' 'store_ln92' <Predicate = (!icmp_ln92)> <Delay = 0.42>
ST_1 : Operation 57 [1/1] (0.00ns)   --->   "%ret_ln0 = ret"   --->   Operation 57 'ret' 'ret_ln0' <Predicate = (icmp_ln92)> <Delay = 0.00>

State 2 <SV = 1> <Delay = 7.30>
ST_2 : Operation 52 [1/1] (0.00ns)   --->   "%specpipeline_ln93 = specpipeline void @_ssdm_op_SpecPipeline, i32 1, i32 0, i32 0, i32 0, void @empty_4" [src/gemm_int8.cpp:93]   --->   Operation 52 'specpipeline' 'specpipeline_ln93' <Predicate = true> <Delay = 0.00>
ST_2 : Operation 53 [1/1] (0.00ns)   --->   "%speclooptripcount_ln92 = speclooptripcount void @_ssdm_op_SpecLoopTripCount, i64 32, i64 32, i64 32" [src/gemm_int8.cpp:92]   --->   Operation 53 'speclooptripcount' 'speclooptripcount_ln92' <Predicate = true> <Delay = 0.00>
ST_2 : Operation 54 [1/1] (0.00ns)   --->   "%specloopname_ln92 = specloopname void @_ssdm_op_SpecLoopName, void @empty_18" [src/gemm_int8.cpp:92]   --->   Operation 54 'specloopname' 'specloopname_ln92' <Predicate = true> <Delay = 0.00>
ST_2 : Operation 55 [1/1] (7.30ns)   --->   "%write_ln94 = write void @_ssdm_op_Write.m_axi.p1i32, i32 %gmem2_addr, i32 %tmp, i4 15" [src/gemm_int8.cpp:94]   --->   Operation 55 'write' 'write_ln94' <Predicate = true> <Delay = 7.30> <CoreInst = "m_axi">   --->   Core 121 'm_axi' <Latency = 0> <II = 1> <Delay = 1.00> <Adapter> <Opcode : 'read' 'write' 'readreq' 'writereq' 'writeresp'>
ST_2 : Operation 56 [1/1] (0.00ns)   --->   "%br_ln92 = br void %for.inc207" [src/gemm_int8.cpp:92]   --->   Operation 56 'br' 'br_ln92' <Predicate = true> <Delay = 0.00>


============================================================
+ Verbose Summary: Timing violations
============================================================
Target clock period: 10.000ns, clock uncertainty: 2.700ns.

 <State 1>: 1.208ns
The critical path consists of the following:
	'alloca' operation ('j') [35]  (0.000 ns)
	'load' operation ('j', src/gemm_int8.cpp:92) on local variable 'j' [74]  (0.000 ns)
	'add' operation ('add_ln92', src/gemm_int8.cpp:92) [78]  (0.781 ns)
	'store' operation ('store_ln92', src/gemm_int8.cpp:92) of variable 'add_ln92', src/gemm_int8.cpp:92 on local variable 'j' [87]  (0.427 ns)

 <State 2>: 7.300ns
The critical path consists of the following:
	bus write operation ('write_ln94', src/gemm_int8.cpp:94) on port 'gmem2' (src/gemm_int8.cpp:94) [86]  (7.300 ns)


============================================================
+ Verbose Summary: Binding
============================================================
N/A
* FSMD analyzer results:
  - Output states:
 - Input state : 
  - Chain level:
	State 1
	State 2


============================================================
+ Verbose Summary: Datapath Resource usage 
============================================================
N/A
