

================================================================
== Vitis HLS Report for 'gemm_int8_Pipeline_VITIS_LOOP_92_7'
================================================================
* Date:           Thu Mar 12 11:38:55 2026

* Version:        2023.1 (Build 3854077 on May  4 2023)
* Project:        gemm_qkv
* Solution:       solution1 (Vivado IP Flow Target)
* Product family: zynquplus
* Target device:  xck26-sfvc784-2LV-c


================================================================
== Performance Estimates
================================================================
+ Timing: 
    * Summary: 
    +--------+----------+----------+------------+
    |  Clock |  Target  | Estimated| Uncertainty|
    +--------+----------+----------+------------+
    |ap_clk  |  10.00 ns|  7.300 ns|     2.70 ns|
    +--------+----------+----------+------------+

+ Latency: 
    * Summary: 
    +---------+---------+----------+----------+-----+-----+---------+
    |  Latency (cycles) |  Latency (absolute) |  Interval | Pipeline|
    |   min   |   max   |    min   |    max   | min | max |   Type  |
    +---------+---------+----------+----------+-----+-----+---------+
    |       34|       34|  0.340 us|  0.340 us|   34|   34|       no|
    +---------+---------+----------+----------+-----+-----+---------+

    + Detail: 
        * Instance: 
        N/A

        * Loop: 
        +-------------------+---------+---------+----------+-----------+-----------+------+----------+
        |                   |  Latency (cycles) | Iteration|  Initiation Interval  | Trip |          |
        |     Loop Name     |   min   |   max   |  Latency |  achieved |   target  | Count| Pipelined|
        +-------------------+---------+---------+----------+-----------+-----------+------+----------+
        |- VITIS_LOOP_92_7  |       32|       32|         2|          1|          1|    32|       yes|
        +-------------------+---------+---------+----------+-----------+-----------+------+----------+



================================================================
== Utilization Estimates
================================================================
* Summary: 
+-----------------+---------+------+--------+--------+-----+
|       Name      | BRAM_18K|  DSP |   FF   |   LUT  | URAM|
+-----------------+---------+------+--------+--------+-----+
|DSP              |        -|     -|       -|       -|    -|
|Expression       |        -|     -|       0|      31|    -|
|FIFO             |        -|     -|       -|       -|    -|
|Instance         |        -|     -|       0|     148|    -|
|Memory           |        -|     -|       -|       -|    -|
|Multiplexer      |        -|     -|       -|      45|    -|
|Register         |        -|     -|      41|       -|    -|
+-----------------+---------+------+--------+--------+-----+
|Total            |        0|     0|      41|     224|    0|
+-----------------+---------+------+--------+--------+-----+
|Available        |      288|  1248|  234240|  117120|   64|
+-----------------+---------+------+--------+--------+-----+
|Utilization (%)  |        0|     0|      ~0|      ~0|    0|
+-----------------+---------+------+--------+--------+-----+

+ Detail: 
    * Instance: 
    +----------------------+-----------------+---------+----+---+-----+-----+
    |       Instance       |      Module     | BRAM_18K| DSP| FF| LUT | URAM|
    +----------------------+-----------------+---------+----+---+-----+-----+
    |mux_32_5_32_1_1_U273  |mux_32_5_32_1_1  |        0|   0|  0|  148|    0|
    +----------------------+-----------------+---------+----+---+-----+-----+
    |Total                 |                 |        0|   0|  0|  148|    0|
    +----------------------+-----------------+---------+----+---+-----+-----+

    * DSP: 
    N/A

    * Memory: 
    N/A

    * FIFO: 
    N/A

    * Expression: 
    +---------------------------+----------+----+---+----+------------+------------+
    |       Variable Name       | Operation| DSP| FF| LUT| Bitwidth P0| Bitwidth P1|
    +---------------------------+----------+----+---+----+------------+------------+
    |add_ln92_fu_350_p2         |         +|   0|  0|  13|           6|           1|
    |ap_block_pp0_stage0_11001  |       and|   0|  0|   2|           1|           1|
    |icmp_ln92_fu_344_p2        |      icmp|   0|  0|  14|           6|           7|
    |ap_enable_pp0              |       xor|   0|  0|   2|           1|           2|
    +---------------------------+----------+----+---+----+------------+------------+
    |Total                      |          |   0|  0|  31|          14|          11|
    +---------------------------+----------+----+---+----+------------+------------+

    * Multiplexer: 
    +-------------------------+----+-----------+-----+-----------+
    |           Name          | LUT| Input Size| Bits| Total Bits|
    +-------------------------+----+-----------+-----+-----------+
    |ap_done_int              |   9|          2|    1|          2|
    |ap_enable_reg_pp0_iter1  |   9|          2|    1|          2|
    |ap_sig_allocacmp_j_1     |   9|          2|    6|         12|
    |gmem2_blk_n_W            |   9|          2|    1|          2|
    |j_fu_116                 |   9|          2|    6|         12|
    +-------------------------+----+-----------+-----+-----------+
    |Total                    |  45|         10|   15|         30|
    +-------------------------+----+-----------+-----+-----------+

    * Register: 
    +-------------------------+----+----+-----+-----------+
    |           Name          | FF | LUT| Bits| Const Bits|
    +-------------------------+----+----+-----+-----------+
    |ap_CS_fsm                |   1|   0|    1|          0|
    |ap_done_reg              |   1|   0|    1|          0|
    |ap_enable_reg_pp0_iter1  |   1|   0|    1|          0|
    |j_fu_116                 |   6|   0|    6|          0|
    |tmp_reg_450              |  32|   0|   32|          0|
    +-------------------------+----+----+-----+-----------+
    |Total                    |  41|   0|   41|          0|
    +-------------------------+----+----+-----+-----------+



================================================================
== Interface
================================================================
* Summary: 
+----------------------+-----+-----+------------+------------------------------------+--------------+
|       RTL Ports      | Dir | Bits|  Protocol  |            Source Object           |    C Type    |
+----------------------+-----+-----+------------+------------------------------------+--------------+
|ap_clk                |   in|    1|  ap_ctrl_hs|  gemm_int8_Pipeline_VITIS_LOOP_92_7|  return value|
|ap_rst                |   in|    1|  ap_ctrl_hs|  gemm_int8_Pipeline_VITIS_LOOP_92_7|  return value|
|ap_start              |   in|    1|  ap_ctrl_hs|  gemm_int8_Pipeline_VITIS_LOOP_92_7|  return value|
|ap_done               |  out|    1|  ap_ctrl_hs|  gemm_int8_Pipeline_VITIS_LOOP_92_7|  return value|
|ap_idle               |  out|    1|  ap_ctrl_hs|  gemm_int8_Pipeline_VITIS_LOOP_92_7|  return value|
|ap_ready              |  out|    1|  ap_ctrl_hs|  gemm_int8_Pipeline_VITIS_LOOP_92_7|  return value|
|m_axi_gmem2_AWVALID   |  out|    1|       m_axi|                               gmem2|       pointer|
|m_axi_gmem2_AWREADY   |   in|    1|       m_axi|                               gmem2|       pointer|
|m_axi_gmem2_AWADDR    |  out|   64|       m_axi|                               gmem2|       pointer|
|m_axi_gmem2_AWID      |  out|    1|       m_axi|                               gmem2|       pointer|
|m_axi_gmem2_AWLEN     |  out|   32|       m_axi|                               gmem2|       pointer|
|m_axi_gmem2_AWSIZE    |  out|    3|       m_axi|                               gmem2|       pointer|
|m_axi_gmem2_AWBURST   |  out|    2|       m_axi|                               gmem2|       pointer|
|m_axi_gmem2_AWLOCK    |  out|    2|       m_axi|                               gmem2|       pointer|
|m_axi_gmem2_AWCACHE   |  out|    4|       m_axi|                               gmem2|       pointer|
|m_axi_gmem2_AWPROT    |  out|    3|       m_axi|                               gmem2|       pointer|
|m_axi_gmem2_AWQOS     |  out|    4|       m_axi|                               gmem2|       pointer|
|m_axi_gmem2_AWREGION  |  out|    4|       m_axi|                               gmem2|       pointer|
|m_axi_gmem2_AWUSER    |  out|    1|       m_axi|                               gmem2|       pointer|
|m_axi_gmem2_WVALID    |  out|    1|       m_axi|                               gmem2|       pointer|
|m_axi_gmem2_WREADY    |   in|    1|       m_axi|                               gmem2|       pointer|
|m_axi_gmem2_WDATA     |  out|   32|       m_axi|                               gmem2|       pointer|
|m_axi_gmem2_WSTRB     |  out|    4|       m_axi|                               gmem2|       pointer|
|m_axi_gmem2_WLAST     |  out|    1|       m_axi|                               gmem2|       pointer|
|m_axi_gmem2_WID       |  out|    1|       m_axi|                               gmem2|       pointer|
|m_axi_gmem2_WUSER     |  out|    1|       m_axi|                               gmem2|       pointer|
|m_axi_gmem2_ARVALID   |  out|    1|       m_axi|                               gmem2|       pointer|
|m_axi_gmem2_ARREADY   |   in|    1|       m_axi|                               gmem2|       pointer|
|m_axi_gmem2_ARADDR    |  out|   64|       m_axi|                               gmem2|       pointer|
|m_axi_gmem2_ARID      |  out|    1|       m_axi|                               gmem2|       pointer|
|m_axi_gmem2_ARLEN     |  out|   32|       m_axi|                               gmem2|       pointer|
|m_axi_gmem2_ARSIZE    |  out|    3|       m_axi|                               gmem2|       pointer|
|m_axi_gmem2_ARBURST   |  out|    2|       m_axi|                               gmem2|       pointer|
|m_axi_gmem2_ARLOCK    |  out|    2|       m_axi|                               gmem2|       pointer|
|m_axi_gmem2_ARCACHE   |  out|    4|       m_axi|                               gmem2|       pointer|
|m_axi_gmem2_ARPROT    |  out|    3|       m_axi|                               gmem2|       pointer|
|m_axi_gmem2_ARQOS     |  out|    4|       m_axi|                               gmem2|       pointer|
|m_axi_gmem2_ARREGION  |  out|    4|       m_axi|                               gmem2|       pointer|
|m_axi_gmem2_ARUSER    |  out|    1|       m_axi|                               gmem2|       pointer|
|m_axi_gmem2_RVALID    |   in|    1|       m_axi|                               gmem2|       pointer|
|m_axi_gmem2_RREADY    |  out|    1|       m_axi|                               gmem2|       pointer|
|m_axi_gmem2_RDATA     |   in|   32|       m_axi|                               gmem2|       pointer|
|m_axi_gmem2_RLAST     |   in|    1|       m_axi|                               gmem2|       pointer|
|m_axi_gmem2_RID       |   in|    1|       m_axi|                               gmem2|       pointer|
|m_axi_gmem2_RFIFONUM  |   in|    9|       m_axi|                               gmem2|       pointer|
|m_axi_gmem2_RUSER     |   in|    1|       m_axi|                               gmem2|       pointer|
|m_axi_gmem2_RRESP     |   in|    2|       m_axi|                               gmem2|       pointer|
|m_axi_gmem2_BVALID    |   in|    1|       m_axi|                               gmem2|       pointer|
|m_axi_gmem2_BREADY    |  out|    1|       m_axi|                               gmem2|       pointer|
|m_axi_gmem2_BRESP     |   in|    2|       m_axi|                               gmem2|       pointer|
|m_axi_gmem2_BID       |   in|    1|       m_axi|                               gmem2|       pointer|
|m_axi_gmem2_BUSER     |   in|    1|       m_axi|                               gmem2|       pointer|
|sext_ln92             |   in|   62|     ap_none|                           sext_ln92|        scalar|
|acc_load              |   in|   32|     ap_none|                            acc_load|        scalar|
|acc_1_load            |   in|   32|     ap_none|                          acc_1_load|        scalar|
|acc_2_load            |   in|   32|     ap_none|                          acc_2_load|        scalar|
|acc_3_load            |   in|   32|     ap_none|                          acc_3_load|        scalar|
|acc_4_load            |   in|   32|     ap_none|                          acc_4_load|        scalar|
|acc_5_load            |   in|   32|     ap_none|                          acc_5_load|        scalar|
|acc_6_load            |   in|   32|     ap_none|                          acc_6_load|        scalar|
|acc_7_load            |   in|   32|     ap_none|                          acc_7_load|        scalar|
|acc_8_load            |   in|   32|     ap_none|                          acc_8_load|        scalar|
|acc_9_load            |   in|   32|     ap_none|                          acc_9_load|        scalar|
|acc_10_load           |   in|   32|     ap_none|                         acc_10_load|        scalar|
|acc_11_load           |   in|   32|     ap_none|                         acc_11_load|        scalar|
|acc_12_load           |   in|   32|     ap_none|                         acc_12_load|        scalar|
|acc_13_load           |   in|   32|     ap_none|                         acc_13_load|        scalar|
|acc_14_load           |   in|   32|     ap_none|                         acc_14_load|        scalar|
|acc_15_load           |   in|   32|     ap_none|                         acc_15_load|        scalar|
|acc_16_load           |   in|   32|     ap_none|                         acc_16_load|        scalar|
|acc_17_load           |   in|   32|     ap_none|                         acc_17_load|        scalar|
|acc_18_load           |   in|   32|     ap_none|                         acc_18_load|        scalar|
|acc_19_load           |   in|   32|     ap_none|                         acc_19_load|        scalar|
|acc_20_load           |   in|   32|     ap_none|                         acc_20_load|        scalar|
|acc_21_load           |   in|   32|     ap_none|                         acc_21_load|        scalar|
|acc_22_load           |   in|   32|     ap_none|                         acc_22_load|        scalar|
|acc_23_load           |   in|   32|     ap_none|                         acc_23_load|        scalar|
|acc_24_load           |   in|   32|     ap_none|                         acc_24_load|        scalar|
|acc_25_load           |   in|   32|     ap_none|                         acc_25_load|        scalar|
|acc_26_load           |   in|   32|     ap_none|                         acc_26_load|        scalar|
|acc_27_load           |   in|   32|     ap_none|                         acc_27_load|        scalar|
|acc_28_load           |   in|   32|     ap_none|                         acc_28_load|        scalar|
|acc_29_load           |   in|   32|     ap_none|                         acc_29_load|        scalar|
|acc_30_load           |   in|   32|     ap_none|                         acc_30_load|        scalar|
|acc_31_load           |   in|   32|     ap_none|                         acc_31_load|        scalar|
+----------------------+-----+-----+------------+------------------------------------+--------------+

============================================================
+ Verbose Summary: Synthesis Manager
============================================================
InlineROM: 1
ExposeGlobal: 0
============================================================
+ Verbose Summary: CDFG Model
============================================================
IsTopModel: 0
ResetActiveHigh: 1
IsCombinational: 2
IsDatapathOnly: 2
HasWiredReturn: 1
HasMFsm: 2
HasVarLatency: 1
IsPipeline: 0
IsRtlPipelined: 0
IsInstanceOverlapped: 0
IsDontTouch: 0
HasImplIP: 0
IsGatedGlobalClock: 0

+ Individual pipeline summary: 
  * Pipeline-0: initiation interval (II) = 1, depth = 2


============================================================
+ Verbose Summary: Schedule
============================================================
* Number of FSM states : 2
* Pipeline : 1
  Pipeline-0 : II = 1, D = 2, States = { 1 2 }
* Dataflow Pipeline: 0

* FSM state transitions: 
1 --> 2 
2 --> 

* FSM state operations: 

State 1 <SV = 0> <Delay = 1.20>
ST_1 : Operation 5 [1/1] (0.00ns)   --->   "%j = alloca i32 1"   --->   Operation 5 'alloca' 'j' <Predicate = true> <Delay = 0.00>
ST_1 : Operation 6 [1/1] (0.00ns)   --->   "%acc_31_load_read = read i32 @_ssdm_op_Read.ap_auto.i32, i32 %acc_31_load"   --->   Operation 6 'read' 'acc_31_load_read' <Predicate = true> <Delay = 0.00>
ST_1 : Operation 7 [1/1] (0.00ns)   --->   "%acc_30_load_read = read i32 @_ssdm_op_Read.ap_auto.i32, i32 %acc_30_load"   --->   Operation 7 'read' 'acc_30_load_read' <Predicate = true> <Delay = 0.00>
ST_1 : Operation 8 [1/1] (0.00ns)   --->   "%acc_29_load_read = read i32 @_ssdm_op_Read.ap_auto.i32, i32 %acc_29_load"   --->   Operation 8 'read' 'acc_29_load_read' <Predicate = true> <Delay = 0.00>
ST_1 : Operation 9 [1/1] (0.00ns)   --->   "%acc_28_load_read = read i32 @_ssdm_op_Read.ap_auto.i32, i32 %acc_28_load"   --->   Operation 9 'read' 'acc_28_load_read' <Predicate = true> <Delay = 0.00>
ST_1 : Operation 10 [1/1] (0.00ns)   --->   "%acc_27_load_read = read i32 @_ssdm_op_Read.ap_auto.i32, i32 %acc_27_load"   --->   Operation 10 'read' 'acc_27_load_read' <Predicate = true> <Delay = 0.00>
ST_1 : Operation 11 [1/1] (0.00ns)   --->   "%acc_26_load_read = read i32 @_ssdm_op_Read.ap_auto.i32, i32 %acc_26_load"   --->   Operation 11 'read' 'acc_26_load_read' <Predicate = true> <Delay = 0.00>
ST_1 : Operation 12 [1/1] (0.00ns)   --->   "%acc_25_load_read = read i32 @_ssdm_op_Read.ap_auto.i32, i32 %acc_25_load"   --->   Operation 12 'read' 'acc_25_load_read' <Predicate = true> <Delay = 0.00>
ST_1 : Operation 13 [1/1] (0.00ns)   --->   "%acc_24_load_read = read i32 @_ssdm_op_Read.ap_auto.i32, i32 %acc_24_load"   --->   Operation 13 'read' 'acc_24_load_read' <Predicate = true> <Delay = 0.00>
ST_1 : Operation 14 [1/1] (0.00ns)   --->   "%acc_23_load_read = read i32 @_ssdm_op_Read.ap_auto.i32, i32 %acc_23_load"   --->   Operation 14 'read' 'acc_23_load_read' <Predicate = true> <Delay = 0.00>
ST_1 : Operation 15 [1/1] (0.00ns)   --->   "%acc_22_load_read = read i32 @_ssdm_op_Read.ap_auto.i32, i32 %acc_22_load"   --->   Operation 15 'read' 'acc_22_load_read' <Predicate = true> <Delay = 0.00>
ST_1 : Operation 16 [1/1] (0.00ns)   --->   "%acc_21_load_read = read i32 @_ssdm_op_Read.ap_auto.i32, i32 %acc_21_load"   --->   Operation 16 'read' 'acc_21_load_read' <Predicate = true> <Delay = 0.00>
ST_1 : Operation 17 [1/1] (0.00ns)   --->   "%acc_20_load_read = read i32 @_ssdm_op_Read.ap_auto.i32, i32 %acc_20_load"   --->   Operation 17 'read' 'acc_20_load_read' <Predicate = true> <Delay = 0.00>
ST_1 : Operation 18 [1/1] (0.00ns)   --->   "%acc_19_load_read = read i32 @_ssdm_op_Read.ap_auto.i32, i32 %acc_19_load"   --->   Operation 18 'read' 'acc_19_load_read' <Predicate = true> <Delay = 0.00>
ST_1 : Operation 19 [1/1] (0.00ns)   --->   "%acc_18_load_read = read i32 @_ssdm_op_Read.ap_auto.i32, i32 %acc_18_load"   --->   Operation 19 'read' 'acc_18_load_read' <Predicate = true> <Delay = 0.00>
ST_1 : Operation 20 [1/1] (0.00ns)   --->   "%acc_17_load_read = read i32 @_ssdm_op_Read.ap_auto.i32, i32 %acc_17_load"   --->   Operation 20 'read' 'acc_17_load_read' <Predicate = true> <Delay = 0.00>
ST_1 : Operation 21 [1/1] (0.00ns)   --->   "%acc_16_load_read = read i32 @_ssdm_op_Read.ap_auto.i32, i32 %acc_16_load"   --->   Operation 21 'read' 'acc_16_load_read' <Predicate = true> <Delay = 0.00>
ST_1 : Operation 22 [1/1] (0.00ns)   --->   "%acc_15_load_read = read i32 @_ssdm_op_Read.ap_auto.i32, i32 %acc_15_load"   --->   Operation 22 'read' 'acc_15_load_read' <Predicate = true> <Delay = 0.00>
ST_1 : Operation 23 [1/1] (0.00ns)   --->   "%acc_14_load_read = read i32 @_ssdm_op_Read.ap_auto.i32, i32 %acc_14_load"   --->   Operation 23 'read' 'acc_14_load_read' <Predicate = true> <Delay = 0.00>
ST_1 : Operation 24 [1/1] (0.00ns)   --->   "%acc_13_load_read = read i32 @_ssdm_op_Read.ap_auto.i32, i32 %acc_13_load"   --->   Operation 24 'read' 'acc_13_load_read' <Predicate = true> <Delay = 0.00>
ST_1 : Operation 25 [1/1] (0.00ns)   --->   "%acc_12_load_read = read i32 @_ssdm_op_Read.ap_auto.i32, i32 %acc_12_load"   --->   Operation 25 'read' 'acc_12_load_read' <Predicate = true> <Delay = 0.00>
ST_1 : Operation 26 [1/1] (0.00ns)   --->   "%acc_11_load_read = read i32 @_ssdm_op_Read.ap_auto.i32, i32 %acc_11_load"   --->   Operation 26 'read' 'acc_11_load_read' <Predicate = true> <Delay = 0.00>
ST_1 : Operation 27 [1/1] (0.00ns)   --->   "%acc_10_load_read = read i32 @_ssdm_op_Read.ap_auto.i32, i32 %acc_10_load"   --->   Operation 27 'read' 'acc_10_load_read' <Predicate = true> <Delay = 0.00>
ST_1 : Operation 28 [1/1] (0.00ns)   --->   "%acc_9_load_read = read i32 @_ssdm_op_Read.ap_auto.i32, i32 %acc_9_load"   --->   Operation 28 'read' 'acc_9_load_read' <Predicate = true> <Delay = 0.00>
ST_1 : Operation 29 [1/1] (0.00ns)   --->   "%acc_8_load_read = read i32 @_ssdm_op_Read.ap_auto.i32, i32 %acc_8_load"   --->   Operation 29 'read' 'acc_8_load_read' <Predicate = true> <Delay = 0.00>
ST_1 : Operation 30 [1/1] (0.00ns)   --->   "%acc_7_load_read = read i32 @_ssdm_op_Read.ap_auto.i32, i32 %acc_7_load"   --->   Operation 30 'read' 'acc_7_load_read' <Predicate = true> <Delay = 0.00>
ST_1 : Operation 31 [1/1] (0.00ns)   --->   "%acc_6_load_read = read i32 @_ssdm_op_Read.ap_auto.i32, i32 %acc_6_load"   --->   Operation 31 'read' 'acc_6_load_read' <Predicate = true> <Delay = 0.00>
ST_1 : Operation 32 [1/1] (0.00ns)   --->   "%acc_5_load_read = read i32 @_ssdm_op_Read.ap_auto.i32, i32 %acc_5_load"   --->   Operation 32 'read' 'acc_5_load_read' <Predicate = true> <Delay = 0.00>
ST_1 : Operation 33 [1/1] (0.00ns)   --->   "%acc_4_load_read = read i32 @_ssdm_op_Read.ap_auto.i32, i32 %acc_4_load"   --->   Operation 33 'read' 'acc_4_load_read' <Predicate = true> <Delay = 0.00>
ST_1 : Operation 34 [1/1] (0.00ns)   --->   "%acc_3_load_read = read i32 @_ssdm_op_Read.ap_auto.i32, i32 %acc_3_load"   --->   Operation 34 'read' 'acc_3_load_read' <Predicate = true> <Delay = 0.00>
ST_1 : Operation 35 [1/1] (0.00ns)   --->   "%acc_2_load_read = read i32 @_ssdm_op_Read.ap_auto.i32, i32 %acc_2_load"   --->   Operation 35 'read' 'acc_2_load_read' <Predicate = true> <Delay = 0.00>
ST_1 : Operation 36 [1/1] (0.00ns)   --->   "%acc_1_load_read = read i32 @_ssdm_op_Read.ap_auto.i32, i32 %acc_1_load"   --->   Operation 36 'read' 'acc_1_load_read' <Predicate = true> <Delay = 0.00>
ST_1 : Operation 37 [1/1] (0.00ns)   --->   "%acc_load_read = read i32 @_ssdm_op_Read.ap_auto.i32, i32 %acc_load"   --->   Operation 37 'read' 'acc_load_read' <Predicate = true> <Delay = 0.00>
ST_1 : Operation 38 [1/1] (0.00ns)   --->   "%sext_ln92_read = read i62 @_ssdm_op_Read.ap_auto.i62, i62 %sext_ln92"   --->   Operation 38 'read' 'sext_ln92_read' <Predicate = true> <Delay = 0.00>
ST_1 : Operation 39 [1/1] (0.00ns)   --->   "%sext_ln92_cast = sext i62 %sext_ln92_read"   --->   Operation 39 'sext' 'sext_ln92_cast' <Predicate = true> <Delay = 0.00>
ST_1 : Operation 40 [1/1] (0.00ns)   --->   "%specinterface_ln0 = specinterface void @_ssdm_op_SpecInterface, i32 %gmem2, void @empty_5, i32 0, i32 0, void @empty_4, i32 0, i32 49152, void @empty_0, void @empty_2, void @empty_4, i32 16, i32 16, i32 16, i32 16, void @empty_4, void @empty_4, i32 4294967295, i32 0"   --->   Operation 40 'specinterface' 'specinterface_ln0' <Predicate = true> <Delay = 0.00>
ST_1 : Operation 41 [1/1] (0.42ns)   --->   "%store_ln0 = store i6 0, i6 %j"   --->   Operation 41 'store' 'store_ln0' <Predicate = true> <Delay = 0.42>
ST_1 : Operation 42 [1/1] (0.00ns)   --->   "%br_ln0 = br void %for.inc207"   --->   Operation 42 'br' 'br_ln0' <Predicate = true> <Delay = 0.00>
ST_1 : Operation 43 [1/1] (0.00ns)   --->   "%j_1 = load i6 %j" [src/gemm_int8.cpp:92]   --->   Operation 43 'load' 'j_1' <Predicate = true> <Delay = 0.00>
ST_1 : Operation 44 [1/1] (0.00ns)   --->   "%specbitsmap_ln0 = specbitsmap void @_ssdm_op_SpecBitsMap, i32 %gmem2"   --->   Operation 44 'specbitsmap' 'specbitsmap_ln0' <Predicate = true> <Delay = 0.00>
ST_1 : Operation 45 [1/1] (0.00ns)   --->   "%gmem2_addr = getelementptr i32 %gmem2, i64 %sext_ln92_cast" [src/gemm_int8.cpp:92]   --->   Operation 45 'getelementptr' 'gmem2_addr' <Predicate = true> <Delay = 0.00>
ST_1 : Operation 46 [1/1] (0.78ns)   --->   "%icmp_ln92 = icmp_eq  i6 %j_1, i6 32" [src/gemm_int8.cpp:92]   --->   Operation 46 'icmp' 'icmp_ln92' <Predicate = true> <Delay = 0.78> <CoreInst = "Cmp">   --->   Core 9 'Cmp' <Latency = 0> <II = 1> <Delay = 0.77> <FuncUnit> <Opcode : 'icmp'> <InPorts = 2> <OutPorts = 1>
ST_1 : Operation 47 [1/1] (0.78ns)   --->   "%add_ln92 = add i6 %j_1, i6 1" [src/gemm_int8.cpp:92]   --->   Operation 47 'add' 'add_ln92' <Predicate = true> <Delay = 0.78> <CoreInst = "Adder">   --->   Core 1 'Adder' <Latency = 0> <II = 1> <Delay = 0.78> <FuncUnit> <Opcode : 'add' 'sub'> <InPorts = 2> <OutPorts = 1>
ST_1 : Operation 48 [1/1] (0.00ns)   --->   "%br_ln92 = br i1 %icmp_ln92, void %for.inc207.split, void %for.inc210.exitStub" [src/gemm_int8.cpp:92]   --->   Operation 48 'br' 'br_ln92' <Predicate = true> <Delay = 0.00>
ST_1 : Operation 49 [1/1] (0.00ns)   --->   "%trunc_ln92 = trunc i6 %j_1" [src/gemm_int8.cpp:92]   --->   Operation 49 'trunc' 'trunc_ln92' <Predicate = (!icmp_ln92)> <Delay = 0.00>
ST_1 : Operation 50 [1/1] (0.78ns)   --->   "%tmp = mux i32 @_ssdm_op_Mux.ap_auto.32i32.i5, i32 %acc_load_read, i32 %acc_1_load_read, i32 %acc_2_load_read, i32 %acc_3_load_read, i32 %acc_4_load_read, i32 %acc_5_load_read, i32 %acc_6_load_read, i32 %acc_7_load_read, i32 %acc_8_load_read, i32 %acc_9_load_read, i32 %acc_10_load_read, i32 %acc_11_load_read, i32 %acc_12_load_read, i32 %acc_13_load_read, i32 %acc_14_load_read, i32 %acc_15_load_read, i32 %acc_16_load_read, i32 %acc_17_load_read, i32 %acc_18_load_read, i32 %acc_19_load_read, i32 %acc_20_load_read, i32 %acc_21_load_read, i32 %acc_22_load_read, i32 %acc_23_load_read, i32 %acc_24_load_read, i32 %acc_25_load_read, i32 %acc_26_load_read, i32 %acc_27_load_read, i32 %acc_28_load_read, i32 %acc_29_load_read, i32 %acc_30_load_read, i32 %acc_31_load_read, i5 %trunc_ln92" [src/gemm_int8.cpp:94]   --->   Operation 50 'mux' 'tmp' <Predicate = (!icmp_ln92)> <Delay = 0.78> <CoreInst = "Multiplexer">   --->   Core 76 'Multiplexer' <Latency = 0> <II = 1> <Delay = 0.78> <FuncUnit> <Opcode : 'mux'> <InPorts = 2> <OutPorts = 1>
ST_1 : Operation 51 [1/1] (0.42ns)   --->   "%store_ln92 = store i6 %add_ln92, i6 %j" [src/gemm_int8.cpp:92]   --->   Operation 51 'store' 'store_ln92' <Predicate = (!icmp_ln92)> <Delay = 0.42>
ST_1 : Operation 57 [1/1] (0.00ns)   --->   "%ret_ln0 = ret"   --->   Operation 57 'ret' 'ret_ln0' <Predicate = (icmp_ln92)> <Delay = 0.00>

State 2 <SV = 1> <Delay = 7.30>
ST_2 : Operation 52 [1/1] (0.00ns)   --->   "%specpipeline_ln93 = specpipeline void @_ssdm_op_SpecPipeline, i32 1, i32 0, i32 0, i32 0, void @empty_4" [src/gemm_int8.cpp:93]   --->   Operation 52 'specpipeline' 'specpipeline_ln93' <Predicate = true> <Delay = 0.00>
ST_2 : Operation 53 [1/1] (0.00ns)   --->   "%speclooptripcount_ln92 = speclooptripcount void @_ssdm_op_SpecLoopTripCount, i64 32, i64 32, i64 32" [src/gemm_int8.cpp:92]   --->   Operation 53 'speclooptripcount' 'speclooptripcount_ln92' <Predicate = true> <Delay = 0.00>
ST_2 : Operation 54 [1/1] (0.00ns)   --->   "%specloopname_ln92 = specloopname void @_ssdm_op_SpecLoopName, void @empty_18" [src/gemm_int8.cpp:92]   --->   Operation 54 'specloopname' 'specloopname_ln92' <Predicate = true> <Delay = 0.00>
ST_2 : Operation 55 [1/1] (7.30ns)   --->   "%write_ln94 = write void @_ssdm_op_Write.m_axi.p1i32, i64 %gmem2_addr, i32 %tmp, i4 15" [src/gemm_int8.cpp:94]   --->   Operation 55 'write' 'write_ln94' <Predicate = true> <Delay = 7.30> <CoreInst = "m_axi">   --->   Core 121 'm_axi' <Latency = 0> <II = 1> <Delay = 1.00> <Adapter> <Opcode : 'read' 'write' 'readreq' 'writereq' 'writeresp'>
ST_2 : Operation 56 [1/1] (0.00ns)   --->   "%br_ln92 = br void %for.inc207" [src/gemm_int8.cpp:92]   --->   Operation 56 'br' 'br_ln92' <Predicate = true> <Delay = 0.00>


============================================================
+ Verbose Summary: Binding
============================================================
STG Binding: 
---------------- STG Properties BEGIN ----------------
- Is combinational: 0
- Is one-state seq: 0
- Is datapath-only: 0
- Is pipelined: 0
- Is top level: 0
Port [ Return ] is wired: 1; IO mode=ap_ctrl_hs:ce=0
Port [ gmem2]:  wired=1; compound=1; hidden=0; nouse=0; global=0; static=0; extern=0; dir=1; type=4; pingpong=0; private_global=0; IO mode=m_axi:ce=0
Port [ sext_ln92]:  wired=1; compound=0; hidden=0; nouse=0; global=0; static=0; extern=0; dir=0; type=0; pingpong=0; private_global=0; IO mode=ap_none:ce=0
Port [ acc_load]:  wired=1; compound=0; hidden=0; nouse=0; global=0; static=0; extern=0; dir=0; type=0; pingpong=0; private_global=0; IO mode=ap_none:ce=0
Port [ acc_1_load]:  wired=1; compound=0; hidden=0; nouse=0; global=0; static=0; extern=0; dir=0; type=0; pingpong=0; private_global=0; IO mode=ap_none:ce=0
Port [ acc_2_load]:  wired=1; compound=0; hidden=0; nouse=0; global=0; static=0; extern=0; dir=0; type=0; pingpong=0; private_global=0; IO mode=ap_none:ce=0
Port [ acc_3_load]:  wired=1; compound=0; hidden=0; nouse=0; global=0; static=0; extern=0; dir=0; type=0; pingpong=0; private_global=0; IO mode=ap_none:ce=0
Port [ acc_4_load]:  wired=1; compound=0; hidden=0; nouse=0; global=0; static=0; extern=0; dir=0; type=0; pingpong=0; private_global=0; IO mode=ap_none:ce=0
Port [ acc_5_load]:  wired=1; compound=0; hidden=0; nouse=0; global=0; static=0; extern=0; dir=0; type=0; pingpong=0; private_global=0; IO mode=ap_none:ce=0
Port [ acc_6_load]:  wired=1; compound=0; hidden=0; nouse=0; global=0; static=0; extern=0; dir=0; type=0; pingpong=0; private_global=0; IO mode=ap_none:ce=0
Port [ acc_7_load]:  wired=1; compound=0; hidden=0; nouse=0; global=0; static=0; extern=0; dir=0; type=0; pingpong=0; private_global=0; IO mode=ap_none:ce=0
Port [ acc_8_load]:  wired=1; compound=0; hidden=0; nouse=0; global=0; static=0; extern=0; dir=0; type=0; pingpong=0; private_global=0; IO mode=ap_none:ce=0
Port [ acc_9_load]:  wired=1; compound=0; hidden=0; nouse=0; global=0; static=0; extern=0; dir=0; type=0; pingpong=0; private_global=0; IO mode=ap_none:ce=0
Port [ acc_10_load]:  wired=1; compound=0; hidden=0; nouse=0; global=0; static=0; extern=0; dir=0; type=0; pingpong=0; private_global=0; IO mode=ap_none:ce=0
Port [ acc_11_load]:  wired=1; compound=0; hidden=0; nouse=0; global=0; static=0; extern=0; dir=0; type=0; pingpong=0; private_global=0; IO mode=ap_none:ce=0
Port [ acc_12_load]:  wired=1; compound=0; hidden=0; nouse=0; global=0; static=0; extern=0; dir=0; type=0; pingpong=0; private_global=0; IO mode=ap_none:ce=0
Port [ acc_13_load]:  wired=1; compound=0; hidden=0; nouse=0; global=0; static=0; extern=0; dir=0; type=0; pingpong=0; private_global=0; IO mode=ap_none:ce=0
Port [ acc_14_load]:  wired=1; compound=0; hidden=0; nouse=0; global=0; static=0; extern=0; dir=0; type=0; pingpong=0; private_global=0; IO mode=ap_none:ce=0
Port [ acc_15_load]:  wired=1; compound=0; hidden=0; nouse=0; global=0; static=0; extern=0; dir=0; type=0; pingpong=0; private_global=0; IO mode=ap_none:ce=0
Port [ acc_16_load]:  wired=1; compound=0; hidden=0; nouse=0; global=0; static=0; extern=0; dir=0; type=0; pingpong=0; private_global=0; IO mode=ap_none:ce=0
Port [ acc_17_load]:  wired=1; compound=0; hidden=0; nouse=0; global=0; static=0; extern=0; dir=0; type=0; pingpong=0; private_global=0; IO mode=ap_none:ce=0
Port [ acc_18_load]:  wired=1; compound=0; hidden=0; nouse=0; global=0; static=0; extern=0; dir=0; type=0; pingpong=0; private_global=0; IO mode=ap_none:ce=0
Port [ acc_19_load]:  wired=1; compound=0; hidden=0; nouse=0; global=0; static=0; extern=0; dir=0; type=0; pingpong=0; private_global=0; IO mode=ap_none:ce=0
Port [ acc_20_load]:  wired=1; compound=0; hidden=0; nouse=0; global=0; static=0; extern=0; dir=0; type=0; pingpong=0; private_global=0; IO mode=ap_none:ce=0
Port [ acc_21_load]:  wired=1; compound=0; hidden=0; nouse=0; global=0; static=0; extern=0; dir=0; type=0; pingpong=0; private_global=0; IO mode=ap_none:ce=0
Port [ acc_22_load]:  wired=1; compound=0; hidden=0; nouse=0; global=0; static=0; extern=0; dir=0; type=0; pingpong=0; private_global=0; IO mode=ap_none:ce=0
Port [ acc_23_load]:  wired=1; compound=0; hidden=0; nouse=0; global=0; static=0; extern=0; dir=0; type=0; pingpong=0; private_global=0; IO mode=ap_none:ce=0
Port [ acc_24_load]:  wired=1; compound=0; hidden=0; nouse=0; global=0; static=0; extern=0; dir=0; type=0; pingpong=0; private_global=0; IO mode=ap_none:ce=0
Port [ acc_25_load]:  wired=1; compound=0; hidden=0; nouse=0; global=0; static=0; extern=0; dir=0; type=0; pingpong=0; private_global=0; IO mode=ap_none:ce=0
Port [ acc_26_load]:  wired=1; compound=0; hidden=0; nouse=0; global=0; static=0; extern=0; dir=0; type=0; pingpong=0; private_global=0; IO mode=ap_none:ce=0
Port [ acc_27_load]:  wired=1; compound=0; hidden=0; nouse=0; global=0; static=0; extern=0; dir=0; type=0; pingpong=0; private_global=0; IO mode=ap_none:ce=0
Port [ acc_28_load]:  wired=1; compound=0; hidden=0; nouse=0; global=0; static=0; extern=0; dir=0; type=0; pingpong=0; private_global=0; IO mode=ap_none:ce=0
Port [ acc_29_load]:  wired=1; compound=0; hidden=0; nouse=0; global=0; static=0; extern=0; dir=0; type=0; pingpong=0; private_global=0; IO mode=ap_none:ce=0
Port [ acc_30_load]:  wired=1; compound=0; hidden=0; nouse=0; global=0; static=0; extern=0; dir=0; type=0; pingpong=0; private_global=0; IO mode=ap_none:ce=0
Port [ acc_31_load]:  wired=1; compound=0; hidden=0; nouse=0; global=0; static=0; extern=0; dir=0; type=0; pingpong=0; private_global=0; IO mode=ap_none:ce=0
---------------- STG Properties END ------------------

---------------- Datapath Model BEGIN ----------------

<LifeTime>
<method=bitvector/>
j                      (alloca           ) [ 010]
acc_31_load_read       (read             ) [ 000]
acc_30_load_read       (read             ) [ 000]
acc_29_load_read       (read             ) [ 000]
acc_28_load_read       (read             ) [ 000]
acc_27_load_read       (read             ) [ 000]
acc_26_load_read       (read             ) [ 000]
acc_25_load_read       (read             ) [ 000]
acc_24_load_read       (read             ) [ 000]
acc_23_load_read       (read             ) [ 000]
acc_22_load_read       (read             ) [ 000]
acc_21_load_read       (read             ) [ 000]
acc_20_load_read       (read             ) [ 000]
acc_19_load_read       (read             ) [ 000]
acc_18_load_read       (read             ) [ 000]
acc_17_load_read       (read             ) [ 000]
acc_16_load_read       (read             ) [ 000]
acc_15_load_read       (read             ) [ 000]
acc_14_load_read       (read             ) [ 000]
acc_13_load_read       (read             ) [ 000]
acc_12_load_read       (read             ) [ 000]
acc_11_load_read       (read             ) [ 000]
acc_10_load_read       (read             ) [ 000]
acc_9_load_read        (read             ) [ 000]
acc_8_load_read        (read             ) [ 000]
acc_7_load_read        (read             ) [ 000]
acc_6_load_read        (read             ) [ 000]
acc_5_load_read        (read             ) [ 000]
acc_4_load_read        (read             ) [ 000]
acc_3_load_read        (read             ) [ 000]
acc_2_load_read        (read             ) [ 000]
acc_1_load_read        (read             ) [ 000]
acc_load_read          (read             ) [ 000]
sext_ln92_read         (read             ) [ 000]
sext_ln92_cast         (sext             ) [ 000]
specinterface_ln0      (specinterface    ) [ 000]
store_ln0              (store            ) [ 000]
br_ln0                 (br               ) [ 000]
j_1                    (load             ) [ 000]
specbitsmap_ln0        (specbitsmap      ) [ 000]
gmem2_addr             (getelementptr    ) [ 011]
icmp_ln92              (icmp             ) [ 010]
add_ln92               (add              ) [ 000]
br_ln92                (br               ) [ 000]
trunc_ln92             (trunc            ) [ 000]
tmp                    (mux              ) [ 011]
store_ln92             (store            ) [ 000]
specpipeline_ln93      (specpipeline     ) [ 000]
speclooptripcount_ln92 (speclooptripcount) [ 000]
specloopname_ln92      (specloopname     ) [ 000]
write_ln94             (write            ) [ 000]
br_ln92                (br               ) [ 000]
ret_ln0                (ret              ) [ 000]
</LifeTime>

<model>

<comp_list>
<comp id="0" class="1000" name="gmem2">
<pin_list>
<pin id="1" dir="1" index="0" bw="1" slack="0"/>
</pin_list>
<bind>
<StgValue><ssdm name="gmem2"/></StgValue>
</bind>
</comp>

<comp id="2" class="1000" name="sext_ln92">
<pin_list>
<pin id="3" dir="1" index="0" bw="1" slack="0"/>
</pin_list>
<bind>
<StgValue><ssdm name="sext_ln92"/></StgValue>
</bind>
</comp>

<comp id="4" class="1000" name="acc_load">
<pin_list>
<pin id="5" dir="1" index="0" bw="1" slack="0"/>
</pin_list>
<bind>
<StgValue><ssdm name="acc_load"/></StgValue>
</bind>
</comp>

<comp id="6" class="1000" name="acc_1_load">
<pin_list>
<pin id="7" dir="1" index="0" bw="1" slack="0"/>
</pin_list>
<bind>
<StgValue><ssdm name="acc_1_load"/></StgValue>
</bind>
</comp>

<comp id="8" class="1000" name="acc_2_load">
<pin_list>
<pin id="9" dir="1" index="0" bw="1" slack="0"/>
</pin_list>
<bind>
<StgValue><ssdm name="acc_2_load"/></StgValue>
</bind>
</comp>

<comp id="10" class="1000" name="acc_3_load">
<pin_list>
<pin id="11" dir="1" index="0" bw="1" slack="0"/>
</pin_list>
<bind>
<StgValue><ssdm name="acc_3_load"/></StgValue>
</bind>
</comp>

<comp id="12" class="1000" name="acc_4_load">
<pin_list>
<pin id="13" dir="1" index="0" bw="1" slack="0"/>
</pin_list>
<bind>
<StgValue><ssdm name="acc_4_load"/></StgValue>
</bind>
</comp>

<comp id="14" class="1000" name="acc_5_load">
<pin_list>
<pin id="15" dir="1" index="0" bw="1" slack="0"/>
</pin_list>
<bind>
<StgValue><ssdm name="acc_5_load"/></StgValue>
</bind>
</comp>

<comp id="16" class="1000" name="acc_6_load">
<pin_list>
<pin id="17" dir="1" index="0" bw="1" slack="0"/>
</pin_list>
<bind>
<StgValue><ssdm name="acc_6_load"/></StgValue>
</bind>
</comp>

<comp id="18" class="1000" name="acc_7_load">
<pin_list>
<pin id="19" dir="1" index="0" bw="1" slack="0"/>
</pin_list>
<bind>
<StgValue><ssdm name="acc_7_load"/></StgValue>
</bind>
</comp>

<comp id="20" class="1000" name="acc_8_load">
<pin_list>
<pin id="21" dir="1" index="0" bw="1" slack="0"/>
</pin_list>
<bind>
<StgValue><ssdm name="acc_8_load"/></StgValue>
</bind>
</comp>

<comp id="22" class="1000" name="acc_9_load">
<pin_list>
<pin id="23" dir="1" index="0" bw="1" slack="0"/>
</pin_list>
<bind>
<StgValue><ssdm name="acc_9_load"/></StgValue>
</bind>
</comp>

<comp id="24" class="1000" name="acc_10_load">
<pin_list>
<pin id="25" dir="1" index="0" bw="1" slack="0"/>
</pin_list>
<bind>
<StgValue><ssdm name="acc_10_load"/></StgValue>
</bind>
</comp>

<comp id="26" class="1000" name="acc_11_load">
<pin_list>
<pin id="27" dir="1" index="0" bw="1" slack="0"/>
</pin_list>
<bind>
<StgValue><ssdm name="acc_11_load"/></StgValue>
</bind>
</comp>

<comp id="28" class="1000" name="acc_12_load">
<pin_list>
<pin id="29" dir="1" index="0" bw="1" slack="0"/>
</pin_list>
<bind>
<StgValue><ssdm name="acc_12_load"/></StgValue>
</bind>
</comp>

<comp id="30" class="1000" name="acc_13_load">
<pin_list>
<pin id="31" dir="1" index="0" bw="1" slack="0"/>
</pin_list>
<bind>
<StgValue><ssdm name="acc_13_load"/></StgValue>
</bind>
</comp>

<comp id="32" class="1000" name="acc_14_load">
<pin_list>
<pin id="33" dir="1" index="0" bw="1" slack="0"/>
</pin_list>
<bind>
<StgValue><ssdm name="acc_14_load"/></StgValue>
</bind>
</comp>

<comp id="34" class="1000" name="acc_15_load">
<pin_list>
<pin id="35" dir="1" index="0" bw="1" slack="0"/>
</pin_list>
<bind>
<StgValue><ssdm name="acc_15_load"/></StgValue>
</bind>
</comp>

<comp id="36" class="1000" name="acc_16_load">
<pin_list>
<pin id="37" dir="1" index="0" bw="1" slack="0"/>
</pin_list>
<bind>
<StgValue><ssdm name="acc_16_load"/></StgValue>
</bind>
</comp>

<comp id="38" class="1000" name="acc_17_load">
<pin_list>
<pin id="39" dir="1" index="0" bw="1" slack="0"/>
</pin_list>
<bind>
<StgValue><ssdm name="acc_17_load"/></StgValue>
</bind>
</comp>

<comp id="40" class="1000" name="acc_18_load">
<pin_list>
<pin id="41" dir="1" index="0" bw="1" slack="0"/>
</pin_list>
<bind>
<StgValue><ssdm name="acc_18_load"/></StgValue>
</bind>
</comp>

<comp id="42" class="1000" name="acc_19_load">
<pin_list>
<pin id="43" dir="1" index="0" bw="1" slack="0"/>
</pin_list>
<bind>
<StgValue><ssdm name="acc_19_load"/></StgValue>
</bind>
</comp>

<comp id="44" class="1000" name="acc_20_load">
<pin_list>
<pin id="45" dir="1" index="0" bw="1" slack="0"/>
</pin_list>
<bind>
<StgValue><ssdm name="acc_20_load"/></StgValue>
</bind>
</comp>

<comp id="46" class="1000" name="acc_21_load">
<pin_list>
<pin id="47" dir="1" index="0" bw="1" slack="0"/>
</pin_list>
<bind>
<StgValue><ssdm name="acc_21_load"/></StgValue>
</bind>
</comp>

<comp id="48" class="1000" name="acc_22_load">
<pin_list>
<pin id="49" dir="1" index="0" bw="1" slack="0"/>
</pin_list>
<bind>
<StgValue><ssdm name="acc_22_load"/></StgValue>
</bind>
</comp>

<comp id="50" class="1000" name="acc_23_load">
<pin_list>
<pin id="51" dir="1" index="0" bw="1" slack="0"/>
</pin_list>
<bind>
<StgValue><ssdm name="acc_23_load"/></StgValue>
</bind>
</comp>

<comp id="52" class="1000" name="acc_24_load">
<pin_list>
<pin id="53" dir="1" index="0" bw="1" slack="0"/>
</pin_list>
<bind>
<StgValue><ssdm name="acc_24_load"/></StgValue>
</bind>
</comp>

<comp id="54" class="1000" name="acc_25_load">
<pin_list>
<pin id="55" dir="1" index="0" bw="1" slack="0"/>
</pin_list>
<bind>
<StgValue><ssdm name="acc_25_load"/></StgValue>
</bind>
</comp>

<comp id="56" class="1000" name="acc_26_load">
<pin_list>
<pin id="57" dir="1" index="0" bw="1" slack="0"/>
</pin_list>
<bind>
<StgValue><ssdm name="acc_26_load"/></StgValue>
</bind>
</comp>

<comp id="58" class="1000" name="acc_27_load">
<pin_list>
<pin id="59" dir="1" index="0" bw="1" slack="0"/>
</pin_list>
<bind>
<StgValue><ssdm name="acc_27_load"/></StgValue>
</bind>
</comp>

<comp id="60" class="1000" name="acc_28_load">
<pin_list>
<pin id="61" dir="1" index="0" bw="1" slack="0"/>
</pin_list>
<bind>
<StgValue><ssdm name="acc_28_load"/></StgValue>
</bind>
</comp>

<comp id="62" class="1000" name="acc_29_load">
<pin_list>
<pin id="63" dir="1" index="0" bw="1" slack="0"/>
</pin_list>
<bind>
<StgValue><ssdm name="acc_29_load"/></StgValue>
</bind>
</comp>

<comp id="64" class="1000" name="acc_30_load">
<pin_list>
<pin id="65" dir="1" index="0" bw="1" slack="0"/>
</pin_list>
<bind>
<StgValue><ssdm name="acc_30_load"/></StgValue>
</bind>
</comp>

<comp id="66" class="1000" name="acc_31_load">
<pin_list>
<pin id="67" dir="1" index="0" bw="1" slack="0"/>
</pin_list>
<bind>
<StgValue><ssdm name="acc_31_load"/></StgValue>
</bind>
</comp>

<comp id="68" class="1001" name="const_68">
<pin_list>
<pin id="69" dir="1" index="0" bw="1" slack="0"/>
</pin_list>
<bind>
<StgValue><ssdm name=""/></StgValue>
</bind>
</comp>

<comp id="70" class="1001" name="const_70">
<pin_list>
<pin id="71" dir="1" index="0" bw="1" slack="0"/>
</pin_list>
<bind>
<StgValue><ssdm name="_ssdm_op_Read.ap_auto.i32"/></StgValue>
</bind>
</comp>

<comp id="72" class="1001" name="const_72">
<pin_list>
<pin id="73" dir="1" index="0" bw="1" slack="0"/>
</pin_list>
<bind>
<StgValue><ssdm name="_ssdm_op_Read.ap_auto.i62"/></StgValue>
</bind>
</comp>

<comp id="74" class="1001" name="const_74">
<pin_list>
<pin id="75" dir="1" index="0" bw="1" slack="2147483647"/>
</pin_list>
<bind>
<StgValue><ssdm name="_ssdm_op_SpecInterface"/></StgValue>
</bind>
</comp>

<comp id="76" class="1001" name="const_76">
<pin_list>
<pin id="77" dir="1" index="0" bw="1" slack="2147483647"/>
</pin_list>
<bind>
<StgValue><ssdm name="empty_5"/></StgValue>
</bind>
</comp>

<comp id="78" class="1001" name="const_78">
<pin_list>
<pin id="79" dir="1" index="0" bw="1" slack="2147483647"/>
</pin_list>
<bind>
<StgValue><ssdm name=""/></StgValue>
</bind>
</comp>

<comp id="80" class="1001" name="const_80">
<pin_list>
<pin id="81" dir="1" index="0" bw="1" slack="2147483647"/>
</pin_list>
<bind>
<StgValue><ssdm name="empty_4"/></StgValue>
</bind>
</comp>

<comp id="82" class="1001" name="const_82">
<pin_list>
<pin id="83" dir="1" index="0" bw="1" slack="2147483647"/>
</pin_list>
<bind>
<StgValue><ssdm name=""/></StgValue>
</bind>
</comp>

<comp id="84" class="1001" name="const_84">
<pin_list>
<pin id="85" dir="1" index="0" bw="1" slack="2147483647"/>
</pin_list>
<bind>
<StgValue><ssdm name="empty_0"/></StgValue>
</bind>
</comp>

<comp id="86" class="1001" name="const_86">
<pin_list>
<pin id="87" dir="1" index="0" bw="1" slack="2147483647"/>
</pin_list>
<bind>
<StgValue><ssdm name="empty_2"/></StgValue>
</bind>
</comp>

<comp id="88" class="1001" name="const_88">
<pin_list>
<pin id="89" dir="1" index="0" bw="1" slack="2147483647"/>
</pin_list>
<bind>
<StgValue><ssdm name=""/></StgValue>
</bind>
</comp>

<comp id="90" class="1001" name="const_90">
<pin_list>
<pin id="91" dir="1" index="0" bw="1" slack="2147483647"/>
</pin_list>
<bind>
<StgValue><ssdm name=""/></StgValue>
</bind>
</comp>

<comp id="92" class="1001" name="const_92">
<pin_list>
<pin id="93" dir="1" index="0" bw="1" slack="0"/>
</pin_list>
<bind>
<StgValue><ssdm name=""/></StgValue>
</bind>
</comp>

<comp id="94" class="1001" name="const_94">
<pin_list>
<pin id="95" dir="1" index="0" bw="1" slack="2147483647"/>
</pin_list>
<bind>
<StgValue><ssdm name="_ssdm_op_SpecBitsMap"/></StgValue>
</bind>
</comp>

<comp id="96" class="1001" name="const_96">
<pin_list>
<pin id="97" dir="1" index="0" bw="1" slack="0"/>
</pin_list>
<bind>
<StgValue><ssdm name=""/></StgValue>
</bind>
</comp>

<comp id="98" class="1001" name="const_98">
<pin_list>
<pin id="99" dir="1" index="0" bw="1" slack="0"/>
</pin_list>
<bind>
<StgValue><ssdm name=""/></StgValue>
</bind>
</comp>

<comp id="100" class="1001" name="const_100">
<pin_list>
<pin id="101" dir="1" index="0" bw="1" slack="0"/>
</pin_list>
<bind>
<StgValue><ssdm name="_ssdm_op_Mux.ap_auto.32i32.i5"/></StgValue>
</bind>
</comp>

<comp id="102" class="1001" name="const_102">
<pin_list>
<pin id="103" dir="1" index="0" bw="1" slack="2147483647"/>
</pin_list>
<bind>
<StgValue><ssdm name="_ssdm_op_SpecPipeline"/></StgValue>
</bind>
</comp>

<comp id="104" class="1001" name="const_104">
<pin_list>
<pin id="105" dir="1" index="0" bw="1" slack="2147483647"/>
</pin_list>
<bind>
<StgValue><ssdm name="_ssdm_op_SpecLoopTripCount"/></StgValue>
</bind>
</comp>

<comp id="106" class="1001" name="const_106">
<pin_list>
<pin id="107" dir="1" index="0" bw="1" slack="2147483647"/>
</pin_list>
<bind>
<StgValue><ssdm name=""/></StgValue>
</bind>
</comp>

<comp id="108" class="1001" name="const_108">
<pin_list>
<pin id="109" dir="1" index="0" bw="1" slack="2147483647"/>
</pin_list>
<bind>
<StgValue><ssdm name="_ssdm_op_SpecLoopName"/></StgValue>
</bind>
</comp>

<comp id="110" class="1001" name="const_110">
<pin_list>
<pin id="111" dir="1" index="0" bw="1" slack="2147483647"/>
</pin_list>
<bind>
<StgValue><ssdm name="empty_18"/></StgValue>
</bind>
</comp>

<comp id="112" class="1001" name="const_112">
<pin_list>
<pin id="113" dir="1" index="0" bw="1" slack="0"/>
</pin_list>
<bind>
<StgValue><ssdm name="_ssdm_op_Write.m_axi.p1i32"/></StgValue>
</bind>
</comp>

<comp id="114" class="1001" name="const_114">
<pin_list>
<pin id="115" dir="1" index="0" bw="1" slack="0"/>
</pin_list>
<bind>
<StgValue><ssdm name=""/></StgValue>
</bind>
</comp>

<comp id="116" class="1004" name="j_fu_116">
<pin_list>
<pin id="117" dir="0" index="0" bw="1" slack="0"/>
<pin id="118" dir="1" index="1" bw="6" slack="0"/>
</pin_list>
<bind>
<opcode="alloca(26) " fcode="alloca"/>
<opset="j/1 "/>
</bind>
</comp>

<comp id="120" class="1004" name="acc_31_load_read_read_fu_120">
<pin_list>
<pin id="121" dir="0" index="0" bw="32" slack="0"/>
<pin id="122" dir="0" index="1" bw="32" slack="0"/>
<pin id="123" dir="1" index="2" bw="32" slack="0"/>
</pin_list>
<bind>
<opcode="read(1150) " fcode="read"/>
<opset="acc_31_load_read/1 "/>
</bind>
</comp>

<comp id="126" class="1004" name="acc_30_load_read_read_fu_126">
<pin_list>
<pin id="127" dir="0" index="0" bw="32" slack="0"/>
<pin id="128" dir="0" index="1" bw="32" slack="0"/>
<pin id="129" dir="1" index="2" bw="32" slack="0"/>
</pin_list>
<bind>
<opcode="read(1150) " fcode="read"/>
<opset="acc_30_load_read/1 "/>
</bind>
</comp>

<comp id="132" class="1004" name="acc_29_load_read_read_fu_132">
<pin_list>
<pin id="133" dir="0" index="0" bw="32" slack="0"/>
<pin id="134" dir="0" index="1" bw="32" slack="0"/>
<pin id="135" dir="1" index="2" bw="32" slack="0"/>
</pin_list>
<bind>
<opcode="read(1150) " fcode="read"/>
<opset="acc_29_load_read/1 "/>
</bind>
</comp>

<comp id="138" class="1004" name="acc_28_load_read_read_fu_138">
<pin_list>
<pin id="139" dir="0" index="0" bw="32" slack="0"/>
<pin id="140" dir="0" index="1" bw="32" slack="0"/>
<pin id="141" dir="1" index="2" bw="32" slack="0"/>
</pin_list>
<bind>
<opcode="read(1150) " fcode="read"/>
<opset="acc_28_load_read/1 "/>
</bind>
</comp>

<comp id="144" class="1004" name="acc_27_load_read_read_fu_144">
<pin_list>
<pin id="145" dir="0" index="0" bw="32" slack="0"/>
<pin id="146" dir="0" index="1" bw="32" slack="0"/>
<pin id="147" dir="1" index="2" bw="32" slack="0"/>
</pin_list>
<bind>
<opcode="read(1150) " fcode="read"/>
<opset="acc_27_load_read/1 "/>
</bind>
</comp>

<comp id="150" class="1004" name="acc_26_load_read_read_fu_150">
<pin_list>
<pin id="151" dir="0" index="0" bw="32" slack="0"/>
<pin id="152" dir="0" index="1" bw="32" slack="0"/>
<pin id="153" dir="1" index="2" bw="32" slack="0"/>
</pin_list>
<bind>
<opcode="read(1150) " fcode="read"/>
<opset="acc_26_load_read/1 "/>
</bind>
</comp>

<comp id="156" class="1004" name="acc_25_load_read_read_fu_156">
<pin_list>
<pin id="157" dir="0" index="0" bw="32" slack="0"/>
<pin id="158" dir="0" index="1" bw="32" slack="0"/>
<pin id="159" dir="1" index="2" bw="32" slack="0"/>
</pin_list>
<bind>
<opcode="read(1150) " fcode="read"/>
<opset="acc_25_load_read/1 "/>
</bind>
</comp>

<comp id="162" class="1004" name="acc_24_load_read_read_fu_162">
<pin_list>
<pin id="163" dir="0" index="0" bw="32" slack="0"/>
<pin id="164" dir="0" index="1" bw="32" slack="0"/>
<pin id="165" dir="1" index="2" bw="32" slack="0"/>
</pin_list>
<bind>
<opcode="read(1150) " fcode="read"/>
<opset="acc_24_load_read/1 "/>
</bind>
</comp>

<comp id="168" class="1004" name="acc_23_load_read_read_fu_168">
<pin_list>
<pin id="169" dir="0" index="0" bw="32" slack="0"/>
<pin id="170" dir="0" index="1" bw="32" slack="0"/>
<pin id="171" dir="1" index="2" bw="32" slack="0"/>
</pin_list>
<bind>
<opcode="read(1150) " fcode="read"/>
<opset="acc_23_load_read/1 "/>
</bind>
</comp>

<comp id="174" class="1004" name="acc_22_load_read_read_fu_174">
<pin_list>
<pin id="175" dir="0" index="0" bw="32" slack="0"/>
<pin id="176" dir="0" index="1" bw="32" slack="0"/>
<pin id="177" dir="1" index="2" bw="32" slack="0"/>
</pin_list>
<bind>
<opcode="read(1150) " fcode="read"/>
<opset="acc_22_load_read/1 "/>
</bind>
</comp>

<comp id="180" class="1004" name="acc_21_load_read_read_fu_180">
<pin_list>
<pin id="181" dir="0" index="0" bw="32" slack="0"/>
<pin id="182" dir="0" index="1" bw="32" slack="0"/>
<pin id="183" dir="1" index="2" bw="32" slack="0"/>
</pin_list>
<bind>
<opcode="read(1150) " fcode="read"/>
<opset="acc_21_load_read/1 "/>
</bind>
</comp>

<comp id="186" class="1004" name="acc_20_load_read_read_fu_186">
<pin_list>
<pin id="187" dir="0" index="0" bw="32" slack="0"/>
<pin id="188" dir="0" index="1" bw="32" slack="0"/>
<pin id="189" dir="1" index="2" bw="32" slack="0"/>
</pin_list>
<bind>
<opcode="read(1150) " fcode="read"/>
<opset="acc_20_load_read/1 "/>
</bind>
</comp>

<comp id="192" class="1004" name="acc_19_load_read_read_fu_192">
<pin_list>
<pin id="193" dir="0" index="0" bw="32" slack="0"/>
<pin id="194" dir="0" index="1" bw="32" slack="0"/>
<pin id="195" dir="1" index="2" bw="32" slack="0"/>
</pin_list>
<bind>
<opcode="read(1150) " fcode="read"/>
<opset="acc_19_load_read/1 "/>
</bind>
</comp>

<comp id="198" class="1004" name="acc_18_load_read_read_fu_198">
<pin_list>
<pin id="199" dir="0" index="0" bw="32" slack="0"/>
<pin id="200" dir="0" index="1" bw="32" slack="0"/>
<pin id="201" dir="1" index="2" bw="32" slack="0"/>
</pin_list>
<bind>
<opcode="read(1150) " fcode="read"/>
<opset="acc_18_load_read/1 "/>
</bind>
</comp>

<comp id="204" class="1004" name="acc_17_load_read_read_fu_204">
<pin_list>
<pin id="205" dir="0" index="0" bw="32" slack="0"/>
<pin id="206" dir="0" index="1" bw="32" slack="0"/>
<pin id="207" dir="1" index="2" bw="32" slack="0"/>
</pin_list>
<bind>
<opcode="read(1150) " fcode="read"/>
<opset="acc_17_load_read/1 "/>
</bind>
</comp>

<comp id="210" class="1004" name="acc_16_load_read_read_fu_210">
<pin_list>
<pin id="211" dir="0" index="0" bw="32" slack="0"/>
<pin id="212" dir="0" index="1" bw="32" slack="0"/>
<pin id="213" dir="1" index="2" bw="32" slack="0"/>
</pin_list>
<bind>
<opcode="read(1150) " fcode="read"/>
<opset="acc_16_load_read/1 "/>
</bind>
</comp>

<comp id="216" class="1004" name="acc_15_load_read_read_fu_216">
<pin_list>
<pin id="217" dir="0" index="0" bw="32" slack="0"/>
<pin id="218" dir="0" index="1" bw="32" slack="0"/>
<pin id="219" dir="1" index="2" bw="32" slack="0"/>
</pin_list>
<bind>
<opcode="read(1150) " fcode="read"/>
<opset="acc_15_load_read/1 "/>
</bind>
</comp>

<comp id="222" class="1004" name="acc_14_load_read_read_fu_222">
<pin_list>
<pin id="223" dir="0" index="0" bw="32" slack="0"/>
<pin id="224" dir="0" index="1" bw="32" slack="0"/>
<pin id="225" dir="1" index="2" bw="32" slack="0"/>
</pin_list>
<bind>
<opcode="read(1150) " fcode="read"/>
<opset="acc_14_load_read/1 "/>
</bind>
</comp>

<comp id="228" class="1004" name="acc_13_load_read_read_fu_228">
<pin_list>
<pin id="229" dir="0" index="0" bw="32" slack="0"/>
<pin id="230" dir="0" index="1" bw="32" slack="0"/>
<pin id="231" dir="1" index="2" bw="32" slack="0"/>
</pin_list>
<bind>
<opcode="read(1150) " fcode="read"/>
<opset="acc_13_load_read/1 "/>
</bind>
</comp>

<comp id="234" class="1004" name="acc_12_load_read_read_fu_234">
<pin_list>
<pin id="235" dir="0" index="0" bw="32" slack="0"/>
<pin id="236" dir="0" index="1" bw="32" slack="0"/>
<pin id="237" dir="1" index="2" bw="32" slack="0"/>
</pin_list>
<bind>
<opcode="read(1150) " fcode="read"/>
<opset="acc_12_load_read/1 "/>
</bind>
</comp>

<comp id="240" class="1004" name="acc_11_load_read_read_fu_240">
<pin_list>
<pin id="241" dir="0" index="0" bw="32" slack="0"/>
<pin id="242" dir="0" index="1" bw="32" slack="0"/>
<pin id="243" dir="1" index="2" bw="32" slack="0"/>
</pin_list>
<bind>
<opcode="read(1150) " fcode="read"/>
<opset="acc_11_load_read/1 "/>
</bind>
</comp>

<comp id="246" class="1004" name="acc_10_load_read_read_fu_246">
<pin_list>
<pin id="247" dir="0" index="0" bw="32" slack="0"/>
<pin id="248" dir="0" index="1" bw="32" slack="0"/>
<pin id="249" dir="1" index="2" bw="32" slack="0"/>
</pin_list>
<bind>
<opcode="read(1150) " fcode="read"/>
<opset="acc_10_load_read/1 "/>
</bind>
</comp>

<comp id="252" class="1004" name="acc_9_load_read_read_fu_252">
<pin_list>
<pin id="253" dir="0" index="0" bw="32" slack="0"/>
<pin id="254" dir="0" index="1" bw="32" slack="0"/>
<pin id="255" dir="1" index="2" bw="32" slack="0"/>
</pin_list>
<bind>
<opcode="read(1150) " fcode="read"/>
<opset="acc_9_load_read/1 "/>
</bind>
</comp>

<comp id="258" class="1004" name="acc_8_load_read_read_fu_258">
<pin_list>
<pin id="259" dir="0" index="0" bw="32" slack="0"/>
<pin id="260" dir="0" index="1" bw="32" slack="0"/>
<pin id="261" dir="1" index="2" bw="32" slack="0"/>
</pin_list>
<bind>
<opcode="read(1150) " fcode="read"/>
<opset="acc_8_load_read/1 "/>
</bind>
</comp>

<comp id="264" class="1004" name="acc_7_load_read_read_fu_264">
<pin_list>
<pin id="265" dir="0" index="0" bw="32" slack="0"/>
<pin id="266" dir="0" index="1" bw="32" slack="0"/>
<pin id="267" dir="1" index="2" bw="32" slack="0"/>
</pin_list>
<bind>
<opcode="read(1150) " fcode="read"/>
<opset="acc_7_load_read/1 "/>
</bind>
</comp>

<comp id="270" class="1004" name="acc_6_load_read_read_fu_270">
<pin_list>
<pin id="271" dir="0" index="0" bw="32" slack="0"/>
<pin id="272" dir="0" index="1" bw="32" slack="0"/>
<pin id="273" dir="1" index="2" bw="32" slack="0"/>
</pin_list>
<bind>
<opcode="read(1150) " fcode="read"/>
<opset="acc_6_load_read/1 "/>
</bind>
</comp>

<comp id="276" class="1004" name="acc_5_load_read_read_fu_276">
<pin_list>
<pin id="277" dir="0" index="0" bw="32" slack="0"/>
<pin id="278" dir="0" index="1" bw="32" slack="0"/>
<pin id="279" dir="1" index="2" bw="32" slack="0"/>
</pin_list>
<bind>
<opcode="read(1150) " fcode="read"/>
<opset="acc_5_load_read/1 "/>
</bind>
</comp>

<comp id="282" class="1004" name="acc_4_load_read_read_fu_282">
<pin_list>
<pin id="283" dir="0" index="0" bw="32" slack="0"/>
<pin id="284" dir="0" index="1" bw="32" slack="0"/>
<pin id="285" dir="1" index="2" bw="32" slack="0"/>
</pin_list>
<bind>
<opcode="read(1150) " fcode="read"/>
<opset="acc_4_load_read/1 "/>
</bind>
</comp>

<comp id="288" class="1004" name="acc_3_load_read_read_fu_288">
<pin_list>
<pin id="289" dir="0" index="0" bw="32" slack="0"/>
<pin id="290" dir="0" index="1" bw="32" slack="0"/>
<pin id="291" dir="1" index="2" bw="32" slack="0"/>
</pin_list>
<bind>
<opcode="read(1150) " fcode="read"/>
<opset="acc_3_load_read/1 "/>
</bind>
</comp>

<comp id="294" class="1004" name="acc_2_load_read_read_fu_294">
<pin_list>
<pin id="295" dir="0" index="0" bw="32" slack="0"/>
<pin id="296" dir="0" index="1" bw="32" slack="0"/>
<pin id="297" dir="1" index="2" bw="32" slack="0"/>
</pin_list>
<bind>
<opcode="read(1150) " fcode="read"/>
<opset="acc_2_load_read/1 "/>
</bind>
</comp>

<comp id="300" class="1004" name="acc_1_load_read_read_fu_300">
<pin_list>
<pin id="301" dir="0" index="0" bw="32" slack="0"/>
<pin id="302" dir="0" index="1" bw="32" slack="0"/>
<pin id="303" dir="1" index="2" bw="32" slack="0"/>
</pin_list>
<bind>
<opcode="read(1150) " fcode="read"/>
<opset="acc_1_load_read/1 "/>
</bind>
</comp>

<comp id="306" class="1004" name="acc_load_read_read_fu_306">
<pin_list>
<pin id="307" dir="0" index="0" bw="32" slack="0"/>
<pin id="308" dir="0" index="1" bw="32" slack="0"/>
<pin id="309" dir="1" index="2" bw="32" slack="0"/>
</pin_list>
<bind>
<opcode="read(1150) " fcode="read"/>
<opset="acc_load_read/1 "/>
</bind>
</comp>

<comp id="312" class="1004" name="sext_ln92_read_read_fu_312">
<pin_list>
<pin id="313" dir="0" index="0" bw="62" slack="0"/>
<pin id="314" dir="0" index="1" bw="62" slack="0"/>
<pin id="315" dir="1" index="2" bw="62" slack="0"/>
</pin_list>
<bind>
<opcode="read(1150) " fcode="read"/>
<opset="sext_ln92_read/1 "/>
</bind>
</comp>

<comp id="318" class="1004" name="write_ln94_write_fu_318">
<pin_list>
<pin id="319" dir="0" index="0" bw="0" slack="0"/>
<pin id="320" dir="0" index="1" bw="32" slack="1"/>
<pin id="321" dir="0" index="2" bw="32" slack="1"/>
<pin id="322" dir="0" index="3" bw="1" slack="0"/>
<pin id="323" dir="1" index="4" bw="0" slack="2147483647"/>
</pin_list>
<bind>
<opcode="write(1151) " fcode="write"/>
<opset="write_ln94/2 "/>
</bind>
</comp>

<comp id="326" class="1004" name="sext_ln92_cast_fu_326">
<pin_list>
<pin id="327" dir="0" index="0" bw="62" slack="0"/>
<pin id="328" dir="1" index="1" bw="64" slack="0"/>
</pin_list>
<bind>
<opcode="sext(35) " fcode="sext"/>
<opset="sext_ln92_cast/1 "/>
</bind>
</comp>

<comp id="330" class="1004" name="store_ln0_store_fu_330">
<pin_list>
<pin id="331" dir="0" index="0" bw="1" slack="0"/>
<pin id="332" dir="0" index="1" bw="6" slack="0"/>
<pin id="333" dir="1" index="2" bw="0" slack="2147483647"/>
</pin_list>
<bind>
<opcode="store(28) " fcode="store"/>
<opset="store_ln0/1 "/>
</bind>
</comp>

<comp id="335" class="1004" name="j_1_load_fu_335">
<pin_list>
<pin id="336" dir="0" index="0" bw="6" slack="0"/>
<pin id="337" dir="1" index="1" bw="6" slack="0"/>
</pin_list>
<bind>
<opcode="load(27) " fcode="load"/>
<opset="j_1/1 "/>
</bind>
</comp>

<comp id="338" class="1004" name="gmem2_addr_fu_338">
<pin_list>
<pin id="339" dir="0" index="0" bw="64" slack="0"/>
<pin id="340" dir="0" index="1" bw="64" slack="0"/>
<pin id="341" dir="1" index="2" bw="64" slack="1"/>
</pin_list>
<bind>
<opcode="getelementptr(29) " fcode="getelementptr"/>
<opset="gmem2_addr/1 "/>
</bind>
</comp>

<comp id="344" class="1004" name="icmp_ln92_fu_344">
<pin_list>
<pin id="345" dir="0" index="0" bw="6" slack="0"/>
<pin id="346" dir="0" index="1" bw="6" slack="0"/>
<pin id="347" dir="1" index="2" bw="1" slack="2147483647"/>
</pin_list>
<bind>
<opcode="icmp(45) " fcode="icmp"/>
<opset="icmp_ln92/1 "/>
</bind>
</comp>

<comp id="350" class="1004" name="add_ln92_fu_350">
<pin_list>
<pin id="351" dir="0" index="0" bw="6" slack="0"/>
<pin id="352" dir="0" index="1" bw="1" slack="0"/>
<pin id="353" dir="1" index="2" bw="6" slack="0"/>
</pin_list>
<bind>
<opcode="add(8) " fcode="add"/>
<opset="add_ln92/1 "/>
</bind>
</comp>

<comp id="356" class="1004" name="trunc_ln92_fu_356">
<pin_list>
<pin id="357" dir="0" index="0" bw="6" slack="0"/>
<pin id="358" dir="1" index="1" bw="5" slack="0"/>
</pin_list>
<bind>
<opcode="trunc(33) " fcode="trunc"/>
<opset="trunc_ln92/1 "/>
</bind>
</comp>

<comp id="360" class="1004" name="tmp_fu_360">
<pin_list>
<pin id="361" dir="0" index="0" bw="32" slack="0"/>
<pin id="362" dir="0" index="1" bw="32" slack="0"/>
<pin id="363" dir="0" index="2" bw="32" slack="0"/>
<pin id="364" dir="0" index="3" bw="32" slack="0"/>
<pin id="365" dir="0" index="4" bw="32" slack="0"/>
<pin id="366" dir="0" index="5" bw="32" slack="0"/>
<pin id="367" dir="0" index="6" bw="32" slack="0"/>
<pin id="368" dir="0" index="7" bw="32" slack="0"/>
<pin id="369" dir="0" index="8" bw="32" slack="0"/>
<pin id="370" dir="0" index="9" bw="32" slack="0"/>
<pin id="371" dir="0" index="10" bw="32" slack="0"/>
<pin id="372" dir="0" index="11" bw="32" slack="0"/>
<pin id="373" dir="0" index="12" bw="32" slack="0"/>
<pin id="374" dir="0" index="13" bw="32" slack="0"/>
<pin id="375" dir="0" index="14" bw="32" slack="0"/>
<pin id="376" dir="0" index="15" bw="32" slack="0"/>
<pin id="377" dir="0" index="16" bw="32" slack="0"/>
<pin id="378" dir="0" index="17" bw="32" slack="0"/>
<pin id="379" dir="0" index="18" bw="32" slack="0"/>
<pin id="380" dir="0" index="19" bw="32" slack="0"/>
<pin id="381" dir="0" index="20" bw="32" slack="0"/>
<pin id="382" dir="0" index="21" bw="32" slack="0"/>
<pin id="383" dir="0" index="22" bw="32" slack="0"/>
<pin id="384" dir="0" index="23" bw="32" slack="0"/>
<pin id="385" dir="0" index="24" bw="32" slack="0"/>
<pin id="386" dir="0" index="25" bw="32" slack="0"/>
<pin id="387" dir="0" index="26" bw="32" slack="0"/>
<pin id="388" dir="0" index="27" bw="32" slack="0"/>
<pin id="389" dir="0" index="28" bw="32" slack="0"/>
<pin id="390" dir="0" index="29" bw="32" slack="0"/>
<pin id="391" dir="0" index="30" bw="32" slack="0"/>
<pin id="392" dir="0" index="31" bw="32" slack="0"/>
<pin id="393" dir="0" index="32" bw="32" slack="0"/>
<pin id="394" dir="0" index="33" bw="5" slack="0"/>
<pin id="395" dir="1" index="34" bw="32" slack="1"/>
</pin_list>
<bind>
<opcode="mux(1196) " fcode="mux"/>
<opset="tmp/1 "/>
</bind>
</comp>

<comp id="430" class="1004" name="store_ln92_store_fu_430">
<pin_list>
<pin id="431" dir="0" index="0" bw="6" slack="0"/>
<pin id="432" dir="0" index="1" bw="6" slack="0"/>
<pin id="433" dir="1" index="2" bw="0" slack="2147483647"/>
</pin_list>
<bind>
<opcode="store(28) " fcode="store"/>
<opset="store_ln92/1 "/>
</bind>
</comp>

<comp id="435" class="1005" name="j_reg_435">
<pin_list>
<pin id="436" dir="0" index="0" bw="6" slack="0"/>
<pin id="437" dir="1" index="1" bw="6" slack="0"/>
</pin_list>
<bind>
<opset="j "/>
</bind>
</comp>

<comp id="442" class="1005" name="gmem2_addr_reg_442">
<pin_list>
<pin id="443" dir="0" index="0" bw="32" slack="1"/>
<pin id="444" dir="1" index="1" bw="32" slack="1"/>
</pin_list>
<bind>
<opset="gmem2_addr "/>
</bind>
</comp>

<comp id="450" class="1005" name="tmp_reg_450">
<pin_list>
<pin id="451" dir="0" index="0" bw="32" slack="1"/>
<pin id="452" dir="1" index="1" bw="32" slack="1"/>
</pin_list>
<bind>
<opset="tmp "/>
</bind>
</comp>

</comp_list>

<net_list>
<net id="119"><net_src comp="68" pin="0"/><net_sink comp="116" pin=0"/></net>

<net id="124"><net_src comp="70" pin="0"/><net_sink comp="120" pin=0"/></net>

<net id="125"><net_src comp="66" pin="0"/><net_sink comp="120" pin=1"/></net>

<net id="130"><net_src comp="70" pin="0"/><net_sink comp="126" pin=0"/></net>

<net id="131"><net_src comp="64" pin="0"/><net_sink comp="126" pin=1"/></net>

<net id="136"><net_src comp="70" pin="0"/><net_sink comp="132" pin=0"/></net>

<net id="137"><net_src comp="62" pin="0"/><net_sink comp="132" pin=1"/></net>

<net id="142"><net_src comp="70" pin="0"/><net_sink comp="138" pin=0"/></net>

<net id="143"><net_src comp="60" pin="0"/><net_sink comp="138" pin=1"/></net>

<net id="148"><net_src comp="70" pin="0"/><net_sink comp="144" pin=0"/></net>

<net id="149"><net_src comp="58" pin="0"/><net_sink comp="144" pin=1"/></net>

<net id="154"><net_src comp="70" pin="0"/><net_sink comp="150" pin=0"/></net>

<net id="155"><net_src comp="56" pin="0"/><net_sink comp="150" pin=1"/></net>

<net id="160"><net_src comp="70" pin="0"/><net_sink comp="156" pin=0"/></net>

<net id="161"><net_src comp="54" pin="0"/><net_sink comp="156" pin=1"/></net>

<net id="166"><net_src comp="70" pin="0"/><net_sink comp="162" pin=0"/></net>

<net id="167"><net_src comp="52" pin="0"/><net_sink comp="162" pin=1"/></net>

<net id="172"><net_src comp="70" pin="0"/><net_sink comp="168" pin=0"/></net>

<net id="173"><net_src comp="50" pin="0"/><net_sink comp="168" pin=1"/></net>

<net id="178"><net_src comp="70" pin="0"/><net_sink comp="174" pin=0"/></net>

<net id="179"><net_src comp="48" pin="0"/><net_sink comp="174" pin=1"/></net>

<net id="184"><net_src comp="70" pin="0"/><net_sink comp="180" pin=0"/></net>

<net id="185"><net_src comp="46" pin="0"/><net_sink comp="180" pin=1"/></net>

<net id="190"><net_src comp="70" pin="0"/><net_sink comp="186" pin=0"/></net>

<net id="191"><net_src comp="44" pin="0"/><net_sink comp="186" pin=1"/></net>

<net id="196"><net_src comp="70" pin="0"/><net_sink comp="192" pin=0"/></net>

<net id="197"><net_src comp="42" pin="0"/><net_sink comp="192" pin=1"/></net>

<net id="202"><net_src comp="70" pin="0"/><net_sink comp="198" pin=0"/></net>

<net id="203"><net_src comp="40" pin="0"/><net_sink comp="198" pin=1"/></net>

<net id="208"><net_src comp="70" pin="0"/><net_sink comp="204" pin=0"/></net>

<net id="209"><net_src comp="38" pin="0"/><net_sink comp="204" pin=1"/></net>

<net id="214"><net_src comp="70" pin="0"/><net_sink comp="210" pin=0"/></net>

<net id="215"><net_src comp="36" pin="0"/><net_sink comp="210" pin=1"/></net>

<net id="220"><net_src comp="70" pin="0"/><net_sink comp="216" pin=0"/></net>

<net id="221"><net_src comp="34" pin="0"/><net_sink comp="216" pin=1"/></net>

<net id="226"><net_src comp="70" pin="0"/><net_sink comp="222" pin=0"/></net>

<net id="227"><net_src comp="32" pin="0"/><net_sink comp="222" pin=1"/></net>

<net id="232"><net_src comp="70" pin="0"/><net_sink comp="228" pin=0"/></net>

<net id="233"><net_src comp="30" pin="0"/><net_sink comp="228" pin=1"/></net>

<net id="238"><net_src comp="70" pin="0"/><net_sink comp="234" pin=0"/></net>

<net id="239"><net_src comp="28" pin="0"/><net_sink comp="234" pin=1"/></net>

<net id="244"><net_src comp="70" pin="0"/><net_sink comp="240" pin=0"/></net>

<net id="245"><net_src comp="26" pin="0"/><net_sink comp="240" pin=1"/></net>

<net id="250"><net_src comp="70" pin="0"/><net_sink comp="246" pin=0"/></net>

<net id="251"><net_src comp="24" pin="0"/><net_sink comp="246" pin=1"/></net>

<net id="256"><net_src comp="70" pin="0"/><net_sink comp="252" pin=0"/></net>

<net id="257"><net_src comp="22" pin="0"/><net_sink comp="252" pin=1"/></net>

<net id="262"><net_src comp="70" pin="0"/><net_sink comp="258" pin=0"/></net>

<net id="263"><net_src comp="20" pin="0"/><net_sink comp="258" pin=1"/></net>

<net id="268"><net_src comp="70" pin="0"/><net_sink comp="264" pin=0"/></net>

<net id="269"><net_src comp="18" pin="0"/><net_sink comp="264" pin=1"/></net>

<net id="274"><net_src comp="70" pin="0"/><net_sink comp="270" pin=0"/></net>

<net id="275"><net_src comp="16" pin="0"/><net_sink comp="270" pin=1"/></net>

<net id="280"><net_src comp="70" pin="0"/><net_sink comp="276" pin=0"/></net>

<net id="281"><net_src comp="14" pin="0"/><net_sink comp="276" pin=1"/></net>

<net id="286"><net_src comp="70" pin="0"/><net_sink comp="282" pin=0"/></net>

<net id="287"><net_src comp="12" pin="0"/><net_sink comp="282" pin=1"/></net>

<net id="292"><net_src comp="70" pin="0"/><net_sink comp="288" pin=0"/></net>

<net id="293"><net_src comp="10" pin="0"/><net_sink comp="288" pin=1"/></net>

<net id="298"><net_src comp="70" pin="0"/><net_sink comp="294" pin=0"/></net>

<net id="299"><net_src comp="8" pin="0"/><net_sink comp="294" pin=1"/></net>

<net id="304"><net_src comp="70" pin="0"/><net_sink comp="300" pin=0"/></net>

<net id="305"><net_src comp="6" pin="0"/><net_sink comp="300" pin=1"/></net>

<net id="310"><net_src comp="70" pin="0"/><net_sink comp="306" pin=0"/></net>

<net id="311"><net_src comp="4" pin="0"/><net_sink comp="306" pin=1"/></net>

<net id="316"><net_src comp="72" pin="0"/><net_sink comp="312" pin=0"/></net>

<net id="317"><net_src comp="2" pin="0"/><net_sink comp="312" pin=1"/></net>

<net id="324"><net_src comp="112" pin="0"/><net_sink comp="318" pin=0"/></net>

<net id="325"><net_src comp="114" pin="0"/><net_sink comp="318" pin=3"/></net>

<net id="329"><net_src comp="312" pin="2"/><net_sink comp="326" pin=0"/></net>

<net id="334"><net_src comp="92" pin="0"/><net_sink comp="330" pin=0"/></net>

<net id="342"><net_src comp="0" pin="0"/><net_sink comp="338" pin=0"/></net>

<net id="343"><net_src comp="326" pin="1"/><net_sink comp="338" pin=1"/></net>

<net id="348"><net_src comp="335" pin="1"/><net_sink comp="344" pin=0"/></net>

<net id="349"><net_src comp="96" pin="0"/><net_sink comp="344" pin=1"/></net>

<net id="354"><net_src comp="335" pin="1"/><net_sink comp="350" pin=0"/></net>

<net id="355"><net_src comp="98" pin="0"/><net_sink comp="350" pin=1"/></net>

<net id="359"><net_src comp="335" pin="1"/><net_sink comp="356" pin=0"/></net>

<net id="396"><net_src comp="100" pin="0"/><net_sink comp="360" pin=0"/></net>

<net id="397"><net_src comp="306" pin="2"/><net_sink comp="360" pin=1"/></net>

<net id="398"><net_src comp="300" pin="2"/><net_sink comp="360" pin=2"/></net>

<net id="399"><net_src comp="294" pin="2"/><net_sink comp="360" pin=3"/></net>

<net id="400"><net_src comp="288" pin="2"/><net_sink comp="360" pin=4"/></net>

<net id="401"><net_src comp="282" pin="2"/><net_sink comp="360" pin=5"/></net>

<net id="402"><net_src comp="276" pin="2"/><net_sink comp="360" pin=6"/></net>

<net id="403"><net_src comp="270" pin="2"/><net_sink comp="360" pin=7"/></net>

<net id="404"><net_src comp="264" pin="2"/><net_sink comp="360" pin=8"/></net>

<net id="405"><net_src comp="258" pin="2"/><net_sink comp="360" pin=9"/></net>

<net id="406"><net_src comp="252" pin="2"/><net_sink comp="360" pin=10"/></net>

<net id="407"><net_src comp="246" pin="2"/><net_sink comp="360" pin=11"/></net>

<net id="408"><net_src comp="240" pin="2"/><net_sink comp="360" pin=12"/></net>

<net id="409"><net_src comp="234" pin="2"/><net_sink comp="360" pin=13"/></net>

<net id="410"><net_src comp="228" pin="2"/><net_sink comp="360" pin=14"/></net>

<net id="411"><net_src comp="222" pin="2"/><net_sink comp="360" pin=15"/></net>

<net id="412"><net_src comp="216" pin="2"/><net_sink comp="360" pin=16"/></net>

<net id="413"><net_src comp="210" pin="2"/><net_sink comp="360" pin=17"/></net>

<net id="414"><net_src comp="204" pin="2"/><net_sink comp="360" pin=18"/></net>

<net id="415"><net_src comp="198" pin="2"/><net_sink comp="360" pin=19"/></net>

<net id="416"><net_src comp="192" pin="2"/><net_sink comp="360" pin=20"/></net>

<net id="417"><net_src comp="186" pin="2"/><net_sink comp="360" pin=21"/></net>

<net id="418"><net_src comp="180" pin="2"/><net_sink comp="360" pin=22"/></net>

<net id="419"><net_src comp="174" pin="2"/><net_sink comp="360" pin=23"/></net>

<net id="420"><net_src comp="168" pin="2"/><net_sink comp="360" pin=24"/></net>

<net id="421"><net_src comp="162" pin="2"/><net_sink comp="360" pin=25"/></net>

<net id="422"><net_src comp="156" pin="2"/><net_sink comp="360" pin=26"/></net>

<net id="423"><net_src comp="150" pin="2"/><net_sink comp="360" pin=27"/></net>

<net id="424"><net_src comp="144" pin="2"/><net_sink comp="360" pin=28"/></net>

<net id="425"><net_src comp="138" pin="2"/><net_sink comp="360" pin=29"/></net>

<net id="426"><net_src comp="132" pin="2"/><net_sink comp="360" pin=30"/></net>

<net id="427"><net_src comp="126" pin="2"/><net_sink comp="360" pin=31"/></net>

<net id="428"><net_src comp="120" pin="2"/><net_sink comp="360" pin=32"/></net>

<net id="429"><net_src comp="356" pin="1"/><net_sink comp="360" pin=33"/></net>

<net id="434"><net_src comp="350" pin="2"/><net_sink comp="430" pin=0"/></net>

<net id="438"><net_src comp="116" pin="1"/><net_sink comp="435" pin=0"/></net>

<net id="439"><net_src comp="435" pin="1"/><net_sink comp="330" pin=1"/></net>

<net id="440"><net_src comp="435" pin="1"/><net_sink comp="335" pin=0"/></net>

<net id="441"><net_src comp="435" pin="1"/><net_sink comp="430" pin=1"/></net>

<net id="445"><net_src comp="338" pin="2"/><net_sink comp="442" pin=0"/></net>

<net id="446"><net_src comp="442" pin="1"/><net_sink comp="318" pin=1"/></net>

<net id="453"><net_src comp="360" pin="34"/><net_sink comp="450" pin=0"/></net>

<net id="454"><net_src comp="450" pin="1"/><net_sink comp="318" pin=2"/></net>

</net_list>

</model> 
---------------- Datapath Model END ------------------

* FSMD analyzer results:
  - Output states:
	Port: gmem2 | {2 }
 - Input state : 
	Port: gemm_int8_Pipeline_VITIS_LOOP_92_7 : gmem2 | {}
	Port: gemm_int8_Pipeline_VITIS_LOOP_92_7 : sext_ln92 | {1 }
	Port: gemm_int8_Pipeline_VITIS_LOOP_92_7 : acc_load | {1 }
	Port: gemm_int8_Pipeline_VITIS_LOOP_92_7 : acc_1_load | {1 }
	Port: gemm_int8_Pipeline_VITIS_LOOP_92_7 : acc_2_load | {1 }
	Port: gemm_int8_Pipeline_VITIS_LOOP_92_7 : acc_3_load | {1 }
	Port: gemm_int8_Pipeline_VITIS_LOOP_92_7 : acc_4_load | {1 }
	Port: gemm_int8_Pipeline_VITIS_LOOP_92_7 : acc_5_load | {1 }
	Port: gemm_int8_Pipeline_VITIS_LOOP_92_7 : acc_6_load | {1 }
	Port: gemm_int8_Pipeline_VITIS_LOOP_92_7 : acc_7_load | {1 }
	Port: gemm_int8_Pipeline_VITIS_LOOP_92_7 : acc_8_load | {1 }
	Port: gemm_int8_Pipeline_VITIS_LOOP_92_7 : acc_9_load | {1 }
	Port: gemm_int8_Pipeline_VITIS_LOOP_92_7 : acc_10_load | {1 }
	Port: gemm_int8_Pipeline_VITIS_LOOP_92_7 : acc_11_load | {1 }
	Port: gemm_int8_Pipeline_VITIS_LOOP_92_7 : acc_12_load | {1 }
	Port: gemm_int8_Pipeline_VITIS_LOOP_92_7 : acc_13_load | {1 }
	Port: gemm_int8_Pipeline_VITIS_LOOP_92_7 : acc_14_load | {1 }
	Port: gemm_int8_Pipeline_VITIS_LOOP_92_7 : acc_15_load | {1 }
	Port: gemm_int8_Pipeline_VITIS_LOOP_92_7 : acc_16_load | {1 }
	Port: gemm_int8_Pipeline_VITIS_LOOP_92_7 : acc_17_load | {1 }
	Port: gemm_int8_Pipeline_VITIS_LOOP_92_7 : acc_18_load | {1 }
	Port: gemm_int8_Pipeline_VITIS_LOOP_92_7 : acc_19_load | {1 }
	Port: gemm_int8_Pipeline_VITIS_LOOP_92_7 : acc_20_load | {1 }
	Port: gemm_int8_Pipeline_VITIS_LOOP_92_7 : acc_21_load | {1 }
	Port: gemm_int8_Pipeline_VITIS_LOOP_92_7 : acc_22_load | {1 }
	Port: gemm_int8_Pipeline_VITIS_LOOP_92_7 : acc_23_load | {1 }
	Port: gemm_int8_Pipeline_VITIS_LOOP_92_7 : acc_24_load | {1 }
	Port: gemm_int8_Pipeline_VITIS_LOOP_92_7 : acc_25_load | {1 }
	Port: gemm_int8_Pipeline_VITIS_LOOP_92_7 : acc_26_load | {1 }
	Port: gemm_int8_Pipeline_VITIS_LOOP_92_7 : acc_27_load | {1 }
	Port: gemm_int8_Pipeline_VITIS_LOOP_92_7 : acc_28_load | {1 }
	Port: gemm_int8_Pipeline_VITIS_LOOP_92_7 : acc_29_load | {1 }
	Port: gemm_int8_Pipeline_VITIS_LOOP_92_7 : acc_30_load | {1 }
	Port: gemm_int8_Pipeline_VITIS_LOOP_92_7 : acc_31_load | {1 }
  - Chain level:
	State 1
		store_ln0 : 1
		j_1 : 1
		gmem2_addr : 1
		icmp_ln92 : 2
		add_ln92 : 2
		br_ln92 : 3
		trunc_ln92 : 2
		tmp : 3
		store_ln92 : 3
	State 2


============================================================
+ Verbose Summary: Datapath Resource usage 
============================================================

* Functional unit list:
|----------|------------------------------|---------|---------|
| Operation|        Functional Unit       |    FF   |   LUT   |
|----------|------------------------------|---------|---------|
|    mux   |          tmp_fu_360          |    0    |   148   |
|----------|------------------------------|---------|---------|
|   icmp   |       icmp_ln92_fu_344       |    0    |    13   |
|----------|------------------------------|---------|---------|
|    add   |        add_ln92_fu_350       |    0    |    13   |
|----------|------------------------------|---------|---------|
|          | acc_31_load_read_read_fu_120 |    0    |    0    |
|          | acc_30_load_read_read_fu_126 |    0    |    0    |
|          | acc_29_load_read_read_fu_132 |    0    |    0    |
|          | acc_28_load_read_read_fu_138 |    0    |    0    |
|          | acc_27_load_read_read_fu_144 |    0    |    0    |
|          | acc_26_load_read_read_fu_150 |    0    |    0    |
|          | acc_25_load_read_read_fu_156 |    0    |    0    |
|          | acc_24_load_read_read_fu_162 |    0    |    0    |
|          | acc_23_load_read_read_fu_168 |    0    |    0    |
|          | acc_22_load_read_read_fu_174 |    0    |    0    |
|          | acc_21_load_read_read_fu_180 |    0    |    0    |
|          | acc_20_load_read_read_fu_186 |    0    |    0    |
|          | acc_19_load_read_read_fu_192 |    0    |    0    |
|          | acc_18_load_read_read_fu_198 |    0    |    0    |
|          | acc_17_load_read_read_fu_204 |    0    |    0    |
|          | acc_16_load_read_read_fu_210 |    0    |    0    |
|   read   | acc_15_load_read_read_fu_216 |    0    |    0    |
|          | acc_14_load_read_read_fu_222 |    0    |    0    |
|          | acc_13_load_read_read_fu_228 |    0    |    0    |
|          | acc_12_load_read_read_fu_234 |    0    |    0    |
|          | acc_11_load_read_read_fu_240 |    0    |    0    |
|          | acc_10_load_read_read_fu_246 |    0    |    0    |
|          |  acc_9_load_read_read_fu_252 |    0    |    0    |
|          |  acc_8_load_read_read_fu_258 |    0    |    0    |
|          |  acc_7_load_read_read_fu_264 |    0    |    0    |
|          |  acc_6_load_read_read_fu_270 |    0    |    0    |
|          |  acc_5_load_read_read_fu_276 |    0    |    0    |
|          |  acc_4_load_read_read_fu_282 |    0    |    0    |
|          |  acc_3_load_read_read_fu_288 |    0    |    0    |
|          |  acc_2_load_read_read_fu_294 |    0    |    0    |
|          |  acc_1_load_read_read_fu_300 |    0    |    0    |
|          |   acc_load_read_read_fu_306  |    0    |    0    |
|          |  sext_ln92_read_read_fu_312  |    0    |    0    |
|----------|------------------------------|---------|---------|
|   write  |    write_ln94_write_fu_318   |    0    |    0    |
|----------|------------------------------|---------|---------|
|   sext   |     sext_ln92_cast_fu_326    |    0    |    0    |
|----------|------------------------------|---------|---------|
|   trunc  |       trunc_ln92_fu_356      |    0    |    0    |
|----------|------------------------------|---------|---------|
|   Total  |                              |    0    |   174   |
|----------|------------------------------|---------|---------|

Memories:
N/A

* Register list:
+------------------+--------+
|                  |   FF   |
+------------------+--------+
|gmem2_addr_reg_442|   32   |
|     j_reg_435    |    6   |
|    tmp_reg_450   |   32   |
+------------------+--------+
|       Total      |   70   |
+------------------+--------+

* Multiplexer (MUX) list: 
|--------|------|------|------|--------|
|  Comp  |  Pin | Size |  BW  | S x BW |
|--------|------|------|------|--------|
|  Total |      |      |      |    0   |
|--------|------|------|------|--------|



* Summary:
+-----------+--------+--------+
|           |   FF   |   LUT  |
+-----------+--------+--------+
|  Function |    0   |   174  |
|   Memory  |    -   |    -   |
|Multiplexer|    -   |    -   |
|  Register |   70   |    -   |
+-----------+--------+--------+
|   Total   |   70   |   174  |
+-----------+--------+--------+
