

================================================================
== Vitis HLS Report for 'gemm_int8_Pipeline_init_acc_VITIS_LOOP_46_2'
================================================================
* Date:           Thu Mar 12 11:38:50 2026

* Version:        2023.1 (Build 3854077 on May  4 2023)
* Project:        gemm_qkv
* Solution:       solution1 (Vivado IP Flow Target)
* Product family: zynquplus
* Target device:  xck26-sfvc784-2LV-c


================================================================
== Performance Estimates
================================================================
+ Timing: 
    * Summary: 
    +--------+----------+----------+------------+
    |  Clock |  Target  | Estimated| Uncertainty|
    +--------+----------+----------+------------+
    |ap_clk  |  10.00 ns|  2.689 ns|     2.70 ns|
    +--------+----------+----------+------------+

+ Latency: 
    * Summary: 
    +---------+---------+-----------+-----------+------+------+---------+
    |  Latency (cycles) |   Latency (absolute)  |   Interval  | Pipeline|
    |   min   |   max   |    min    |    max    |  min |  max |   Type  |
    +---------+---------+-----------+-----------+------+------+---------+
    |     1026|     1026|  10.260 us|  10.260 us|  1026|  1026|       no|
    +---------+---------+-----------+-----------+------+------+---------+

    + Detail: 
        * Instance: 
        N/A

        * Loop: 
        +----------------------------+---------+---------+----------+-----------+-----------+------+----------+
        |                            |  Latency (cycles) | Iteration|  Initiation Interval  | Trip |          |
        |          Loop Name         |   min   |   max   |  Latency |  achieved |   target  | Count| Pipelined|
        +----------------------------+---------+---------+----------+-----------+-----------+------+----------+
        |- init_acc_VITIS_LOOP_46_2  |     1024|     1024|         1|          1|          1|  1024|       yes|
        +----------------------------+---------+---------+----------+-----------+-----------+------+----------+

============================================================
+ Verbose Summary: Synthesis Manager
============================================================
InlineROM: 1
ExposeGlobal: 0
============================================================
+ Verbose Summary: CDFG Model
============================================================
IsTopModel: 0
ResetActiveHigh: 1
IsCombinational: 0
IsDatapathOnly: 0
HasWiredReturn: 1
HasMFsm: 2
HasVarLatency: 1
IsPipeline: 0
IsRtlPipelined: 0
IsInstanceOverlapped: 0
IsDontTouch: 0
HasImplIP: 0
IsGatedGlobalClock: 0

+ Individual pipeline summary: 
  * Pipeline-0: initiation interval (II) = 1, depth = 1


============================================================
+ Verbose Summary: Schedule
============================================================
* Number of FSM states : 1
* Pipeline : 1
  Pipeline-0 : II = 1, D = 1, States = { 1 }
* Dataflow Pipeline: 0

* FSM state transitions: 
1 --> 

* FSM state operations: 

State 1 <SV = 0> <Delay = 2.68>
ST_1 : Operation 4 [1/1] (0.00ns)   --->   "%j = alloca i32 1"   --->   Operation 4 'alloca' 'j' <Predicate = true> <Delay = 0.00>
ST_1 : Operation 5 [1/1] (0.00ns)   --->   "%i = alloca i32 1"   --->   Operation 5 'alloca' 'i' <Predicate = true> <Delay = 0.00>
ST_1 : Operation 6 [1/1] (0.00ns)   --->   "%indvar_flatten38 = alloca i32 1"   --->   Operation 6 'alloca' 'indvar_flatten38' <Predicate = true> <Delay = 0.00>
ST_1 : Operation 7 [1/1] (0.42ns)   --->   "%store_ln0 = store i11 0, i11 %indvar_flatten38"   --->   Operation 7 'store' 'store_ln0' <Predicate = true> <Delay = 0.42>
ST_1 : Operation 8 [1/1] (0.42ns)   --->   "%store_ln0 = store i6 0, i6 %i"   --->   Operation 8 'store' 'store_ln0' <Predicate = true> <Delay = 0.42>
ST_1 : Operation 9 [1/1] (0.42ns)   --->   "%store_ln0 = store i6 0, i6 %j"   --->   Operation 9 'store' 'store_ln0' <Predicate = true> <Delay = 0.42>
ST_1 : Operation 10 [1/1] (0.00ns)   --->   "%br_ln0 = br void %for.inc54"   --->   Operation 10 'br' 'br_ln0' <Predicate = true> <Delay = 0.00>
ST_1 : Operation 11 [1/1] (0.00ns)   --->   "%indvar_flatten38_load = load i11 %indvar_flatten38" [src/gemm_int8.cpp:45]   --->   Operation 11 'load' 'indvar_flatten38_load' <Predicate = true> <Delay = 0.00>
ST_1 : Operation 12 [1/1] (0.79ns)   --->   "%icmp_ln45 = icmp_eq  i11 %indvar_flatten38_load, i11 1024" [src/gemm_int8.cpp:45]   --->   Operation 12 'icmp' 'icmp_ln45' <Predicate = true> <Delay = 0.79> <CoreInst = "Cmp">   --->   Core 9 'Cmp' <Latency = 0> <II = 1> <Delay = 0.79> <FuncUnit> <Opcode : 'icmp'> <InPorts = 2> <OutPorts = 1>
ST_1 : Operation 13 [1/1] (0.79ns)   --->   "%add_ln45_1 = add i11 %indvar_flatten38_load, i11 1" [src/gemm_int8.cpp:45]   --->   Operation 13 'add' 'add_ln45_1' <Predicate = true> <Delay = 0.79> <CoreInst = "Adder">   --->   Core 1 'Adder' <Latency = 0> <II = 1> <Delay = 0.79> <FuncUnit> <Opcode : 'add' 'sub'> <InPorts = 2> <OutPorts = 1>
ST_1 : Operation 14 [1/1] (0.00ns)   --->   "%br_ln45 = br i1 %icmp_ln45, void %for.inc57, void %tile_k.exitStub" [src/gemm_int8.cpp:45]   --->   Operation 14 'br' 'br_ln45' <Predicate = true> <Delay = 0.00>
ST_1 : Operation 15 [1/1] (0.00ns)   --->   "%j_load = load i6 %j" [src/gemm_int8.cpp:46]   --->   Operation 15 'load' 'j_load' <Predicate = (!icmp_ln45)> <Delay = 0.00>
ST_1 : Operation 16 [1/1] (0.00ns)   --->   "%i_load = load i6 %i" [src/gemm_int8.cpp:45]   --->   Operation 16 'load' 'i_load' <Predicate = (!icmp_ln45)> <Delay = 0.00>
ST_1 : Operation 17 [1/1] (0.78ns)   --->   "%add_ln45 = add i6 %i_load, i6 1" [src/gemm_int8.cpp:45]   --->   Operation 17 'add' 'add_ln45' <Predicate = (!icmp_ln45)> <Delay = 0.78> <CoreInst = "Adder">   --->   Core 1 'Adder' <Latency = 0> <II = 1> <Delay = 0.78> <FuncUnit> <Opcode : 'add' 'sub'> <InPorts = 2> <OutPorts = 1>
ST_1 : Operation 18 [1/1] (0.00ns)   --->   "%specloopname_ln0 = specloopname void @_ssdm_op_SpecLoopName, void @init_acc_VITIS_LOOP_46_2_str"   --->   Operation 18 'specloopname' 'specloopname_ln0' <Predicate = (!icmp_ln45)> <Delay = 0.00>
ST_1 : Operation 19 [1/1] (0.00ns)   --->   "%speclooptripcount_ln0 = speclooptripcount void @_ssdm_op_SpecLoopTripCount, i64 1024, i64 1024, i64 1024"   --->   Operation 19 'speclooptripcount' 'speclooptripcount_ln0' <Predicate = (!icmp_ln45)> <Delay = 0.00>
ST_1 : Operation 20 [1/1] (0.78ns)   --->   "%icmp_ln46 = icmp_eq  i6 %j_load, i6 32" [src/gemm_int8.cpp:46]   --->   Operation 20 'icmp' 'icmp_ln46' <Predicate = (!icmp_ln45)> <Delay = 0.78> <CoreInst = "Cmp">   --->   Core 9 'Cmp' <Latency = 0> <II = 1> <Delay = 0.78> <FuncUnit> <Opcode : 'icmp'> <InPorts = 2> <OutPorts = 1>
ST_1 : Operation 21 [1/1] (0.38ns)   --->   "%select_ln45 = select i1 %icmp_ln46, i6 0, i6 %j_load" [src/gemm_int8.cpp:45]   --->   Operation 21 'select' 'select_ln45' <Predicate = (!icmp_ln45)> <Delay = 0.38> <CoreInst = "Sel">   --->   Core 73 'Sel' <Latency = 0> <II = 1> <Delay = 0.38> <FuncUnit> <Opcode : 'select'> <InPorts = 3> <OutPorts = 1>
ST_1 : Operation 22 [1/1] (0.38ns)   --->   "%select_ln45_1 = select i1 %icmp_ln46, i6 %add_ln45, i6 %i_load" [src/gemm_int8.cpp:45]   --->   Operation 22 'select' 'select_ln45_1' <Predicate = (!icmp_ln45)> <Delay = 0.38> <CoreInst = "Sel">   --->   Core 73 'Sel' <Latency = 0> <II = 1> <Delay = 0.38> <FuncUnit> <Opcode : 'select'> <InPorts = 3> <OutPorts = 1>
ST_1 : Operation 23 [1/1] (0.00ns)   --->   "%zext_ln45 = zext i6 %select_ln45_1" [src/gemm_int8.cpp:45]   --->   Operation 23 'zext' 'zext_ln45' <Predicate = (!icmp_ln45)> <Delay = 0.00>
ST_1 : Operation 24 [1/1] (0.00ns)   --->   "%specpipeline_ln47 = specpipeline void @_ssdm_op_SpecPipeline, i32 1, i32 0, i32 0, i32 0, void @empty_4" [src/gemm_int8.cpp:47]   --->   Operation 24 'specpipeline' 'specpipeline_ln47' <Predicate = (!icmp_ln45)> <Delay = 0.00>
ST_1 : Operation 25 [1/1] (0.00ns)   --->   "%specloopname_ln46 = specloopname void @_ssdm_op_SpecLoopName, void @empty_12" [src/gemm_int8.cpp:46]   --->   Operation 25 'specloopname' 'specloopname_ln46' <Predicate = (!icmp_ln45)> <Delay = 0.00>
ST_1 : Operation 26 [1/1] (0.00ns)   --->   "%trunc_ln46 = trunc i6 %select_ln45" [src/gemm_int8.cpp:46]   --->   Operation 26 'trunc' 'trunc_ln46' <Predicate = (!icmp_ln45)> <Delay = 0.00>
ST_1 : Operation 27 [1/1] (0.74ns)   --->   "%switch_ln48 = switch i5 %trunc_ln46, void %arrayidx539.case.31, i5 0, void %arrayidx539.case.0, i5 1, void %arrayidx539.case.1, i5 2, void %arrayidx539.case.2, i5 3, void %arrayidx539.case.3, i5 4, void %arrayidx539.case.4, i5 5, void %arrayidx539.case.5, i5 6, void %arrayidx539.case.6, i5 7, void %arrayidx539.case.7, i5 8, void %arrayidx539.case.8, i5 9, void %arrayidx539.case.9, i5 10, void %arrayidx539.case.10, i5 11, void %arrayidx539.case.11, i5 12, void %arrayidx539.case.12, i5 13, void %arrayidx539.case.13, i5 14, void %arrayidx539.case.14, i5 15, void %arrayidx539.case.15, i5 16, void %arrayidx539.case.16, i5 17, void %arrayidx539.case.17, i5 18, void %arrayidx539.case.18, i5 19, void %arrayidx539.case.19, i5 20, void %arrayidx539.case.20, i5 21, void %arrayidx539.case.21, i5 22, void %arrayidx539.case.22, i5 23, void %arrayidx539.case.23, i5 24, void %arrayidx539.case.24, i5 25, void %arrayidx539.case.25, i5 26, void %arrayidx539.case.26, i5 27, void %arrayidx539.case.27, i5 28, void %arrayidx539.case.28, i5 29, void %arrayidx539.case.29, i5 30, void %arrayidx539.case.30" [src/gemm_int8.cpp:48]   --->   Operation 27 'switch' 'switch_ln48' <Predicate = (!icmp_ln45)> <Delay = 0.74>
ST_1 : Operation 28 [1/1] (0.00ns)   --->   "%acc_30_addr = getelementptr i32 %acc_30, i64 0, i64 %zext_ln45" [src/gemm_int8.cpp:45]   --->   Operation 28 'getelementptr' 'acc_30_addr' <Predicate = (!icmp_ln45 & trunc_ln46 == 30)> <Delay = 0.00>
ST_1 : Operation 29 [1/1] (1.23ns)   --->   "%store_ln48 = store i32 0, i5 %acc_30_addr" [src/gemm_int8.cpp:48]   --->   Operation 29 'store' 'store_ln48' <Predicate = (!icmp_ln45 & trunc_ln46 == 30)> <Delay = 1.23> <CoreInst = "RAM">   --->   Core 83 'RAM' <Latency = 1> <II = 1> <Delay = 1.23> <Storage> <Opcode : 'load' 'store'> <Ports = 2> <Width = 32> <Depth = 32> <RAM>
ST_1 : Operation 30 [1/1] (0.00ns)   --->   "%br_ln48 = br void %arrayidx539.exit" [src/gemm_int8.cpp:48]   --->   Operation 30 'br' 'br_ln48' <Predicate = (!icmp_ln45 & trunc_ln46 == 30)> <Delay = 0.00>
ST_1 : Operation 31 [1/1] (0.00ns)   --->   "%acc_29_addr = getelementptr i32 %acc_29, i64 0, i64 %zext_ln45" [src/gemm_int8.cpp:45]   --->   Operation 31 'getelementptr' 'acc_29_addr' <Predicate = (!icmp_ln45 & trunc_ln46 == 29)> <Delay = 0.00>
ST_1 : Operation 32 [1/1] (1.23ns)   --->   "%store_ln48 = store i32 0, i5 %acc_29_addr" [src/gemm_int8.cpp:48]   --->   Operation 32 'store' 'store_ln48' <Predicate = (!icmp_ln45 & trunc_ln46 == 29)> <Delay = 1.23> <CoreInst = "RAM">   --->   Core 83 'RAM' <Latency = 1> <II = 1> <Delay = 1.23> <Storage> <Opcode : 'load' 'store'> <Ports = 2> <Width = 32> <Depth = 32> <RAM>
ST_1 : Operation 33 [1/1] (0.00ns)   --->   "%br_ln48 = br void %arrayidx539.exit" [src/gemm_int8.cpp:48]   --->   Operation 33 'br' 'br_ln48' <Predicate = (!icmp_ln45 & trunc_ln46 == 29)> <Delay = 0.00>
ST_1 : Operation 34 [1/1] (0.00ns)   --->   "%acc_28_addr = getelementptr i32 %acc_28, i64 0, i64 %zext_ln45" [src/gemm_int8.cpp:45]   --->   Operation 34 'getelementptr' 'acc_28_addr' <Predicate = (!icmp_ln45 & trunc_ln46 == 28)> <Delay = 0.00>
ST_1 : Operation 35 [1/1] (1.23ns)   --->   "%store_ln48 = store i32 0, i5 %acc_28_addr" [src/gemm_int8.cpp:48]   --->   Operation 35 'store' 'store_ln48' <Predicate = (!icmp_ln45 & trunc_ln46 == 28)> <Delay = 1.23> <CoreInst = "RAM">   --->   Core 83 'RAM' <Latency = 1> <II = 1> <Delay = 1.23> <Storage> <Opcode : 'load' 'store'> <Ports = 2> <Width = 32> <Depth = 32> <RAM>
ST_1 : Operation 36 [1/1] (0.00ns)   --->   "%br_ln48 = br void %arrayidx539.exit" [src/gemm_int8.cpp:48]   --->   Operation 36 'br' 'br_ln48' <Predicate = (!icmp_ln45 & trunc_ln46 == 28)> <Delay = 0.00>
ST_1 : Operation 37 [1/1] (0.00ns)   --->   "%acc_27_addr = getelementptr i32 %acc_27, i64 0, i64 %zext_ln45" [src/gemm_int8.cpp:45]   --->   Operation 37 'getelementptr' 'acc_27_addr' <Predicate = (!icmp_ln45 & trunc_ln46 == 27)> <Delay = 0.00>
ST_1 : Operation 38 [1/1] (1.23ns)   --->   "%store_ln48 = store i32 0, i5 %acc_27_addr" [src/gemm_int8.cpp:48]   --->   Operation 38 'store' 'store_ln48' <Predicate = (!icmp_ln45 & trunc_ln46 == 27)> <Delay = 1.23> <CoreInst = "RAM">   --->   Core 83 'RAM' <Latency = 1> <II = 1> <Delay = 1.23> <Storage> <Opcode : 'load' 'store'> <Ports = 2> <Width = 32> <Depth = 32> <RAM>
ST_1 : Operation 39 [1/1] (0.00ns)   --->   "%br_ln48 = br void %arrayidx539.exit" [src/gemm_int8.cpp:48]   --->   Operation 39 'br' 'br_ln48' <Predicate = (!icmp_ln45 & trunc_ln46 == 27)> <Delay = 0.00>
ST_1 : Operation 40 [1/1] (0.00ns)   --->   "%acc_26_addr = getelementptr i32 %acc_26, i64 0, i64 %zext_ln45" [src/gemm_int8.cpp:45]   --->   Operation 40 'getelementptr' 'acc_26_addr' <Predicate = (!icmp_ln45 & trunc_ln46 == 26)> <Delay = 0.00>
ST_1 : Operation 41 [1/1] (1.23ns)   --->   "%store_ln48 = store i32 0, i5 %acc_26_addr" [src/gemm_int8.cpp:48]   --->   Operation 41 'store' 'store_ln48' <Predicate = (!icmp_ln45 & trunc_ln46 == 26)> <Delay = 1.23> <CoreInst = "RAM">   --->   Core 83 'RAM' <Latency = 1> <II = 1> <Delay = 1.23> <Storage> <Opcode : 'load' 'store'> <Ports = 2> <Width = 32> <Depth = 32> <RAM>
ST_1 : Operation 42 [1/1] (0.00ns)   --->   "%br_ln48 = br void %arrayidx539.exit" [src/gemm_int8.cpp:48]   --->   Operation 42 'br' 'br_ln48' <Predicate = (!icmp_ln45 & trunc_ln46 == 26)> <Delay = 0.00>
ST_1 : Operation 43 [1/1] (0.00ns)   --->   "%acc_25_addr = getelementptr i32 %acc_25, i64 0, i64 %zext_ln45" [src/gemm_int8.cpp:45]   --->   Operation 43 'getelementptr' 'acc_25_addr' <Predicate = (!icmp_ln45 & trunc_ln46 == 25)> <Delay = 0.00>
ST_1 : Operation 44 [1/1] (1.23ns)   --->   "%store_ln48 = store i32 0, i5 %acc_25_addr" [src/gemm_int8.cpp:48]   --->   Operation 44 'store' 'store_ln48' <Predicate = (!icmp_ln45 & trunc_ln46 == 25)> <Delay = 1.23> <CoreInst = "RAM">   --->   Core 83 'RAM' <Latency = 1> <II = 1> <Delay = 1.23> <Storage> <Opcode : 'load' 'store'> <Ports = 2> <Width = 32> <Depth = 32> <RAM>
ST_1 : Operation 45 [1/1] (0.00ns)   --->   "%br_ln48 = br void %arrayidx539.exit" [src/gemm_int8.cpp:48]   --->   Operation 45 'br' 'br_ln48' <Predicate = (!icmp_ln45 & trunc_ln46 == 25)> <Delay = 0.00>
ST_1 : Operation 46 [1/1] (0.00ns)   --->   "%acc_24_addr = getelementptr i32 %acc_24, i64 0, i64 %zext_ln45" [src/gemm_int8.cpp:45]   --->   Operation 46 'getelementptr' 'acc_24_addr' <Predicate = (!icmp_ln45 & trunc_ln46 == 24)> <Delay = 0.00>
ST_1 : Operation 47 [1/1] (1.23ns)   --->   "%store_ln48 = store i32 0, i5 %acc_24_addr" [src/gemm_int8.cpp:48]   --->   Operation 47 'store' 'store_ln48' <Predicate = (!icmp_ln45 & trunc_ln46 == 24)> <Delay = 1.23> <CoreInst = "RAM">   --->   Core 83 'RAM' <Latency = 1> <II = 1> <Delay = 1.23> <Storage> <Opcode : 'load' 'store'> <Ports = 2> <Width = 32> <Depth = 32> <RAM>
ST_1 : Operation 48 [1/1] (0.00ns)   --->   "%br_ln48 = br void %arrayidx539.exit" [src/gemm_int8.cpp:48]   --->   Operation 48 'br' 'br_ln48' <Predicate = (!icmp_ln45 & trunc_ln46 == 24)> <Delay = 0.00>
ST_1 : Operation 49 [1/1] (0.00ns)   --->   "%acc_23_addr = getelementptr i32 %acc_23, i64 0, i64 %zext_ln45" [src/gemm_int8.cpp:45]   --->   Operation 49 'getelementptr' 'acc_23_addr' <Predicate = (!icmp_ln45 & trunc_ln46 == 23)> <Delay = 0.00>
ST_1 : Operation 50 [1/1] (1.23ns)   --->   "%store_ln48 = store i32 0, i5 %acc_23_addr" [src/gemm_int8.cpp:48]   --->   Operation 50 'store' 'store_ln48' <Predicate = (!icmp_ln45 & trunc_ln46 == 23)> <Delay = 1.23> <CoreInst = "RAM">   --->   Core 83 'RAM' <Latency = 1> <II = 1> <Delay = 1.23> <Storage> <Opcode : 'load' 'store'> <Ports = 2> <Width = 32> <Depth = 32> <RAM>
ST_1 : Operation 51 [1/1] (0.00ns)   --->   "%br_ln48 = br void %arrayidx539.exit" [src/gemm_int8.cpp:48]   --->   Operation 51 'br' 'br_ln48' <Predicate = (!icmp_ln45 & trunc_ln46 == 23)> <Delay = 0.00>
ST_1 : Operation 52 [1/1] (0.00ns)   --->   "%acc_22_addr = getelementptr i32 %acc_22, i64 0, i64 %zext_ln45" [src/gemm_int8.cpp:45]   --->   Operation 52 'getelementptr' 'acc_22_addr' <Predicate = (!icmp_ln45 & trunc_ln46 == 22)> <Delay = 0.00>
ST_1 : Operation 53 [1/1] (1.23ns)   --->   "%store_ln48 = store i32 0, i5 %acc_22_addr" [src/gemm_int8.cpp:48]   --->   Operation 53 'store' 'store_ln48' <Predicate = (!icmp_ln45 & trunc_ln46 == 22)> <Delay = 1.23> <CoreInst = "RAM">   --->   Core 83 'RAM' <Latency = 1> <II = 1> <Delay = 1.23> <Storage> <Opcode : 'load' 'store'> <Ports = 2> <Width = 32> <Depth = 32> <RAM>
ST_1 : Operation 54 [1/1] (0.00ns)   --->   "%br_ln48 = br void %arrayidx539.exit" [src/gemm_int8.cpp:48]   --->   Operation 54 'br' 'br_ln48' <Predicate = (!icmp_ln45 & trunc_ln46 == 22)> <Delay = 0.00>
ST_1 : Operation 55 [1/1] (0.00ns)   --->   "%acc_21_addr = getelementptr i32 %acc_21, i64 0, i64 %zext_ln45" [src/gemm_int8.cpp:45]   --->   Operation 55 'getelementptr' 'acc_21_addr' <Predicate = (!icmp_ln45 & trunc_ln46 == 21)> <Delay = 0.00>
ST_1 : Operation 56 [1/1] (1.23ns)   --->   "%store_ln48 = store i32 0, i5 %acc_21_addr" [src/gemm_int8.cpp:48]   --->   Operation 56 'store' 'store_ln48' <Predicate = (!icmp_ln45 & trunc_ln46 == 21)> <Delay = 1.23> <CoreInst = "RAM">   --->   Core 83 'RAM' <Latency = 1> <II = 1> <Delay = 1.23> <Storage> <Opcode : 'load' 'store'> <Ports = 2> <Width = 32> <Depth = 32> <RAM>
ST_1 : Operation 57 [1/1] (0.00ns)   --->   "%br_ln48 = br void %arrayidx539.exit" [src/gemm_int8.cpp:48]   --->   Operation 57 'br' 'br_ln48' <Predicate = (!icmp_ln45 & trunc_ln46 == 21)> <Delay = 0.00>
ST_1 : Operation 58 [1/1] (0.00ns)   --->   "%acc_20_addr = getelementptr i32 %acc_20, i64 0, i64 %zext_ln45" [src/gemm_int8.cpp:45]   --->   Operation 58 'getelementptr' 'acc_20_addr' <Predicate = (!icmp_ln45 & trunc_ln46 == 20)> <Delay = 0.00>
ST_1 : Operation 59 [1/1] (1.23ns)   --->   "%store_ln48 = store i32 0, i5 %acc_20_addr" [src/gemm_int8.cpp:48]   --->   Operation 59 'store' 'store_ln48' <Predicate = (!icmp_ln45 & trunc_ln46 == 20)> <Delay = 1.23> <CoreInst = "RAM">   --->   Core 83 'RAM' <Latency = 1> <II = 1> <Delay = 1.23> <Storage> <Opcode : 'load' 'store'> <Ports = 2> <Width = 32> <Depth = 32> <RAM>
ST_1 : Operation 60 [1/1] (0.00ns)   --->   "%br_ln48 = br void %arrayidx539.exit" [src/gemm_int8.cpp:48]   --->   Operation 60 'br' 'br_ln48' <Predicate = (!icmp_ln45 & trunc_ln46 == 20)> <Delay = 0.00>
ST_1 : Operation 61 [1/1] (0.00ns)   --->   "%acc_19_addr = getelementptr i32 %acc_19, i64 0, i64 %zext_ln45" [src/gemm_int8.cpp:45]   --->   Operation 61 'getelementptr' 'acc_19_addr' <Predicate = (!icmp_ln45 & trunc_ln46 == 19)> <Delay = 0.00>
ST_1 : Operation 62 [1/1] (1.23ns)   --->   "%store_ln48 = store i32 0, i5 %acc_19_addr" [src/gemm_int8.cpp:48]   --->   Operation 62 'store' 'store_ln48' <Predicate = (!icmp_ln45 & trunc_ln46 == 19)> <Delay = 1.23> <CoreInst = "RAM">   --->   Core 83 'RAM' <Latency = 1> <II = 1> <Delay = 1.23> <Storage> <Opcode : 'load' 'store'> <Ports = 2> <Width = 32> <Depth = 32> <RAM>
ST_1 : Operation 63 [1/1] (0.00ns)   --->   "%br_ln48 = br void %arrayidx539.exit" [src/gemm_int8.cpp:48]   --->   Operation 63 'br' 'br_ln48' <Predicate = (!icmp_ln45 & trunc_ln46 == 19)> <Delay = 0.00>
ST_1 : Operation 64 [1/1] (0.00ns)   --->   "%acc_18_addr = getelementptr i32 %acc_18, i64 0, i64 %zext_ln45" [src/gemm_int8.cpp:45]   --->   Operation 64 'getelementptr' 'acc_18_addr' <Predicate = (!icmp_ln45 & trunc_ln46 == 18)> <Delay = 0.00>
ST_1 : Operation 65 [1/1] (1.23ns)   --->   "%store_ln48 = store i32 0, i5 %acc_18_addr" [src/gemm_int8.cpp:48]   --->   Operation 65 'store' 'store_ln48' <Predicate = (!icmp_ln45 & trunc_ln46 == 18)> <Delay = 1.23> <CoreInst = "RAM">   --->   Core 83 'RAM' <Latency = 1> <II = 1> <Delay = 1.23> <Storage> <Opcode : 'load' 'store'> <Ports = 2> <Width = 32> <Depth = 32> <RAM>
ST_1 : Operation 66 [1/1] (0.00ns)   --->   "%br_ln48 = br void %arrayidx539.exit" [src/gemm_int8.cpp:48]   --->   Operation 66 'br' 'br_ln48' <Predicate = (!icmp_ln45 & trunc_ln46 == 18)> <Delay = 0.00>
ST_1 : Operation 67 [1/1] (0.00ns)   --->   "%acc_17_addr = getelementptr i32 %acc_17, i64 0, i64 %zext_ln45" [src/gemm_int8.cpp:45]   --->   Operation 67 'getelementptr' 'acc_17_addr' <Predicate = (!icmp_ln45 & trunc_ln46 == 17)> <Delay = 0.00>
ST_1 : Operation 68 [1/1] (1.23ns)   --->   "%store_ln48 = store i32 0, i5 %acc_17_addr" [src/gemm_int8.cpp:48]   --->   Operation 68 'store' 'store_ln48' <Predicate = (!icmp_ln45 & trunc_ln46 == 17)> <Delay = 1.23> <CoreInst = "RAM">   --->   Core 83 'RAM' <Latency = 1> <II = 1> <Delay = 1.23> <Storage> <Opcode : 'load' 'store'> <Ports = 2> <Width = 32> <Depth = 32> <RAM>
ST_1 : Operation 69 [1/1] (0.00ns)   --->   "%br_ln48 = br void %arrayidx539.exit" [src/gemm_int8.cpp:48]   --->   Operation 69 'br' 'br_ln48' <Predicate = (!icmp_ln45 & trunc_ln46 == 17)> <Delay = 0.00>
ST_1 : Operation 70 [1/1] (0.00ns)   --->   "%acc_16_addr = getelementptr i32 %acc_16, i64 0, i64 %zext_ln45" [src/gemm_int8.cpp:45]   --->   Operation 70 'getelementptr' 'acc_16_addr' <Predicate = (!icmp_ln45 & trunc_ln46 == 16)> <Delay = 0.00>
ST_1 : Operation 71 [1/1] (1.23ns)   --->   "%store_ln48 = store i32 0, i5 %acc_16_addr" [src/gemm_int8.cpp:48]   --->   Operation 71 'store' 'store_ln48' <Predicate = (!icmp_ln45 & trunc_ln46 == 16)> <Delay = 1.23> <CoreInst = "RAM">   --->   Core 83 'RAM' <Latency = 1> <II = 1> <Delay = 1.23> <Storage> <Opcode : 'load' 'store'> <Ports = 2> <Width = 32> <Depth = 32> <RAM>
ST_1 : Operation 72 [1/1] (0.00ns)   --->   "%br_ln48 = br void %arrayidx539.exit" [src/gemm_int8.cpp:48]   --->   Operation 72 'br' 'br_ln48' <Predicate = (!icmp_ln45 & trunc_ln46 == 16)> <Delay = 0.00>
ST_1 : Operation 73 [1/1] (0.00ns)   --->   "%acc_15_addr = getelementptr i32 %acc_15, i64 0, i64 %zext_ln45" [src/gemm_int8.cpp:45]   --->   Operation 73 'getelementptr' 'acc_15_addr' <Predicate = (!icmp_ln45 & trunc_ln46 == 15)> <Delay = 0.00>
ST_1 : Operation 74 [1/1] (1.23ns)   --->   "%store_ln48 = store i32 0, i5 %acc_15_addr" [src/gemm_int8.cpp:48]   --->   Operation 74 'store' 'store_ln48' <Predicate = (!icmp_ln45 & trunc_ln46 == 15)> <Delay = 1.23> <CoreInst = "RAM">   --->   Core 83 'RAM' <Latency = 1> <II = 1> <Delay = 1.23> <Storage> <Opcode : 'load' 'store'> <Ports = 2> <Width = 32> <Depth = 32> <RAM>
ST_1 : Operation 75 [1/1] (0.00ns)   --->   "%br_ln48 = br void %arrayidx539.exit" [src/gemm_int8.cpp:48]   --->   Operation 75 'br' 'br_ln48' <Predicate = (!icmp_ln45 & trunc_ln46 == 15)> <Delay = 0.00>
ST_1 : Operation 76 [1/1] (0.00ns)   --->   "%acc_14_addr = getelementptr i32 %acc_14, i64 0, i64 %zext_ln45" [src/gemm_int8.cpp:45]   --->   Operation 76 'getelementptr' 'acc_14_addr' <Predicate = (!icmp_ln45 & trunc_ln46 == 14)> <Delay = 0.00>
ST_1 : Operation 77 [1/1] (1.23ns)   --->   "%store_ln48 = store i32 0, i5 %acc_14_addr" [src/gemm_int8.cpp:48]   --->   Operation 77 'store' 'store_ln48' <Predicate = (!icmp_ln45 & trunc_ln46 == 14)> <Delay = 1.23> <CoreInst = "RAM">   --->   Core 83 'RAM' <Latency = 1> <II = 1> <Delay = 1.23> <Storage> <Opcode : 'load' 'store'> <Ports = 2> <Width = 32> <Depth = 32> <RAM>
ST_1 : Operation 78 [1/1] (0.00ns)   --->   "%br_ln48 = br void %arrayidx539.exit" [src/gemm_int8.cpp:48]   --->   Operation 78 'br' 'br_ln48' <Predicate = (!icmp_ln45 & trunc_ln46 == 14)> <Delay = 0.00>
ST_1 : Operation 79 [1/1] (0.00ns)   --->   "%acc_13_addr = getelementptr i32 %acc_13, i64 0, i64 %zext_ln45" [src/gemm_int8.cpp:45]   --->   Operation 79 'getelementptr' 'acc_13_addr' <Predicate = (!icmp_ln45 & trunc_ln46 == 13)> <Delay = 0.00>
ST_1 : Operation 80 [1/1] (1.23ns)   --->   "%store_ln48 = store i32 0, i5 %acc_13_addr" [src/gemm_int8.cpp:48]   --->   Operation 80 'store' 'store_ln48' <Predicate = (!icmp_ln45 & trunc_ln46 == 13)> <Delay = 1.23> <CoreInst = "RAM">   --->   Core 83 'RAM' <Latency = 1> <II = 1> <Delay = 1.23> <Storage> <Opcode : 'load' 'store'> <Ports = 2> <Width = 32> <Depth = 32> <RAM>
ST_1 : Operation 81 [1/1] (0.00ns)   --->   "%br_ln48 = br void %arrayidx539.exit" [src/gemm_int8.cpp:48]   --->   Operation 81 'br' 'br_ln48' <Predicate = (!icmp_ln45 & trunc_ln46 == 13)> <Delay = 0.00>
ST_1 : Operation 82 [1/1] (0.00ns)   --->   "%acc_12_addr = getelementptr i32 %acc_12, i64 0, i64 %zext_ln45" [src/gemm_int8.cpp:45]   --->   Operation 82 'getelementptr' 'acc_12_addr' <Predicate = (!icmp_ln45 & trunc_ln46 == 12)> <Delay = 0.00>
ST_1 : Operation 83 [1/1] (1.23ns)   --->   "%store_ln48 = store i32 0, i5 %acc_12_addr" [src/gemm_int8.cpp:48]   --->   Operation 83 'store' 'store_ln48' <Predicate = (!icmp_ln45 & trunc_ln46 == 12)> <Delay = 1.23> <CoreInst = "RAM">   --->   Core 83 'RAM' <Latency = 1> <II = 1> <Delay = 1.23> <Storage> <Opcode : 'load' 'store'> <Ports = 2> <Width = 32> <Depth = 32> <RAM>
ST_1 : Operation 84 [1/1] (0.00ns)   --->   "%br_ln48 = br void %arrayidx539.exit" [src/gemm_int8.cpp:48]   --->   Operation 84 'br' 'br_ln48' <Predicate = (!icmp_ln45 & trunc_ln46 == 12)> <Delay = 0.00>
ST_1 : Operation 85 [1/1] (0.00ns)   --->   "%acc_11_addr = getelementptr i32 %acc_11, i64 0, i64 %zext_ln45" [src/gemm_int8.cpp:45]   --->   Operation 85 'getelementptr' 'acc_11_addr' <Predicate = (!icmp_ln45 & trunc_ln46 == 11)> <Delay = 0.00>
ST_1 : Operation 86 [1/1] (1.23ns)   --->   "%store_ln48 = store i32 0, i5 %acc_11_addr" [src/gemm_int8.cpp:48]   --->   Operation 86 'store' 'store_ln48' <Predicate = (!icmp_ln45 & trunc_ln46 == 11)> <Delay = 1.23> <CoreInst = "RAM">   --->   Core 83 'RAM' <Latency = 1> <II = 1> <Delay = 1.23> <Storage> <Opcode : 'load' 'store'> <Ports = 2> <Width = 32> <Depth = 32> <RAM>
ST_1 : Operation 87 [1/1] (0.00ns)   --->   "%br_ln48 = br void %arrayidx539.exit" [src/gemm_int8.cpp:48]   --->   Operation 87 'br' 'br_ln48' <Predicate = (!icmp_ln45 & trunc_ln46 == 11)> <Delay = 0.00>
ST_1 : Operation 88 [1/1] (0.00ns)   --->   "%acc_10_addr = getelementptr i32 %acc_10, i64 0, i64 %zext_ln45" [src/gemm_int8.cpp:45]   --->   Operation 88 'getelementptr' 'acc_10_addr' <Predicate = (!icmp_ln45 & trunc_ln46 == 10)> <Delay = 0.00>
ST_1 : Operation 89 [1/1] (1.23ns)   --->   "%store_ln48 = store i32 0, i5 %acc_10_addr" [src/gemm_int8.cpp:48]   --->   Operation 89 'store' 'store_ln48' <Predicate = (!icmp_ln45 & trunc_ln46 == 10)> <Delay = 1.23> <CoreInst = "RAM">   --->   Core 83 'RAM' <Latency = 1> <II = 1> <Delay = 1.23> <Storage> <Opcode : 'load' 'store'> <Ports = 2> <Width = 32> <Depth = 32> <RAM>
ST_1 : Operation 90 [1/1] (0.00ns)   --->   "%br_ln48 = br void %arrayidx539.exit" [src/gemm_int8.cpp:48]   --->   Operation 90 'br' 'br_ln48' <Predicate = (!icmp_ln45 & trunc_ln46 == 10)> <Delay = 0.00>
ST_1 : Operation 91 [1/1] (0.00ns)   --->   "%acc_9_addr = getelementptr i32 %acc_9, i64 0, i64 %zext_ln45" [src/gemm_int8.cpp:45]   --->   Operation 91 'getelementptr' 'acc_9_addr' <Predicate = (!icmp_ln45 & trunc_ln46 == 9)> <Delay = 0.00>
ST_1 : Operation 92 [1/1] (1.23ns)   --->   "%store_ln48 = store i32 0, i5 %acc_9_addr" [src/gemm_int8.cpp:48]   --->   Operation 92 'store' 'store_ln48' <Predicate = (!icmp_ln45 & trunc_ln46 == 9)> <Delay = 1.23> <CoreInst = "RAM">   --->   Core 83 'RAM' <Latency = 1> <II = 1> <Delay = 1.23> <Storage> <Opcode : 'load' 'store'> <Ports = 2> <Width = 32> <Depth = 32> <RAM>
ST_1 : Operation 93 [1/1] (0.00ns)   --->   "%br_ln48 = br void %arrayidx539.exit" [src/gemm_int8.cpp:48]   --->   Operation 93 'br' 'br_ln48' <Predicate = (!icmp_ln45 & trunc_ln46 == 9)> <Delay = 0.00>
ST_1 : Operation 94 [1/1] (0.00ns)   --->   "%acc_8_addr = getelementptr i32 %acc_8, i64 0, i64 %zext_ln45" [src/gemm_int8.cpp:45]   --->   Operation 94 'getelementptr' 'acc_8_addr' <Predicate = (!icmp_ln45 & trunc_ln46 == 8)> <Delay = 0.00>
ST_1 : Operation 95 [1/1] (1.23ns)   --->   "%store_ln48 = store i32 0, i5 %acc_8_addr" [src/gemm_int8.cpp:48]   --->   Operation 95 'store' 'store_ln48' <Predicate = (!icmp_ln45 & trunc_ln46 == 8)> <Delay = 1.23> <CoreInst = "RAM">   --->   Core 83 'RAM' <Latency = 1> <II = 1> <Delay = 1.23> <Storage> <Opcode : 'load' 'store'> <Ports = 2> <Width = 32> <Depth = 32> <RAM>
ST_1 : Operation 96 [1/1] (0.00ns)   --->   "%br_ln48 = br void %arrayidx539.exit" [src/gemm_int8.cpp:48]   --->   Operation 96 'br' 'br_ln48' <Predicate = (!icmp_ln45 & trunc_ln46 == 8)> <Delay = 0.00>
ST_1 : Operation 97 [1/1] (0.00ns)   --->   "%acc_7_addr = getelementptr i32 %acc_7, i64 0, i64 %zext_ln45" [src/gemm_int8.cpp:45]   --->   Operation 97 'getelementptr' 'acc_7_addr' <Predicate = (!icmp_ln45 & trunc_ln46 == 7)> <Delay = 0.00>
ST_1 : Operation 98 [1/1] (1.23ns)   --->   "%store_ln48 = store i32 0, i5 %acc_7_addr" [src/gemm_int8.cpp:48]   --->   Operation 98 'store' 'store_ln48' <Predicate = (!icmp_ln45 & trunc_ln46 == 7)> <Delay = 1.23> <CoreInst = "RAM">   --->   Core 83 'RAM' <Latency = 1> <II = 1> <Delay = 1.23> <Storage> <Opcode : 'load' 'store'> <Ports = 2> <Width = 32> <Depth = 32> <RAM>
ST_1 : Operation 99 [1/1] (0.00ns)   --->   "%br_ln48 = br void %arrayidx539.exit" [src/gemm_int8.cpp:48]   --->   Operation 99 'br' 'br_ln48' <Predicate = (!icmp_ln45 & trunc_ln46 == 7)> <Delay = 0.00>
ST_1 : Operation 100 [1/1] (0.00ns)   --->   "%acc_6_addr = getelementptr i32 %acc_6, i64 0, i64 %zext_ln45" [src/gemm_int8.cpp:45]   --->   Operation 100 'getelementptr' 'acc_6_addr' <Predicate = (!icmp_ln45 & trunc_ln46 == 6)> <Delay = 0.00>
ST_1 : Operation 101 [1/1] (1.23ns)   --->   "%store_ln48 = store i32 0, i5 %acc_6_addr" [src/gemm_int8.cpp:48]   --->   Operation 101 'store' 'store_ln48' <Predicate = (!icmp_ln45 & trunc_ln46 == 6)> <Delay = 1.23> <CoreInst = "RAM">   --->   Core 83 'RAM' <Latency = 1> <II = 1> <Delay = 1.23> <Storage> <Opcode : 'load' 'store'> <Ports = 2> <Width = 32> <Depth = 32> <RAM>
ST_1 : Operation 102 [1/1] (0.00ns)   --->   "%br_ln48 = br void %arrayidx539.exit" [src/gemm_int8.cpp:48]   --->   Operation 102 'br' 'br_ln48' <Predicate = (!icmp_ln45 & trunc_ln46 == 6)> <Delay = 0.00>
ST_1 : Operation 103 [1/1] (0.00ns)   --->   "%acc_5_addr = getelementptr i32 %acc_5, i64 0, i64 %zext_ln45" [src/gemm_int8.cpp:45]   --->   Operation 103 'getelementptr' 'acc_5_addr' <Predicate = (!icmp_ln45 & trunc_ln46 == 5)> <Delay = 0.00>
ST_1 : Operation 104 [1/1] (1.23ns)   --->   "%store_ln48 = store i32 0, i5 %acc_5_addr" [src/gemm_int8.cpp:48]   --->   Operation 104 'store' 'store_ln48' <Predicate = (!icmp_ln45 & trunc_ln46 == 5)> <Delay = 1.23> <CoreInst = "RAM">   --->   Core 83 'RAM' <Latency = 1> <II = 1> <Delay = 1.23> <Storage> <Opcode : 'load' 'store'> <Ports = 2> <Width = 32> <Depth = 32> <RAM>
ST_1 : Operation 105 [1/1] (0.00ns)   --->   "%br_ln48 = br void %arrayidx539.exit" [src/gemm_int8.cpp:48]   --->   Operation 105 'br' 'br_ln48' <Predicate = (!icmp_ln45 & trunc_ln46 == 5)> <Delay = 0.00>
ST_1 : Operation 106 [1/1] (0.00ns)   --->   "%acc_4_addr = getelementptr i32 %acc_4, i64 0, i64 %zext_ln45" [src/gemm_int8.cpp:45]   --->   Operation 106 'getelementptr' 'acc_4_addr' <Predicate = (!icmp_ln45 & trunc_ln46 == 4)> <Delay = 0.00>
ST_1 : Operation 107 [1/1] (1.23ns)   --->   "%store_ln48 = store i32 0, i5 %acc_4_addr" [src/gemm_int8.cpp:48]   --->   Operation 107 'store' 'store_ln48' <Predicate = (!icmp_ln45 & trunc_ln46 == 4)> <Delay = 1.23> <CoreInst = "RAM">   --->   Core 83 'RAM' <Latency = 1> <II = 1> <Delay = 1.23> <Storage> <Opcode : 'load' 'store'> <Ports = 2> <Width = 32> <Depth = 32> <RAM>
ST_1 : Operation 108 [1/1] (0.00ns)   --->   "%br_ln48 = br void %arrayidx539.exit" [src/gemm_int8.cpp:48]   --->   Operation 108 'br' 'br_ln48' <Predicate = (!icmp_ln45 & trunc_ln46 == 4)> <Delay = 0.00>
ST_1 : Operation 109 [1/1] (0.00ns)   --->   "%acc_3_addr = getelementptr i32 %acc_3, i64 0, i64 %zext_ln45" [src/gemm_int8.cpp:45]   --->   Operation 109 'getelementptr' 'acc_3_addr' <Predicate = (!icmp_ln45 & trunc_ln46 == 3)> <Delay = 0.00>
ST_1 : Operation 110 [1/1] (1.23ns)   --->   "%store_ln48 = store i32 0, i5 %acc_3_addr" [src/gemm_int8.cpp:48]   --->   Operation 110 'store' 'store_ln48' <Predicate = (!icmp_ln45 & trunc_ln46 == 3)> <Delay = 1.23> <CoreInst = "RAM">   --->   Core 83 'RAM' <Latency = 1> <II = 1> <Delay = 1.23> <Storage> <Opcode : 'load' 'store'> <Ports = 2> <Width = 32> <Depth = 32> <RAM>
ST_1 : Operation 111 [1/1] (0.00ns)   --->   "%br_ln48 = br void %arrayidx539.exit" [src/gemm_int8.cpp:48]   --->   Operation 111 'br' 'br_ln48' <Predicate = (!icmp_ln45 & trunc_ln46 == 3)> <Delay = 0.00>
ST_1 : Operation 112 [1/1] (0.00ns)   --->   "%acc_2_addr = getelementptr i32 %acc_2, i64 0, i64 %zext_ln45" [src/gemm_int8.cpp:45]   --->   Operation 112 'getelementptr' 'acc_2_addr' <Predicate = (!icmp_ln45 & trunc_ln46 == 2)> <Delay = 0.00>
ST_1 : Operation 113 [1/1] (1.23ns)   --->   "%store_ln48 = store i32 0, i5 %acc_2_addr" [src/gemm_int8.cpp:48]   --->   Operation 113 'store' 'store_ln48' <Predicate = (!icmp_ln45 & trunc_ln46 == 2)> <Delay = 1.23> <CoreInst = "RAM">   --->   Core 83 'RAM' <Latency = 1> <II = 1> <Delay = 1.23> <Storage> <Opcode : 'load' 'store'> <Ports = 2> <Width = 32> <Depth = 32> <RAM>
ST_1 : Operation 114 [1/1] (0.00ns)   --->   "%br_ln48 = br void %arrayidx539.exit" [src/gemm_int8.cpp:48]   --->   Operation 114 'br' 'br_ln48' <Predicate = (!icmp_ln45 & trunc_ln46 == 2)> <Delay = 0.00>
ST_1 : Operation 115 [1/1] (0.00ns)   --->   "%acc_1_addr = getelementptr i32 %acc_1, i64 0, i64 %zext_ln45" [src/gemm_int8.cpp:45]   --->   Operation 115 'getelementptr' 'acc_1_addr' <Predicate = (!icmp_ln45 & trunc_ln46 == 1)> <Delay = 0.00>
ST_1 : Operation 116 [1/1] (1.23ns)   --->   "%store_ln48 = store i32 0, i5 %acc_1_addr" [src/gemm_int8.cpp:48]   --->   Operation 116 'store' 'store_ln48' <Predicate = (!icmp_ln45 & trunc_ln46 == 1)> <Delay = 1.23> <CoreInst = "RAM">   --->   Core 83 'RAM' <Latency = 1> <II = 1> <Delay = 1.23> <Storage> <Opcode : 'load' 'store'> <Ports = 2> <Width = 32> <Depth = 32> <RAM>
ST_1 : Operation 117 [1/1] (0.00ns)   --->   "%br_ln48 = br void %arrayidx539.exit" [src/gemm_int8.cpp:48]   --->   Operation 117 'br' 'br_ln48' <Predicate = (!icmp_ln45 & trunc_ln46 == 1)> <Delay = 0.00>
ST_1 : Operation 118 [1/1] (0.00ns)   --->   "%acc_addr = getelementptr i32 %acc, i64 0, i64 %zext_ln45" [src/gemm_int8.cpp:45]   --->   Operation 118 'getelementptr' 'acc_addr' <Predicate = (!icmp_ln45 & trunc_ln46 == 0)> <Delay = 0.00>
ST_1 : Operation 119 [1/1] (1.23ns)   --->   "%store_ln48 = store i32 0, i5 %acc_addr" [src/gemm_int8.cpp:48]   --->   Operation 119 'store' 'store_ln48' <Predicate = (!icmp_ln45 & trunc_ln46 == 0)> <Delay = 1.23> <CoreInst = "RAM">   --->   Core 83 'RAM' <Latency = 1> <II = 1> <Delay = 1.23> <Storage> <Opcode : 'load' 'store'> <Ports = 2> <Width = 32> <Depth = 32> <RAM>
ST_1 : Operation 120 [1/1] (0.00ns)   --->   "%br_ln48 = br void %arrayidx539.exit" [src/gemm_int8.cpp:48]   --->   Operation 120 'br' 'br_ln48' <Predicate = (!icmp_ln45 & trunc_ln46 == 0)> <Delay = 0.00>
ST_1 : Operation 121 [1/1] (0.00ns)   --->   "%acc_31_addr = getelementptr i32 %acc_31, i64 0, i64 %zext_ln45" [src/gemm_int8.cpp:45]   --->   Operation 121 'getelementptr' 'acc_31_addr' <Predicate = (!icmp_ln45 & trunc_ln46 == 31)> <Delay = 0.00>
ST_1 : Operation 122 [1/1] (1.23ns)   --->   "%store_ln48 = store i32 0, i5 %acc_31_addr" [src/gemm_int8.cpp:48]   --->   Operation 122 'store' 'store_ln48' <Predicate = (!icmp_ln45 & trunc_ln46 == 31)> <Delay = 1.23> <CoreInst = "RAM">   --->   Core 83 'RAM' <Latency = 1> <II = 1> <Delay = 1.23> <Storage> <Opcode : 'load' 'store'> <Ports = 2> <Width = 32> <Depth = 32> <RAM>
ST_1 : Operation 123 [1/1] (0.00ns)   --->   "%br_ln48 = br void %arrayidx539.exit" [src/gemm_int8.cpp:48]   --->   Operation 123 'br' 'br_ln48' <Predicate = (!icmp_ln45 & trunc_ln46 == 31)> <Delay = 0.00>
ST_1 : Operation 124 [1/1] (0.78ns)   --->   "%add_ln46 = add i6 %select_ln45, i6 1" [src/gemm_int8.cpp:46]   --->   Operation 124 'add' 'add_ln46' <Predicate = (!icmp_ln45)> <Delay = 0.78> <CoreInst = "Adder">   --->   Core 1 'Adder' <Latency = 0> <II = 1> <Delay = 0.78> <FuncUnit> <Opcode : 'add' 'sub'> <InPorts = 2> <OutPorts = 1>
ST_1 : Operation 125 [1/1] (0.42ns)   --->   "%store_ln46 = store i11 %add_ln45_1, i11 %indvar_flatten38" [src/gemm_int8.cpp:46]   --->   Operation 125 'store' 'store_ln46' <Predicate = (!icmp_ln45)> <Delay = 0.42>
ST_1 : Operation 126 [1/1] (0.42ns)   --->   "%store_ln46 = store i6 %select_ln45_1, i6 %i" [src/gemm_int8.cpp:46]   --->   Operation 126 'store' 'store_ln46' <Predicate = (!icmp_ln45)> <Delay = 0.42>
ST_1 : Operation 127 [1/1] (0.42ns)   --->   "%store_ln46 = store i6 %add_ln46, i6 %j" [src/gemm_int8.cpp:46]   --->   Operation 127 'store' 'store_ln46' <Predicate = (!icmp_ln45)> <Delay = 0.42>
ST_1 : Operation 128 [1/1] (0.00ns)   --->   "%br_ln46 = br void %for.inc54" [src/gemm_int8.cpp:46]   --->   Operation 128 'br' 'br_ln46' <Predicate = (!icmp_ln45)> <Delay = 0.00>
ST_1 : Operation 129 [1/1] (0.00ns)   --->   "%ret_ln0 = ret"   --->   Operation 129 'ret' 'ret_ln0' <Predicate = (icmp_ln45)> <Delay = 0.00>


============================================================
+ Verbose Summary: Timing violations
============================================================
Target clock period: 10.000ns, clock uncertainty: 2.700ns.

 <State 1>: 2.689ns
The critical path consists of the following:
	'alloca' operation ('j') [33]  (0.000 ns)
	'load' operation ('j_load', src/gemm_int8.cpp:46) on local variable 'j' [46]  (0.000 ns)
	'icmp' operation ('icmp_ln46', src/gemm_int8.cpp:46) [51]  (0.781 ns)
	'select' operation ('select_ln45_1', src/gemm_int8.cpp:45) [53]  (0.384 ns)
	'getelementptr' operation ('acc_14_addr', src/gemm_int8.cpp:45) [124]  (0.000 ns)
	'store' operation ('store_ln48', src/gemm_int8.cpp:48) of constant 0 on array 'acc_14' [125]  (1.237 ns)
	blocking operation 0.287 ns on control path)


============================================================
+ Verbose Summary: Binding
============================================================
N/A
* FSMD analyzer results:
  - Output states:
 - Input state : 
  - Chain level:
	State 1


============================================================
+ Verbose Summary: Datapath Resource usage 
============================================================
N/A
