Copyright 1986-2022 Xilinx, Inc. All Rights Reserved. Copyright 2022-2023 Advanced Micro Devices, Inc. All Rights Reserved.
------------------------------------------------------------------------------------------------------------------------------------------------
| Tool Version : Vivado v.2023.1 (lin64) Build 3865809 Sun May  7 15:04:56 MDT 2023
| Date         : Fri Mar 13 13:58:53 2026
| Host         : 192 running 64-bit Debian GNU/Linux 13 (trixie)
| Command      : report_drc -file prototipo_1_wrapper_drc_opted.rpt -pb prototipo_1_wrapper_drc_opted.pb -rpx prototipo_1_wrapper_drc_opted.rpx
| Design       : prototipo_1_wrapper
| Device       : xck26-sfvc784-2LV-c
| Speed File   : -2LV
| Design State : Synthesized
------------------------------------------------------------------------------------------------------------------------------------------------

Report DRC

Table of Contents
-----------------
1. REPORT SUMMARY
2. REPORT DETAILS

1. REPORT SUMMARY
-----------------
            Netlist: netlist
          Floorplan: design_1
      Design limits: <entire design considered>
           Ruledeck: default
             Max violations: <unlimited>
             Violations found: 13
+--------+----------+------------------------+------------+
| Rule   | Severity | Description            | Violations |
+--------+----------+------------------------+------------+
| DPOP-4 | Warning  | MREG Output pipelining | 13         |
+--------+----------+------------------------+------------+

2. REPORT DETAILS
-----------------
DPOP-4#1 Warning
MREG Output pipelining  
DSP prototipo_1_i/gemm_int8_0/inst/grp_gemm_int8_Pipeline_VITIS_LOOP_78_5_fu_1759/mac_muladd_8s_8s_16s_17_4_1_U125/gemm_int8_mac_muladd_8s_8s_16s_17_4_1_DSP48_0_U/p_reg_reg multiplier stage prototipo_1_i/gemm_int8_0/inst/grp_gemm_int8_Pipeline_VITIS_LOOP_78_5_fu_1759/mac_muladd_8s_8s_16s_17_4_1_U125/gemm_int8_mac_muladd_8s_8s_16s_17_4_1_DSP48_0_U/p_reg_reg/P[47:0] is not pipelined (MREG=0). Pipelining the multiplier function will improve performance and will save significant power so it is suggested whenever possible to fully pipeline this function.  If this multiplier was inferred, it is suggested to describe an additional register stage after this function.  If there is no registered adder/accumulator following the multiply function, two pipeline stages are suggested to allow both the MREG and PREG registers to be used.  If the DSP48 was instantiated in the design, it is suggested to set both the MREG and PREG attributes to 1 when performing multiply functions.
Related violations: <none>

DPOP-4#2 Warning
MREG Output pipelining  
DSP prototipo_1_i/gemm_int8_0/inst/grp_gemm_int8_Pipeline_VITIS_LOOP_78_5_fu_1759/mac_muladd_8s_8s_16s_17_4_1_U126/gemm_int8_mac_muladd_8s_8s_16s_17_4_1_DSP48_0_U/p_reg_reg multiplier stage prototipo_1_i/gemm_int8_0/inst/grp_gemm_int8_Pipeline_VITIS_LOOP_78_5_fu_1759/mac_muladd_8s_8s_16s_17_4_1_U126/gemm_int8_mac_muladd_8s_8s_16s_17_4_1_DSP48_0_U/p_reg_reg/P[47:0] is not pipelined (MREG=0). Pipelining the multiplier function will improve performance and will save significant power so it is suggested whenever possible to fully pipeline this function.  If this multiplier was inferred, it is suggested to describe an additional register stage after this function.  If there is no registered adder/accumulator following the multiply function, two pipeline stages are suggested to allow both the MREG and PREG registers to be used.  If the DSP48 was instantiated in the design, it is suggested to set both the MREG and PREG attributes to 1 when performing multiply functions.
Related violations: <none>

DPOP-4#3 Warning
MREG Output pipelining  
DSP prototipo_1_i/gemm_int8_0/inst/grp_gemm_int8_Pipeline_VITIS_LOOP_78_5_fu_1759/mac_muladd_8s_8s_16s_17_4_1_U127/gemm_int8_mac_muladd_8s_8s_16s_17_4_1_DSP48_0_U/p_reg_reg multiplier stage prototipo_1_i/gemm_int8_0/inst/grp_gemm_int8_Pipeline_VITIS_LOOP_78_5_fu_1759/mac_muladd_8s_8s_16s_17_4_1_U127/gemm_int8_mac_muladd_8s_8s_16s_17_4_1_DSP48_0_U/p_reg_reg/P[47:0] is not pipelined (MREG=0). Pipelining the multiplier function will improve performance and will save significant power so it is suggested whenever possible to fully pipeline this function.  If this multiplier was inferred, it is suggested to describe an additional register stage after this function.  If there is no registered adder/accumulator following the multiply function, two pipeline stages are suggested to allow both the MREG and PREG registers to be used.  If the DSP48 was instantiated in the design, it is suggested to set both the MREG and PREG attributes to 1 when performing multiply functions.
Related violations: <none>

DPOP-4#4 Warning
MREG Output pipelining  
DSP prototipo_1_i/gemm_int8_0/inst/grp_gemm_int8_Pipeline_VITIS_LOOP_78_5_fu_1759/mac_muladd_8s_8s_16s_17_4_1_U128/gemm_int8_mac_muladd_8s_8s_16s_17_4_1_DSP48_0_U/p_reg_reg multiplier stage prototipo_1_i/gemm_int8_0/inst/grp_gemm_int8_Pipeline_VITIS_LOOP_78_5_fu_1759/mac_muladd_8s_8s_16s_17_4_1_U128/gemm_int8_mac_muladd_8s_8s_16s_17_4_1_DSP48_0_U/p_reg_reg/P[47:0] is not pipelined (MREG=0). Pipelining the multiplier function will improve performance and will save significant power so it is suggested whenever possible to fully pipeline this function.  If this multiplier was inferred, it is suggested to describe an additional register stage after this function.  If there is no registered adder/accumulator following the multiply function, two pipeline stages are suggested to allow both the MREG and PREG registers to be used.  If the DSP48 was instantiated in the design, it is suggested to set both the MREG and PREG attributes to 1 when performing multiply functions.
Related violations: <none>

DPOP-4#5 Warning
MREG Output pipelining  
DSP prototipo_1_i/gemm_int8_0/inst/grp_gemm_int8_Pipeline_VITIS_LOOP_78_5_fu_1759/mac_muladd_8s_8s_16s_17_4_1_U129/gemm_int8_mac_muladd_8s_8s_16s_17_4_1_DSP48_0_U/p_reg_reg multiplier stage prototipo_1_i/gemm_int8_0/inst/grp_gemm_int8_Pipeline_VITIS_LOOP_78_5_fu_1759/mac_muladd_8s_8s_16s_17_4_1_U129/gemm_int8_mac_muladd_8s_8s_16s_17_4_1_DSP48_0_U/p_reg_reg/P[47:0] is not pipelined (MREG=0). Pipelining the multiplier function will improve performance and will save significant power so it is suggested whenever possible to fully pipeline this function.  If this multiplier was inferred, it is suggested to describe an additional register stage after this function.  If there is no registered adder/accumulator following the multiply function, two pipeline stages are suggested to allow both the MREG and PREG registers to be used.  If the DSP48 was instantiated in the design, it is suggested to set both the MREG and PREG attributes to 1 when performing multiply functions.
Related violations: <none>

DPOP-4#6 Warning
MREG Output pipelining  
DSP prototipo_1_i/gemm_int8_0/inst/grp_gemm_int8_Pipeline_VITIS_LOOP_78_5_fu_1759/mac_muladd_8s_8s_16s_17_4_1_U131/gemm_int8_mac_muladd_8s_8s_16s_17_4_1_DSP48_0_U/p_reg_reg multiplier stage prototipo_1_i/gemm_int8_0/inst/grp_gemm_int8_Pipeline_VITIS_LOOP_78_5_fu_1759/mac_muladd_8s_8s_16s_17_4_1_U131/gemm_int8_mac_muladd_8s_8s_16s_17_4_1_DSP48_0_U/p_reg_reg/P[47:0] is not pipelined (MREG=0). Pipelining the multiplier function will improve performance and will save significant power so it is suggested whenever possible to fully pipeline this function.  If this multiplier was inferred, it is suggested to describe an additional register stage after this function.  If there is no registered adder/accumulator following the multiply function, two pipeline stages are suggested to allow both the MREG and PREG registers to be used.  If the DSP48 was instantiated in the design, it is suggested to set both the MREG and PREG attributes to 1 when performing multiply functions.
Related violations: <none>

DPOP-4#7 Warning
MREG Output pipelining  
DSP prototipo_1_i/gemm_int8_0/inst/grp_gemm_int8_Pipeline_VITIS_LOOP_78_5_fu_1759/mac_muladd_8s_8s_16s_17_4_1_U132/gemm_int8_mac_muladd_8s_8s_16s_17_4_1_DSP48_0_U/p_reg_reg multiplier stage prototipo_1_i/gemm_int8_0/inst/grp_gemm_int8_Pipeline_VITIS_LOOP_78_5_fu_1759/mac_muladd_8s_8s_16s_17_4_1_U132/gemm_int8_mac_muladd_8s_8s_16s_17_4_1_DSP48_0_U/p_reg_reg/P[47:0] is not pipelined (MREG=0). Pipelining the multiplier function will improve performance and will save significant power so it is suggested whenever possible to fully pipeline this function.  If this multiplier was inferred, it is suggested to describe an additional register stage after this function.  If there is no registered adder/accumulator following the multiply function, two pipeline stages are suggested to allow both the MREG and PREG registers to be used.  If the DSP48 was instantiated in the design, it is suggested to set both the MREG and PREG attributes to 1 when performing multiply functions.
Related violations: <none>

DPOP-4#8 Warning
MREG Output pipelining  
DSP prototipo_1_i/gemm_int8_0/inst/grp_gemm_int8_Pipeline_VITIS_LOOP_78_5_fu_1759/mac_muladd_8s_8s_16s_17_4_1_U133/gemm_int8_mac_muladd_8s_8s_16s_17_4_1_DSP48_0_U/p_reg_reg multiplier stage prototipo_1_i/gemm_int8_0/inst/grp_gemm_int8_Pipeline_VITIS_LOOP_78_5_fu_1759/mac_muladd_8s_8s_16s_17_4_1_U133/gemm_int8_mac_muladd_8s_8s_16s_17_4_1_DSP48_0_U/p_reg_reg/P[47:0] is not pipelined (MREG=0). Pipelining the multiplier function will improve performance and will save significant power so it is suggested whenever possible to fully pipeline this function.  If this multiplier was inferred, it is suggested to describe an additional register stage after this function.  If there is no registered adder/accumulator following the multiply function, two pipeline stages are suggested to allow both the MREG and PREG registers to be used.  If the DSP48 was instantiated in the design, it is suggested to set both the MREG and PREG attributes to 1 when performing multiply functions.
Related violations: <none>

DPOP-4#9 Warning
MREG Output pipelining  
DSP prototipo_1_i/gemm_int8_0/inst/grp_gemm_int8_Pipeline_VITIS_LOOP_78_5_fu_1759/mac_muladd_8s_8s_16s_17_4_1_U134/gemm_int8_mac_muladd_8s_8s_16s_17_4_1_DSP48_0_U/p_reg_reg multiplier stage prototipo_1_i/gemm_int8_0/inst/grp_gemm_int8_Pipeline_VITIS_LOOP_78_5_fu_1759/mac_muladd_8s_8s_16s_17_4_1_U134/gemm_int8_mac_muladd_8s_8s_16s_17_4_1_DSP48_0_U/p_reg_reg/P[47:0] is not pipelined (MREG=0). Pipelining the multiplier function will improve performance and will save significant power so it is suggested whenever possible to fully pipeline this function.  If this multiplier was inferred, it is suggested to describe an additional register stage after this function.  If there is no registered adder/accumulator following the multiply function, two pipeline stages are suggested to allow both the MREG and PREG registers to be used.  If the DSP48 was instantiated in the design, it is suggested to set both the MREG and PREG attributes to 1 when performing multiply functions.
Related violations: <none>

DPOP-4#10 Warning
MREG Output pipelining  
DSP prototipo_1_i/gemm_int8_0/inst/grp_gemm_int8_Pipeline_VITIS_LOOP_78_5_fu_1759/mac_muladd_8s_8s_16s_17_4_1_U135/gemm_int8_mac_muladd_8s_8s_16s_17_4_1_DSP48_0_U/p_reg_reg multiplier stage prototipo_1_i/gemm_int8_0/inst/grp_gemm_int8_Pipeline_VITIS_LOOP_78_5_fu_1759/mac_muladd_8s_8s_16s_17_4_1_U135/gemm_int8_mac_muladd_8s_8s_16s_17_4_1_DSP48_0_U/p_reg_reg/P[47:0] is not pipelined (MREG=0). Pipelining the multiplier function will improve performance and will save significant power so it is suggested whenever possible to fully pipeline this function.  If this multiplier was inferred, it is suggested to describe an additional register stage after this function.  If there is no registered adder/accumulator following the multiply function, two pipeline stages are suggested to allow both the MREG and PREG registers to be used.  If the DSP48 was instantiated in the design, it is suggested to set both the MREG and PREG attributes to 1 when performing multiply functions.
Related violations: <none>

DPOP-4#11 Warning
MREG Output pipelining  
DSP prototipo_1_i/gemm_int8_0/inst/grp_gemm_int8_Pipeline_VITIS_LOOP_78_5_fu_1759/mac_muladd_8s_8s_16s_17_4_1_U136/gemm_int8_mac_muladd_8s_8s_16s_17_4_1_DSP48_0_U/p_reg_reg multiplier stage prototipo_1_i/gemm_int8_0/inst/grp_gemm_int8_Pipeline_VITIS_LOOP_78_5_fu_1759/mac_muladd_8s_8s_16s_17_4_1_U136/gemm_int8_mac_muladd_8s_8s_16s_17_4_1_DSP48_0_U/p_reg_reg/P[47:0] is not pipelined (MREG=0). Pipelining the multiplier function will improve performance and will save significant power so it is suggested whenever possible to fully pipeline this function.  If this multiplier was inferred, it is suggested to describe an additional register stage after this function.  If there is no registered adder/accumulator following the multiply function, two pipeline stages are suggested to allow both the MREG and PREG registers to be used.  If the DSP48 was instantiated in the design, it is suggested to set both the MREG and PREG attributes to 1 when performing multiply functions.
Related violations: <none>

DPOP-4#12 Warning
MREG Output pipelining  
DSP prototipo_1_i/gemm_int8_0/inst/grp_gemm_int8_Pipeline_VITIS_LOOP_78_5_fu_1759/mac_muladd_8s_8s_16s_17_4_1_U137/gemm_int8_mac_muladd_8s_8s_16s_17_4_1_DSP48_0_U/p_reg_reg multiplier stage prototipo_1_i/gemm_int8_0/inst/grp_gemm_int8_Pipeline_VITIS_LOOP_78_5_fu_1759/mac_muladd_8s_8s_16s_17_4_1_U137/gemm_int8_mac_muladd_8s_8s_16s_17_4_1_DSP48_0_U/p_reg_reg/P[47:0] is not pipelined (MREG=0). Pipelining the multiplier function will improve performance and will save significant power so it is suggested whenever possible to fully pipeline this function.  If this multiplier was inferred, it is suggested to describe an additional register stage after this function.  If there is no registered adder/accumulator following the multiply function, two pipeline stages are suggested to allow both the MREG and PREG registers to be used.  If the DSP48 was instantiated in the design, it is suggested to set both the MREG and PREG attributes to 1 when performing multiply functions.
Related violations: <none>

DPOP-4#13 Warning
MREG Output pipelining  
DSP prototipo_1_i/gemm_int8_0/inst/grp_gemm_int8_Pipeline_VITIS_LOOP_78_5_fu_1759/mac_muladd_8s_8s_16s_17_4_1_U138/gemm_int8_mac_muladd_8s_8s_16s_17_4_1_DSP48_0_U/p_reg_reg multiplier stage prototipo_1_i/gemm_int8_0/inst/grp_gemm_int8_Pipeline_VITIS_LOOP_78_5_fu_1759/mac_muladd_8s_8s_16s_17_4_1_U138/gemm_int8_mac_muladd_8s_8s_16s_17_4_1_DSP48_0_U/p_reg_reg/P[47:0] is not pipelined (MREG=0). Pipelining the multiplier function will improve performance and will save significant power so it is suggested whenever possible to fully pipeline this function.  If this multiplier was inferred, it is suggested to describe an additional register stage after this function.  If there is no registered adder/accumulator following the multiply function, two pipeline stages are suggested to allow both the MREG and PREG registers to be used.  If the DSP48 was instantiated in the design, it is suggested to set both the MREG and PREG attributes to 1 when performing multiply functions.
Related violations: <none>


