Copyright 1986-2022 Xilinx, Inc. All Rights Reserved. Copyright 2022-2023 Advanced Micro Devices, Inc. All Rights Reserved.
---------------------------------------------------------------------------------------------------------------------------------------------
| Tool Version : Vivado v.2023.1 (lin64) Build 3865809 Sun May  7 15:04:56 MDT 2023
| Date         : Fri Mar 13 14:00:54 2026
| Host         : 192 running 64-bit Debian GNU/Linux 13 (trixie)
| Command      : report_utilization -file prototipo_1_wrapper_utilization_placed.rpt -pb prototipo_1_wrapper_utilization_placed.pb
| Design       : prototipo_1_wrapper
| Device       : xck26-sfvc784-2LV-c
| Speed File   : -2LV
| Design State : Fully Placed
---------------------------------------------------------------------------------------------------------------------------------------------

Utilization Design Information

Table of Contents
-----------------
1. CLB Logic
1.1 Summary of Registers by Type
2. CLB Logic Distribution
3. BLOCKRAM
4. ARITHMETIC
5. I/O
6. CLOCK
7. ADVANCED
8. CONFIGURATION
9. Primitives
10. Black Boxes
11. Instantiated Netlists

1. CLB Logic
------------

+----------------------------+-------+-------+------------+-----------+-------+
|          Site Type         |  Used | Fixed | Prohibited | Available | Util% |
+----------------------------+-------+-------+------------+-----------+-------+
| CLB LUTs                   | 13867 |     0 |          0 |    117120 | 11.84 |
|   LUT as Logic             | 10759 |     0 |          0 |    117120 |  9.19 |
|   LUT as Memory            |  3108 |     0 |          0 |     57600 |  5.40 |
|     LUT as Distributed RAM |  2306 |     0 |            |           |       |
|     LUT as Shift Register  |   802 |     0 |            |           |       |
| CLB Registers              | 19781 |     0 |          0 |    234240 |  8.44 |
|   Register as Flip Flop    | 19781 |     0 |          0 |    234240 |  8.44 |
|   Register as Latch        |     0 |     0 |          0 |    234240 |  0.00 |
| CARRY8                     |   158 |     0 |          0 |     14640 |  1.08 |
| F7 Muxes                   |   256 |     0 |          0 |     58560 |  0.44 |
| F8 Muxes                   |     1 |     0 |          0 |     29280 | <0.01 |
| F9 Muxes                   |     0 |     0 |          0 |     14640 |  0.00 |
+----------------------------+-------+-------+------------+-----------+-------+
* Warning! LUT value is adjusted to account for LUT combining.


1.1 Summary of Registers by Type
--------------------------------

+-------+--------------+-------------+--------------+
| Total | Clock Enable | Synchronous | Asynchronous |
+-------+--------------+-------------+--------------+
| 0     |            _ |           - |            - |
| 0     |            _ |           - |          Set |
| 0     |            _ |           - |        Reset |
| 0     |            _ |         Set |            - |
| 0     |            _ |       Reset |            - |
| 0     |          Yes |           - |            - |
| 0     |          Yes |           - |          Set |
| 183   |          Yes |           - |        Reset |
| 419   |          Yes |         Set |            - |
| 19179 |          Yes |       Reset |            - |
+-------+--------------+-------------+--------------+


2. CLB Logic Distribution
-------------------------

+--------------------------------------------+-------+-------+------------+-----------+-------+
|                  Site Type                 |  Used | Fixed | Prohibited | Available | Util% |
+--------------------------------------------+-------+-------+------------+-----------+-------+
| CLB                                        |  2744 |     0 |          0 |     14640 | 18.74 |
|   CLBL                                     |  1123 |     0 |            |           |       |
|   CLBM                                     |  1621 |     0 |            |           |       |
| LUT as Logic                               | 10759 |     0 |          0 |    117120 |  9.19 |
|   using O5 output only                     |   419 |       |            |           |       |
|   using O6 output only                     |  5622 |       |            |           |       |
|   using O5 and O6                          |  4718 |       |            |           |       |
| LUT as Memory                              |  3108 |     0 |          0 |     57600 |  5.40 |
|   LUT as Distributed RAM                   |  2306 |     0 |            |           |       |
|     using O5 output only                   |     0 |       |            |           |       |
|     using O6 output only                   |    10 |       |            |           |       |
|     using O5 and O6                        |  2296 |       |            |           |       |
|   LUT as Shift Register                    |   802 |     0 |            |           |       |
|     using O5 output only                   |     0 |       |            |           |       |
|     using O6 output only                   |   660 |       |            |           |       |
|     using O5 and O6                        |   142 |       |            |           |       |
| CLB Registers                              | 19781 |     0 |          0 |    234240 |  8.44 |
|   Register driven from within the CLB      | 13119 |       |            |           |       |
|   Register driven from outside the CLB     |  6662 |       |            |           |       |
|     LUT in front of the register is unused |  4878 |       |            |           |       |
|     LUT in front of the register is used   |  1784 |       |            |           |       |
| Unique Control Sets                        |   943 |       |          0 |     29280 |  3.22 |
+--------------------------------------------+-------+-------+------------+-----------+-------+
* * Note: Available Control Sets calculated as Slices * 2, Review the Control Sets Report for more information regarding control sets.


3. BLOCKRAM
-----------

+-------------------+------+-------+------------+-----------+-------+
|     Site Type     | Used | Fixed | Prohibited | Available | Util% |
+-------------------+------+-------+------------+-----------+-------+
| Block RAM Tile    | 13.5 |     0 |          0 |       144 |  9.38 |
|   RAMB36/FIFO*    |   12 |     0 |          0 |       144 |  8.33 |
|     RAMB36E2 only |   12 |       |            |           |       |
|   RAMB18          |    3 |     0 |          0 |       288 |  1.04 |
|     RAMB18E2 only |    3 |       |            |           |       |
| URAM              |    0 |     0 |          0 |        64 |  0.00 |
+-------------------+------+-------+------------+-----------+-------+
* Note: Each Block RAM Tile only has one FIFO logic available and therefore can accommodate only one FIFO36E2 or one FIFO18E2. However, if a FIFO18E2 occupies a Block RAM Tile, that tile can still accommodate a RAMB18E2


4. ARITHMETIC
-------------

+----------------+------+-------+------------+-----------+-------+
|    Site Type   | Used | Fixed | Prohibited | Available | Util% |
+----------------+------+-------+------------+-----------+-------+
| DSPs           |   32 |     0 |          0 |      1248 |  2.56 |
|   DSP48E2 only |   32 |       |            |           |       |
+----------------+------+-------+------------+-----------+-------+


5. I/O
------

+------------------+------+-------+------------+-----------+-------+
|     Site Type    | Used | Fixed | Prohibited | Available | Util% |
+------------------+------+-------+------------+-----------+-------+
| Bonded IOB       |    0 |     0 |          0 |       189 |  0.00 |
| HPIOB_M          |    0 |     0 |          0 |        58 |  0.00 |
| HPIOB_S          |    0 |     0 |          0 |        58 |  0.00 |
| HDIOB_M          |    0 |     0 |          0 |        35 |  0.00 |
| HDIOB_S          |    0 |     0 |          0 |        35 |  0.00 |
| HPIOB_SNGL       |    0 |     0 |          0 |         3 |  0.00 |
| HPIOBDIFFINBUF   |    0 |     0 |          0 |        82 |  0.00 |
| HPIOBDIFFOUTBUF  |    0 |     0 |          0 |        82 |  0.00 |
| HDIOBDIFFINBUF   |    0 |     0 |          0 |        35 |  0.00 |
| BITSLICE_CONTROL |    0 |     0 |          0 |        32 |  0.00 |
| BITSLICE_RX_TX   |    0 |     0 |          0 |      1248 |  0.00 |
| BITSLICE_TX      |    0 |     0 |          0 |        32 |  0.00 |
| RIU_OR           |    0 |     0 |          0 |        16 |  0.00 |
+------------------+------+-------+------------+-----------+-------+


6. CLOCK
--------

+----------------------+------+-------+------------+-----------+-------+
|       Site Type      | Used | Fixed | Prohibited | Available | Util% |
+----------------------+------+-------+------------+-----------+-------+
| GLOBAL CLOCK BUFFERs |    4 |     0 |          0 |       352 |  1.14 |
|   BUFGCE             |    3 |     0 |          0 |       112 |  2.68 |
|   BUFGCE_DIV         |    0 |     0 |          0 |        16 |  0.00 |
|   BUFG_GT            |    0 |     0 |          0 |        96 |  0.00 |
|   BUFG_PS            |    1 |     0 |          0 |        96 |  1.04 |
|   BUFGCTRL*          |    0 |     0 |          0 |        32 |  0.00 |
| PLL                  |    0 |     0 |          0 |         8 |  0.00 |
| MMCM                 |    0 |     0 |          0 |         4 |  0.00 |
+----------------------+------+-------+------------+-----------+-------+
* Note: Each used BUFGCTRL counts as two GLOBAL CLOCK BUFFERs. This table does not include global clocking resources, only buffer cell usage. See the Clock Utilization Report (report_clock_utilization) for detailed accounting of global clocking resource availability.


7. ADVANCED
-----------

+-----------------+------+-------+------------+-----------+--------+
|    Site Type    | Used | Fixed | Prohibited | Available |  Util% |
+-----------------+------+-------+------------+-----------+--------+
| GTHE4_CHANNEL   |    0 |     0 |          0 |         4 |   0.00 |
| GTHE4_COMMON    |    0 |     0 |          0 |         1 |   0.00 |
| OBUFDS_GTE4     |    0 |     0 |          0 |         2 |   0.00 |
| OBUFDS_GTE4_ADV |    0 |     0 |          0 |         2 |   0.00 |
| PCIE40E4        |    0 |     0 |          0 |         2 |   0.00 |
| PS8             |    1 |     0 |          0 |         1 | 100.00 |
| SYSMONE4        |    0 |     0 |          0 |         1 |   0.00 |
| VCU             |    0 |     0 |          0 |         1 |   0.00 |
+-----------------+------+-------+------------+-----------+--------+


8. CONFIGURATION
----------------

+-------------+------+-------+------------+-----------+-------+
|  Site Type  | Used | Fixed | Prohibited | Available | Util% |
+-------------+------+-------+------------+-----------+-------+
| BSCANE2     |    0 |     0 |          0 |         4 |  0.00 |
| DNA_PORTE2  |    0 |     0 |          0 |         1 |  0.00 |
| EFUSE_USR   |    0 |     0 |          0 |         1 |  0.00 |
| FRAME_ECCE4 |    0 |     0 |          0 |         1 |  0.00 |
| ICAPE3      |    0 |     0 |          0 |         2 |  0.00 |
| MASTER_JTAG |    0 |     0 |          0 |         1 |  0.00 |
| STARTUPE3   |    0 |     0 |          0 |         1 |  0.00 |
+-------------+------+-------+------------+-----------+-------+


9. Primitives
-------------

+----------+-------+---------------------+
| Ref Name |  Used | Functional Category |
+----------+-------+---------------------+
| FDRE     | 19179 |            Register |
| LUT3     |  5700 |                 CLB |
| LUT6     |  3175 |                 CLB |
| RAMD32   |  2684 |                 CLB |
| LUT2     |  2532 |                 CLB |
| RAMS32   |  1918 |                 CLB |
| LUT5     |  1843 |                 CLB |
| LUT4     |  1762 |                 CLB |
| SRL16E   |   544 |                 CLB |
| LUT1     |   465 |                 CLB |
| FDSE     |   419 |            Register |
| SRLC32E  |   400 |                 CLB |
| MUXF7    |   256 |                 CLB |
| FDCE     |   183 |            Register |
| CARRY8   |   158 |                 CLB |
| DSP48E2  |    32 |          Arithmetic |
| RAMB36E2 |    12 |            BLOCKRAM |
| RAMB18E2 |     3 |            BLOCKRAM |
| BUFGCE   |     3 |               Clock |
| PS8      |     1 |            Advanced |
| MUXF8    |     1 |                 CLB |
| BUFG_PS  |     1 |               Clock |
+----------+-------+---------------------+


10. Black Boxes
---------------

+----------+------+
| Ref Name | Used |
+----------+------+


11. Instantiated Netlists
-------------------------

+---------------------------------+------+
|             Ref Name            | Used |
+---------------------------------+------+
| prototipo_1_zynq_ultra_ps_e_0_0 |    1 |
| prototipo_1_smartconnect_0_1    |    1 |
| prototipo_1_smartconnect_0_0    |    1 |
| prototipo_1_rst_ps8_0_99M_0     |    1 |
| prototipo_1_gemm_int8_0_1       |    1 |
+---------------------------------+------+


