================================================================
== Design Size Report
================================================================

* Instructions per Function for each Compilation Phase
+-------------+------------------+--------------+---------------+----------------------+---------------+
| Function    | Location         | Compile/Link | Unroll/Inline | Performance/Pipeline | Optimizations |
+-------------+------------------+--------------+---------------+----------------------+---------------+
|   gemm_int8 | gemm_int8.cpp:11 | 557          | 581           | 1,761                | 1,529         |
+-------------+------------------+--------------+---------------+----------------------+---------------+

* Description of Compilation Phases
+----------------------+------------------------------------------------------------+
| Compilation Phase    | Description                                                |
+----------------------+------------------------------------------------------------+
| Compile/Link         | All functions are compiled and linked into a single design |
| Unroll/Inline        | After user unroll and inline pragmas are applied           |
| Performance/Pipeline | After performance and pipeline pragmas are applied         |
| Optimizations        | After high level synthesis optimizations                   |
+----------------------+------------------------------------------------------------+

* Design Size Message Settings
+---------------------------------------------+--------+------------------------------------------------------------------+
| Message Setting                             | Value  | Description                                                      |
+---------------------------------------------+--------+------------------------------------------------------------------+
| config_compile -design_size_maximum_warning | 100000 | Show a warning when total design instructions exceeds this value |
+---------------------------------------------+--------+------------------------------------------------------------------+


