

================================================================
== Vitis HLS Report for 'gemm_int8'
================================================================
* Date:           Thu Mar 12 11:38:56 2026

* Version:        2023.1 (Build 3854077 on May  4 2023)
* Project:        gemm_qkv
* Solution:       solution1 (Vivado IP Flow Target)
* Product family: zynquplus
* Target device:  xck26-sfvc784-2LV-c


================================================================
== Performance Estimates
================================================================
+ Timing: 
    * Summary: 
    +--------+----------+----------+------------+
    |  Clock |  Target  | Estimated| Uncertainty|
    +--------+----------+----------+------------+
    |ap_clk  |  10.00 ns|  7.300 ns|     2.70 ns|
    +--------+----------+----------+------------+

+ Latency: 
    * Summary: 
    +---------+---------+-----------+-----------+---------+---------+---------+
    |  Latency (cycles) |   Latency (absolute)  |      Interval     | Pipeline|
    |   min   |   max   |    min    |    max    |   min   |   max   |   Type  |
    +---------+---------+-----------+-----------+---------+---------+---------+
    |  2945582|  2945582|  29.456 ms|  29.456 ms|  2945583|  2945583|       no|
    +---------+---------+-----------+-----------+---------+---------+---------+

    + Detail: 
        * Instance: 
        +-----------------------------------------------------------+-----------------------------------------------+---------+---------+-----------+-----------+-------+-------+---------+
        |                                                           |                                               |  Latency (cycles) |   Latency (absolute)  |    Interval   | Pipeline|
        |                          Instance                         |                     Module                    |   min   |   max   |    min    |    max    |  min  |  max  |   Type  |
        +-----------------------------------------------------------+-----------------------------------------------+---------+---------+-----------+-----------+-------+-------+---------+
        |grp_gemm_int8_Pipeline_load_X_VITIS_LOOP_30_1_fu_1634      |gemm_int8_Pipeline_load_X_VITIS_LOOP_30_1      |    49155|    49155|   0.492 ms|   0.492 ms|  49155|  49155|       no|
        |grp_gemm_int8_Pipeline_init_acc_VITIS_LOOP_46_2_fu_1642    |gemm_int8_Pipeline_init_acc_VITIS_LOOP_46_2    |     1026|     1026|  10.260 us|  10.260 us|   1026|   1026|       no|
        |grp_gemm_int8_Pipeline_load_Xtile_VITIS_LOOP_62_3_fu_1678  |gemm_int8_Pipeline_load_Xtile_VITIS_LOOP_62_3  |     1026|     1026|  10.260 us|  10.260 us|   1026|   1026|       no|
        |grp_gemm_int8_Pipeline_VITIS_LOOP_70_4_fu_1718             |gemm_int8_Pipeline_VITIS_LOOP_70_4             |     1035|     1035|  10.350 us|  10.350 us|   1035|   1035|       no|
        |grp_gemm_int8_Pipeline_VITIS_LOOP_78_5_fu_1759             |gemm_int8_Pipeline_VITIS_LOOP_78_5             |       39|       39|   0.390 us|   0.390 us|     39|     39|       no|
        |grp_gemm_int8_Pipeline_VITIS_LOOP_92_7_fu_1924             |gemm_int8_Pipeline_VITIS_LOOP_92_7             |       34|       34|   0.340 us|   0.340 us|     34|     34|       no|
        +-----------------------------------------------------------+-----------------------------------------------+---------+---------+-----------+-----------+-------+-------+---------+

        * Loop: 
        +-----------------+---------+---------+----------+-----------+-----------+------+----------+
        |                 |  Latency (cycles) | Iteration|  Initiation Interval  | Trip |          |
        |    Loop Name    |   min   |   max   |  Latency |  achieved |   target  | Count| Pipelined|
        +-----------------+---------+---------+----------+-----------+-----------+------+----------+
        |- tile_m_tile_n  |  2896416|  2896416|     60342|          -|          -|    48|        no|
        | + tile_k        |    57936|    57936|      2414|          -|          -|    24|        no|
        |  ++ compute     |     1376|     1376|        43|          -|          -|    32|        no|
        | + store_Y       |     1376|     1376|        43|          -|          -|    32|        no|
        +-----------------+---------+---------+----------+-----------+-----------+------+----------+



================================================================
== Utilization Estimates
================================================================
* Summary: 
+-----------------+---------+------+--------+--------+-----+
|       Name      | BRAM_18K|  DSP |   FF   |   LUT  | URAM|
+-----------------+---------+------+--------+--------+-----+
|DSP              |        -|     -|       -|       -|    -|
|Expression       |        -|     -|       0|     495|    -|
|FIFO             |        -|     -|       -|       -|    -|
|Instance         |        8|    17|    5209|    5681|    0|
|Memory           |       56|     -|     512|     256|    0|
|Multiplexer      |        -|     -|       -|    5141|    -|
|Register         |        -|     -|    1761|       -|    -|
+-----------------+---------+------+--------+--------+-----+
|Total            |       64|    17|    7482|   11573|    0|
+-----------------+---------+------+--------+--------+-----+
|Available        |      288|  1248|  234240|  117120|   64|
+-----------------+---------+------+--------+--------+-----+
|Utilization (%)  |       22|     1|       3|       9|    0|
+-----------------+---------+------+--------+--------+-----+

+ Detail: 
    * Instance: 
    +-----------------------------------------------------------+-----------------------------------------------+---------+----+------+------+-----+
    |                          Instance                         |                     Module                    | BRAM_18K| DSP|  FF  |  LUT | URAM|
    +-----------------------------------------------------------+-----------------------------------------------+---------+----+------+------+-----+
    |control_s_axi_U                                            |control_s_axi                                  |        0|   0|   246|   424|    0|
    |grp_gemm_int8_Pipeline_VITIS_LOOP_70_4_fu_1718             |gemm_int8_Pipeline_VITIS_LOOP_70_4             |        0|   0|   257|   409|    0|
    |grp_gemm_int8_Pipeline_VITIS_LOOP_78_5_fu_1759             |gemm_int8_Pipeline_VITIS_LOOP_78_5             |        0|  17|  1995|  1715|    0|
    |grp_gemm_int8_Pipeline_VITIS_LOOP_92_7_fu_1924             |gemm_int8_Pipeline_VITIS_LOOP_92_7             |        0|   0|    41|   224|    0|
    |grp_gemm_int8_Pipeline_init_acc_VITIS_LOOP_46_2_fu_1642    |gemm_int8_Pipeline_init_acc_VITIS_LOOP_46_2    |        0|   0|    25|   152|    0|
    |grp_gemm_int8_Pipeline_load_X_VITIS_LOOP_30_1_fu_1634      |gemm_int8_Pipeline_load_X_VITIS_LOOP_30_1      |        0|   0|    46|   210|    0|
    |grp_gemm_int8_Pipeline_load_Xtile_VITIS_LOOP_62_3_fu_1678  |gemm_int8_Pipeline_load_Xtile_VITIS_LOOP_62_3  |        0|   0|    37|   225|    0|
    |gmem0_m_axi_U                                              |gmem0_m_axi                                    |        2|   0|   866|   814|    0|
    |gmem1_m_axi_U                                              |gmem1_m_axi                                    |        2|   0|   866|   814|    0|
    |gmem2_m_axi_U                                              |gmem2_m_axi                                    |        4|   0|   830|   694|    0|
    +-----------------------------------------------------------+-----------------------------------------------+---------+----+------+------+-----+
    |Total                                                      |                                               |        8|  17|  5209|  5681|    0|
    +-----------------------------------------------------------+-----------------------------------------------+---------+----+------+------+-----+

    * DSP: 
    N/A

    * Memory: 
    +------------+-----------------------+---------+---+----+-----+-------+-----+------+-------------+
    |   Memory   |         Module        | BRAM_18K| FF| LUT| URAM| Words | Bits| Banks| W*Bits*Banks|
    +------------+-----------------------+---------+---+----+-----+-------+-----+------+-------------+
    |Xbuf_U      |Xbuf_RAM_2P_BRAM_1R1W  |       24|  0|   0|    0|  49152|    8|     1|       393216|
    |Xtile_U     |Xtile_RAM_AUTO_1R1W    |        0|  8|   4|    0|     32|    8|     1|          256|
    |Xtile_1_U   |Xtile_RAM_AUTO_1R1W    |        0|  8|   4|    0|     32|    8|     1|          256|
    |Xtile_2_U   |Xtile_RAM_AUTO_1R1W    |        0|  8|   4|    0|     32|    8|     1|          256|
    |Xtile_3_U   |Xtile_RAM_AUTO_1R1W    |        0|  8|   4|    0|     32|    8|     1|          256|
    |Xtile_4_U   |Xtile_RAM_AUTO_1R1W    |        0|  8|   4|    0|     32|    8|     1|          256|
    |Xtile_5_U   |Xtile_RAM_AUTO_1R1W    |        0|  8|   4|    0|     32|    8|     1|          256|
    |Xtile_6_U   |Xtile_RAM_AUTO_1R1W    |        0|  8|   4|    0|     32|    8|     1|          256|
    |Xtile_7_U   |Xtile_RAM_AUTO_1R1W    |        0|  8|   4|    0|     32|    8|     1|          256|
    |Xtile_8_U   |Xtile_RAM_AUTO_1R1W    |        0|  8|   4|    0|     32|    8|     1|          256|
    |Xtile_9_U   |Xtile_RAM_AUTO_1R1W    |        0|  8|   4|    0|     32|    8|     1|          256|
    |Xtile_10_U  |Xtile_RAM_AUTO_1R1W    |        0|  8|   4|    0|     32|    8|     1|          256|
    |Xtile_11_U  |Xtile_RAM_AUTO_1R1W    |        0|  8|   4|    0|     32|    8|     1|          256|
    |Xtile_12_U  |Xtile_RAM_AUTO_1R1W    |        0|  8|   4|    0|     32|    8|     1|          256|
    |Xtile_13_U  |Xtile_RAM_AUTO_1R1W    |        0|  8|   4|    0|     32|    8|     1|          256|
    |Xtile_14_U  |Xtile_RAM_AUTO_1R1W    |        0|  8|   4|    0|     32|    8|     1|          256|
    |Xtile_15_U  |Xtile_RAM_AUTO_1R1W    |        0|  8|   4|    0|     32|    8|     1|          256|
    |Xtile_16_U  |Xtile_RAM_AUTO_1R1W    |        0|  8|   4|    0|     32|    8|     1|          256|
    |Xtile_17_U  |Xtile_RAM_AUTO_1R1W    |        0|  8|   4|    0|     32|    8|     1|          256|
    |Xtile_18_U  |Xtile_RAM_AUTO_1R1W    |        0|  8|   4|    0|     32|    8|     1|          256|
    |Xtile_19_U  |Xtile_RAM_AUTO_1R1W    |        0|  8|   4|    0|     32|    8|     1|          256|
    |Xtile_20_U  |Xtile_RAM_AUTO_1R1W    |        0|  8|   4|    0|     32|    8|     1|          256|
    |Xtile_21_U  |Xtile_RAM_AUTO_1R1W    |        0|  8|   4|    0|     32|    8|     1|          256|
    |Xtile_22_U  |Xtile_RAM_AUTO_1R1W    |        0|  8|   4|    0|     32|    8|     1|          256|
    |Xtile_23_U  |Xtile_RAM_AUTO_1R1W    |        0|  8|   4|    0|     32|    8|     1|          256|
    |Xtile_24_U  |Xtile_RAM_AUTO_1R1W    |        0|  8|   4|    0|     32|    8|     1|          256|
    |Xtile_25_U  |Xtile_RAM_AUTO_1R1W    |        0|  8|   4|    0|     32|    8|     1|          256|
    |Xtile_26_U  |Xtile_RAM_AUTO_1R1W    |        0|  8|   4|    0|     32|    8|     1|          256|
    |Xtile_27_U  |Xtile_RAM_AUTO_1R1W    |        0|  8|   4|    0|     32|    8|     1|          256|
    |Xtile_28_U  |Xtile_RAM_AUTO_1R1W    |        0|  8|   4|    0|     32|    8|     1|          256|
    |Xtile_29_U  |Xtile_RAM_AUTO_1R1W    |        0|  8|   4|    0|     32|    8|     1|          256|
    |Xtile_30_U  |Xtile_RAM_AUTO_1R1W    |        0|  8|   4|    0|     32|    8|     1|          256|
    |Xtile_31_U  |Xtile_RAM_AUTO_1R1W    |        0|  8|   4|    0|     32|    8|     1|          256|
    |Wtile_U     |Xtile_RAM_AUTO_1R1W    |        0|  8|   4|    0|     32|    8|     1|          256|
    |Wtile_1_U   |Xtile_RAM_AUTO_1R1W    |        0|  8|   4|    0|     32|    8|     1|          256|
    |Wtile_2_U   |Xtile_RAM_AUTO_1R1W    |        0|  8|   4|    0|     32|    8|     1|          256|
    |Wtile_3_U   |Xtile_RAM_AUTO_1R1W    |        0|  8|   4|    0|     32|    8|     1|          256|
    |Wtile_4_U   |Xtile_RAM_AUTO_1R1W    |        0|  8|   4|    0|     32|    8|     1|          256|
    |Wtile_5_U   |Xtile_RAM_AUTO_1R1W    |        0|  8|   4|    0|     32|    8|     1|          256|
    |Wtile_6_U   |Xtile_RAM_AUTO_1R1W    |        0|  8|   4|    0|     32|    8|     1|          256|
    |Wtile_7_U   |Xtile_RAM_AUTO_1R1W    |        0|  8|   4|    0|     32|    8|     1|          256|
    |Wtile_8_U   |Xtile_RAM_AUTO_1R1W    |        0|  8|   4|    0|     32|    8|     1|          256|
    |Wtile_9_U   |Xtile_RAM_AUTO_1R1W    |        0|  8|   4|    0|     32|    8|     1|          256|
    |Wtile_10_U  |Xtile_RAM_AUTO_1R1W    |        0|  8|   4|    0|     32|    8|     1|          256|
    |Wtile_11_U  |Xtile_RAM_AUTO_1R1W    |        0|  8|   4|    0|     32|    8|     1|          256|
    |Wtile_12_U  |Xtile_RAM_AUTO_1R1W    |        0|  8|   4|    0|     32|    8|     1|          256|
    |Wtile_13_U  |Xtile_RAM_AUTO_1R1W    |        0|  8|   4|    0|     32|    8|     1|          256|
    |Wtile_14_U  |Xtile_RAM_AUTO_1R1W    |        0|  8|   4|    0|     32|    8|     1|          256|
    |Wtile_15_U  |Xtile_RAM_AUTO_1R1W    |        0|  8|   4|    0|     32|    8|     1|          256|
    |Wtile_16_U  |Xtile_RAM_AUTO_1R1W    |        0|  8|   4|    0|     32|    8|     1|          256|
    |Wtile_17_U  |Xtile_RAM_AUTO_1R1W    |        0|  8|   4|    0|     32|    8|     1|          256|
    |Wtile_18_U  |Xtile_RAM_AUTO_1R1W    |        0|  8|   4|    0|     32|    8|     1|          256|
    |Wtile_19_U  |Xtile_RAM_AUTO_1R1W    |        0|  8|   4|    0|     32|    8|     1|          256|
    |Wtile_20_U  |Xtile_RAM_AUTO_1R1W    |        0|  8|   4|    0|     32|    8|     1|          256|
    |Wtile_21_U  |Xtile_RAM_AUTO_1R1W    |        0|  8|   4|    0|     32|    8|     1|          256|
    |Wtile_22_U  |Xtile_RAM_AUTO_1R1W    |        0|  8|   4|    0|     32|    8|     1|          256|
    |Wtile_23_U  |Xtile_RAM_AUTO_1R1W    |        0|  8|   4|    0|     32|    8|     1|          256|
    |Wtile_24_U  |Xtile_RAM_AUTO_1R1W    |        0|  8|   4|    0|     32|    8|     1|          256|
    |Wtile_25_U  |Xtile_RAM_AUTO_1R1W    |        0|  8|   4|    0|     32|    8|     1|          256|
    |Wtile_26_U  |Xtile_RAM_AUTO_1R1W    |        0|  8|   4|    0|     32|    8|     1|          256|
    |Wtile_27_U  |Xtile_RAM_AUTO_1R1W    |        0|  8|   4|    0|     32|    8|     1|          256|
    |Wtile_28_U  |Xtile_RAM_AUTO_1R1W    |        0|  8|   4|    0|     32|    8|     1|          256|
    |Wtile_29_U  |Xtile_RAM_AUTO_1R1W    |        0|  8|   4|    0|     32|    8|     1|          256|
    |Wtile_30_U  |Xtile_RAM_AUTO_1R1W    |        0|  8|   4|    0|     32|    8|     1|          256|
    |Wtile_31_U  |Xtile_RAM_AUTO_1R1W    |        0|  8|   4|    0|     32|    8|     1|          256|
    |acc_U       |acc_RAM_AUTO_1R1W      |        1|  0|   0|    0|     32|   32|     1|         1024|
    |acc_1_U     |acc_RAM_AUTO_1R1W      |        1|  0|   0|    0|     32|   32|     1|         1024|
    |acc_2_U     |acc_RAM_AUTO_1R1W      |        1|  0|   0|    0|     32|   32|     1|         1024|
    |acc_3_U     |acc_RAM_AUTO_1R1W      |        1|  0|   0|    0|     32|   32|     1|         1024|
    |acc_4_U     |acc_RAM_AUTO_1R1W      |        1|  0|   0|    0|     32|   32|     1|         1024|
    |acc_5_U     |acc_RAM_AUTO_1R1W      |        1|  0|   0|    0|     32|   32|     1|         1024|
    |acc_6_U     |acc_RAM_AUTO_1R1W      |        1|  0|   0|    0|     32|   32|     1|         1024|
    |acc_7_U     |acc_RAM_AUTO_1R1W      |        1|  0|   0|    0|     32|   32|     1|         1024|
    |acc_8_U     |acc_RAM_AUTO_1R1W      |        1|  0|   0|    0|     32|   32|     1|         1024|
    |acc_9_U     |acc_RAM_AUTO_1R1W      |        1|  0|   0|    0|     32|   32|     1|         1024|
    |acc_10_U    |acc_RAM_AUTO_1R1W      |        1|  0|   0|    0|     32|   32|     1|         1024|
    |acc_11_U    |acc_RAM_AUTO_1R1W      |        1|  0|   0|    0|     32|   32|     1|         1024|
    |acc_12_U    |acc_RAM_AUTO_1R1W      |        1|  0|   0|    0|     32|   32|     1|         1024|
    |acc_13_U    |acc_RAM_AUTO_1R1W      |        1|  0|   0|    0|     32|   32|     1|         1024|
    |acc_14_U    |acc_RAM_AUTO_1R1W      |        1|  0|   0|    0|     32|   32|     1|         1024|
    |acc_15_U    |acc_RAM_AUTO_1R1W      |        1|  0|   0|    0|     32|   32|     1|         1024|
    |acc_16_U    |acc_RAM_AUTO_1R1W      |        1|  0|   0|    0|     32|   32|     1|         1024|
    |acc_17_U    |acc_RAM_AUTO_1R1W      |        1|  0|   0|    0|     32|   32|     1|         1024|
    |acc_18_U    |acc_RAM_AUTO_1R1W      |        1|  0|   0|    0|     32|   32|     1|         1024|
    |acc_19_U    |acc_RAM_AUTO_1R1W      |        1|  0|   0|    0|     32|   32|     1|         1024|
    |acc_20_U    |acc_RAM_AUTO_1R1W      |        1|  0|   0|    0|     32|   32|     1|         1024|
    |acc_21_U    |acc_RAM_AUTO_1R1W      |        1|  0|   0|    0|     32|   32|     1|         1024|
    |acc_22_U    |acc_RAM_AUTO_1R1W      |        1|  0|   0|    0|     32|   32|     1|         1024|
    |acc_23_U    |acc_RAM_AUTO_1R1W      |        1|  0|   0|    0|     32|   32|     1|         1024|
    |acc_24_U    |acc_RAM_AUTO_1R1W      |        1|  0|   0|    0|     32|   32|     1|         1024|
    |acc_25_U    |acc_RAM_AUTO_1R1W      |        1|  0|   0|    0|     32|   32|     1|         1024|
    |acc_26_U    |acc_RAM_AUTO_1R1W      |        1|  0|   0|    0|     32|   32|     1|         1024|
    |acc_27_U    |acc_RAM_AUTO_1R1W      |        1|  0|   0|    0|     32|   32|     1|         1024|
    |acc_28_U    |acc_RAM_AUTO_1R1W      |        1|  0|   0|    0|     32|   32|     1|         1024|
    |acc_29_U    |acc_RAM_AUTO_1R1W      |        1|  0|   0|    0|     32|   32|     1|         1024|
    |acc_30_U    |acc_RAM_AUTO_1R1W      |        1|  0|   0|    0|     32|   32|     1|         1024|
    |acc_31_U    |acc_RAM_AUTO_1R1W      |        1|  0|   0|    0|     32|   32|     1|         1024|
    +------------+-----------------------+---------+---+----+-----+-------+-----+------+-------------+
    |Total       |                       |       56|512| 256|    0|  52224| 1544|    97|       442368|
    +------------+-----------------------+---------+---+----+-----+-------+-----+------+-------------+

    * FIFO: 
    N/A

    * Expression: 
    +----------------------------------+----------+----+---+----+------------+------------+
    |           Variable Name          | Operation| DSP| FF| LUT| Bitwidth P0| Bitwidth P1|
    +----------------------------------+----------+----+---+----+------------+------------+
    |add_ln37_1_fu_2285_p2             |         +|   0|  0|   9|           2|           1|
    |add_ln37_2_fu_2264_p2             |         +|   0|  0|  13|           6|           1|
    |add_ln37_fu_2279_p2               |         +|   0|  0|  14|           7|           6|
    |add_ln39_1_fu_2570_p2             |         +|   0|  0|  12|           5|           1|
    |add_ln39_fu_2565_p2               |         +|   0|  0|  17|          10|           6|
    |add_ln53_fu_2472_p2               |         +|   0|  0|  17|          10|           6|
    |add_ln69_fu_2406_p2               |         +|   0|  0|  71|          64|          64|
    |add_ln77_fu_2426_p2               |         +|   0|  0|  13|           6|           1|
    |add_ln91_fu_2484_p2               |         +|   0|  0|  13|           6|           1|
    |empty_30_fu_2533_p2               |         +|   0|  0|  17|          17|          17|
    |empty_31_fu_2550_p2               |         +|   0|  0|  71|          64|          64|
    |tmp64_fu_2528_p2                  |         +|   0|  0|  17|          17|          17|
    |empty_29_fu_2518_p2               |         -|   0|  0|  23|          16|          16|
    |sub_ln41_1_fu_2252_p2             |         -|   0|  0|  24|          17|          17|
    |sub_ln41_2_fu_2352_p2             |         -|   0|  0|  24|          17|          17|
    |sub_ln41_fu_2396_p2               |         -|   0|  0|  28|          21|          21|
    |icmp_ln37_fu_2258_p2              |      icmp|   0|  0|  13|           6|           6|
    |icmp_ln39_fu_2290_p2              |      icmp|   0|  0|  12|           5|           5|
    |icmp_ln53_fu_2411_p2              |      icmp|   0|  0|  17|          10|          10|
    |icmp_ln77_fu_2420_p2              |      icmp|   0|  0|  14|           6|           7|
    |icmp_ln91_fu_2478_p2              |      icmp|   0|  0|  14|           6|           7|
    |ap_block_state15_on_subcall_done  |        or|   0|  0|   2|           1|           1|
    |select_ln37_1_fu_2304_p3          |    select|   0|  0|  10|           1|           1|
    |select_ln37_2_fu_2312_p3          |    select|   0|  0|   7|           1|           7|
    |select_ln37_3_fu_2358_p3          |    select|   0|  0|  16|           1|          17|
    |select_ln37_4_fu_2365_p3          |    select|   0|  0|   2|           1|           2|
    |select_ln37_fu_2296_p3            |    select|   0|  0|   5|           1|           1|
    +----------------------------------+----------+----+---+----+------------+------------+
    |Total                             |          |   0|  0| 495|         324|         320|
    +----------------------------------+----------+----+---+----+------------+------------+

    * Multiplexer: 
    +--------------------------+-----+-----------+-----+-----------+
    |           Name           | LUT | Input Size| Bits| Total Bits|
    +--------------------------+-----+-----------+-----+-----------+
    |Wtile_10_address0         |   14|          3|    5|         15|
    |Wtile_10_ce0              |   14|          3|    1|          3|
    |Wtile_10_we0              |    9|          2|    1|          2|
    |Wtile_11_address0         |   14|          3|    5|         15|
    |Wtile_11_ce0              |   14|          3|    1|          3|
    |Wtile_11_we0              |    9|          2|    1|          2|
    |Wtile_12_address0         |   14|          3|    5|         15|
    |Wtile_12_ce0              |   14|          3|    1|          3|
    |Wtile_12_we0              |    9|          2|    1|          2|
    |Wtile_13_address0         |   14|          3|    5|         15|
    |Wtile_13_ce0              |   14|          3|    1|          3|
    |Wtile_13_we0              |    9|          2|    1|          2|
    |Wtile_14_address0         |   14|          3|    5|         15|
    |Wtile_14_ce0              |   14|          3|    1|          3|
    |Wtile_14_we0              |    9|          2|    1|          2|
    |Wtile_15_address0         |   14|          3|    5|         15|
    |Wtile_15_ce0              |   14|          3|    1|          3|
    |Wtile_15_we0              |    9|          2|    1|          2|
    |Wtile_16_address0         |   14|          3|    5|         15|
    |Wtile_16_ce0              |   14|          3|    1|          3|
    |Wtile_16_we0              |    9|          2|    1|          2|
    |Wtile_17_address0         |   14|          3|    5|         15|
    |Wtile_17_ce0              |   14|          3|    1|          3|
    |Wtile_17_we0              |    9|          2|    1|          2|
    |Wtile_18_address0         |   14|          3|    5|         15|
    |Wtile_18_ce0              |   14|          3|    1|          3|
    |Wtile_18_we0              |    9|          2|    1|          2|
    |Wtile_19_address0         |   14|          3|    5|         15|
    |Wtile_19_ce0              |   14|          3|    1|          3|
    |Wtile_19_we0              |    9|          2|    1|          2|
    |Wtile_1_address0          |   14|          3|    5|         15|
    |Wtile_1_ce0               |   14|          3|    1|          3|
    |Wtile_1_we0               |    9|          2|    1|          2|
    |Wtile_20_address0         |   14|          3|    5|         15|
    |Wtile_20_ce0              |   14|          3|    1|          3|
    |Wtile_20_we0              |    9|          2|    1|          2|
    |Wtile_21_address0         |   14|          3|    5|         15|
    |Wtile_21_ce0              |   14|          3|    1|          3|
    |Wtile_21_we0              |    9|          2|    1|          2|
    |Wtile_22_address0         |   14|          3|    5|         15|
    |Wtile_22_ce0              |   14|          3|    1|          3|
    |Wtile_22_we0              |    9|          2|    1|          2|
    |Wtile_23_address0         |   14|          3|    5|         15|
    |Wtile_23_ce0              |   14|          3|    1|          3|
    |Wtile_23_we0              |    9|          2|    1|          2|
    |Wtile_24_address0         |   14|          3|    5|         15|
    |Wtile_24_ce0              |   14|          3|    1|          3|
    |Wtile_24_we0              |    9|          2|    1|          2|
    |Wtile_25_address0         |   14|          3|    5|         15|
    |Wtile_25_ce0              |   14|          3|    1|          3|
    |Wtile_25_we0              |    9|          2|    1|          2|
    |Wtile_26_address0         |   14|          3|    5|         15|
    |Wtile_26_ce0              |   14|          3|    1|          3|
    |Wtile_26_we0              |    9|          2|    1|          2|
    |Wtile_27_address0         |   14|          3|    5|         15|
    |Wtile_27_ce0              |   14|          3|    1|          3|
    |Wtile_27_we0              |    9|          2|    1|          2|
    |Wtile_28_address0         |   14|          3|    5|         15|
    |Wtile_28_ce0              |   14|          3|    1|          3|
    |Wtile_28_we0              |    9|          2|    1|          2|
    |Wtile_29_address0         |   14|          3|    5|         15|
    |Wtile_29_ce0              |   14|          3|    1|          3|
    |Wtile_29_we0              |    9|          2|    1|          2|
    |Wtile_2_address0          |   14|          3|    5|         15|
    |Wtile_2_ce0               |   14|          3|    1|          3|
    |Wtile_2_we0               |    9|          2|    1|          2|
    |Wtile_30_address0         |   14|          3|    5|         15|
    |Wtile_30_ce0              |   14|          3|    1|          3|
    |Wtile_30_we0              |    9|          2|    1|          2|
    |Wtile_31_address0         |   14|          3|    5|         15|
    |Wtile_31_ce0              |   14|          3|    1|          3|
    |Wtile_31_we0              |    9|          2|    1|          2|
    |Wtile_3_address0          |   14|          3|    5|         15|
    |Wtile_3_ce0               |   14|          3|    1|          3|
    |Wtile_3_we0               |    9|          2|    1|          2|
    |Wtile_4_address0          |   14|          3|    5|         15|
    |Wtile_4_ce0               |   14|          3|    1|          3|
    |Wtile_4_we0               |    9|          2|    1|          2|
    |Wtile_5_address0          |   14|          3|    5|         15|
    |Wtile_5_ce0               |   14|          3|    1|          3|
    |Wtile_5_we0               |    9|          2|    1|          2|
    |Wtile_6_address0          |   14|          3|    5|         15|
    |Wtile_6_ce0               |   14|          3|    1|          3|
    |Wtile_6_we0               |    9|          2|    1|          2|
    |Wtile_7_address0          |   14|          3|    5|         15|
    |Wtile_7_ce0               |   14|          3|    1|          3|
    |Wtile_7_we0               |    9|          2|    1|          2|
    |Wtile_8_address0          |   14|          3|    5|         15|
    |Wtile_8_ce0               |   14|          3|    1|          3|
    |Wtile_8_we0               |    9|          2|    1|          2|
    |Wtile_9_address0          |   14|          3|    5|         15|
    |Wtile_9_ce0               |   14|          3|    1|          3|
    |Wtile_9_we0               |    9|          2|    1|          2|
    |Wtile_address0            |   14|          3|    5|         15|
    |Wtile_ce0                 |   14|          3|    1|          3|
    |Wtile_we0                 |    9|          2|    1|          2|
    |Xbuf_ce0                  |    9|          2|    1|          2|
    |Xbuf_ce1                  |    9|          2|    1|          2|
    |Xbuf_we1                  |    9|          2|    1|          2|
    |Xtile_10_address0         |   14|          3|    5|         15|
    |Xtile_10_ce0              |   14|          3|    1|          3|
    |Xtile_10_we0              |    9|          2|    1|          2|
    |Xtile_11_address0         |   14|          3|    5|         15|
    |Xtile_11_ce0              |   14|          3|    1|          3|
    |Xtile_11_we0              |    9|          2|    1|          2|
    |Xtile_12_address0         |   14|          3|    5|         15|
    |Xtile_12_ce0              |   14|          3|    1|          3|
    |Xtile_12_we0              |    9|          2|    1|          2|
    |Xtile_13_address0         |   14|          3|    5|         15|
    |Xtile_13_ce0              |   14|          3|    1|          3|
    |Xtile_13_we0              |    9|          2|    1|          2|
    |Xtile_14_address0         |   14|          3|    5|         15|
    |Xtile_14_ce0              |   14|          3|    1|          3|
    |Xtile_14_we0              |    9|          2|    1|          2|
    |Xtile_15_address0         |   14|          3|    5|         15|
    |Xtile_15_ce0              |   14|          3|    1|          3|
    |Xtile_15_we0              |    9|          2|    1|          2|
    |Xtile_16_address0         |   14|          3|    5|         15|
    |Xtile_16_ce0              |   14|          3|    1|          3|
    |Xtile_16_we0              |    9|          2|    1|          2|
    |Xtile_17_address0         |   14|          3|    5|         15|
    |Xtile_17_ce0              |   14|          3|    1|          3|
    |Xtile_17_we0              |    9|          2|    1|          2|
    |Xtile_18_address0         |   14|          3|    5|         15|
    |Xtile_18_ce0              |   14|          3|    1|          3|
    |Xtile_18_we0              |    9|          2|    1|          2|
    |Xtile_19_address0         |   14|          3|    5|         15|
    |Xtile_19_ce0              |   14|          3|    1|          3|
    |Xtile_19_we0              |    9|          2|    1|          2|
    |Xtile_1_address0          |   14|          3|    5|         15|
    |Xtile_1_ce0               |   14|          3|    1|          3|
    |Xtile_1_we0               |    9|          2|    1|          2|
    |Xtile_20_address0         |   14|          3|    5|         15|
    |Xtile_20_ce0              |   14|          3|    1|          3|
    |Xtile_20_we0              |    9|          2|    1|          2|
    |Xtile_21_address0         |   14|          3|    5|         15|
    |Xtile_21_ce0              |   14|          3|    1|          3|
    |Xtile_21_we0              |    9|          2|    1|          2|
    |Xtile_22_address0         |   14|          3|    5|         15|
    |Xtile_22_ce0              |   14|          3|    1|          3|
    |Xtile_22_we0              |    9|          2|    1|          2|
    |Xtile_23_address0         |   14|          3|    5|         15|
    |Xtile_23_ce0              |   14|          3|    1|          3|
    |Xtile_23_we0              |    9|          2|    1|          2|
    |Xtile_24_address0         |   14|          3|    5|         15|
    |Xtile_24_ce0              |   14|          3|    1|          3|
    |Xtile_24_we0              |    9|          2|    1|          2|
    |Xtile_25_address0         |   14|          3|    5|         15|
    |Xtile_25_ce0              |   14|          3|    1|          3|
    |Xtile_25_we0              |    9|          2|    1|          2|
    |Xtile_26_address0         |   14|          3|    5|         15|
    |Xtile_26_ce0              |   14|          3|    1|          3|
    |Xtile_26_we0              |    9|          2|    1|          2|
    |Xtile_27_address0         |   14|          3|    5|         15|
    |Xtile_27_ce0              |   14|          3|    1|          3|
    |Xtile_27_we0              |    9|          2|    1|          2|
    |Xtile_28_address0         |   14|          3|    5|         15|
    |Xtile_28_ce0              |   14|          3|    1|          3|
    |Xtile_28_we0              |    9|          2|    1|          2|
    |Xtile_29_address0         |   14|          3|    5|         15|
    |Xtile_29_ce0              |   14|          3|    1|          3|
    |Xtile_29_we0              |    9|          2|    1|          2|
    |Xtile_2_address0          |   14|          3|    5|         15|
    |Xtile_2_ce0               |   14|          3|    1|          3|
    |Xtile_2_we0               |    9|          2|    1|          2|
    |Xtile_30_address0         |   14|          3|    5|         15|
    |Xtile_30_ce0              |   14|          3|    1|          3|
    |Xtile_30_we0              |    9|          2|    1|          2|
    |Xtile_31_address0         |   14|          3|    5|         15|
    |Xtile_31_ce0              |   14|          3|    1|          3|
    |Xtile_31_we0              |    9|          2|    1|          2|
    |Xtile_3_address0          |   14|          3|    5|         15|
    |Xtile_3_ce0               |   14|          3|    1|          3|
    |Xtile_3_we0               |    9|          2|    1|          2|
    |Xtile_4_address0          |   14|          3|    5|         15|
    |Xtile_4_ce0               |   14|          3|    1|          3|
    |Xtile_4_we0               |    9|          2|    1|          2|
    |Xtile_5_address0          |   14|          3|    5|         15|
    |Xtile_5_ce0               |   14|          3|    1|          3|
    |Xtile_5_we0               |    9|          2|    1|          2|
    |Xtile_6_address0          |   14|          3|    5|         15|
    |Xtile_6_ce0               |   14|          3|    1|          3|
    |Xtile_6_we0               |    9|          2|    1|          2|
    |Xtile_7_address0          |   14|          3|    5|         15|
    |Xtile_7_ce0               |   14|          3|    1|          3|
    |Xtile_7_we0               |    9|          2|    1|          2|
    |Xtile_8_address0          |   14|          3|    5|         15|
    |Xtile_8_ce0               |   14|          3|    1|          3|
    |Xtile_8_we0               |    9|          2|    1|          2|
    |Xtile_9_address0          |   14|          3|    5|         15|
    |Xtile_9_ce0               |   14|          3|    1|          3|
    |Xtile_9_we0               |    9|          2|    1|          2|
    |Xtile_address0            |   14|          3|    5|         15|
    |Xtile_ce0                 |   14|          3|    1|          3|
    |Xtile_we0                 |    9|          2|    1|          2|
    |acc_10_address0           |   26|          5|    5|         25|
    |acc_10_ce0                |   20|          4|    1|          4|
    |acc_10_d0                 |   14|          3|   32|         96|
    |acc_10_we0                |   14|          3|    1|          3|
    |acc_11_address0           |   26|          5|    5|         25|
    |acc_11_ce0                |   20|          4|    1|          4|
    |acc_11_d0                 |   14|          3|   32|         96|
    |acc_11_we0                |   14|          3|    1|          3|
    |acc_12_address0           |   26|          5|    5|         25|
    |acc_12_ce0                |   20|          4|    1|          4|
    |acc_12_d0                 |   14|          3|   32|         96|
    |acc_12_we0                |   14|          3|    1|          3|
    |acc_13_address0           |   26|          5|    5|         25|
    |acc_13_ce0                |   20|          4|    1|          4|
    |acc_13_d0                 |   14|          3|   32|         96|
    |acc_13_we0                |   14|          3|    1|          3|
    |acc_14_address0           |   26|          5|    5|         25|
    |acc_14_ce0                |   20|          4|    1|          4|
    |acc_14_d0                 |   14|          3|   32|         96|
    |acc_14_we0                |   14|          3|    1|          3|
    |acc_15_address0           |   26|          5|    5|         25|
    |acc_15_ce0                |   20|          4|    1|          4|
    |acc_15_d0                 |   14|          3|   32|         96|
    |acc_15_we0                |   14|          3|    1|          3|
    |acc_16_address0           |   26|          5|    5|         25|
    |acc_16_ce0                |   20|          4|    1|          4|
    |acc_16_d0                 |   14|          3|   32|         96|
    |acc_16_we0                |   14|          3|    1|          3|
    |acc_17_address0           |   26|          5|    5|         25|
    |acc_17_ce0                |   20|          4|    1|          4|
    |acc_17_d0                 |   14|          3|   32|         96|
    |acc_17_we0                |   14|          3|    1|          3|
    |acc_18_address0           |   26|          5|    5|         25|
    |acc_18_ce0                |   20|          4|    1|          4|
    |acc_18_d0                 |   14|          3|   32|         96|
    |acc_18_we0                |   14|          3|    1|          3|
    |acc_19_address0           |   26|          5|    5|         25|
    |acc_19_ce0                |   20|          4|    1|          4|
    |acc_19_d0                 |   14|          3|   32|         96|
    |acc_19_we0                |   14|          3|    1|          3|
    |acc_1_address0            |   26|          5|    5|         25|
    |acc_1_ce0                 |   20|          4|    1|          4|
    |acc_1_d0                  |   14|          3|   32|         96|
    |acc_1_we0                 |   14|          3|    1|          3|
    |acc_20_address0           |   26|          5|    5|         25|
    |acc_20_ce0                |   20|          4|    1|          4|
    |acc_20_d0                 |   14|          3|   32|         96|
    |acc_20_we0                |   14|          3|    1|          3|
    |acc_21_address0           |   26|          5|    5|         25|
    |acc_21_ce0                |   20|          4|    1|          4|
    |acc_21_d0                 |   14|          3|   32|         96|
    |acc_21_we0                |   14|          3|    1|          3|
    |acc_22_address0           |   26|          5|    5|         25|
    |acc_22_ce0                |   20|          4|    1|          4|
    |acc_22_d0                 |   14|          3|   32|         96|
    |acc_22_we0                |   14|          3|    1|          3|
    |acc_23_address0           |   26|          5|    5|         25|
    |acc_23_ce0                |   20|          4|    1|          4|
    |acc_23_d0                 |   14|          3|   32|         96|
    |acc_23_we0                |   14|          3|    1|          3|
    |acc_24_address0           |   26|          5|    5|         25|
    |acc_24_ce0                |   20|          4|    1|          4|
    |acc_24_d0                 |   14|          3|   32|         96|
    |acc_24_we0                |   14|          3|    1|          3|
    |acc_25_address0           |   26|          5|    5|         25|
    |acc_25_ce0                |   20|          4|    1|          4|
    |acc_25_d0                 |   14|          3|   32|         96|
    |acc_25_we0                |   14|          3|    1|          3|
    |acc_26_address0           |   26|          5|    5|         25|
    |acc_26_ce0                |   20|          4|    1|          4|
    |acc_26_d0                 |   14|          3|   32|         96|
    |acc_26_we0                |   14|          3|    1|          3|
    |acc_27_address0           |   26|          5|    5|         25|
    |acc_27_ce0                |   20|          4|    1|          4|
    |acc_27_d0                 |   14|          3|   32|         96|
    |acc_27_we0                |   14|          3|    1|          3|
    |acc_28_address0           |   26|          5|    5|         25|
    |acc_28_ce0                |   20|          4|    1|          4|
    |acc_28_d0                 |   14|          3|   32|         96|
    |acc_28_we0                |   14|          3|    1|          3|
    |acc_29_address0           |   26|          5|    5|         25|
    |acc_29_ce0                |   20|          4|    1|          4|
    |acc_29_d0                 |   14|          3|   32|         96|
    |acc_29_we0                |   14|          3|    1|          3|
    |acc_2_address0            |   26|          5|    5|         25|
    |acc_2_ce0                 |   20|          4|    1|          4|
    |acc_2_d0                  |   14|          3|   32|         96|
    |acc_2_we0                 |   14|          3|    1|          3|
    |acc_30_address0           |   26|          5|    5|         25|
    |acc_30_ce0                |   20|          4|    1|          4|
    |acc_30_d0                 |   14|          3|   32|         96|
    |acc_30_we0                |   14|          3|    1|          3|
    |acc_31_address0           |   26|          5|    5|         25|
    |acc_31_ce0                |   20|          4|    1|          4|
    |acc_31_d0                 |   14|          3|   32|         96|
    |acc_31_we0                |   14|          3|    1|          3|
    |acc_3_address0            |   26|          5|    5|         25|
    |acc_3_ce0                 |   20|          4|    1|          4|
    |acc_3_d0                  |   14|          3|   32|         96|
    |acc_3_we0                 |   14|          3|    1|          3|
    |acc_4_address0            |   26|          5|    5|         25|
    |acc_4_ce0                 |   20|          4|    1|          4|
    |acc_4_d0                  |   14|          3|   32|         96|
    |acc_4_we0                 |   14|          3|    1|          3|
    |acc_5_address0            |   26|          5|    5|         25|
    |acc_5_ce0                 |   20|          4|    1|          4|
    |acc_5_d0                  |   14|          3|   32|         96|
    |acc_5_we0                 |   14|          3|    1|          3|
    |acc_6_address0            |   26|          5|    5|         25|
    |acc_6_ce0                 |   20|          4|    1|          4|
    |acc_6_d0                  |   14|          3|   32|         96|
    |acc_6_we0                 |   14|          3|    1|          3|
    |acc_7_address0            |   26|          5|    5|         25|
    |acc_7_ce0                 |   20|          4|    1|          4|
    |acc_7_d0                  |   14|          3|   32|         96|
    |acc_7_we0                 |   14|          3|    1|          3|
    |acc_8_address0            |   26|          5|    5|         25|
    |acc_8_ce0                 |   20|          4|    1|          4|
    |acc_8_d0                  |   14|          3|   32|         96|
    |acc_8_we0                 |   14|          3|    1|          3|
    |acc_9_address0            |   26|          5|    5|         25|
    |acc_9_ce0                 |   20|          4|    1|          4|
    |acc_9_d0                  |   14|          3|   32|         96|
    |acc_9_we0                 |   14|          3|    1|          3|
    |acc_address0              |   26|          5|    5|         25|
    |acc_ce0                   |   20|          4|    1|          4|
    |acc_d0                    |   14|          3|   32|         96|
    |acc_we0                   |   14|          3|    1|          3|
    |ap_NS_fsm                 |  145|         29|    1|         29|
    |gmem0_ARADDR              |   14|          3|   64|        192|
    |gmem0_ARLEN               |   14|          3|   32|         96|
    |gmem0_ARVALID             |   14|          3|    1|          3|
    |gmem0_RREADY              |    9|          2|    1|          2|
    |gmem0_blk_n_AR            |    9|          2|    1|          2|
    |gmem1_ARVALID             |    9|          2|    1|          2|
    |gmem1_RREADY              |    9|          2|    1|          2|
    |gmem2_AWADDR              |   14|          3|   64|        192|
    |gmem2_AWLEN               |   14|          3|   32|         96|
    |gmem2_AWVALID             |   14|          3|    1|          3|
    |gmem2_BREADY              |   14|          3|    1|          3|
    |gmem2_WVALID              |    9|          2|    1|          2|
    |gmem2_blk_n_AW            |    9|          2|    1|          2|
    |gmem2_blk_n_B             |    9|          2|    1|          2|
    |i_1_reg_1622              |    9|          2|    6|         12|
    |i_reg_1611                |    9|          2|    6|         12|
    |indvar42_fu_178           |    9|          2|    2|          4|
    |indvar_flatten125_fu_182  |    9|          2|    6|         12|
    |indvar_fu_170             |    9|          2|    5|         10|
    |k0_reg_1599               |    9|          2|   10|         20|
    |m0_fu_174                 |    9|          2|    7|         14|
    |n0_fu_166                 |    9|          2|   10|         20|
    +--------------------------+-----+-----------+-----+-----------+
    |Total                     | 5141|       1078| 1954|       6114|
    +--------------------------+-----+-----------+-----+-----------+

    * Register: 
    +------------------------------------------------------------------------+----+----+-----+-----------+
    |                                  Name                                  | FF | LUT| Bits| Const Bits|
    +------------------------------------------------------------------------+----+----+-----+-----------+
    |W_read_reg_2683                                                         |  64|   0|   64|          0|
    |X_read_reg_2688                                                         |  64|   0|   64|          0|
    |Xtile_10_load_reg_3183                                                  |   8|   0|    8|          0|
    |Xtile_11_load_reg_3188                                                  |   8|   0|    8|          0|
    |Xtile_12_load_reg_3193                                                  |   8|   0|    8|          0|
    |Xtile_13_load_reg_3198                                                  |   8|   0|    8|          0|
    |Xtile_14_load_reg_3203                                                  |   8|   0|    8|          0|
    |Xtile_15_load_reg_3208                                                  |   8|   0|    8|          0|
    |Xtile_16_load_reg_3213                                                  |   8|   0|    8|          0|
    |Xtile_17_load_reg_3218                                                  |   8|   0|    8|          0|
    |Xtile_18_load_reg_3223                                                  |   8|   0|    8|          0|
    |Xtile_19_load_reg_3228                                                  |   8|   0|    8|          0|
    |Xtile_1_load_reg_3138                                                   |   8|   0|    8|          0|
    |Xtile_20_load_reg_3233                                                  |   8|   0|    8|          0|
    |Xtile_21_load_reg_3238                                                  |   8|   0|    8|          0|
    |Xtile_22_load_reg_3243                                                  |   8|   0|    8|          0|
    |Xtile_23_load_reg_3248                                                  |   8|   0|    8|          0|
    |Xtile_24_load_reg_3253                                                  |   8|   0|    8|          0|
    |Xtile_25_load_reg_3258                                                  |   8|   0|    8|          0|
    |Xtile_26_load_reg_3263                                                  |   8|   0|    8|          0|
    |Xtile_27_load_reg_3268                                                  |   8|   0|    8|          0|
    |Xtile_28_load_reg_3273                                                  |   8|   0|    8|          0|
    |Xtile_29_load_reg_3278                                                  |   8|   0|    8|          0|
    |Xtile_2_load_reg_3143                                                   |   8|   0|    8|          0|
    |Xtile_30_load_reg_3283                                                  |   8|   0|    8|          0|
    |Xtile_31_load_reg_3288                                                  |   8|   0|    8|          0|
    |Xtile_3_load_reg_3148                                                   |   8|   0|    8|          0|
    |Xtile_4_load_reg_3153                                                   |   8|   0|    8|          0|
    |Xtile_5_load_reg_3158                                                   |   8|   0|    8|          0|
    |Xtile_6_load_reg_3163                                                   |   8|   0|    8|          0|
    |Xtile_7_load_reg_3168                                                   |   8|   0|    8|          0|
    |Xtile_8_load_reg_3173                                                   |   8|   0|    8|          0|
    |Xtile_9_load_reg_3178                                                   |   8|   0|    8|          0|
    |Xtile_load_reg_3133                                                     |   8|   0|    8|          0|
    |Y_read_reg_2678                                                         |  64|   0|   64|          0|
    |add_ln37_2_reg_2710                                                     |   6|   0|    6|          0|
    |add_ln69_reg_2746                                                       |  64|   0|   64|          0|
    |add_ln77_reg_2762                                                       |   6|   0|    6|          0|
    |add_ln91_reg_3296                                                       |   6|   0|    6|          0|
    |ap_CS_fsm                                                               |  28|   0|   28|          0|
    |grp_gemm_int8_Pipeline_VITIS_LOOP_70_4_fu_1718_ap_start_reg             |   1|   0|    1|          0|
    |grp_gemm_int8_Pipeline_VITIS_LOOP_78_5_fu_1759_ap_start_reg             |   1|   0|    1|          0|
    |grp_gemm_int8_Pipeline_VITIS_LOOP_92_7_fu_1924_ap_start_reg             |   1|   0|    1|          0|
    |grp_gemm_int8_Pipeline_init_acc_VITIS_LOOP_46_2_fu_1642_ap_start_reg    |   1|   0|    1|          0|
    |grp_gemm_int8_Pipeline_load_X_VITIS_LOOP_30_1_fu_1634_ap_start_reg      |   1|   0|    1|          0|
    |grp_gemm_int8_Pipeline_load_Xtile_VITIS_LOOP_62_3_fu_1678_ap_start_reg  |   1|   0|    1|          0|
    |i_1_reg_1622                                                            |   6|   0|    6|          0|
    |i_reg_1611                                                              |   6|   0|    6|          0|
    |indvar42_fu_178                                                         |   2|   0|    2|          0|
    |indvar_flatten125_fu_182                                                |   6|   0|    6|          0|
    |indvar_fu_170                                                           |   5|   0|    5|          0|
    |k0_reg_1599                                                             |  10|   0|   10|          0|
    |m0_fu_174                                                               |   7|   0|    7|          0|
    |n0_fu_166                                                               |  10|   0|   10|          0|
    |reg_1995                                                                |  32|   0|   32|          0|
    |reg_2001                                                                |  32|   0|   32|          0|
    |reg_2007                                                                |  32|   0|   32|          0|
    |reg_2013                                                                |  32|   0|   32|          0|
    |reg_2019                                                                |  32|   0|   32|          0|
    |reg_2025                                                                |  32|   0|   32|          0|
    |reg_2031                                                                |  32|   0|   32|          0|
    |reg_2037                                                                |  32|   0|   32|          0|
    |reg_2043                                                                |  32|   0|   32|          0|
    |reg_2049                                                                |  32|   0|   32|          0|
    |reg_2055                                                                |  32|   0|   32|          0|
    |reg_2061                                                                |  32|   0|   32|          0|
    |reg_2067                                                                |  32|   0|   32|          0|
    |reg_2073                                                                |  32|   0|   32|          0|
    |reg_2079                                                                |  32|   0|   32|          0|
    |reg_2085                                                                |  32|   0|   32|          0|
    |reg_2091                                                                |  32|   0|   32|          0|
    |reg_2097                                                                |  32|   0|   32|          0|
    |reg_2103                                                                |  32|   0|   32|          0|
    |reg_2109                                                                |  32|   0|   32|          0|
    |reg_2115                                                                |  32|   0|   32|          0|
    |reg_2121                                                                |  32|   0|   32|          0|
    |reg_2127                                                                |  32|   0|   32|          0|
    |reg_2133                                                                |  32|   0|   32|          0|
    |reg_2139                                                                |  32|   0|   32|          0|
    |reg_2145                                                                |  32|   0|   32|          0|
    |reg_2151                                                                |  32|   0|   32|          0|
    |reg_2157                                                                |  32|   0|   32|          0|
    |reg_2163                                                                |  32|   0|   32|          0|
    |reg_2169                                                                |  32|   0|   32|          0|
    |reg_2175                                                                |  32|   0|   32|          0|
    |reg_2181                                                                |  32|   0|   32|          0|
    |select_ln37_1_reg_2720                                                  |  10|   0|   10|          0|
    |select_ln37_2_reg_2726                                                  |   7|   0|    7|          0|
    |select_ln37_3_reg_2736                                                  |   4|   0|   17|         13|
    |select_ln37_4_reg_2741                                                  |   2|   0|    2|          0|
    |select_ln37_reg_2715                                                    |   5|   0|    5|          0|
    |sub_ln41_1_reg_2702                                                     |   4|   0|   17|         13|
    |trunc_ln37_reg_2731                                                     |   6|   0|    6|          0|
    |trunc_ln77_reg_2803                                                     |   5|   0|    5|          0|
    |trunc_ln92_1_reg_3301                                                   |  62|   0|   62|          0|
    |zext_ln77_reg_2767                                                      |   6|   0|   64|         58|
    |zext_ln91_reg_2754                                                      |  10|   0|   17|          7|
    +------------------------------------------------------------------------+----+----+-----+-----------+
    |Total                                                                   |1761|   0| 1852|         91|
    +------------------------------------------------------------------------+----+----+-----+-----------+



================================================================
== Interface
================================================================
* Summary: 
+-----------------------+-----+-----+------------+--------------+--------------+
|       RTL Ports       | Dir | Bits|  Protocol  | Source Object|    C Type    |
+-----------------------+-----+-----+------------+--------------+--------------+
|s_axi_control_AWVALID  |   in|    1|       s_axi|       control|        scalar|
|s_axi_control_AWREADY  |  out|    1|       s_axi|       control|        scalar|
|s_axi_control_AWADDR   |   in|    6|       s_axi|       control|        scalar|
|s_axi_control_WVALID   |   in|    1|       s_axi|       control|        scalar|
|s_axi_control_WREADY   |  out|    1|       s_axi|       control|        scalar|
|s_axi_control_WDATA    |   in|   32|       s_axi|       control|        scalar|
|s_axi_control_WSTRB    |   in|    4|       s_axi|       control|        scalar|
|s_axi_control_ARVALID  |   in|    1|       s_axi|       control|        scalar|
|s_axi_control_ARREADY  |  out|    1|       s_axi|       control|        scalar|
|s_axi_control_ARADDR   |   in|    6|       s_axi|       control|        scalar|
|s_axi_control_RVALID   |  out|    1|       s_axi|       control|        scalar|
|s_axi_control_RREADY   |   in|    1|       s_axi|       control|        scalar|
|s_axi_control_RDATA    |  out|   32|       s_axi|       control|        scalar|
|s_axi_control_RRESP    |  out|    2|       s_axi|       control|        scalar|
|s_axi_control_BVALID   |  out|    1|       s_axi|       control|        scalar|
|s_axi_control_BREADY   |   in|    1|       s_axi|       control|        scalar|
|s_axi_control_BRESP    |  out|    2|       s_axi|       control|        scalar|
|ap_clk                 |   in|    1|  ap_ctrl_hs|     gemm_int8|  return value|
|ap_rst_n               |   in|    1|  ap_ctrl_hs|     gemm_int8|  return value|
|interrupt              |  out|    1|  ap_ctrl_hs|     gemm_int8|  return value|
|m_axi_gmem0_AWVALID    |  out|    1|       m_axi|         gmem0|       pointer|
|m_axi_gmem0_AWREADY    |   in|    1|       m_axi|         gmem0|       pointer|
|m_axi_gmem0_AWADDR     |  out|   64|       m_axi|         gmem0|       pointer|
|m_axi_gmem0_AWID       |  out|    1|       m_axi|         gmem0|       pointer|
|m_axi_gmem0_AWLEN      |  out|    8|       m_axi|         gmem0|       pointer|
|m_axi_gmem0_AWSIZE     |  out|    3|       m_axi|         gmem0|       pointer|
|m_axi_gmem0_AWBURST    |  out|    2|       m_axi|         gmem0|       pointer|
|m_axi_gmem0_AWLOCK     |  out|    2|       m_axi|         gmem0|       pointer|
|m_axi_gmem0_AWCACHE    |  out|    4|       m_axi|         gmem0|       pointer|
|m_axi_gmem0_AWPROT     |  out|    3|       m_axi|         gmem0|       pointer|
|m_axi_gmem0_AWQOS      |  out|    4|       m_axi|         gmem0|       pointer|
|m_axi_gmem0_AWREGION   |  out|    4|       m_axi|         gmem0|       pointer|
|m_axi_gmem0_AWUSER     |  out|    1|       m_axi|         gmem0|       pointer|
|m_axi_gmem0_WVALID     |  out|    1|       m_axi|         gmem0|       pointer|
|m_axi_gmem0_WREADY     |   in|    1|       m_axi|         gmem0|       pointer|
|m_axi_gmem0_WDATA      |  out|   32|       m_axi|         gmem0|       pointer|
|m_axi_gmem0_WSTRB      |  out|    4|       m_axi|         gmem0|       pointer|
|m_axi_gmem0_WLAST      |  out|    1|       m_axi|         gmem0|       pointer|
|m_axi_gmem0_WID        |  out|    1|       m_axi|         gmem0|       pointer|
|m_axi_gmem0_WUSER      |  out|    1|       m_axi|         gmem0|       pointer|
|m_axi_gmem0_ARVALID    |  out|    1|       m_axi|         gmem0|       pointer|
|m_axi_gmem0_ARREADY    |   in|    1|       m_axi|         gmem0|       pointer|
|m_axi_gmem0_ARADDR     |  out|   64|       m_axi|         gmem0|       pointer|
|m_axi_gmem0_ARID       |  out|    1|       m_axi|         gmem0|       pointer|
|m_axi_gmem0_ARLEN      |  out|    8|       m_axi|         gmem0|       pointer|
|m_axi_gmem0_ARSIZE     |  out|    3|       m_axi|         gmem0|       pointer|
|m_axi_gmem0_ARBURST    |  out|    2|       m_axi|         gmem0|       pointer|
|m_axi_gmem0_ARLOCK     |  out|    2|       m_axi|         gmem0|       pointer|
|m_axi_gmem0_ARCACHE    |  out|    4|       m_axi|         gmem0|       pointer|
|m_axi_gmem0_ARPROT     |  out|    3|       m_axi|         gmem0|       pointer|
|m_axi_gmem0_ARQOS      |  out|    4|       m_axi|         gmem0|       pointer|
|m_axi_gmem0_ARREGION   |  out|    4|       m_axi|         gmem0|       pointer|
|m_axi_gmem0_ARUSER     |  out|    1|       m_axi|         gmem0|       pointer|
|m_axi_gmem0_RVALID     |   in|    1|       m_axi|         gmem0|       pointer|
|m_axi_gmem0_RREADY     |  out|    1|       m_axi|         gmem0|       pointer|
|m_axi_gmem0_RDATA      |   in|   32|       m_axi|         gmem0|       pointer|
|m_axi_gmem0_RLAST      |   in|    1|       m_axi|         gmem0|       pointer|
|m_axi_gmem0_RID        |   in|    1|       m_axi|         gmem0|       pointer|
|m_axi_gmem0_RUSER      |   in|    1|       m_axi|         gmem0|       pointer|
|m_axi_gmem0_RRESP      |   in|    2|       m_axi|         gmem0|       pointer|
|m_axi_gmem0_BVALID     |   in|    1|       m_axi|         gmem0|       pointer|
|m_axi_gmem0_BREADY     |  out|    1|       m_axi|         gmem0|       pointer|
|m_axi_gmem0_BRESP      |   in|    2|       m_axi|         gmem0|       pointer|
|m_axi_gmem0_BID        |   in|    1|       m_axi|         gmem0|       pointer|
|m_axi_gmem0_BUSER      |   in|    1|       m_axi|         gmem0|       pointer|
|m_axi_gmem1_AWVALID    |  out|    1|       m_axi|         gmem1|       pointer|
|m_axi_gmem1_AWREADY    |   in|    1|       m_axi|         gmem1|       pointer|
|m_axi_gmem1_AWADDR     |  out|   64|       m_axi|         gmem1|       pointer|
|m_axi_gmem1_AWID       |  out|    1|       m_axi|         gmem1|       pointer|
|m_axi_gmem1_AWLEN      |  out|    8|       m_axi|         gmem1|       pointer|
|m_axi_gmem1_AWSIZE     |  out|    3|       m_axi|         gmem1|       pointer|
|m_axi_gmem1_AWBURST    |  out|    2|       m_axi|         gmem1|       pointer|
|m_axi_gmem1_AWLOCK     |  out|    2|       m_axi|         gmem1|       pointer|
|m_axi_gmem1_AWCACHE    |  out|    4|       m_axi|         gmem1|       pointer|
|m_axi_gmem1_AWPROT     |  out|    3|       m_axi|         gmem1|       pointer|
|m_axi_gmem1_AWQOS      |  out|    4|       m_axi|         gmem1|       pointer|
|m_axi_gmem1_AWREGION   |  out|    4|       m_axi|         gmem1|       pointer|
|m_axi_gmem1_AWUSER     |  out|    1|       m_axi|         gmem1|       pointer|
|m_axi_gmem1_WVALID     |  out|    1|       m_axi|         gmem1|       pointer|
|m_axi_gmem1_WREADY     |   in|    1|       m_axi|         gmem1|       pointer|
|m_axi_gmem1_WDATA      |  out|   32|       m_axi|         gmem1|       pointer|
|m_axi_gmem1_WSTRB      |  out|    4|       m_axi|         gmem1|       pointer|
|m_axi_gmem1_WLAST      |  out|    1|       m_axi|         gmem1|       pointer|
|m_axi_gmem1_WID        |  out|    1|       m_axi|         gmem1|       pointer|
|m_axi_gmem1_WUSER      |  out|    1|       m_axi|         gmem1|       pointer|
|m_axi_gmem1_ARVALID    |  out|    1|       m_axi|         gmem1|       pointer|
|m_axi_gmem1_ARREADY    |   in|    1|       m_axi|         gmem1|       pointer|
|m_axi_gmem1_ARADDR     |  out|   64|       m_axi|         gmem1|       pointer|
|m_axi_gmem1_ARID       |  out|    1|       m_axi|         gmem1|       pointer|
|m_axi_gmem1_ARLEN      |  out|    8|       m_axi|         gmem1|       pointer|
|m_axi_gmem1_ARSIZE     |  out|    3|       m_axi|         gmem1|       pointer|
|m_axi_gmem1_ARBURST    |  out|    2|       m_axi|         gmem1|       pointer|
|m_axi_gmem1_ARLOCK     |  out|    2|       m_axi|         gmem1|       pointer|
|m_axi_gmem1_ARCACHE    |  out|    4|       m_axi|         gmem1|       pointer|
|m_axi_gmem1_ARPROT     |  out|    3|       m_axi|         gmem1|       pointer|
|m_axi_gmem1_ARQOS      |  out|    4|       m_axi|         gmem1|       pointer|
|m_axi_gmem1_ARREGION   |  out|    4|       m_axi|         gmem1|       pointer|
|m_axi_gmem1_ARUSER     |  out|    1|       m_axi|         gmem1|       pointer|
|m_axi_gmem1_RVALID     |   in|    1|       m_axi|         gmem1|       pointer|
|m_axi_gmem1_RREADY     |  out|    1|       m_axi|         gmem1|       pointer|
|m_axi_gmem1_RDATA      |   in|   32|       m_axi|         gmem1|       pointer|
|m_axi_gmem1_RLAST      |   in|    1|       m_axi|         gmem1|       pointer|
|m_axi_gmem1_RID        |   in|    1|       m_axi|         gmem1|       pointer|
|m_axi_gmem1_RUSER      |   in|    1|       m_axi|         gmem1|       pointer|
|m_axi_gmem1_RRESP      |   in|    2|       m_axi|         gmem1|       pointer|
|m_axi_gmem1_BVALID     |   in|    1|       m_axi|         gmem1|       pointer|
|m_axi_gmem1_BREADY     |  out|    1|       m_axi|         gmem1|       pointer|
|m_axi_gmem1_BRESP      |   in|    2|       m_axi|         gmem1|       pointer|
|m_axi_gmem1_BID        |   in|    1|       m_axi|         gmem1|       pointer|
|m_axi_gmem1_BUSER      |   in|    1|       m_axi|         gmem1|       pointer|
|m_axi_gmem2_AWVALID    |  out|    1|       m_axi|         gmem2|       pointer|
|m_axi_gmem2_AWREADY    |   in|    1|       m_axi|         gmem2|       pointer|
|m_axi_gmem2_AWADDR     |  out|   64|       m_axi|         gmem2|       pointer|
|m_axi_gmem2_AWID       |  out|    1|       m_axi|         gmem2|       pointer|
|m_axi_gmem2_AWLEN      |  out|    8|       m_axi|         gmem2|       pointer|
|m_axi_gmem2_AWSIZE     |  out|    3|       m_axi|         gmem2|       pointer|
|m_axi_gmem2_AWBURST    |  out|    2|       m_axi|         gmem2|       pointer|
|m_axi_gmem2_AWLOCK     |  out|    2|       m_axi|         gmem2|       pointer|
|m_axi_gmem2_AWCACHE    |  out|    4|       m_axi|         gmem2|       pointer|
|m_axi_gmem2_AWPROT     |  out|    3|       m_axi|         gmem2|       pointer|
|m_axi_gmem2_AWQOS      |  out|    4|       m_axi|         gmem2|       pointer|
|m_axi_gmem2_AWREGION   |  out|    4|       m_axi|         gmem2|       pointer|
|m_axi_gmem2_AWUSER     |  out|    1|       m_axi|         gmem2|       pointer|
|m_axi_gmem2_WVALID     |  out|    1|       m_axi|         gmem2|       pointer|
|m_axi_gmem2_WREADY     |   in|    1|       m_axi|         gmem2|       pointer|
|m_axi_gmem2_WDATA      |  out|   32|       m_axi|         gmem2|       pointer|
|m_axi_gmem2_WSTRB      |  out|    4|       m_axi|         gmem2|       pointer|
|m_axi_gmem2_WLAST      |  out|    1|       m_axi|         gmem2|       pointer|
|m_axi_gmem2_WID        |  out|    1|       m_axi|         gmem2|       pointer|
|m_axi_gmem2_WUSER      |  out|    1|       m_axi|         gmem2|       pointer|
|m_axi_gmem2_ARVALID    |  out|    1|       m_axi|         gmem2|       pointer|
|m_axi_gmem2_ARREADY    |   in|    1|       m_axi|         gmem2|       pointer|
|m_axi_gmem2_ARADDR     |  out|   64|       m_axi|         gmem2|       pointer|
|m_axi_gmem2_ARID       |  out|    1|       m_axi|         gmem2|       pointer|
|m_axi_gmem2_ARLEN      |  out|    8|       m_axi|         gmem2|       pointer|
|m_axi_gmem2_ARSIZE     |  out|    3|       m_axi|         gmem2|       pointer|
|m_axi_gmem2_ARBURST    |  out|    2|       m_axi|         gmem2|       pointer|
|m_axi_gmem2_ARLOCK     |  out|    2|       m_axi|         gmem2|       pointer|
|m_axi_gmem2_ARCACHE    |  out|    4|       m_axi|         gmem2|       pointer|
|m_axi_gmem2_ARPROT     |  out|    3|       m_axi|         gmem2|       pointer|
|m_axi_gmem2_ARQOS      |  out|    4|       m_axi|         gmem2|       pointer|
|m_axi_gmem2_ARREGION   |  out|    4|       m_axi|         gmem2|       pointer|
|m_axi_gmem2_ARUSER     |  out|    1|       m_axi|         gmem2|       pointer|
|m_axi_gmem2_RVALID     |   in|    1|       m_axi|         gmem2|       pointer|
|m_axi_gmem2_RREADY     |  out|    1|       m_axi|         gmem2|       pointer|
|m_axi_gmem2_RDATA      |   in|   32|       m_axi|         gmem2|       pointer|
|m_axi_gmem2_RLAST      |   in|    1|       m_axi|         gmem2|       pointer|
|m_axi_gmem2_RID        |   in|    1|       m_axi|         gmem2|       pointer|
|m_axi_gmem2_RUSER      |   in|    1|       m_axi|         gmem2|       pointer|
|m_axi_gmem2_RRESP      |   in|    2|       m_axi|         gmem2|       pointer|
|m_axi_gmem2_BVALID     |   in|    1|       m_axi|         gmem2|       pointer|
|m_axi_gmem2_BREADY     |  out|    1|       m_axi|         gmem2|       pointer|
|m_axi_gmem2_BRESP      |   in|    2|       m_axi|         gmem2|       pointer|
|m_axi_gmem2_BID        |   in|    1|       m_axi|         gmem2|       pointer|
|m_axi_gmem2_BUSER      |   in|    1|       m_axi|         gmem2|       pointer|
+-----------------------+-----+-----+------------+--------------+--------------+

