

================================================================
== Vitis HLS Report for 'gemm_int8_Pipeline_init_acc_VITIS_LOOP_46_2'
================================================================
* Date:           Thu Mar 12 11:38:53 2026

* Version:        2023.1 (Build 3854077 on May  4 2023)
* Project:        gemm_qkv
* Solution:       solution1 (Vivado IP Flow Target)
* Product family: zynquplus
* Target device:  xck26-sfvc784-2LV-c


================================================================
== Performance Estimates
================================================================
+ Timing: 
    * Summary: 
    +--------+----------+----------+------------+
    |  Clock |  Target  | Estimated| Uncertainty|
    +--------+----------+----------+------------+
    |ap_clk  |  10.00 ns|  2.689 ns|     2.70 ns|
    +--------+----------+----------+------------+

+ Latency: 
    * Summary: 
    +---------+---------+-----------+-----------+------+------+---------+
    |  Latency (cycles) |   Latency (absolute)  |   Interval  | Pipeline|
    |   min   |   max   |    min    |    max    |  min |  max |   Type  |
    +---------+---------+-----------+-----------+------+------+---------+
    |     1026|     1026|  10.260 us|  10.260 us|  1026|  1026|       no|
    +---------+---------+-----------+-----------+------+------+---------+

    + Detail: 
        * Instance: 
        N/A

        * Loop: 
        +----------------------------+---------+---------+----------+-----------+-----------+------+----------+
        |                            |  Latency (cycles) | Iteration|  Initiation Interval  | Trip |          |
        |          Loop Name         |   min   |   max   |  Latency |  achieved |   target  | Count| Pipelined|
        +----------------------------+---------+---------+----------+-----------+-----------+------+----------+
        |- init_acc_VITIS_LOOP_46_2  |     1024|     1024|         1|          1|          1|  1024|       yes|
        +----------------------------+---------+---------+----------+-----------+-----------+------+----------+



================================================================
== Utilization Estimates
================================================================
* Summary: 
+-----------------+---------+------+--------+--------+-----+
|       Name      | BRAM_18K|  DSP |   FF   |   LUT  | URAM|
+-----------------+---------+------+--------+--------+-----+
|DSP              |        -|     -|       -|       -|    -|
|Expression       |        -|     -|       0|      89|    -|
|FIFO             |        -|     -|       -|       -|    -|
|Instance         |        -|     -|       -|       -|    -|
|Memory           |        -|     -|       -|       -|    -|
|Multiplexer      |        -|     -|       -|      63|    -|
|Register         |        -|     -|      25|       -|    -|
+-----------------+---------+------+--------+--------+-----+
|Total            |        0|     0|      25|     152|    0|
+-----------------+---------+------+--------+--------+-----+
|Available        |      288|  1248|  234240|  117120|   64|
+-----------------+---------+------+--------+--------+-----+
|Utilization (%)  |        0|     0|      ~0|      ~0|    0|
+-----------------+---------+------+--------+--------+-----+

+ Detail: 
    * Instance: 
    N/A

    * DSP: 
    N/A

    * Memory: 
    N/A

    * FIFO: 
    N/A

    * Expression: 
    +-------------------------+----------+----+---+----+------------+------------+
    |      Variable Name      | Operation| DSP| FF| LUT| Bitwidth P0| Bitwidth P1|
    +-------------------------+----------+----+---+----+------------+------------+
    |add_ln45_1_fu_642_p2     |         +|   0|  0|  18|          11|           1|
    |add_ln45_fu_654_p2       |         +|   0|  0|  13|           6|           1|
    |add_ln46_fu_722_p2       |         +|   0|  0|  13|           6|           1|
    |icmp_ln45_fu_636_p2      |      icmp|   0|  0|  19|          11|          12|
    |icmp_ln46_fu_660_p2      |      icmp|   0|  0|  14|           6|           7|
    |select_ln45_1_fu_674_p3  |    select|   0|  0|   6|           1|           6|
    |select_ln45_fu_666_p3    |    select|   0|  0|   6|           1|           1|
    +-------------------------+----------+----+---+----+------------+------------+
    |Total                    |          |   0|  0|  89|          42|          29|
    +-------------------------+----------+----+---+----+------------+------------+

    * Multiplexer: 
    +----------------------------------------+----+-----------+-----+-----------+
    |                  Name                  | LUT| Input Size| Bits| Total Bits|
    +----------------------------------------+----+-----------+-----+-----------+
    |ap_done_int                             |   9|          2|    1|          2|
    |ap_sig_allocacmp_i_load                 |   9|          2|    6|         12|
    |ap_sig_allocacmp_indvar_flatten38_load  |   9|          2|   11|         22|
    |ap_sig_allocacmp_j_load                 |   9|          2|    6|         12|
    |i_fu_162                                |   9|          2|    6|         12|
    |indvar_flatten38_fu_166                 |   9|          2|   11|         22|
    |j_fu_158                                |   9|          2|    6|         12|
    +----------------------------------------+----+-----------+-----+-----------+
    |Total                                   |  63|         14|   47|         94|
    +----------------------------------------+----+-----------+-----+-----------+

    * Register: 
    +-------------------------+----+----+-----+-----------+
    |           Name          | FF | LUT| Bits| Const Bits|
    +-------------------------+----+----+-----+-----------+
    |ap_CS_fsm                |   1|   0|    1|          0|
    |ap_done_reg              |   1|   0|    1|          0|
    |i_fu_162                 |   6|   0|    6|          0|
    |indvar_flatten38_fu_166  |  11|   0|   11|          0|
    |j_fu_158                 |   6|   0|    6|          0|
    +-------------------------+----+----+-----+-----------+
    |Total                    |  25|   0|   25|          0|
    +-------------------------+----+----+-----+-----------+



================================================================
== Interface
================================================================
* Summary: 
+-----------------+-----+-----+------------+---------------------------------------------+--------------+
|    RTL Ports    | Dir | Bits|  Protocol  |                Source Object                |    C Type    |
+-----------------+-----+-----+------------+---------------------------------------------+--------------+
|ap_clk           |   in|    1|  ap_ctrl_hs|  gemm_int8_Pipeline_init_acc_VITIS_LOOP_46_2|  return value|
|ap_rst           |   in|    1|  ap_ctrl_hs|  gemm_int8_Pipeline_init_acc_VITIS_LOOP_46_2|  return value|
|ap_start         |   in|    1|  ap_ctrl_hs|  gemm_int8_Pipeline_init_acc_VITIS_LOOP_46_2|  return value|
|ap_done          |  out|    1|  ap_ctrl_hs|  gemm_int8_Pipeline_init_acc_VITIS_LOOP_46_2|  return value|
|ap_idle          |  out|    1|  ap_ctrl_hs|  gemm_int8_Pipeline_init_acc_VITIS_LOOP_46_2|  return value|
|ap_ready         |  out|    1|  ap_ctrl_hs|  gemm_int8_Pipeline_init_acc_VITIS_LOOP_46_2|  return value|
|acc_address0     |  out|    5|   ap_memory|                                          acc|         array|
|acc_ce0          |  out|    1|   ap_memory|                                          acc|         array|
|acc_we0          |  out|    1|   ap_memory|                                          acc|         array|
|acc_d0           |  out|   32|   ap_memory|                                          acc|         array|
|acc_31_address0  |  out|    5|   ap_memory|                                       acc_31|         array|
|acc_31_ce0       |  out|    1|   ap_memory|                                       acc_31|         array|
|acc_31_we0       |  out|    1|   ap_memory|                                       acc_31|         array|
|acc_31_d0        |  out|   32|   ap_memory|                                       acc_31|         array|
|acc_30_address0  |  out|    5|   ap_memory|                                       acc_30|         array|
|acc_30_ce0       |  out|    1|   ap_memory|                                       acc_30|         array|
|acc_30_we0       |  out|    1|   ap_memory|                                       acc_30|         array|
|acc_30_d0        |  out|   32|   ap_memory|                                       acc_30|         array|
|acc_29_address0  |  out|    5|   ap_memory|                                       acc_29|         array|
|acc_29_ce0       |  out|    1|   ap_memory|                                       acc_29|         array|
|acc_29_we0       |  out|    1|   ap_memory|                                       acc_29|         array|
|acc_29_d0        |  out|   32|   ap_memory|                                       acc_29|         array|
|acc_28_address0  |  out|    5|   ap_memory|                                       acc_28|         array|
|acc_28_ce0       |  out|    1|   ap_memory|                                       acc_28|         array|
|acc_28_we0       |  out|    1|   ap_memory|                                       acc_28|         array|
|acc_28_d0        |  out|   32|   ap_memory|                                       acc_28|         array|
|acc_27_address0  |  out|    5|   ap_memory|                                       acc_27|         array|
|acc_27_ce0       |  out|    1|   ap_memory|                                       acc_27|         array|
|acc_27_we0       |  out|    1|   ap_memory|                                       acc_27|         array|
|acc_27_d0        |  out|   32|   ap_memory|                                       acc_27|         array|
|acc_26_address0  |  out|    5|   ap_memory|                                       acc_26|         array|
|acc_26_ce0       |  out|    1|   ap_memory|                                       acc_26|         array|
|acc_26_we0       |  out|    1|   ap_memory|                                       acc_26|         array|
|acc_26_d0        |  out|   32|   ap_memory|                                       acc_26|         array|
|acc_25_address0  |  out|    5|   ap_memory|                                       acc_25|         array|
|acc_25_ce0       |  out|    1|   ap_memory|                                       acc_25|         array|
|acc_25_we0       |  out|    1|   ap_memory|                                       acc_25|         array|
|acc_25_d0        |  out|   32|   ap_memory|                                       acc_25|         array|
|acc_24_address0  |  out|    5|   ap_memory|                                       acc_24|         array|
|acc_24_ce0       |  out|    1|   ap_memory|                                       acc_24|         array|
|acc_24_we0       |  out|    1|   ap_memory|                                       acc_24|         array|
|acc_24_d0        |  out|   32|   ap_memory|                                       acc_24|         array|
|acc_23_address0  |  out|    5|   ap_memory|                                       acc_23|         array|
|acc_23_ce0       |  out|    1|   ap_memory|                                       acc_23|         array|
|acc_23_we0       |  out|    1|   ap_memory|                                       acc_23|         array|
|acc_23_d0        |  out|   32|   ap_memory|                                       acc_23|         array|
|acc_22_address0  |  out|    5|   ap_memory|                                       acc_22|         array|
|acc_22_ce0       |  out|    1|   ap_memory|                                       acc_22|         array|
|acc_22_we0       |  out|    1|   ap_memory|                                       acc_22|         array|
|acc_22_d0        |  out|   32|   ap_memory|                                       acc_22|         array|
|acc_21_address0  |  out|    5|   ap_memory|                                       acc_21|         array|
|acc_21_ce0       |  out|    1|   ap_memory|                                       acc_21|         array|
|acc_21_we0       |  out|    1|   ap_memory|                                       acc_21|         array|
|acc_21_d0        |  out|   32|   ap_memory|                                       acc_21|         array|
|acc_20_address0  |  out|    5|   ap_memory|                                       acc_20|         array|
|acc_20_ce0       |  out|    1|   ap_memory|                                       acc_20|         array|
|acc_20_we0       |  out|    1|   ap_memory|                                       acc_20|         array|
|acc_20_d0        |  out|   32|   ap_memory|                                       acc_20|         array|
|acc_19_address0  |  out|    5|   ap_memory|                                       acc_19|         array|
|acc_19_ce0       |  out|    1|   ap_memory|                                       acc_19|         array|
|acc_19_we0       |  out|    1|   ap_memory|                                       acc_19|         array|
|acc_19_d0        |  out|   32|   ap_memory|                                       acc_19|         array|
|acc_18_address0  |  out|    5|   ap_memory|                                       acc_18|         array|
|acc_18_ce0       |  out|    1|   ap_memory|                                       acc_18|         array|
|acc_18_we0       |  out|    1|   ap_memory|                                       acc_18|         array|
|acc_18_d0        |  out|   32|   ap_memory|                                       acc_18|         array|
|acc_17_address0  |  out|    5|   ap_memory|                                       acc_17|         array|
|acc_17_ce0       |  out|    1|   ap_memory|                                       acc_17|         array|
|acc_17_we0       |  out|    1|   ap_memory|                                       acc_17|         array|
|acc_17_d0        |  out|   32|   ap_memory|                                       acc_17|         array|
|acc_16_address0  |  out|    5|   ap_memory|                                       acc_16|         array|
|acc_16_ce0       |  out|    1|   ap_memory|                                       acc_16|         array|
|acc_16_we0       |  out|    1|   ap_memory|                                       acc_16|         array|
|acc_16_d0        |  out|   32|   ap_memory|                                       acc_16|         array|
|acc_15_address0  |  out|    5|   ap_memory|                                       acc_15|         array|
|acc_15_ce0       |  out|    1|   ap_memory|                                       acc_15|         array|
|acc_15_we0       |  out|    1|   ap_memory|                                       acc_15|         array|
|acc_15_d0        |  out|   32|   ap_memory|                                       acc_15|         array|
|acc_14_address0  |  out|    5|   ap_memory|                                       acc_14|         array|
|acc_14_ce0       |  out|    1|   ap_memory|                                       acc_14|         array|
|acc_14_we0       |  out|    1|   ap_memory|                                       acc_14|         array|
|acc_14_d0        |  out|   32|   ap_memory|                                       acc_14|         array|
|acc_13_address0  |  out|    5|   ap_memory|                                       acc_13|         array|
|acc_13_ce0       |  out|    1|   ap_memory|                                       acc_13|         array|
|acc_13_we0       |  out|    1|   ap_memory|                                       acc_13|         array|
|acc_13_d0        |  out|   32|   ap_memory|                                       acc_13|         array|
|acc_12_address0  |  out|    5|   ap_memory|                                       acc_12|         array|
|acc_12_ce0       |  out|    1|   ap_memory|                                       acc_12|         array|
|acc_12_we0       |  out|    1|   ap_memory|                                       acc_12|         array|
|acc_12_d0        |  out|   32|   ap_memory|                                       acc_12|         array|
|acc_11_address0  |  out|    5|   ap_memory|                                       acc_11|         array|
|acc_11_ce0       |  out|    1|   ap_memory|                                       acc_11|         array|
|acc_11_we0       |  out|    1|   ap_memory|                                       acc_11|         array|
|acc_11_d0        |  out|   32|   ap_memory|                                       acc_11|         array|
|acc_10_address0  |  out|    5|   ap_memory|                                       acc_10|         array|
|acc_10_ce0       |  out|    1|   ap_memory|                                       acc_10|         array|
|acc_10_we0       |  out|    1|   ap_memory|                                       acc_10|         array|
|acc_10_d0        |  out|   32|   ap_memory|                                       acc_10|         array|
|acc_9_address0   |  out|    5|   ap_memory|                                        acc_9|         array|
|acc_9_ce0        |  out|    1|   ap_memory|                                        acc_9|         array|
|acc_9_we0        |  out|    1|   ap_memory|                                        acc_9|         array|
|acc_9_d0         |  out|   32|   ap_memory|                                        acc_9|         array|
|acc_8_address0   |  out|    5|   ap_memory|                                        acc_8|         array|
|acc_8_ce0        |  out|    1|   ap_memory|                                        acc_8|         array|
|acc_8_we0        |  out|    1|   ap_memory|                                        acc_8|         array|
|acc_8_d0         |  out|   32|   ap_memory|                                        acc_8|         array|
|acc_7_address0   |  out|    5|   ap_memory|                                        acc_7|         array|
|acc_7_ce0        |  out|    1|   ap_memory|                                        acc_7|         array|
|acc_7_we0        |  out|    1|   ap_memory|                                        acc_7|         array|
|acc_7_d0         |  out|   32|   ap_memory|                                        acc_7|         array|
|acc_6_address0   |  out|    5|   ap_memory|                                        acc_6|         array|
|acc_6_ce0        |  out|    1|   ap_memory|                                        acc_6|         array|
|acc_6_we0        |  out|    1|   ap_memory|                                        acc_6|         array|
|acc_6_d0         |  out|   32|   ap_memory|                                        acc_6|         array|
|acc_5_address0   |  out|    5|   ap_memory|                                        acc_5|         array|
|acc_5_ce0        |  out|    1|   ap_memory|                                        acc_5|         array|
|acc_5_we0        |  out|    1|   ap_memory|                                        acc_5|         array|
|acc_5_d0         |  out|   32|   ap_memory|                                        acc_5|         array|
|acc_4_address0   |  out|    5|   ap_memory|                                        acc_4|         array|
|acc_4_ce0        |  out|    1|   ap_memory|                                        acc_4|         array|
|acc_4_we0        |  out|    1|   ap_memory|                                        acc_4|         array|
|acc_4_d0         |  out|   32|   ap_memory|                                        acc_4|         array|
|acc_3_address0   |  out|    5|   ap_memory|                                        acc_3|         array|
|acc_3_ce0        |  out|    1|   ap_memory|                                        acc_3|         array|
|acc_3_we0        |  out|    1|   ap_memory|                                        acc_3|         array|
|acc_3_d0         |  out|   32|   ap_memory|                                        acc_3|         array|
|acc_2_address0   |  out|    5|   ap_memory|                                        acc_2|         array|
|acc_2_ce0        |  out|    1|   ap_memory|                                        acc_2|         array|
|acc_2_we0        |  out|    1|   ap_memory|                                        acc_2|         array|
|acc_2_d0         |  out|   32|   ap_memory|                                        acc_2|         array|
|acc_1_address0   |  out|    5|   ap_memory|                                        acc_1|         array|
|acc_1_ce0        |  out|    1|   ap_memory|                                        acc_1|         array|
|acc_1_we0        |  out|    1|   ap_memory|                                        acc_1|         array|
|acc_1_d0         |  out|   32|   ap_memory|                                        acc_1|         array|
+-----------------+-----+-----+------------+---------------------------------------------+--------------+

