

================================================================
== Vitis HLS Report for 'gemm_int8_Pipeline_load_Xtile_VITIS_LOOP_62_3'
================================================================
* Date:           Thu Mar 12 11:38:53 2026

* Version:        2023.1 (Build 3854077 on May  4 2023)
* Project:        gemm_qkv
* Solution:       solution1 (Vivado IP Flow Target)
* Product family: zynquplus
* Target device:  xck26-sfvc784-2LV-c


================================================================
== Performance Estimates
================================================================
+ Timing: 
    * Summary: 
    +--------+----------+----------+------------+
    |  Clock |  Target  | Estimated| Uncertainty|
    +--------+----------+----------+------------+
    |ap_clk  |  10.00 ns|  3.876 ns|     2.70 ns|
    +--------+----------+----------+------------+

+ Latency: 
    * Summary: 
    +---------+---------+-----------+-----------+------+------+---------+
    |  Latency (cycles) |   Latency (absolute)  |   Interval  | Pipeline|
    |   min   |   max   |    min    |    max    |  min |  max |   Type  |
    +---------+---------+-----------+-----------+------+------+---------+
    |     1026|     1026|  10.260 us|  10.260 us|  1026|  1026|       no|
    +---------+---------+-----------+-----------+------+------+---------+

    + Detail: 
        * Instance: 
        N/A

        * Loop: 
        +------------------------------+---------+---------+----------+-----------+-----------+------+----------+
        |                              |  Latency (cycles) | Iteration|  Initiation Interval  | Trip |          |
        |           Loop Name          |   min   |   max   |  Latency |  achieved |   target  | Count| Pipelined|
        +------------------------------+---------+---------+----------+-----------+-----------+------+----------+
        |- load_Xtile_VITIS_LOOP_62_3  |     1024|     1024|         2|          1|          1|  1024|       yes|
        +------------------------------+---------+---------+----------+-----------+-----------+------+----------+



================================================================
== Utilization Estimates
================================================================
* Summary: 
+-----------------+---------+------+--------+--------+-----+
|       Name      | BRAM_18K|  DSP |   FF   |   LUT  | URAM|
+-----------------+---------+------+--------+--------+-----+
|DSP              |        -|     -|       -|       -|    -|
|Expression       |        -|     -|       0|     153|    -|
|FIFO             |        -|     -|       -|       -|    -|
|Instance         |        -|     -|       -|       -|    -|
|Memory           |        -|     -|       -|       -|    -|
|Multiplexer      |        -|     -|       -|      72|    -|
|Register         |        -|     -|      37|       -|    -|
+-----------------+---------+------+--------+--------+-----+
|Total            |        0|     0|      37|     225|    0|
+-----------------+---------+------+--------+--------+-----+
|Available        |      288|  1248|  234240|  117120|   64|
+-----------------+---------+------+--------+--------+-----+
|Utilization (%)  |        0|     0|      ~0|      ~0|    0|
+-----------------+---------+------+--------+--------+-----+

+ Detail: 
    * Instance: 
    N/A

    * DSP: 
    N/A

    * Memory: 
    N/A

    * FIFO: 
    N/A

    * Expression: 
    +-------------------------+----------+----+---+----+------------+------------+
    |      Variable Name      | Operation| DSP| FF| LUT| Bitwidth P0| Bitwidth P1|
    +-------------------------+----------+----+---+----+------------+------------+
    |add_ln61_1_fu_733_p2     |         +|   0|  0|  13|           6|           6|
    |add_ln61_2_fu_693_p2     |         +|   0|  0|  18|          11|           1|
    |add_ln61_fu_705_p2       |         +|   0|  0|  13|           6|           1|
    |add_ln62_fu_794_p2       |         +|   0|  0|  13|           6|           1|
    |add_ln64_1_fu_783_p2     |         +|   0|  0|  16|          16|          16|
    |add_ln64_fu_773_p2       |         +|   0|  0|  17|          10|          10|
    |sub_ln64_fu_759_p2       |         -|   0|  0|  16|          16|          16|
    |icmp_ln61_fu_687_p2      |      icmp|   0|  0|  19|          11|          12|
    |icmp_ln62_fu_711_p2      |      icmp|   0|  0|  14|           6|           7|
    |select_ln61_1_fu_725_p3  |    select|   0|  0|   6|           1|           6|
    |select_ln61_fu_717_p3    |    select|   0|  0|   6|           1|           1|
    |ap_enable_pp0            |       xor|   0|  0|   2|           1|           2|
    +-------------------------+----------+----+---+----+------------+------------+
    |Total                    |          |   0|  0| 153|          91|          79|
    +-------------------------+----------+----+---+----+------------+------------+

    * Multiplexer: 
    +----------------------------------------+----+-----------+-----+-----------+
    |                  Name                  | LUT| Input Size| Bits| Total Bits|
    +----------------------------------------+----+-----------+-----+-----------+
    |ap_done_int                             |   9|          2|    1|          2|
    |ap_enable_reg_pp0_iter1                 |   9|          2|    1|          2|
    |ap_sig_allocacmp_i_load                 |   9|          2|    6|         12|
    |ap_sig_allocacmp_indvar_flatten77_load  |   9|          2|   11|         22|
    |ap_sig_allocacmp_kk_load                |   9|          2|    6|         12|
    |i_fu_188                                |   9|          2|    6|         12|
    |indvar_flatten77_fu_192                 |   9|          2|   11|         22|
    |kk_fu_184                               |   9|          2|    6|         12|
    +----------------------------------------+----+-----------+-----+-----------+
    |Total                                   |  72|         16|   48|         96|
    +----------------------------------------+----+-----------+-----+-----------+

    * Register: 
    +-------------------------+----+----+-----+-----------+
    |           Name          | FF | LUT| Bits| Const Bits|
    +-------------------------+----+----+-----+-----------+
    |ap_CS_fsm                |   1|   0|    1|          0|
    |ap_done_reg              |   1|   0|    1|          0|
    |ap_enable_reg_pp0_iter1  |   1|   0|    1|          0|
    |i_fu_188                 |   6|   0|    6|          0|
    |indvar_flatten77_fu_192  |  11|   0|   11|          0|
    |kk_fu_184                |   6|   0|    6|          0|
    |select_ln61_1_reg_874    |   6|   0|    6|          0|
    |trunc_ln62_reg_879       |   5|   0|    5|          0|
    +-------------------------+----+----+-----+-----------+
    |Total                    |  37|   0|   37|          0|
    +-------------------------+----+----+-----+-----------+



================================================================
== Interface
================================================================
* Summary: 
+-------------------+-----+-----+------------+-----------------------------------------------+--------------+
|     RTL Ports     | Dir | Bits|  Protocol  |                 Source Object                 |    C Type    |
+-------------------+-----+-----+------------+-----------------------------------------------+--------------+
|ap_clk             |   in|    1|  ap_ctrl_hs|  gemm_int8_Pipeline_load_Xtile_VITIS_LOOP_62_3|  return value|
|ap_rst             |   in|    1|  ap_ctrl_hs|  gemm_int8_Pipeline_load_Xtile_VITIS_LOOP_62_3|  return value|
|ap_start           |   in|    1|  ap_ctrl_hs|  gemm_int8_Pipeline_load_Xtile_VITIS_LOOP_62_3|  return value|
|ap_done            |  out|    1|  ap_ctrl_hs|  gemm_int8_Pipeline_load_Xtile_VITIS_LOOP_62_3|  return value|
|ap_idle            |  out|    1|  ap_ctrl_hs|  gemm_int8_Pipeline_load_Xtile_VITIS_LOOP_62_3|  return value|
|ap_ready           |  out|    1|  ap_ctrl_hs|  gemm_int8_Pipeline_load_Xtile_VITIS_LOOP_62_3|  return value|
|Xtile_address0     |  out|    5|   ap_memory|                                          Xtile|         array|
|Xtile_ce0          |  out|    1|   ap_memory|                                          Xtile|         array|
|Xtile_we0          |  out|    1|   ap_memory|                                          Xtile|         array|
|Xtile_d0           |  out|    8|   ap_memory|                                          Xtile|         array|
|trunc_ln37_mid2    |   in|    6|     ap_none|                                trunc_ln37_mid2|        scalar|
|Xtile_31_address0  |  out|    5|   ap_memory|                                       Xtile_31|         array|
|Xtile_31_ce0       |  out|    1|   ap_memory|                                       Xtile_31|         array|
|Xtile_31_we0       |  out|    1|   ap_memory|                                       Xtile_31|         array|
|Xtile_31_d0        |  out|    8|   ap_memory|                                       Xtile_31|         array|
|Xtile_30_address0  |  out|    5|   ap_memory|                                       Xtile_30|         array|
|Xtile_30_ce0       |  out|    1|   ap_memory|                                       Xtile_30|         array|
|Xtile_30_we0       |  out|    1|   ap_memory|                                       Xtile_30|         array|
|Xtile_30_d0        |  out|    8|   ap_memory|                                       Xtile_30|         array|
|Xtile_29_address0  |  out|    5|   ap_memory|                                       Xtile_29|         array|
|Xtile_29_ce0       |  out|    1|   ap_memory|                                       Xtile_29|         array|
|Xtile_29_we0       |  out|    1|   ap_memory|                                       Xtile_29|         array|
|Xtile_29_d0        |  out|    8|   ap_memory|                                       Xtile_29|         array|
|Xtile_28_address0  |  out|    5|   ap_memory|                                       Xtile_28|         array|
|Xtile_28_ce0       |  out|    1|   ap_memory|                                       Xtile_28|         array|
|Xtile_28_we0       |  out|    1|   ap_memory|                                       Xtile_28|         array|
|Xtile_28_d0        |  out|    8|   ap_memory|                                       Xtile_28|         array|
|Xtile_27_address0  |  out|    5|   ap_memory|                                       Xtile_27|         array|
|Xtile_27_ce0       |  out|    1|   ap_memory|                                       Xtile_27|         array|
|Xtile_27_we0       |  out|    1|   ap_memory|                                       Xtile_27|         array|
|Xtile_27_d0        |  out|    8|   ap_memory|                                       Xtile_27|         array|
|Xtile_26_address0  |  out|    5|   ap_memory|                                       Xtile_26|         array|
|Xtile_26_ce0       |  out|    1|   ap_memory|                                       Xtile_26|         array|
|Xtile_26_we0       |  out|    1|   ap_memory|                                       Xtile_26|         array|
|Xtile_26_d0        |  out|    8|   ap_memory|                                       Xtile_26|         array|
|Xtile_25_address0  |  out|    5|   ap_memory|                                       Xtile_25|         array|
|Xtile_25_ce0       |  out|    1|   ap_memory|                                       Xtile_25|         array|
|Xtile_25_we0       |  out|    1|   ap_memory|                                       Xtile_25|         array|
|Xtile_25_d0        |  out|    8|   ap_memory|                                       Xtile_25|         array|
|Xtile_24_address0  |  out|    5|   ap_memory|                                       Xtile_24|         array|
|Xtile_24_ce0       |  out|    1|   ap_memory|                                       Xtile_24|         array|
|Xtile_24_we0       |  out|    1|   ap_memory|                                       Xtile_24|         array|
|Xtile_24_d0        |  out|    8|   ap_memory|                                       Xtile_24|         array|
|Xtile_23_address0  |  out|    5|   ap_memory|                                       Xtile_23|         array|
|Xtile_23_ce0       |  out|    1|   ap_memory|                                       Xtile_23|         array|
|Xtile_23_we0       |  out|    1|   ap_memory|                                       Xtile_23|         array|
|Xtile_23_d0        |  out|    8|   ap_memory|                                       Xtile_23|         array|
|Xtile_22_address0  |  out|    5|   ap_memory|                                       Xtile_22|         array|
|Xtile_22_ce0       |  out|    1|   ap_memory|                                       Xtile_22|         array|
|Xtile_22_we0       |  out|    1|   ap_memory|                                       Xtile_22|         array|
|Xtile_22_d0        |  out|    8|   ap_memory|                                       Xtile_22|         array|
|Xtile_21_address0  |  out|    5|   ap_memory|                                       Xtile_21|         array|
|Xtile_21_ce0       |  out|    1|   ap_memory|                                       Xtile_21|         array|
|Xtile_21_we0       |  out|    1|   ap_memory|                                       Xtile_21|         array|
|Xtile_21_d0        |  out|    8|   ap_memory|                                       Xtile_21|         array|
|Xtile_20_address0  |  out|    5|   ap_memory|                                       Xtile_20|         array|
|Xtile_20_ce0       |  out|    1|   ap_memory|                                       Xtile_20|         array|
|Xtile_20_we0       |  out|    1|   ap_memory|                                       Xtile_20|         array|
|Xtile_20_d0        |  out|    8|   ap_memory|                                       Xtile_20|         array|
|Xtile_19_address0  |  out|    5|   ap_memory|                                       Xtile_19|         array|
|Xtile_19_ce0       |  out|    1|   ap_memory|                                       Xtile_19|         array|
|Xtile_19_we0       |  out|    1|   ap_memory|                                       Xtile_19|         array|
|Xtile_19_d0        |  out|    8|   ap_memory|                                       Xtile_19|         array|
|Xtile_18_address0  |  out|    5|   ap_memory|                                       Xtile_18|         array|
|Xtile_18_ce0       |  out|    1|   ap_memory|                                       Xtile_18|         array|
|Xtile_18_we0       |  out|    1|   ap_memory|                                       Xtile_18|         array|
|Xtile_18_d0        |  out|    8|   ap_memory|                                       Xtile_18|         array|
|Xtile_17_address0  |  out|    5|   ap_memory|                                       Xtile_17|         array|
|Xtile_17_ce0       |  out|    1|   ap_memory|                                       Xtile_17|         array|
|Xtile_17_we0       |  out|    1|   ap_memory|                                       Xtile_17|         array|
|Xtile_17_d0        |  out|    8|   ap_memory|                                       Xtile_17|         array|
|Xtile_16_address0  |  out|    5|   ap_memory|                                       Xtile_16|         array|
|Xtile_16_ce0       |  out|    1|   ap_memory|                                       Xtile_16|         array|
|Xtile_16_we0       |  out|    1|   ap_memory|                                       Xtile_16|         array|
|Xtile_16_d0        |  out|    8|   ap_memory|                                       Xtile_16|         array|
|Xtile_15_address0  |  out|    5|   ap_memory|                                       Xtile_15|         array|
|Xtile_15_ce0       |  out|    1|   ap_memory|                                       Xtile_15|         array|
|Xtile_15_we0       |  out|    1|   ap_memory|                                       Xtile_15|         array|
|Xtile_15_d0        |  out|    8|   ap_memory|                                       Xtile_15|         array|
|Xtile_14_address0  |  out|    5|   ap_memory|                                       Xtile_14|         array|
|Xtile_14_ce0       |  out|    1|   ap_memory|                                       Xtile_14|         array|
|Xtile_14_we0       |  out|    1|   ap_memory|                                       Xtile_14|         array|
|Xtile_14_d0        |  out|    8|   ap_memory|                                       Xtile_14|         array|
|Xtile_13_address0  |  out|    5|   ap_memory|                                       Xtile_13|         array|
|Xtile_13_ce0       |  out|    1|   ap_memory|                                       Xtile_13|         array|
|Xtile_13_we0       |  out|    1|   ap_memory|                                       Xtile_13|         array|
|Xtile_13_d0        |  out|    8|   ap_memory|                                       Xtile_13|         array|
|Xtile_12_address0  |  out|    5|   ap_memory|                                       Xtile_12|         array|
|Xtile_12_ce0       |  out|    1|   ap_memory|                                       Xtile_12|         array|
|Xtile_12_we0       |  out|    1|   ap_memory|                                       Xtile_12|         array|
|Xtile_12_d0        |  out|    8|   ap_memory|                                       Xtile_12|         array|
|Xtile_11_address0  |  out|    5|   ap_memory|                                       Xtile_11|         array|
|Xtile_11_ce0       |  out|    1|   ap_memory|                                       Xtile_11|         array|
|Xtile_11_we0       |  out|    1|   ap_memory|                                       Xtile_11|         array|
|Xtile_11_d0        |  out|    8|   ap_memory|                                       Xtile_11|         array|
|Xtile_10_address0  |  out|    5|   ap_memory|                                       Xtile_10|         array|
|Xtile_10_ce0       |  out|    1|   ap_memory|                                       Xtile_10|         array|
|Xtile_10_we0       |  out|    1|   ap_memory|                                       Xtile_10|         array|
|Xtile_10_d0        |  out|    8|   ap_memory|                                       Xtile_10|         array|
|Xtile_9_address0   |  out|    5|   ap_memory|                                        Xtile_9|         array|
|Xtile_9_ce0        |  out|    1|   ap_memory|                                        Xtile_9|         array|
|Xtile_9_we0        |  out|    1|   ap_memory|                                        Xtile_9|         array|
|Xtile_9_d0         |  out|    8|   ap_memory|                                        Xtile_9|         array|
|Xtile_8_address0   |  out|    5|   ap_memory|                                        Xtile_8|         array|
|Xtile_8_ce0        |  out|    1|   ap_memory|                                        Xtile_8|         array|
|Xtile_8_we0        |  out|    1|   ap_memory|                                        Xtile_8|         array|
|Xtile_8_d0         |  out|    8|   ap_memory|                                        Xtile_8|         array|
|Xtile_7_address0   |  out|    5|   ap_memory|                                        Xtile_7|         array|
|Xtile_7_ce0        |  out|    1|   ap_memory|                                        Xtile_7|         array|
|Xtile_7_we0        |  out|    1|   ap_memory|                                        Xtile_7|         array|
|Xtile_7_d0         |  out|    8|   ap_memory|                                        Xtile_7|         array|
|Xtile_6_address0   |  out|    5|   ap_memory|                                        Xtile_6|         array|
|Xtile_6_ce0        |  out|    1|   ap_memory|                                        Xtile_6|         array|
|Xtile_6_we0        |  out|    1|   ap_memory|                                        Xtile_6|         array|
|Xtile_6_d0         |  out|    8|   ap_memory|                                        Xtile_6|         array|
|Xtile_5_address0   |  out|    5|   ap_memory|                                        Xtile_5|         array|
|Xtile_5_ce0        |  out|    1|   ap_memory|                                        Xtile_5|         array|
|Xtile_5_we0        |  out|    1|   ap_memory|                                        Xtile_5|         array|
|Xtile_5_d0         |  out|    8|   ap_memory|                                        Xtile_5|         array|
|Xtile_4_address0   |  out|    5|   ap_memory|                                        Xtile_4|         array|
|Xtile_4_ce0        |  out|    1|   ap_memory|                                        Xtile_4|         array|
|Xtile_4_we0        |  out|    1|   ap_memory|                                        Xtile_4|         array|
|Xtile_4_d0         |  out|    8|   ap_memory|                                        Xtile_4|         array|
|Xtile_3_address0   |  out|    5|   ap_memory|                                        Xtile_3|         array|
|Xtile_3_ce0        |  out|    1|   ap_memory|                                        Xtile_3|         array|
|Xtile_3_we0        |  out|    1|   ap_memory|                                        Xtile_3|         array|
|Xtile_3_d0         |  out|    8|   ap_memory|                                        Xtile_3|         array|
|Xtile_2_address0   |  out|    5|   ap_memory|                                        Xtile_2|         array|
|Xtile_2_ce0        |  out|    1|   ap_memory|                                        Xtile_2|         array|
|Xtile_2_we0        |  out|    1|   ap_memory|                                        Xtile_2|         array|
|Xtile_2_d0         |  out|    8|   ap_memory|                                        Xtile_2|         array|
|Xtile_1_address0   |  out|    5|   ap_memory|                                        Xtile_1|         array|
|Xtile_1_ce0        |  out|    1|   ap_memory|                                        Xtile_1|         array|
|Xtile_1_we0        |  out|    1|   ap_memory|                                        Xtile_1|         array|
|Xtile_1_d0         |  out|    8|   ap_memory|                                        Xtile_1|         array|
|k0                 |   in|   10|     ap_none|                                             k0|        scalar|
|Xbuf_address0      |  out|   16|   ap_memory|                                           Xbuf|         array|
|Xbuf_ce0           |  out|    1|   ap_memory|                                           Xbuf|         array|
|Xbuf_q0            |   in|    8|   ap_memory|                                           Xbuf|         array|
+-------------------+-----+-----+------------+-----------------------------------------------+--------------+

