

================================================================
== Vitis HLS Report for 'gemm_int8_Pipeline_load_X_VITIS_LOOP_30_1'
================================================================
* Date:           Thu Mar 12 11:38:53 2026

* Version:        2023.1 (Build 3854077 on May  4 2023)
* Project:        gemm_qkv
* Solution:       solution1 (Vivado IP Flow Target)
* Product family: zynquplus
* Target device:  xck26-sfvc784-2LV-c


================================================================
== Performance Estimates
================================================================
+ Timing: 
    * Summary: 
    +--------+----------+----------+------------+
    |  Clock |  Target  | Estimated| Uncertainty|
    +--------+----------+----------+------------+
    |ap_clk  |  10.00 ns|  7.300 ns|     2.70 ns|
    +--------+----------+----------+------------+

+ Latency: 
    * Summary: 
    +---------+---------+----------+----------+-------+-------+---------+
    |  Latency (cycles) |  Latency (absolute) |    Interval   | Pipeline|
    |   min   |   max   |    min   |    max   |  min  |  max  |   Type  |
    +---------+---------+----------+----------+-------+-------+---------+
    |    49155|    49155|  0.492 ms|  0.492 ms|  49155|  49155|       no|
    +---------+---------+----------+----------+-------+-------+---------+

    + Detail: 
        * Instance: 
        N/A

        * Loop: 
        +--------------------------+---------+---------+----------+-----------+-----------+-------+----------+
        |                          |  Latency (cycles) | Iteration|  Initiation Interval  |  Trip |          |
        |         Loop Name        |   min   |   max   |  Latency |  achieved |   target  | Count | Pipelined|
        +--------------------------+---------+---------+----------+-----------+-----------+-------+----------+
        |- load_X_VITIS_LOOP_30_1  |    49153|    49153|         3|          1|          1|  49152|       yes|
        +--------------------------+---------+---------+----------+-----------+-----------+-------+----------+



================================================================
== Utilization Estimates
================================================================
* Summary: 
+-----------------+---------+------+--------+--------+-----+
|       Name      | BRAM_18K|  DSP |   FF   |   LUT  | URAM|
+-----------------+---------+------+--------+--------+-----+
|DSP              |        -|     -|       -|       -|    -|
|Expression       |        -|     -|       0|     147|    -|
|FIFO             |        -|     -|       -|       -|    -|
|Instance         |        -|     -|       -|       -|    -|
|Memory           |        -|     -|       -|       -|    -|
|Multiplexer      |        -|     -|       -|      63|    -|
|Register         |        -|     -|      46|       -|    -|
+-----------------+---------+------+--------+--------+-----+
|Total            |        0|     0|      46|     210|    0|
+-----------------+---------+------+--------+--------+-----+
|Available        |      288|  1248|  234240|  117120|   64|
+-----------------+---------+------+--------+--------+-----+
|Utilization (%)  |        0|     0|      ~0|      ~0|    0|
+-----------------+---------+------+--------+--------+-----+

+ Detail: 
    * Instance: 
    N/A

    * DSP: 
    N/A

    * Memory: 
    N/A

    * FIFO: 
    N/A

    * Expression: 
    +---------------------------+----------+----+---+----+------------+------------+
    |       Variable Name       | Operation| DSP| FF| LUT| Bitwidth P0| Bitwidth P1|
    +---------------------------+----------+----+---+----+------------+------------+
    |add_ln29_1_fu_146_p2       |         +|   0|  0|  23|          16|           1|
    |add_ln29_fu_163_p2         |         +|   0|  0|  14|           7|           1|
    |add_ln30_fu_236_p2         |         +|   0|  0|  17|          10|           1|
    |add_ln32_fu_225_p2         |         +|   0|  0|  16|          16|          16|
    |sub_ln32_fu_215_p2         |         -|   0|  0|  16|          16|          16|
    |ap_block_pp0_stage0_11001  |       and|   0|  0|   2|           1|           1|
    |icmp_ln29_fu_140_p2        |      icmp|   0|  0|  23|          16|          16|
    |icmp_ln30_fu_169_p2        |      icmp|   0|  0|  17|          10|          10|
    |select_ln29_1_fu_183_p3    |    select|   0|  0|   7|           1|           7|
    |select_ln29_fu_175_p3      |    select|   0|  0|  10|           1|           1|
    |ap_enable_pp0              |       xor|   0|  0|   2|           1|           2|
    +---------------------------+----------+----+---+----+------------+------------+
    |Total                      |          |   0|  0| 147|          95|          72|
    +---------------------------+----------+----+---+----+------------+------------+

    * Multiplexer: 
    +--------------------------------------+----+-----------+-----+-----------+
    |                 Name                 | LUT| Input Size| Bits| Total Bits|
    +--------------------------------------+----+-----------+-----+-----------+
    |ap_done_int                           |   9|          2|    1|          2|
    |ap_enable_reg_pp0_iter1               |   9|          2|    1|          2|
    |ap_sig_allocacmp_indvar_flatten_load  |   9|          2|   16|         32|
    |gmem0_blk_n_R                         |   9|          2|    1|          2|
    |i_fu_80                               |   9|          2|    7|         14|
    |indvar_flatten_fu_84                  |   9|          2|   16|         32|
    |k_fu_76                               |   9|          2|   10|         20|
    +--------------------------------------+----+-----------+-----+-----------+
    |Total                                 |  63|         14|   52|        104|
    +--------------------------------------+----+-----------+-----+-----------+

    * Register: 
    +----------------------------------+----+----+-----+-----------+
    |               Name               | FF | LUT| Bits| Const Bits|
    +----------------------------------+----+----+-----+-----------+
    |ap_CS_fsm                         |   1|   0|    1|          0|
    |ap_done_reg                       |   1|   0|    1|          0|
    |ap_enable_reg_pp0_iter1           |   1|   0|    1|          0|
    |ap_enable_reg_pp0_iter2           |   1|   0|    1|          0|
    |ap_loop_exit_ready_pp0_iter1_reg  |   1|   0|    1|          0|
    |gmem0_addr_read_reg_282           |   8|   0|    8|          0|
    |i_fu_80                           |   7|   0|    7|          0|
    |indvar_flatten_fu_84              |  16|   0|   16|          0|
    |k_fu_76                           |  10|   0|   10|          0|
    +----------------------------------+----+----+-----+-----------+
    |Total                             |  46|   0|   46|          0|
    +----------------------------------+----+----+-----+-----------+



================================================================
== Interface
================================================================
* Summary: 
+----------------------+-----+-----+------------+-------------------------------------------+--------------+
|       RTL Ports      | Dir | Bits|  Protocol  |               Source Object               |    C Type    |
+----------------------+-----+-----+------------+-------------------------------------------+--------------+
|ap_clk                |   in|    1|  ap_ctrl_hs|  gemm_int8_Pipeline_load_X_VITIS_LOOP_30_1|  return value|
|ap_rst                |   in|    1|  ap_ctrl_hs|  gemm_int8_Pipeline_load_X_VITIS_LOOP_30_1|  return value|
|ap_start              |   in|    1|  ap_ctrl_hs|  gemm_int8_Pipeline_load_X_VITIS_LOOP_30_1|  return value|
|ap_done               |  out|    1|  ap_ctrl_hs|  gemm_int8_Pipeline_load_X_VITIS_LOOP_30_1|  return value|
|ap_idle               |  out|    1|  ap_ctrl_hs|  gemm_int8_Pipeline_load_X_VITIS_LOOP_30_1|  return value|
|ap_ready              |  out|    1|  ap_ctrl_hs|  gemm_int8_Pipeline_load_X_VITIS_LOOP_30_1|  return value|
|m_axi_gmem0_AWVALID   |  out|    1|       m_axi|                                      gmem0|       pointer|
|m_axi_gmem0_AWREADY   |   in|    1|       m_axi|                                      gmem0|       pointer|
|m_axi_gmem0_AWADDR    |  out|   64|       m_axi|                                      gmem0|       pointer|
|m_axi_gmem0_AWID      |  out|    1|       m_axi|                                      gmem0|       pointer|
|m_axi_gmem0_AWLEN     |  out|   32|       m_axi|                                      gmem0|       pointer|
|m_axi_gmem0_AWSIZE    |  out|    3|       m_axi|                                      gmem0|       pointer|
|m_axi_gmem0_AWBURST   |  out|    2|       m_axi|                                      gmem0|       pointer|
|m_axi_gmem0_AWLOCK    |  out|    2|       m_axi|                                      gmem0|       pointer|
|m_axi_gmem0_AWCACHE   |  out|    4|       m_axi|                                      gmem0|       pointer|
|m_axi_gmem0_AWPROT    |  out|    3|       m_axi|                                      gmem0|       pointer|
|m_axi_gmem0_AWQOS     |  out|    4|       m_axi|                                      gmem0|       pointer|
|m_axi_gmem0_AWREGION  |  out|    4|       m_axi|                                      gmem0|       pointer|
|m_axi_gmem0_AWUSER    |  out|    1|       m_axi|                                      gmem0|       pointer|
|m_axi_gmem0_WVALID    |  out|    1|       m_axi|                                      gmem0|       pointer|
|m_axi_gmem0_WREADY    |   in|    1|       m_axi|                                      gmem0|       pointer|
|m_axi_gmem0_WDATA     |  out|    8|       m_axi|                                      gmem0|       pointer|
|m_axi_gmem0_WSTRB     |  out|    1|       m_axi|                                      gmem0|       pointer|
|m_axi_gmem0_WLAST     |  out|    1|       m_axi|                                      gmem0|       pointer|
|m_axi_gmem0_WID       |  out|    1|       m_axi|                                      gmem0|       pointer|
|m_axi_gmem0_WUSER     |  out|    1|       m_axi|                                      gmem0|       pointer|
|m_axi_gmem0_ARVALID   |  out|    1|       m_axi|                                      gmem0|       pointer|
|m_axi_gmem0_ARREADY   |   in|    1|       m_axi|                                      gmem0|       pointer|
|m_axi_gmem0_ARADDR    |  out|   64|       m_axi|                                      gmem0|       pointer|
|m_axi_gmem0_ARID      |  out|    1|       m_axi|                                      gmem0|       pointer|
|m_axi_gmem0_ARLEN     |  out|   32|       m_axi|                                      gmem0|       pointer|
|m_axi_gmem0_ARSIZE    |  out|    3|       m_axi|                                      gmem0|       pointer|
|m_axi_gmem0_ARBURST   |  out|    2|       m_axi|                                      gmem0|       pointer|
|m_axi_gmem0_ARLOCK    |  out|    2|       m_axi|                                      gmem0|       pointer|
|m_axi_gmem0_ARCACHE   |  out|    4|       m_axi|                                      gmem0|       pointer|
|m_axi_gmem0_ARPROT    |  out|    3|       m_axi|                                      gmem0|       pointer|
|m_axi_gmem0_ARQOS     |  out|    4|       m_axi|                                      gmem0|       pointer|
|m_axi_gmem0_ARREGION  |  out|    4|       m_axi|                                      gmem0|       pointer|
|m_axi_gmem0_ARUSER    |  out|    1|       m_axi|                                      gmem0|       pointer|
|m_axi_gmem0_RVALID    |   in|    1|       m_axi|                                      gmem0|       pointer|
|m_axi_gmem0_RREADY    |  out|    1|       m_axi|                                      gmem0|       pointer|
|m_axi_gmem0_RDATA     |   in|    8|       m_axi|                                      gmem0|       pointer|
|m_axi_gmem0_RLAST     |   in|    1|       m_axi|                                      gmem0|       pointer|
|m_axi_gmem0_RID       |   in|    1|       m_axi|                                      gmem0|       pointer|
|m_axi_gmem0_RFIFONUM  |   in|   11|       m_axi|                                      gmem0|       pointer|
|m_axi_gmem0_RUSER     |   in|    1|       m_axi|                                      gmem0|       pointer|
|m_axi_gmem0_RRESP     |   in|    2|       m_axi|                                      gmem0|       pointer|
|m_axi_gmem0_BVALID    |   in|    1|       m_axi|                                      gmem0|       pointer|
|m_axi_gmem0_BREADY    |  out|    1|       m_axi|                                      gmem0|       pointer|
|m_axi_gmem0_BRESP     |   in|    2|       m_axi|                                      gmem0|       pointer|
|m_axi_gmem0_BID       |   in|    1|       m_axi|                                      gmem0|       pointer|
|m_axi_gmem0_BUSER     |   in|    1|       m_axi|                                      gmem0|       pointer|
|X                     |   in|   64|     ap_none|                                          X|        scalar|
|Xbuf_address1         |  out|   16|   ap_memory|                                       Xbuf|         array|
|Xbuf_ce1              |  out|    1|   ap_memory|                                       Xbuf|         array|
|Xbuf_we1              |  out|    1|   ap_memory|                                       Xbuf|         array|
|Xbuf_d1               |  out|    8|   ap_memory|                                       Xbuf|         array|
+----------------------+-----+-----+------------+-------------------------------------------+--------------+

