

================================================================
== Vitis HLS Report for 'gemm_int8_Pipeline_VITIS_LOOP_70_4'
================================================================
* Date:           Thu Mar 12 11:38:54 2026

* Version:        2023.1 (Build 3854077 on May  4 2023)
* Project:        gemm_qkv
* Solution:       solution1 (Vivado IP Flow Target)
* Product family: zynquplus
* Target device:  xck26-sfvc784-2LV-c


================================================================
== Performance Estimates
================================================================
+ Timing: 
    * Summary: 
    +--------+----------+----------+------------+
    |  Clock |  Target  | Estimated| Uncertainty|
    +--------+----------+----------+------------+
    |ap_clk  |  10.00 ns|  7.300 ns|     2.70 ns|
    +--------+----------+----------+------------+

+ Latency: 
    * Summary: 
    +---------+---------+-----------+-----------+------+------+---------+
    |  Latency (cycles) |   Latency (absolute)  |   Interval  | Pipeline|
    |   min   |   max   |    min    |    max    |  min |  max |   Type  |
    +---------+---------+-----------+-----------+------+------+---------+
    |     1035|     1035|  10.350 us|  10.350 us|  1035|  1035|       no|
    +---------+---------+-----------+-----------+------+------+---------+

    + Detail: 
        * Instance: 
        N/A

        * Loop: 
        +------------------------------+---------+---------+----------+-----------+-----------+------+----------+
        |                              |  Latency (cycles) | Iteration|  Initiation Interval  | Trip |          |
        |           Loop Name          |   min   |   max   |  Latency |  achieved |   target  | Count| Pipelined|
        +------------------------------+---------+---------+----------+-----------+-----------+------+----------+
        |- load_Wtile_VITIS_LOOP_70_4  |     1033|     1033|        11|          1|          1|  1024|       yes|
        +------------------------------+---------+---------+----------+-----------+-----------+------+----------+



================================================================
== Utilization Estimates
================================================================
* Summary: 
+-----------------+---------+------+--------+--------+-----+
|       Name      | BRAM_18K|  DSP |   FF   |   LUT  | URAM|
+-----------------+---------+------+--------+--------+-----+
|DSP              |        -|     -|       -|       -|    -|
|Expression       |        -|     -|       0|     255|    -|
|FIFO             |        -|     -|       -|       -|    -|
|Instance         |        -|     -|       -|       -|    -|
|Memory           |        -|     -|       -|       -|    -|
|Multiplexer      |        -|     -|       -|      90|    -|
|Register         |        -|     -|     257|      64|    -|
+-----------------+---------+------+--------+--------+-----+
|Total            |        0|     0|     257|     409|    0|
+-----------------+---------+------+--------+--------+-----+
|Available        |      288|  1248|  234240|  117120|   64|
+-----------------+---------+------+--------+--------+-----+
|Utilization (%)  |        0|     0|      ~0|      ~0|    0|
+-----------------+---------+------+--------+--------+-----+

+ Detail: 
    * Instance: 
    N/A

    * DSP: 
    N/A

    * Memory: 
    N/A

    * FIFO: 
    N/A

    * Expression: 
    +---------------------------+----------+----+---+----+------------+------------+
    |       Variable Name       | Operation| DSP| FF| LUT| Bitwidth P0| Bitwidth P1|
    +---------------------------+----------+----+---+----+------------+------------+
    |add_ln69_1_fu_739_p2       |         +|   0|  0|  13|           6|           1|
    |add_ln69_2_fu_815_p2       |         +|   0|  0|  23|          16|          16|
    |add_ln69_3_fu_825_p2       |         +|   0|  0|  71|          64|          64|
    |add_ln69_4_fu_730_p2       |         +|   0|  0|  18|          11|           1|
    |add_ln70_fu_847_p2         |         +|   0|  0|  13|           6|           1|
    |sub_ln69_1_fu_801_p2       |         -|   0|  0|  23|          16|          16|
    |sub_ln69_fu_718_p2         |         -|   0|  0|  23|          16|          16|
    |ap_block_state2_io         |       and|   0|  0|   2|           1|           1|
    |ap_condition_815           |       and|   0|  0|   2|           1|           1|
    |icmp_ln69_fu_724_p2        |      icmp|   0|  0|  19|          11|          12|
    |icmp_ln70_fu_745_p2        |      icmp|   0|  0|  14|           6|           7|
    |ap_block_pp0_stage0_11001  |        or|   0|  0|   2|           1|           1|
    |or_ln69_fu_751_p2          |        or|   0|  0|   2|           1|           1|
    |select_ln69_1_fu_765_p3    |    select|   0|  0|   6|           1|           6|
    |select_ln69_2_fu_807_p3    |    select|   0|  0|  16|           1|          16|
    |select_ln69_fu_757_p3      |    select|   0|  0|   6|           1|           1|
    |ap_enable_pp0              |       xor|   0|  0|   2|           1|           2|
    +---------------------------+----------+----+---+----+------------+------------+
    |Total                      |          |   0|  0| 255|         160|         163|
    +---------------------------+----------+----+---+----+------------+------------+

    * Multiplexer: 
    +-----------------------------------------+----+-----------+-----+-----------+
    |                   Name                  | LUT| Input Size| Bits| Total Bits|
    +-----------------------------------------+----+-----------+-----+-----------+
    |ap_done_int                              |   9|          2|    1|          2|
    |ap_enable_reg_pp0_iter1                  |   9|          2|    1|          2|
    |ap_sig_allocacmp_indvar_flatten118_load  |   9|          2|   11|         22|
    |ap_sig_allocacmp_j                       |   9|          2|    6|         12|
    |ap_sig_allocacmp_kk_load                 |   9|          2|    6|         12|
    |gmem1_blk_n_AR                           |   9|          2|    1|          2|
    |gmem1_blk_n_R                            |   9|          2|    1|          2|
    |indvar_flatten118_fu_210                 |   9|          2|   11|         22|
    |j_1_fu_206                               |   9|          2|    6|         12|
    |kk_fu_202                                |   9|          2|    6|         12|
    +-----------------------------------------+----+-----------+-----+-----------+
    |Total                                    |  90|         20|   50|        100|
    +-----------------------------------------+----+-----------+-----+-----------+

    * Register: 
    +----------------------------------+----+----+-----+-----------+
    |               Name               | FF | LUT| Bits| Const Bits|
    +----------------------------------+----+----+-----+-----------+
    |ap_CS_fsm                         |   1|   0|    1|          0|
    |ap_done_reg                       |   1|   0|    1|          0|
    |ap_enable_reg_pp0_iter1           |   1|   0|    1|          0|
    |ap_enable_reg_pp0_iter10          |   1|   0|    1|          0|
    |ap_enable_reg_pp0_iter2           |   1|   0|    1|          0|
    |ap_enable_reg_pp0_iter3           |   1|   0|    1|          0|
    |ap_enable_reg_pp0_iter4           |   1|   0|    1|          0|
    |ap_enable_reg_pp0_iter5           |   1|   0|    1|          0|
    |ap_enable_reg_pp0_iter6           |   1|   0|    1|          0|
    |ap_enable_reg_pp0_iter7           |   1|   0|    1|          0|
    |ap_enable_reg_pp0_iter8           |   1|   0|    1|          0|
    |ap_enable_reg_pp0_iter9           |   1|   0|    1|          0|
    |ap_loop_exit_ready_pp0_iter1_reg  |   1|   0|    1|          0|
    |ap_loop_exit_ready_pp0_iter2_reg  |   1|   0|    1|          0|
    |ap_loop_exit_ready_pp0_iter3_reg  |   1|   0|    1|          0|
    |ap_loop_exit_ready_pp0_iter4_reg  |   1|   0|    1|          0|
    |ap_loop_exit_ready_pp0_iter5_reg  |   1|   0|    1|          0|
    |ap_loop_exit_ready_pp0_iter6_reg  |   1|   0|    1|          0|
    |ap_loop_exit_ready_pp0_iter7_reg  |   1|   0|    1|          0|
    |ap_loop_exit_ready_pp0_iter8_reg  |   1|   0|    1|          0|
    |ap_loop_exit_ready_pp0_iter9_reg  |   1|   0|    1|          0|
    |gmem1_addr_1_read_reg_951         |   8|   0|    8|          0|
    |gmem1_addr_reg_937                |  64|   0|   64|          0|
    |icmp_ln69_reg_924                 |   1|   0|    1|          0|
    |indvar_flatten118_fu_210          |  11|   0|   11|          0|
    |j_1_fu_206                        |   6|   0|    6|          0|
    |kk_fu_202                         |   6|   0|    6|          0|
    |or_ln69_reg_928                   |   1|   0|    1|          0|
    |select_ln69_1_reg_932             |   6|   0|    6|          0|
    |trunc_ln70_reg_942                |   5|   0|    5|          0|
    |select_ln69_1_reg_932             |  64|  32|    6|          0|
    |trunc_ln70_reg_942                |  64|  32|    5|          0|
    +----------------------------------+----+----+-----+-----------+
    |Total                             | 257|  64|  140|          0|
    +----------------------------------+----+----+-----+-----------+



================================================================
== Interface
================================================================
* Summary: 
+----------------------+-----+-----+------------+------------------------------------+--------------+
|       RTL Ports      | Dir | Bits|  Protocol  |            Source Object           |    C Type    |
+----------------------+-----+-----+------------+------------------------------------+--------------+
|ap_clk                |   in|    1|  ap_ctrl_hs|  gemm_int8_Pipeline_VITIS_LOOP_70_4|  return value|
|ap_rst                |   in|    1|  ap_ctrl_hs|  gemm_int8_Pipeline_VITIS_LOOP_70_4|  return value|
|ap_start              |   in|    1|  ap_ctrl_hs|  gemm_int8_Pipeline_VITIS_LOOP_70_4|  return value|
|ap_done               |  out|    1|  ap_ctrl_hs|  gemm_int8_Pipeline_VITIS_LOOP_70_4|  return value|
|ap_idle               |  out|    1|  ap_ctrl_hs|  gemm_int8_Pipeline_VITIS_LOOP_70_4|  return value|
|ap_ready              |  out|    1|  ap_ctrl_hs|  gemm_int8_Pipeline_VITIS_LOOP_70_4|  return value|
|m_axi_gmem1_AWVALID   |  out|    1|       m_axi|                               gmem1|       pointer|
|m_axi_gmem1_AWREADY   |   in|    1|       m_axi|                               gmem1|       pointer|
|m_axi_gmem1_AWADDR    |  out|   64|       m_axi|                               gmem1|       pointer|
|m_axi_gmem1_AWID      |  out|    1|       m_axi|                               gmem1|       pointer|
|m_axi_gmem1_AWLEN     |  out|   32|       m_axi|                               gmem1|       pointer|
|m_axi_gmem1_AWSIZE    |  out|    3|       m_axi|                               gmem1|       pointer|
|m_axi_gmem1_AWBURST   |  out|    2|       m_axi|                               gmem1|       pointer|
|m_axi_gmem1_AWLOCK    |  out|    2|       m_axi|                               gmem1|       pointer|
|m_axi_gmem1_AWCACHE   |  out|    4|       m_axi|                               gmem1|       pointer|
|m_axi_gmem1_AWPROT    |  out|    3|       m_axi|                               gmem1|       pointer|
|m_axi_gmem1_AWQOS     |  out|    4|       m_axi|                               gmem1|       pointer|
|m_axi_gmem1_AWREGION  |  out|    4|       m_axi|                               gmem1|       pointer|
|m_axi_gmem1_AWUSER    |  out|    1|       m_axi|                               gmem1|       pointer|
|m_axi_gmem1_WVALID    |  out|    1|       m_axi|                               gmem1|       pointer|
|m_axi_gmem1_WREADY    |   in|    1|       m_axi|                               gmem1|       pointer|
|m_axi_gmem1_WDATA     |  out|    8|       m_axi|                               gmem1|       pointer|
|m_axi_gmem1_WSTRB     |  out|    1|       m_axi|                               gmem1|       pointer|
|m_axi_gmem1_WLAST     |  out|    1|       m_axi|                               gmem1|       pointer|
|m_axi_gmem1_WID       |  out|    1|       m_axi|                               gmem1|       pointer|
|m_axi_gmem1_WUSER     |  out|    1|       m_axi|                               gmem1|       pointer|
|m_axi_gmem1_ARVALID   |  out|    1|       m_axi|                               gmem1|       pointer|
|m_axi_gmem1_ARREADY   |   in|    1|       m_axi|                               gmem1|       pointer|
|m_axi_gmem1_ARADDR    |  out|   64|       m_axi|                               gmem1|       pointer|
|m_axi_gmem1_ARID      |  out|    1|       m_axi|                               gmem1|       pointer|
|m_axi_gmem1_ARLEN     |  out|   32|       m_axi|                               gmem1|       pointer|
|m_axi_gmem1_ARSIZE    |  out|    3|       m_axi|                               gmem1|       pointer|
|m_axi_gmem1_ARBURST   |  out|    2|       m_axi|                               gmem1|       pointer|
|m_axi_gmem1_ARLOCK    |  out|    2|       m_axi|                               gmem1|       pointer|
|m_axi_gmem1_ARCACHE   |  out|    4|       m_axi|                               gmem1|       pointer|
|m_axi_gmem1_ARPROT    |  out|    3|       m_axi|                               gmem1|       pointer|
|m_axi_gmem1_ARQOS     |  out|    4|       m_axi|                               gmem1|       pointer|
|m_axi_gmem1_ARREGION  |  out|    4|       m_axi|                               gmem1|       pointer|
|m_axi_gmem1_ARUSER    |  out|    1|       m_axi|                               gmem1|       pointer|
|m_axi_gmem1_RVALID    |   in|    1|       m_axi|                               gmem1|       pointer|
|m_axi_gmem1_RREADY    |  out|    1|       m_axi|                               gmem1|       pointer|
|m_axi_gmem1_RDATA     |   in|    8|       m_axi|                               gmem1|       pointer|
|m_axi_gmem1_RLAST     |   in|    1|       m_axi|                               gmem1|       pointer|
|m_axi_gmem1_RID       |   in|    1|       m_axi|                               gmem1|       pointer|
|m_axi_gmem1_RFIFONUM  |   in|   11|       m_axi|                               gmem1|       pointer|
|m_axi_gmem1_RUSER     |   in|    1|       m_axi|                               gmem1|       pointer|
|m_axi_gmem1_RRESP     |   in|    2|       m_axi|                               gmem1|       pointer|
|m_axi_gmem1_BVALID    |   in|    1|       m_axi|                               gmem1|       pointer|
|m_axi_gmem1_BREADY    |  out|    1|       m_axi|                               gmem1|       pointer|
|m_axi_gmem1_BRESP     |   in|    2|       m_axi|                               gmem1|       pointer|
|m_axi_gmem1_BID       |   in|    1|       m_axi|                               gmem1|       pointer|
|m_axi_gmem1_BUSER     |   in|    1|       m_axi|                               gmem1|       pointer|
|Wtile_address0        |  out|    5|   ap_memory|                               Wtile|         array|
|Wtile_ce0             |  out|    1|   ap_memory|                               Wtile|         array|
|Wtile_we0             |  out|    1|   ap_memory|                               Wtile|         array|
|Wtile_d0              |  out|    8|   ap_memory|                               Wtile|         array|
|Wtile_31_address0     |  out|    5|   ap_memory|                            Wtile_31|         array|
|Wtile_31_ce0          |  out|    1|   ap_memory|                            Wtile_31|         array|
|Wtile_31_we0          |  out|    1|   ap_memory|                            Wtile_31|         array|
|Wtile_31_d0           |  out|    8|   ap_memory|                            Wtile_31|         array|
|Wtile_30_address0     |  out|    5|   ap_memory|                            Wtile_30|         array|
|Wtile_30_ce0          |  out|    1|   ap_memory|                            Wtile_30|         array|
|Wtile_30_we0          |  out|    1|   ap_memory|                            Wtile_30|         array|
|Wtile_30_d0           |  out|    8|   ap_memory|                            Wtile_30|         array|
|Wtile_29_address0     |  out|    5|   ap_memory|                            Wtile_29|         array|
|Wtile_29_ce0          |  out|    1|   ap_memory|                            Wtile_29|         array|
|Wtile_29_we0          |  out|    1|   ap_memory|                            Wtile_29|         array|
|Wtile_29_d0           |  out|    8|   ap_memory|                            Wtile_29|         array|
|Wtile_28_address0     |  out|    5|   ap_memory|                            Wtile_28|         array|
|Wtile_28_ce0          |  out|    1|   ap_memory|                            Wtile_28|         array|
|Wtile_28_we0          |  out|    1|   ap_memory|                            Wtile_28|         array|
|Wtile_28_d0           |  out|    8|   ap_memory|                            Wtile_28|         array|
|Wtile_27_address0     |  out|    5|   ap_memory|                            Wtile_27|         array|
|Wtile_27_ce0          |  out|    1|   ap_memory|                            Wtile_27|         array|
|Wtile_27_we0          |  out|    1|   ap_memory|                            Wtile_27|         array|
|Wtile_27_d0           |  out|    8|   ap_memory|                            Wtile_27|         array|
|Wtile_26_address0     |  out|    5|   ap_memory|                            Wtile_26|         array|
|Wtile_26_ce0          |  out|    1|   ap_memory|                            Wtile_26|         array|
|Wtile_26_we0          |  out|    1|   ap_memory|                            Wtile_26|         array|
|Wtile_26_d0           |  out|    8|   ap_memory|                            Wtile_26|         array|
|Wtile_25_address0     |  out|    5|   ap_memory|                            Wtile_25|         array|
|Wtile_25_ce0          |  out|    1|   ap_memory|                            Wtile_25|         array|
|Wtile_25_we0          |  out|    1|   ap_memory|                            Wtile_25|         array|
|Wtile_25_d0           |  out|    8|   ap_memory|                            Wtile_25|         array|
|Wtile_24_address0     |  out|    5|   ap_memory|                            Wtile_24|         array|
|Wtile_24_ce0          |  out|    1|   ap_memory|                            Wtile_24|         array|
|Wtile_24_we0          |  out|    1|   ap_memory|                            Wtile_24|         array|
|Wtile_24_d0           |  out|    8|   ap_memory|                            Wtile_24|         array|
|Wtile_23_address0     |  out|    5|   ap_memory|                            Wtile_23|         array|
|Wtile_23_ce0          |  out|    1|   ap_memory|                            Wtile_23|         array|
|Wtile_23_we0          |  out|    1|   ap_memory|                            Wtile_23|         array|
|Wtile_23_d0           |  out|    8|   ap_memory|                            Wtile_23|         array|
|Wtile_22_address0     |  out|    5|   ap_memory|                            Wtile_22|         array|
|Wtile_22_ce0          |  out|    1|   ap_memory|                            Wtile_22|         array|
|Wtile_22_we0          |  out|    1|   ap_memory|                            Wtile_22|         array|
|Wtile_22_d0           |  out|    8|   ap_memory|                            Wtile_22|         array|
|Wtile_21_address0     |  out|    5|   ap_memory|                            Wtile_21|         array|
|Wtile_21_ce0          |  out|    1|   ap_memory|                            Wtile_21|         array|
|Wtile_21_we0          |  out|    1|   ap_memory|                            Wtile_21|         array|
|Wtile_21_d0           |  out|    8|   ap_memory|                            Wtile_21|         array|
|Wtile_20_address0     |  out|    5|   ap_memory|                            Wtile_20|         array|
|Wtile_20_ce0          |  out|    1|   ap_memory|                            Wtile_20|         array|
|Wtile_20_we0          |  out|    1|   ap_memory|                            Wtile_20|         array|
|Wtile_20_d0           |  out|    8|   ap_memory|                            Wtile_20|         array|
|Wtile_19_address0     |  out|    5|   ap_memory|                            Wtile_19|         array|
|Wtile_19_ce0          |  out|    1|   ap_memory|                            Wtile_19|         array|
|Wtile_19_we0          |  out|    1|   ap_memory|                            Wtile_19|         array|
|Wtile_19_d0           |  out|    8|   ap_memory|                            Wtile_19|         array|
|Wtile_18_address0     |  out|    5|   ap_memory|                            Wtile_18|         array|
|Wtile_18_ce0          |  out|    1|   ap_memory|                            Wtile_18|         array|
|Wtile_18_we0          |  out|    1|   ap_memory|                            Wtile_18|         array|
|Wtile_18_d0           |  out|    8|   ap_memory|                            Wtile_18|         array|
|Wtile_17_address0     |  out|    5|   ap_memory|                            Wtile_17|         array|
|Wtile_17_ce0          |  out|    1|   ap_memory|                            Wtile_17|         array|
|Wtile_17_we0          |  out|    1|   ap_memory|                            Wtile_17|         array|
|Wtile_17_d0           |  out|    8|   ap_memory|                            Wtile_17|         array|
|Wtile_16_address0     |  out|    5|   ap_memory|                            Wtile_16|         array|
|Wtile_16_ce0          |  out|    1|   ap_memory|                            Wtile_16|         array|
|Wtile_16_we0          |  out|    1|   ap_memory|                            Wtile_16|         array|
|Wtile_16_d0           |  out|    8|   ap_memory|                            Wtile_16|         array|
|Wtile_15_address0     |  out|    5|   ap_memory|                            Wtile_15|         array|
|Wtile_15_ce0          |  out|    1|   ap_memory|                            Wtile_15|         array|
|Wtile_15_we0          |  out|    1|   ap_memory|                            Wtile_15|         array|
|Wtile_15_d0           |  out|    8|   ap_memory|                            Wtile_15|         array|
|Wtile_14_address0     |  out|    5|   ap_memory|                            Wtile_14|         array|
|Wtile_14_ce0          |  out|    1|   ap_memory|                            Wtile_14|         array|
|Wtile_14_we0          |  out|    1|   ap_memory|                            Wtile_14|         array|
|Wtile_14_d0           |  out|    8|   ap_memory|                            Wtile_14|         array|
|Wtile_13_address0     |  out|    5|   ap_memory|                            Wtile_13|         array|
|Wtile_13_ce0          |  out|    1|   ap_memory|                            Wtile_13|         array|
|Wtile_13_we0          |  out|    1|   ap_memory|                            Wtile_13|         array|
|Wtile_13_d0           |  out|    8|   ap_memory|                            Wtile_13|         array|
|Wtile_12_address0     |  out|    5|   ap_memory|                            Wtile_12|         array|
|Wtile_12_ce0          |  out|    1|   ap_memory|                            Wtile_12|         array|
|Wtile_12_we0          |  out|    1|   ap_memory|                            Wtile_12|         array|
|Wtile_12_d0           |  out|    8|   ap_memory|                            Wtile_12|         array|
|Wtile_11_address0     |  out|    5|   ap_memory|                            Wtile_11|         array|
|Wtile_11_ce0          |  out|    1|   ap_memory|                            Wtile_11|         array|
|Wtile_11_we0          |  out|    1|   ap_memory|                            Wtile_11|         array|
|Wtile_11_d0           |  out|    8|   ap_memory|                            Wtile_11|         array|
|Wtile_10_address0     |  out|    5|   ap_memory|                            Wtile_10|         array|
|Wtile_10_ce0          |  out|    1|   ap_memory|                            Wtile_10|         array|
|Wtile_10_we0          |  out|    1|   ap_memory|                            Wtile_10|         array|
|Wtile_10_d0           |  out|    8|   ap_memory|                            Wtile_10|         array|
|Wtile_9_address0      |  out|    5|   ap_memory|                             Wtile_9|         array|
|Wtile_9_ce0           |  out|    1|   ap_memory|                             Wtile_9|         array|
|Wtile_9_we0           |  out|    1|   ap_memory|                             Wtile_9|         array|
|Wtile_9_d0            |  out|    8|   ap_memory|                             Wtile_9|         array|
|Wtile_8_address0      |  out|    5|   ap_memory|                             Wtile_8|         array|
|Wtile_8_ce0           |  out|    1|   ap_memory|                             Wtile_8|         array|
|Wtile_8_we0           |  out|    1|   ap_memory|                             Wtile_8|         array|
|Wtile_8_d0            |  out|    8|   ap_memory|                             Wtile_8|         array|
|Wtile_7_address0      |  out|    5|   ap_memory|                             Wtile_7|         array|
|Wtile_7_ce0           |  out|    1|   ap_memory|                             Wtile_7|         array|
|Wtile_7_we0           |  out|    1|   ap_memory|                             Wtile_7|         array|
|Wtile_7_d0            |  out|    8|   ap_memory|                             Wtile_7|         array|
|Wtile_6_address0      |  out|    5|   ap_memory|                             Wtile_6|         array|
|Wtile_6_ce0           |  out|    1|   ap_memory|                             Wtile_6|         array|
|Wtile_6_we0           |  out|    1|   ap_memory|                             Wtile_6|         array|
|Wtile_6_d0            |  out|    8|   ap_memory|                             Wtile_6|         array|
|Wtile_5_address0      |  out|    5|   ap_memory|                             Wtile_5|         array|
|Wtile_5_ce0           |  out|    1|   ap_memory|                             Wtile_5|         array|
|Wtile_5_we0           |  out|    1|   ap_memory|                             Wtile_5|         array|
|Wtile_5_d0            |  out|    8|   ap_memory|                             Wtile_5|         array|
|Wtile_4_address0      |  out|    5|   ap_memory|                             Wtile_4|         array|
|Wtile_4_ce0           |  out|    1|   ap_memory|                             Wtile_4|         array|
|Wtile_4_we0           |  out|    1|   ap_memory|                             Wtile_4|         array|
|Wtile_4_d0            |  out|    8|   ap_memory|                             Wtile_4|         array|
|Wtile_3_address0      |  out|    5|   ap_memory|                             Wtile_3|         array|
|Wtile_3_ce0           |  out|    1|   ap_memory|                             Wtile_3|         array|
|Wtile_3_we0           |  out|    1|   ap_memory|                             Wtile_3|         array|
|Wtile_3_d0            |  out|    8|   ap_memory|                             Wtile_3|         array|
|Wtile_2_address0      |  out|    5|   ap_memory|                             Wtile_2|         array|
|Wtile_2_ce0           |  out|    1|   ap_memory|                             Wtile_2|         array|
|Wtile_2_we0           |  out|    1|   ap_memory|                             Wtile_2|         array|
|Wtile_2_d0            |  out|    8|   ap_memory|                             Wtile_2|         array|
|Wtile_1_address0      |  out|    5|   ap_memory|                             Wtile_1|         array|
|Wtile_1_ce0           |  out|    1|   ap_memory|                             Wtile_1|         array|
|Wtile_1_we0           |  out|    1|   ap_memory|                             Wtile_1|         array|
|Wtile_1_d0            |  out|    8|   ap_memory|                             Wtile_1|         array|
|zext_ln53             |   in|   10|     ap_none|                           zext_ln53|        scalar|
|add_ln69              |   in|   64|     ap_none|                            add_ln69|        scalar|
+----------------------+-----+-----+------------+------------------------------------+--------------+

