

================================================================
== Vitis HLS Report for 'gemm_int8_Pipeline_VITIS_LOOP_92_7'
================================================================
* Date:           Thu Mar 12 11:38:55 2026

* Version:        2023.1 (Build 3854077 on May  4 2023)
* Project:        gemm_qkv
* Solution:       solution1 (Vivado IP Flow Target)
* Product family: zynquplus
* Target device:  xck26-sfvc784-2LV-c


================================================================
== Performance Estimates
================================================================
+ Timing: 
    * Summary: 
    +--------+----------+----------+------------+
    |  Clock |  Target  | Estimated| Uncertainty|
    +--------+----------+----------+------------+
    |ap_clk  |  10.00 ns|  7.300 ns|     2.70 ns|
    +--------+----------+----------+------------+

+ Latency: 
    * Summary: 
    +---------+---------+----------+----------+-----+-----+---------+
    |  Latency (cycles) |  Latency (absolute) |  Interval | Pipeline|
    |   min   |   max   |    min   |    max   | min | max |   Type  |
    +---------+---------+----------+----------+-----+-----+---------+
    |       34|       34|  0.340 us|  0.340 us|   34|   34|       no|
    +---------+---------+----------+----------+-----+-----+---------+

    + Detail: 
        * Instance: 
        N/A

        * Loop: 
        +-------------------+---------+---------+----------+-----------+-----------+------+----------+
        |                   |  Latency (cycles) | Iteration|  Initiation Interval  | Trip |          |
        |     Loop Name     |   min   |   max   |  Latency |  achieved |   target  | Count| Pipelined|
        +-------------------+---------+---------+----------+-----------+-----------+------+----------+
        |- VITIS_LOOP_92_7  |       32|       32|         2|          1|          1|    32|       yes|
        +-------------------+---------+---------+----------+-----------+-----------+------+----------+



================================================================
== Utilization Estimates
================================================================
* Summary: 
+-----------------+---------+------+--------+--------+-----+
|       Name      | BRAM_18K|  DSP |   FF   |   LUT  | URAM|
+-----------------+---------+------+--------+--------+-----+
|DSP              |        -|     -|       -|       -|    -|
|Expression       |        -|     -|       0|      31|    -|
|FIFO             |        -|     -|       -|       -|    -|
|Instance         |        -|     -|       0|     148|    -|
|Memory           |        -|     -|       -|       -|    -|
|Multiplexer      |        -|     -|       -|      45|    -|
|Register         |        -|     -|      41|       -|    -|
+-----------------+---------+------+--------+--------+-----+
|Total            |        0|     0|      41|     224|    0|
+-----------------+---------+------+--------+--------+-----+
|Available        |      288|  1248|  234240|  117120|   64|
+-----------------+---------+------+--------+--------+-----+
|Utilization (%)  |        0|     0|      ~0|      ~0|    0|
+-----------------+---------+------+--------+--------+-----+

+ Detail: 
    * Instance: 
    +----------------------+-----------------+---------+----+---+-----+-----+
    |       Instance       |      Module     | BRAM_18K| DSP| FF| LUT | URAM|
    +----------------------+-----------------+---------+----+---+-----+-----+
    |mux_32_5_32_1_1_U273  |mux_32_5_32_1_1  |        0|   0|  0|  148|    0|
    +----------------------+-----------------+---------+----+---+-----+-----+
    |Total                 |                 |        0|   0|  0|  148|    0|
    +----------------------+-----------------+---------+----+---+-----+-----+

    * DSP: 
    N/A

    * Memory: 
    N/A

    * FIFO: 
    N/A

    * Expression: 
    +---------------------------+----------+----+---+----+------------+------------+
    |       Variable Name       | Operation| DSP| FF| LUT| Bitwidth P0| Bitwidth P1|
    +---------------------------+----------+----+---+----+------------+------------+
    |add_ln92_fu_350_p2         |         +|   0|  0|  13|           6|           1|
    |ap_block_pp0_stage0_11001  |       and|   0|  0|   2|           1|           1|
    |icmp_ln92_fu_344_p2        |      icmp|   0|  0|  14|           6|           7|
    |ap_enable_pp0              |       xor|   0|  0|   2|           1|           2|
    +---------------------------+----------+----+---+----+------------+------------+
    |Total                      |          |   0|  0|  31|          14|          11|
    +---------------------------+----------+----+---+----+------------+------------+

    * Multiplexer: 
    +-------------------------+----+-----------+-----+-----------+
    |           Name          | LUT| Input Size| Bits| Total Bits|
    +-------------------------+----+-----------+-----+-----------+
    |ap_done_int              |   9|          2|    1|          2|
    |ap_enable_reg_pp0_iter1  |   9|          2|    1|          2|
    |ap_sig_allocacmp_j_1     |   9|          2|    6|         12|
    |gmem2_blk_n_W            |   9|          2|    1|          2|
    |j_fu_116                 |   9|          2|    6|         12|
    +-------------------------+----+-----------+-----+-----------+
    |Total                    |  45|         10|   15|         30|
    +-------------------------+----+-----------+-----+-----------+

    * Register: 
    +-------------------------+----+----+-----+-----------+
    |           Name          | FF | LUT| Bits| Const Bits|
    +-------------------------+----+----+-----+-----------+
    |ap_CS_fsm                |   1|   0|    1|          0|
    |ap_done_reg              |   1|   0|    1|          0|
    |ap_enable_reg_pp0_iter1  |   1|   0|    1|          0|
    |j_fu_116                 |   6|   0|    6|          0|
    |tmp_reg_450              |  32|   0|   32|          0|
    +-------------------------+----+----+-----+-----------+
    |Total                    |  41|   0|   41|          0|
    +-------------------------+----+----+-----+-----------+



================================================================
== Interface
================================================================
* Summary: 
+----------------------+-----+-----+------------+------------------------------------+--------------+
|       RTL Ports      | Dir | Bits|  Protocol  |            Source Object           |    C Type    |
+----------------------+-----+-----+------------+------------------------------------+--------------+
|ap_clk                |   in|    1|  ap_ctrl_hs|  gemm_int8_Pipeline_VITIS_LOOP_92_7|  return value|
|ap_rst                |   in|    1|  ap_ctrl_hs|  gemm_int8_Pipeline_VITIS_LOOP_92_7|  return value|
|ap_start              |   in|    1|  ap_ctrl_hs|  gemm_int8_Pipeline_VITIS_LOOP_92_7|  return value|
|ap_done               |  out|    1|  ap_ctrl_hs|  gemm_int8_Pipeline_VITIS_LOOP_92_7|  return value|
|ap_idle               |  out|    1|  ap_ctrl_hs|  gemm_int8_Pipeline_VITIS_LOOP_92_7|  return value|
|ap_ready              |  out|    1|  ap_ctrl_hs|  gemm_int8_Pipeline_VITIS_LOOP_92_7|  return value|
|m_axi_gmem2_AWVALID   |  out|    1|       m_axi|                               gmem2|       pointer|
|m_axi_gmem2_AWREADY   |   in|    1|       m_axi|                               gmem2|       pointer|
|m_axi_gmem2_AWADDR    |  out|   64|       m_axi|                               gmem2|       pointer|
|m_axi_gmem2_AWID      |  out|    1|       m_axi|                               gmem2|       pointer|
|m_axi_gmem2_AWLEN     |  out|   32|       m_axi|                               gmem2|       pointer|
|m_axi_gmem2_AWSIZE    |  out|    3|       m_axi|                               gmem2|       pointer|
|m_axi_gmem2_AWBURST   |  out|    2|       m_axi|                               gmem2|       pointer|
|m_axi_gmem2_AWLOCK    |  out|    2|       m_axi|                               gmem2|       pointer|
|m_axi_gmem2_AWCACHE   |  out|    4|       m_axi|                               gmem2|       pointer|
|m_axi_gmem2_AWPROT    |  out|    3|       m_axi|                               gmem2|       pointer|
|m_axi_gmem2_AWQOS     |  out|    4|       m_axi|                               gmem2|       pointer|
|m_axi_gmem2_AWREGION  |  out|    4|       m_axi|                               gmem2|       pointer|
|m_axi_gmem2_AWUSER    |  out|    1|       m_axi|                               gmem2|       pointer|
|m_axi_gmem2_WVALID    |  out|    1|       m_axi|                               gmem2|       pointer|
|m_axi_gmem2_WREADY    |   in|    1|       m_axi|                               gmem2|       pointer|
|m_axi_gmem2_WDATA     |  out|   32|       m_axi|                               gmem2|       pointer|
|m_axi_gmem2_WSTRB     |  out|    4|       m_axi|                               gmem2|       pointer|
|m_axi_gmem2_WLAST     |  out|    1|       m_axi|                               gmem2|       pointer|
|m_axi_gmem2_WID       |  out|    1|       m_axi|                               gmem2|       pointer|
|m_axi_gmem2_WUSER     |  out|    1|       m_axi|                               gmem2|       pointer|
|m_axi_gmem2_ARVALID   |  out|    1|       m_axi|                               gmem2|       pointer|
|m_axi_gmem2_ARREADY   |   in|    1|       m_axi|                               gmem2|       pointer|
|m_axi_gmem2_ARADDR    |  out|   64|       m_axi|                               gmem2|       pointer|
|m_axi_gmem2_ARID      |  out|    1|       m_axi|                               gmem2|       pointer|
|m_axi_gmem2_ARLEN     |  out|   32|       m_axi|                               gmem2|       pointer|
|m_axi_gmem2_ARSIZE    |  out|    3|       m_axi|                               gmem2|       pointer|
|m_axi_gmem2_ARBURST   |  out|    2|       m_axi|                               gmem2|       pointer|
|m_axi_gmem2_ARLOCK    |  out|    2|       m_axi|                               gmem2|       pointer|
|m_axi_gmem2_ARCACHE   |  out|    4|       m_axi|                               gmem2|       pointer|
|m_axi_gmem2_ARPROT    |  out|    3|       m_axi|                               gmem2|       pointer|
|m_axi_gmem2_ARQOS     |  out|    4|       m_axi|                               gmem2|       pointer|
|m_axi_gmem2_ARREGION  |  out|    4|       m_axi|                               gmem2|       pointer|
|m_axi_gmem2_ARUSER    |  out|    1|       m_axi|                               gmem2|       pointer|
|m_axi_gmem2_RVALID    |   in|    1|       m_axi|                               gmem2|       pointer|
|m_axi_gmem2_RREADY    |  out|    1|       m_axi|                               gmem2|       pointer|
|m_axi_gmem2_RDATA     |   in|   32|       m_axi|                               gmem2|       pointer|
|m_axi_gmem2_RLAST     |   in|    1|       m_axi|                               gmem2|       pointer|
|m_axi_gmem2_RID       |   in|    1|       m_axi|                               gmem2|       pointer|
|m_axi_gmem2_RFIFONUM  |   in|    9|       m_axi|                               gmem2|       pointer|
|m_axi_gmem2_RUSER     |   in|    1|       m_axi|                               gmem2|       pointer|
|m_axi_gmem2_RRESP     |   in|    2|       m_axi|                               gmem2|       pointer|
|m_axi_gmem2_BVALID    |   in|    1|       m_axi|                               gmem2|       pointer|
|m_axi_gmem2_BREADY    |  out|    1|       m_axi|                               gmem2|       pointer|
|m_axi_gmem2_BRESP     |   in|    2|       m_axi|                               gmem2|       pointer|
|m_axi_gmem2_BID       |   in|    1|       m_axi|                               gmem2|       pointer|
|m_axi_gmem2_BUSER     |   in|    1|       m_axi|                               gmem2|       pointer|
|sext_ln92             |   in|   62|     ap_none|                           sext_ln92|        scalar|
|acc_load              |   in|   32|     ap_none|                            acc_load|        scalar|
|acc_1_load            |   in|   32|     ap_none|                          acc_1_load|        scalar|
|acc_2_load            |   in|   32|     ap_none|                          acc_2_load|        scalar|
|acc_3_load            |   in|   32|     ap_none|                          acc_3_load|        scalar|
|acc_4_load            |   in|   32|     ap_none|                          acc_4_load|        scalar|
|acc_5_load            |   in|   32|     ap_none|                          acc_5_load|        scalar|
|acc_6_load            |   in|   32|     ap_none|                          acc_6_load|        scalar|
|acc_7_load            |   in|   32|     ap_none|                          acc_7_load|        scalar|
|acc_8_load            |   in|   32|     ap_none|                          acc_8_load|        scalar|
|acc_9_load            |   in|   32|     ap_none|                          acc_9_load|        scalar|
|acc_10_load           |   in|   32|     ap_none|                         acc_10_load|        scalar|
|acc_11_load           |   in|   32|     ap_none|                         acc_11_load|        scalar|
|acc_12_load           |   in|   32|     ap_none|                         acc_12_load|        scalar|
|acc_13_load           |   in|   32|     ap_none|                         acc_13_load|        scalar|
|acc_14_load           |   in|   32|     ap_none|                         acc_14_load|        scalar|
|acc_15_load           |   in|   32|     ap_none|                         acc_15_load|        scalar|
|acc_16_load           |   in|   32|     ap_none|                         acc_16_load|        scalar|
|acc_17_load           |   in|   32|     ap_none|                         acc_17_load|        scalar|
|acc_18_load           |   in|   32|     ap_none|                         acc_18_load|        scalar|
|acc_19_load           |   in|   32|     ap_none|                         acc_19_load|        scalar|
|acc_20_load           |   in|   32|     ap_none|                         acc_20_load|        scalar|
|acc_21_load           |   in|   32|     ap_none|                         acc_21_load|        scalar|
|acc_22_load           |   in|   32|     ap_none|                         acc_22_load|        scalar|
|acc_23_load           |   in|   32|     ap_none|                         acc_23_load|        scalar|
|acc_24_load           |   in|   32|     ap_none|                         acc_24_load|        scalar|
|acc_25_load           |   in|   32|     ap_none|                         acc_25_load|        scalar|
|acc_26_load           |   in|   32|     ap_none|                         acc_26_load|        scalar|
|acc_27_load           |   in|   32|     ap_none|                         acc_27_load|        scalar|
|acc_28_load           |   in|   32|     ap_none|                         acc_28_load|        scalar|
|acc_29_load           |   in|   32|     ap_none|                         acc_29_load|        scalar|
|acc_30_load           |   in|   32|     ap_none|                         acc_30_load|        scalar|
|acc_31_load           |   in|   32|     ap_none|                         acc_31_load|        scalar|
+----------------------+-----+-----+------------+------------------------------------+--------------+

